

Note that the PRL tree is NOT supported by RACS.

Please contact user at sameer@cs.uoregon.edu for questions regarding this tree.

Loading required package: nlme
Loading required package: phia
Loading required package: car
[7m*+ WARNING:[0m file /projects/dsnlab/tds/fMRI/analysis/fx/models/ylg/fx_ylg_allconds_nonorth/109/con_0005.nii: corrected 681710 float errors
[7m*+ WARNING:[0m file /projects/dsnlab/tds/fMRI/analysis/fx/models/ylg/fx_ylg_allconds_nonorth/109/con_0005.nii: corrected 681710 float errors
[7m*+ WARNING:[0m file /projects/dsnlab/tds/fMRI/analysis/fx/models/ylg/fx_ylg_allconds_nonorth/109/con_0015.nii: corrected 681710 float errors
[7m*+ WARNING:[0m file /projects/dsnlab/tds/fMRI/analysis/fx/models/ylg/fx_ylg_allconds_nonorth/109/con_0025.nii: corrected 681710 float errors
[7m*+ WARNING:[0m file /projects/dsnlab/tds/fMRI/analysis/fx/models/ylg/fx_ylg_allconds_nonorth/109/con_0008.nii: corrected 681710 float errors
[7m*+ WARNING:[0m file /projects/dsnlab/tds/fMRI/analysis/fx/models/ylg/fx_ylg_allconds_nonorth/109/con_0018.nii: corrected 681710 float errors
[7m*+ WARNING:[0m file /projects/dsnlab/tds/fMRI/analysis/fx/models/ylg/fx_ylg_allconds_nonorth/109/con_0028.nii: corrected 681710 float errors
[7m*+ WARNING:[0m file /projects/dsnlab/tds/fMRI/analysis/fx/models/ylg/fx_ylg_allconds_nonorth/113/con_0005.nii: corrected 681710 float errors
[7m*+ WARNING:[0m file /projects/dsnlab/tds/fMRI/analysis/fx/models/ylg/fx_ylg_allconds_nonorth/113/con_0015.nii: corrected 681710 float errors
[7m*+ WARNING:[0m file /projects/dsnlab/tds/fMRI/analysis/fx/models/ylg/fx_ylg_allconds_nonorth/113/con_0025.nii: corrected 681710 float errors
[7m*+ WARNING:[0m file /projects/dsnlab/tds/fMRI/analysis/fx/models/ylg/fx_ylg_allconds_nonorth/113/con_0008.nii: corrected 681710 float errors
[7m*+ WARNING:[0m file /projects/dsnlab/tds/fMRI/analysis/fx/models/ylg/fx_ylg_allconds_nonorth/113/con_0018.nii: corrected 681710 float errors
[7m*+ WARNING:[0m file /projects/dsnlab/tds/fMRI/analysis/fx/models/ylg/fx_ylg_allconds_nonorth/113/con_0028.nii: corrected 681710 float errors
[7m*+ WARNING:[0m file /projects/dsnlab/tds/fMRI/analysis/fx/models/ylg/fx_ylg_allconds_nonorth/114/con_0005.nii: corrected 681710 float errors
[7m*+ WARNING:[0m file /projects/dsnlab/tds/fMRI/analysis/fx/models/ylg/fx_ylg_allconds_nonorth/114/con_0015.nii: corrected 681710 float errors
[7m*+ WARNING:[0m file /projects/dsnlab/tds/fMRI/analysis/fx/models/ylg/fx_ylg_allconds_nonorth/114/con_0025.nii: corrected 681710 float errors
[7m*+ WARNING:[0m file /projects/dsnlab/tds/fMRI/analysis/fx/models/ylg/fx_ylg_allconds_nonorth/114/con_0008.nii: corrected 681710 float errors
[7m*+ WARNING:[0m file /projects/dsnlab/tds/fMRI/analysis/fx/models/ylg/fx_ylg_allconds_nonorth/114/con_0018.nii: corrected 681710 float errors
[7m*+ WARNING:[0m file /projects/dsnlab/tds/fMRI/analysis/fx/models/ylg/fx_ylg_allconds_nonorth/114/con_0028.nii: corrected 681710 float errors
[7m*+ WARNING:[0m file /projects/dsnlab/tds/fMRI/analysis/fx/models/ylg/fx_ylg_allconds_nonorth/115/con_0005.nii: corrected 681710 float errors
[7m*+ WARNING:[0m file /projects/dsnlab/tds/fMRI/analysis/fx/models/ylg/fx_ylg_allconds_nonorth/115/con_0015.nii: corrected 681710 float errors
[7m*+ WARNING:[0m file /projects/dsnlab/tds/fMRI/analysis/fx/models/ylg/fx_ylg_allconds_nonorth/115/con_0025.nii: corrected 681710 float errors
[7m*+ WARNING:[0m file /projects/dsnlab/tds/fMRI/analysis/fx/models/ylg/fx_ylg_allconds_nonorth/115/con_0008.nii: corrected 681710 float errors
[7m*+ WARNING:[0m file /projects/dsnlab/tds/fMRI/analysis/fx/models/ylg/fx_ylg_allconds_nonorth/115/con_0018.nii: corrected 681710 float errors
[7m*+ WARNING:[0m file /projects/dsnlab/tds/fMRI/analysis/fx/models/ylg/fx_ylg_allconds_nonorth/115/con_0028.nii: corrected 681710 float errors
[7m*+ WARNING:[0m file /projects/dsnlab/tds/fMRI/analysis/fx/models/ylg/fx_ylg_allconds_nonorth/116/con_0005.nii: corrected 681710 float errors
[7m*+ WARNING:[0m file /projects/dsnlab/tds/fMRI/analysis/fx/models/ylg/fx_ylg_allconds_nonorth/116/con_0015.nii: corrected 681710 float errors
[7m*+ WARNING:[0m file /projects/dsnlab/tds/fMRI/analysis/fx/models/ylg/fx_ylg_allconds_nonorth/116/con_0025.nii: corrected 681710 float errors
[7m*+ WARNING:[0m file /projects/dsnlab/tds/fMRI/analysis/fx/models/ylg/fx_ylg_allconds_nonorth/116/con_0008.nii: corrected 681710 float errors
[7m*+ WARNING:[0m file /projects/dsnlab/tds/fMRI/analysis/fx/models/ylg/fx_ylg_allconds_nonorth/116/con_0018.nii: corrected 681710 float errors
[7m*+ WARNING:[0m file /projects/dsnlab/tds/fMRI/analysis/fx/models/ylg/fx_ylg_allconds_nonorth/116/con_0028.nii: corrected 681710 float errors
[7m*+ WARNING:[0m file /projects/dsnlab/tds/fMRI/analysis/fx/models/ylg/fx_ylg_allconds_nonorth/117/con_0005.nii: corrected 681710 float errors
[7m*+ WARNING:[0m file /projects/dsnlab/tds/fMRI/analysis/fx/models/ylg/fx_ylg_allconds_nonorth/117/con_0015.nii: corrected 681710 float errors
[7m*+ WARNING:[0m file /projects/dsnlab/tds/fMRI/analysis/fx/models/ylg/fx_ylg_allconds_nonorth/117/con_0025.nii: corrected 681710 float errors
[7m*+ WARNING:[0m file /projects/dsnlab/tds/fMRI/analysis/fx/models/ylg/fx_ylg_allconds_nonorth/117/con_0008.nii: corrected 681710 float errors
[7m*+ WARNING:[0m file /projects/dsnlab/tds/fMRI/analysis/fx/models/ylg/fx_ylg_allconds_nonorth/117/con_0018.nii: corrected 681710 float errors
[7m*+ WARNING:[0m file /projects/dsnlab/tds/fMRI/analysis/fx/models/ylg/fx_ylg_allconds_nonorth/117/con_0028.nii: corrected 681710 float errors
[7m*+ WARNING:[0m file /projects/dsnlab/tds/fMRI/analysis/fx/models/ylg/fx_ylg_allconds_nonorth/119/con_0005.nii: corrected 681710 float errors
[7m*+ WARNING:[0m file /projects/dsnlab/tds/fMRI/analysis/fx/models/ylg/fx_ylg_allconds_nonorth/119/con_0015.nii: corrected 681710 float errors
[7m*+ WARNING:[0m file /projects/dsnlab/tds/fMRI/analysis/fx/models/ylg/fx_ylg_allconds_nonorth/119/con_0025.nii: corrected 681710 float errors
[7m*+ WARNING:[0m file /projects/dsnlab/tds/fMRI/analysis/fx/models/ylg/fx_ylg_allconds_nonorth/119/con_0008.nii: corrected 681710 float errors
[7m*+ WARNING:[0m file /projects/dsnlab/tds/fMRI/analysis/fx/models/ylg/fx_ylg_allconds_nonorth/119/con_0018.nii: corrected 681710 float errors
[7m*+ WARNING:[0m file /projects/dsnlab/tds/fMRI/analysis/fx/models/ylg/fx_ylg_allconds_nonorth/119/con_0028.nii: corrected 681710 float errors
[7m*+ WARNING:[0m file /projects/dsnlab/tds/fMRI/analysis/fx/models/ylg/fx_ylg_allconds_nonorth/120/con_0005.nii: corrected 681710 float errors
[7m*+ WARNING:[0m file /projects/dsnlab/tds/fMRI/analysis/fx/models/ylg/fx_ylg_allconds_nonorth/120/con_0015.nii: corrected 681710 float errors
[7m*+ WARNING:[0m file /projects/dsnlab/tds/fMRI/analysis/fx/models/ylg/fx_ylg_allconds_nonorth/120/con_0025.nii: corrected 681710 float errors
[7m*+ WARNING:[0m file /projects/dsnlab/tds/fMRI/analysis/fx/models/ylg/fx_ylg_allconds_nonorth/120/con_0008.nii: corrected 681710 float errors
[7m*+ WARNING:[0m file /projects/dsnlab/tds/fMRI/analysis/fx/models/ylg/fx_ylg_allconds_nonorth/120/con_0018.nii: corrected 681710 float errors
[7m*+ WARNING:[0m file /projects/dsnlab/tds/fMRI/analysis/fx/models/ylg/fx_ylg_allconds_nonorth/120/con_0028.nii: corrected 681710 float errors
[7m*+ WARNING:[0m file /projects/dsnlab/tds/fMRI/analysis/fx/models/ylg/fx_ylg_allconds_nonorth/121/con_0005.nii: corrected 681710 float errors
[7m*+ WARNING:[0m file /projects/dsnlab/tds/fMRI/analysis/fx/models/ylg/fx_ylg_allconds_nonorth/121/con_0015.nii: corrected 681710 float errors
[7m*+ WARNING:[0m file /projects/dsnlab/tds/fMRI/analysis/fx/models/ylg/fx_ylg_allconds_nonorth/121/con_0025.nii: corrected 681710 float errors
[7m*+ WARNING:[0m file /projects/dsnlab/tds/fMRI/analysis/fx/models/ylg/fx_ylg_allconds_nonorth/121/con_0008.nii: corrected 681710 float errors
[7m*+ WARNING:[0m file /projects/dsnlab/tds/fMRI/analysis/fx/models/ylg/fx_ylg_allconds_nonorth/121/con_0018.nii: corrected 681710 float errors
[7m*+ WARNING:[0m file /projects/dsnlab/tds/fMRI/analysis/fx/models/ylg/fx_ylg_allconds_nonorth/121/con_0028.nii: corrected 681710 float errors
[7m*+ WARNING:[0m file /projects/dsnlab/tds/fMRI/analysis/fx/models/ylg/fx_ylg_allconds_nonorth/122/con_0005.nii: corrected 681710 float errors
[7m*+ WARNING:[0m file /projects/dsnlab/tds/fMRI/analysis/fx/models/ylg/fx_ylg_allconds_nonorth/122/con_0015.nii: corrected 681710 float errors
[7m*+ WARNING:[0m file /projects/dsnlab/tds/fMRI/analysis/fx/models/ylg/fx_ylg_allconds_nonorth/122/con_0025.nii: corrected 681710 float errors
[7m*+ WARNING:[0m file /projects/dsnlab/tds/fMRI/analysis/fx/models/ylg/fx_ylg_allconds_nonorth/122/con_0008.nii: corrected 681710 float errors
[7m*+ WARNING:[0m file /projects/dsnlab/tds/fMRI/analysis/fx/models/ylg/fx_ylg_allconds_nonorth/122/con_0018.nii: corrected 681710 float errors
[7m*+ WARNING:[0m file /projects/dsnlab/tds/fMRI/analysis/fx/models/ylg/fx_ylg_allconds_nonorth/122/con_0028.nii: corrected 681710 float errors
[7m*+ WARNING:[0m file /projects/dsnlab/tds/fMRI/analysis/fx/models/ylg/fx_ylg_allconds_nonorth/124/con_0005.nii: corrected 681710 float errors
[7m*+ WARNING:[0m file /projects/dsnlab/tds/fMRI/analysis/fx/models/ylg/fx_ylg_allconds_nonorth/124/con_0015.nii: corrected 681710 float errors
[7m*+ WARNING:[0m file /projects/dsnlab/tds/fMRI/analysis/fx/models/ylg/fx_ylg_allconds_nonorth/124/con_0025.nii: corrected 681710 float errors
[7m*+ WARNING:[0m file /projects/dsnlab/tds/fMRI/analysis/fx/models/ylg/fx_ylg_allconds_nonorth/124/con_0008.nii: corrected 681710 float errors
[7m*+ WARNING:[0m file /projects/dsnlab/tds/fMRI/analysis/fx/models/ylg/fx_ylg_allconds_nonorth/124/con_0018.nii: corrected 681710 float errors
[7m*+ WARNING:[0m file /projects/dsnlab/tds/fMRI/analysis/fx/models/ylg/fx_ylg_allconds_nonorth/124/con_0028.nii: corrected 681710 float errors
[7m*+ WARNING:[0m file /projects/dsnlab/tds/fMRI/analysis/fx/models/ylg/fx_ylg_allconds_nonorth/125/con_0005.nii: corrected 681710 float errors
[7m*+ WARNING:[0m file /projects/dsnlab/tds/fMRI/analysis/fx/models/ylg/fx_ylg_allconds_nonorth/125/con_0015.nii: corrected 681710 float errors
[7m*+ WARNING:[0m file /projects/dsnlab/tds/fMRI/analysis/fx/models/ylg/fx_ylg_allconds_nonorth/125/con_0025.nii: corrected 681710 float errors
[7m*+ WARNING:[0m file /projects/dsnlab/tds/fMRI/analysis/fx/models/ylg/fx_ylg_allconds_nonorth/125/con_0008.nii: corrected 681710 float errors
[7m*+ WARNING:[0m file /projects/dsnlab/tds/fMRI/analysis/fx/models/ylg/fx_ylg_allconds_nonorth/125/con_0018.nii: corrected 681710 float errors
[7m*+ WARNING:[0m file /projects/dsnlab/tds/fMRI/analysis/fx/models/ylg/fx_ylg_allconds_nonorth/125/con_0028.nii: corrected 681710 float errors
[7m*+ WARNING:[0m file /projects/dsnlab/tds/fMRI/analysis/fx/models/ylg/fx_ylg_allconds_nonorth/126/con_0005.nii: corrected 681710 float errors
[7m*+ WARNING:[0m file /projects/dsnlab/tds/fMRI/analysis/fx/models/ylg/fx_ylg_allconds_nonorth/126/con_0015.nii: corrected 681710 float errors
[7m*+ WARNING:[0m file /projects/dsnlab/tds/fMRI/analysis/fx/models/ylg/fx_ylg_allconds_nonorth/126/con_0025.nii: corrected 681710 float errors
[7m*+ WARNING:[0m file /projects/dsnlab/tds/fMRI/analysis/fx/models/ylg/fx_ylg_allconds_nonorth/126/con_0008.nii: corrected 681710 float errors
[7m*+ WARNING:[0m file /projects/dsnlab/tds/fMRI/analysis/fx/models/ylg/fx_ylg_allconds_nonorth/126/con_0018.nii: corrected 681710 float errors
[7m*+ WARNING:[0m file /projects/dsnlab/tds/fMRI/analysis/fx/models/ylg/fx_ylg_allconds_nonorth/126/con_0028.nii: corrected 681710 float errors
[7m*+ WARNING:[0m file /projects/dsnlab/tds/fMRI/analysis/fx/models/ylg/fx_ylg_allconds_nonorth/128/con_0005.nii: corrected 681710 float errors
[7m*+ WARNING:[0m file /projects/dsnlab/tds/fMRI/analysis/fx/models/ylg/fx_ylg_allconds_nonorth/128/con_0015.nii: corrected 681710 float errors
[7m*+ WARNING:[0m file /projects/dsnlab/tds/fMRI/analysis/fx/models/ylg/fx_ylg_allconds_nonorth/128/con_0025.nii: corrected 681710 float errors
[7m*+ WARNING:[0m file /projects/dsnlab/tds/fMRI/analysis/fx/models/ylg/fx_ylg_allconds_nonorth/128/con_0008.nii: corrected 681710 float errors
[7m*+ WARNING:[0m file /projects/dsnlab/tds/fMRI/analysis/fx/models/ylg/fx_ylg_allconds_nonorth/128/con_0018.nii: corrected 681710 float errors
[7m*+ WARNING:[0m file /projects/dsnlab/tds/fMRI/analysis/fx/models/ylg/fx_ylg_allconds_nonorth/128/con_0028.nii: corrected 681710 float errors
[7m*+ WARNING:[0m file /projects/dsnlab/tds/fMRI/analysis/fx/models/ylg/fx_ylg_allconds_nonorth/129/con_0005.nii: corrected 681710 float errors
[7m*+ WARNING:[0m file /projects/dsnlab/tds/fMRI/analysis/fx/models/ylg/fx_ylg_allconds_nonorth/129/con_0015.nii: corrected 681710 float errors
[7m*+ WARNING:[0m file /projects/dsnlab/tds/fMRI/analysis/fx/models/ylg/fx_ylg_allconds_nonorth/129/con_0025.nii: corrected 681710 float errors
[7m*+ WARNING:[0m file /projects/dsnlab/tds/fMRI/analysis/fx/models/ylg/fx_ylg_allconds_nonorth/129/con_0008.nii: corrected 681710 float errors
[7m*+ WARNING:[0m file /projects/dsnlab/tds/fMRI/analysis/fx/models/ylg/fx_ylg_allconds_nonorth/129/con_0018.nii: corrected 681710 float errors
[7m*+ WARNING:[0m file /projects/dsnlab/tds/fMRI/analysis/fx/models/ylg/fx_ylg_allconds_nonorth/129/con_0028.nii: corrected 681710 float errors
[7m*+ WARNING:[0m file /projects/dsnlab/tds/fMRI/analysis/fx/models/ylg/fx_ylg_allconds_nonorth/130/con_0005.nii: corrected 681710 float errors
[7m*+ WARNING:[0m file /projects/dsnlab/tds/fMRI/analysis/fx/models/ylg/fx_ylg_allconds_nonorth/130/con_0015.nii: corrected 681710 float errors
[7m*+ WARNING:[0m file /projects/dsnlab/tds/fMRI/analysis/fx/models/ylg/fx_ylg_allconds_nonorth/130/con_0025.nii: corrected 681710 float errors
[7m*+ WARNING:[0m file /projects/dsnlab/tds/fMRI/analysis/fx/models/ylg/fx_ylg_allconds_nonorth/130/con_0008.nii: corrected 681710 float errors
[7m*+ WARNING:[0m file /projects/dsnlab/tds/fMRI/analysis/fx/models/ylg/fx_ylg_allconds_nonorth/130/con_0018.nii: corrected 681710 float errors
[7m*+ WARNING:[0m file /projects/dsnlab/tds/fMRI/analysis/fx/models/ylg/fx_ylg_allconds_nonorth/130/con_0028.nii: corrected 681710 float errors
[7m*+ WARNING:[0m file /projects/dsnlab/tds/fMRI/analysis/fx/models/ylg/fx_ylg_allconds_nonorth/131/con_0005.nii: corrected 681710 float errors
[7m*+ WARNING:[0m file /projects/dsnlab/tds/fMRI/analysis/fx/models/ylg/fx_ylg_allconds_nonorth/131/con_0015.nii: corrected 681710 float errors
[7m*+ WARNING:[0m file /projects/dsnlab/tds/fMRI/analysis/fx/models/ylg/fx_ylg_allconds_nonorth/131/con_0025.nii: corrected 681710 float errors
[7m*+ WARNING:[0m file /projects/dsnlab/tds/fMRI/analysis/fx/models/ylg/fx_ylg_allconds_nonorth/131/con_0008.nii: corrected 681710 float errors
[7m*+ WARNING:[0m file /projects/dsnlab/tds/fMRI/analysis/fx/models/ylg/fx_ylg_allconds_nonorth/131/con_0018.nii: corrected 681710 float errors
[7m*+ WARNING:[0m file /projects/dsnlab/tds/fMRI/analysis/fx/models/ylg/fx_ylg_allconds_nonorth/131/con_0028.nii: corrected 681710 float errors
[7m*+ WARNING:[0m file /projects/dsnlab/tds/fMRI/analysis/fx/models/ylg/fx_ylg_allconds_nonorth/132/con_0005.nii: corrected 681710 float errors
[7m*+ WARNING:[0m file /projects/dsnlab/tds/fMRI/analysis/fx/models/ylg/fx_ylg_allconds_nonorth/132/con_0015.nii: corrected 681710 float errors
[7m*+ WARNING:[0m file /projects/dsnlab/tds/fMRI/analysis/fx/models/ylg/fx_ylg_allconds_nonorth/132/con_0025.nii: corrected 681710 float errors
[7m*+ WARNING:[0m file /projects/dsnlab/tds/fMRI/analysis/fx/models/ylg/fx_ylg_allconds_nonorth/132/con_0008.nii: corrected 681710 float errors
[7m*+ WARNING:[0m file /projects/dsnlab/tds/fMRI/analysis/fx/models/ylg/fx_ylg_allconds_nonorth/132/con_0018.nii: corrected 681710 float errors
[7m*+ WARNING:[0m file /projects/dsnlab/tds/fMRI/analysis/fx/models/ylg/fx_ylg_allconds_nonorth/132/con_0028.nii: corrected 681710 float errors
[7m*+ WARNING:[0m file /projects/dsnlab/tds/fMRI/analysis/fx/models/ylg/fx_ylg_allconds_nonorth/133/con_0005.nii: corrected 681710 float errors
[7m*+ WARNING:[0m file /projects/dsnlab/tds/fMRI/analysis/fx/models/ylg/fx_ylg_allconds_nonorth/133/con_0015.nii: corrected 681710 float errors
[7m*+ WARNING:[0m file /projects/dsnlab/tds/fMRI/analysis/fx/models/ylg/fx_ylg_allconds_nonorth/133/con_0025.nii: corrected 681710 float errors
[7m*+ WARNING:[0m file /projects/dsnlab/tds/fMRI/analysis/fx/models/ylg/fx_ylg_allconds_nonorth/133/con_0008.nii: corrected 681710 float errors
[7m*+ WARNING:[0m file /projects/dsnlab/tds/fMRI/analysis/fx/models/ylg/fx_ylg_allconds_nonorth/133/con_0018.nii: corrected 681710 float errors
[7m*+ WARNING:[0m file /projects/dsnlab/tds/fMRI/analysis/fx/models/ylg/fx_ylg_allconds_nonorth/133/con_0028.nii: corrected 681710 float errors
[7m*+ WARNING:[0m file /projects/dsnlab/tds/fMRI/analysis/fx/models/ylg/fx_ylg_allconds_nonorth/134/con_0005.nii: corrected 681710 float errors
[7m*+ WARNING:[0m file /projects/dsnlab/tds/fMRI/analysis/fx/models/ylg/fx_ylg_allconds_nonorth/134/con_0015.nii: corrected 681710 float errors
[7m*+ WARNING:[0m file /projects/dsnlab/tds/fMRI/analysis/fx/models/ylg/fx_ylg_allconds_nonorth/134/con_0025.nii: corrected 681710 float errors
[7m*+ WARNING:[0m file /projects/dsnlab/tds/fMRI/analysis/fx/models/ylg/fx_ylg_allconds_nonorth/134/con_0008.nii: corrected 681710 float errors
[7m*+ WARNING:[0m file /projects/dsnlab/tds/fMRI/analysis/fx/models/ylg/fx_ylg_allconds_nonorth/134/con_0018.nii: corrected 681710 float errors
[7m*+ WARNING:[0m file /projects/dsnlab/tds/fMRI/analysis/fx/models/ylg/fx_ylg_allconds_nonorth/134/con_0028.nii: corrected 681710 float errors
[7m*+ WARNING:[0m file /projects/dsnlab/tds/fMRI/analysis/fx/models/ylg/fx_ylg_allconds_nonorth/136/con_0005.nii: corrected 681710 float errors
[7m*+ WARNING:[0m file /projects/dsnlab/tds/fMRI/analysis/fx/models/ylg/fx_ylg_allconds_nonorth/136/con_0015.nii: corrected 681710 float errors
[7m*+ WARNING:[0m file /projects/dsnlab/tds/fMRI/analysis/fx/models/ylg/fx_ylg_allconds_nonorth/136/con_0025.nii: corrected 681710 float errors
[7m*+ WARNING:[0m file /projects/dsnlab/tds/fMRI/analysis/fx/models/ylg/fx_ylg_allconds_nonorth/136/con_0008.nii: corrected 681710 float errors
[7m*+ WARNING:[0m file /projects/dsnlab/tds/fMRI/analysis/fx/models/ylg/fx_ylg_allconds_nonorth/136/con_0018.nii: corrected 681710 float errors
[7m*+ WARNING:[0m file /projects/dsnlab/tds/fMRI/analysis/fx/models/ylg/fx_ylg_allconds_nonorth/136/con_0028.nii: corrected 681710 float errors
[7m*+ WARNING:[0m file /projects/dsnlab/tds/fMRI/analysis/fx/models/ylg/fx_ylg_allconds_nonorth/140/con_0005.nii: corrected 681710 float errors
[7m*+ WARNING:[0m file /projects/dsnlab/tds/fMRI/analysis/fx/models/ylg/fx_ylg_allconds_nonorth/140/con_0015.nii: corrected 681710 float errors
[7m*+ WARNING:[0m file /projects/dsnlab/tds/fMRI/analysis/fx/models/ylg/fx_ylg_allconds_nonorth/140/con_0025.nii: corrected 681710 float errors
[7m*+ WARNING:[0m file /projects/dsnlab/tds/fMRI/analysis/fx/models/ylg/fx_ylg_allconds_nonorth/140/con_0008.nii: corrected 681710 float errors
[7m*+ WARNING:[0m file /projects/dsnlab/tds/fMRI/analysis/fx/models/ylg/fx_ylg_allconds_nonorth/140/con_0018.nii: corrected 681710 float errors
[7m*+ WARNING:[0m file /projects/dsnlab/tds/fMRI/analysis/fx/models/ylg/fx_ylg_allconds_nonorth/140/con_0028.nii: corrected 681710 float errors
[7m*+ WARNING:[0m file /projects/dsnlab/tds/fMRI/analysis/fx/models/ylg/fx_ylg_allconds_nonorth/141/con_0005.nii: corrected 681710 float errors
[7m*+ WARNING:[0m file /projects/dsnlab/tds/fMRI/analysis/fx/models/ylg/fx_ylg_allconds_nonorth/141/con_0015.nii: corrected 681710 float errors
[7m*+ WARNING:[0m file /projects/dsnlab/tds/fMRI/analysis/fx/models/ylg/fx_ylg_allconds_nonorth/141/con_0025.nii: corrected 681710 float errors
[7m*+ WARNING:[0m file /projects/dsnlab/tds/fMRI/analysis/fx/models/ylg/fx_ylg_allconds_nonorth/141/con_0008.nii: corrected 681710 float errors
[7m*+ WARNING:[0m file /projects/dsnlab/tds/fMRI/analysis/fx/models/ylg/fx_ylg_allconds_nonorth/141/con_0018.nii: corrected 681710 float errors
[7m*+ WARNING:[0m file /projects/dsnlab/tds/fMRI/analysis/fx/models/ylg/fx_ylg_allconds_nonorth/141/con_0028.nii: corrected 681710 float errors
[7m*+ WARNING:[0m file /projects/dsnlab/tds/fMRI/analysis/fx/models/ylg/fx_ylg_allconds_nonorth/142/con_0005.nii: corrected 681710 float errors
[7m*+ WARNING:[0m file /projects/dsnlab/tds/fMRI/analysis/fx/models/ylg/fx_ylg_allconds_nonorth/142/con_0015.nii: corrected 681710 float errors
[7m*+ WARNING:[0m file /projects/dsnlab/tds/fMRI/analysis/fx/models/ylg/fx_ylg_allconds_nonorth/142/con_0025.nii: corrected 681710 float errors
[7m*+ WARNING:[0m file /projects/dsnlab/tds/fMRI/analysis/fx/models/ylg/fx_ylg_allconds_nonorth/142/con_0008.nii: corrected 681710 float errors
[7m*+ WARNING:[0m file /projects/dsnlab/tds/fMRI/analysis/fx/models/ylg/fx_ylg_allconds_nonorth/142/con_0018.nii: corrected 681710 float errors
[7m*+ WARNING:[0m file /projects/dsnlab/tds/fMRI/analysis/fx/models/ylg/fx_ylg_allconds_nonorth/142/con_0028.nii: corrected 681710 float errors
[7m*+ WARNING:[0m file /projects/dsnlab/tds/fMRI/analysis/fx/models/ylg/fx_ylg_allconds_nonorth/144/con_0005.nii: corrected 681710 float errors
[7m*+ WARNING:[0m file /projects/dsnlab/tds/fMRI/analysis/fx/models/ylg/fx_ylg_allconds_nonorth/144/con_0015.nii: corrected 681710 float errors
[7m*+ WARNING:[0m file /projects/dsnlab/tds/fMRI/analysis/fx/models/ylg/fx_ylg_allconds_nonorth/144/con_0025.nii: corrected 681710 float errors
[7m*+ WARNING:[0m file /projects/dsnlab/tds/fMRI/analysis/fx/models/ylg/fx_ylg_allconds_nonorth/144/con_0008.nii: corrected 681710 float errors
[7m*+ WARNING:[0m file /projects/dsnlab/tds/fMRI/analysis/fx/models/ylg/fx_ylg_allconds_nonorth/144/con_0018.nii: corrected 681710 float errors
[7m*+ WARNING:[0m file /projects/dsnlab/tds/fMRI/analysis/fx/models/ylg/fx_ylg_allconds_nonorth/144/con_0028.nii: corrected 681710 float errors
[7m*+ WARNING:[0m file /projects/dsnlab/tds/fMRI/analysis/fx/models/ylg/fx_ylg_allconds_nonorth/145/con_0005.nii: corrected 681710 float errors
[7m*+ WARNING:[0m file /projects/dsnlab/tds/fMRI/analysis/fx/models/ylg/fx_ylg_allconds_nonorth/145/con_0015.nii: corrected 681710 float errors
[7m*+ WARNING:[0m file /projects/dsnlab/tds/fMRI/analysis/fx/models/ylg/fx_ylg_allconds_nonorth/145/con_0025.nii: corrected 681710 float errors
[7m*+ WARNING:[0m file /projects/dsnlab/tds/fMRI/analysis/fx/models/ylg/fx_ylg_allconds_nonorth/145/con_0008.nii: corrected 681710 float errors
[7m*+ WARNING:[0m file /projects/dsnlab/tds/fMRI/analysis/fx/models/ylg/fx_ylg_allconds_nonorth/145/con_0018.nii: corrected 681710 float errors
[7m*+ WARNING:[0m file /projects/dsnlab/tds/fMRI/analysis/fx/models/ylg/fx_ylg_allconds_nonorth/145/con_0028.nii: corrected 681710 float errors
[7m*+ WARNING:[0m file /projects/dsnlab/tds/fMRI/analysis/fx/models/ylg/fx_ylg_allconds_nonorth/146/con_0005.nii: corrected 681710 float errors
[7m*+ WARNING:[0m file /projects/dsnlab/tds/fMRI/analysis/fx/models/ylg/fx_ylg_allconds_nonorth/146/con_0015.nii: corrected 681710 float errors
[7m*+ WARNING:[0m file /projects/dsnlab/tds/fMRI/analysis/fx/models/ylg/fx_ylg_allconds_nonorth/146/con_0025.nii: corrected 681710 float errors
[7m*+ WARNING:[0m file /projects/dsnlab/tds/fMRI/analysis/fx/models/ylg/fx_ylg_allconds_nonorth/146/con_0008.nii: corrected 681710 float errors
[7m*+ WARNING:[0m file /projects/dsnlab/tds/fMRI/analysis/fx/models/ylg/fx_ylg_allconds_nonorth/146/con_0018.nii: corrected 681710 float errors
[7m*+ WARNING:[0m file /projects/dsnlab/tds/fMRI/analysis/fx/models/ylg/fx_ylg_allconds_nonorth/146/con_0028.nii: corrected 681710 float errors
[7m*+ WARNING:[0m file /projects/dsnlab/tds/fMRI/analysis/fx/models/ylg/fx_ylg_allconds_nonorth/150/con_0005.nii: corrected 681710 float errors
[7m*+ WARNING:[0m file /projects/dsnlab/tds/fMRI/analysis/fx/models/ylg/fx_ylg_allconds_nonorth/150/con_0015.nii: corrected 681710 float errors
[7m*+ WARNING:[0m file /projects/dsnlab/tds/fMRI/analysis/fx/models/ylg/fx_ylg_allconds_nonorth/150/con_0025.nii: corrected 681710 float errors
[7m*+ WARNING:[0m file /projects/dsnlab/tds/fMRI/analysis/fx/models/ylg/fx_ylg_allconds_nonorth/150/con_0008.nii: corrected 681710 float errors
[7m*+ WARNING:[0m file /projects/dsnlab/tds/fMRI/analysis/fx/models/ylg/fx_ylg_allconds_nonorth/150/con_0018.nii: corrected 681710 float errors
[7m*+ WARNING:[0m file /projects/dsnlab/tds/fMRI/analysis/fx/models/ylg/fx_ylg_allconds_nonorth/150/con_0028.nii: corrected 681710 float errors
[7m*+ WARNING:[0m file /projects/dsnlab/tds/fMRI/analysis/fx/models/ylg/fx_ylg_allconds_nonorth/151/con_0005.nii: corrected 681710 float errors
[7m*+ WARNING:[0m file /projects/dsnlab/tds/fMRI/analysis/fx/models/ylg/fx_ylg_allconds_nonorth/151/con_0015.nii: corrected 681710 float errors
[7m*+ WARNING:[0m file /projects/dsnlab/tds/fMRI/analysis/fx/models/ylg/fx_ylg_allconds_nonorth/151/con_0025.nii: corrected 681710 float errors
[7m*+ WARNING:[0m file /projects/dsnlab/tds/fMRI/analysis/fx/models/ylg/fx_ylg_allconds_nonorth/151/con_0008.nii: corrected 681710 float errors
[7m*+ WARNING:[0m file /projects/dsnlab/tds/fMRI/analysis/fx/models/ylg/fx_ylg_allconds_nonorth/151/con_0018.nii: corrected 681710 float errors
[7m*+ WARNING:[0m file /projects/dsnlab/tds/fMRI/analysis/fx/models/ylg/fx_ylg_allconds_nonorth/151/con_0028.nii: corrected 681710 float errors
[7m*+ WARNING:[0m file /projects/dsnlab/tds/fMRI/analysis/fx/models/ylg/fx_ylg_allconds_nonorth/152/con_0005.nii: corrected 681710 float errors
[7m*+ WARNING:[0m file /projects/dsnlab/tds/fMRI/analysis/fx/models/ylg/fx_ylg_allconds_nonorth/152/con_0015.nii: corrected 681710 float errors
[7m*+ WARNING:[0m file /projects/dsnlab/tds/fMRI/analysis/fx/models/ylg/fx_ylg_allconds_nonorth/152/con_0025.nii: corrected 681710 float errors
[7m*+ WARNING:[0m file /projects/dsnlab/tds/fMRI/analysis/fx/models/ylg/fx_ylg_allconds_nonorth/152/con_0008.nii: corrected 681710 float errors
[7m*+ WARNING:[0m file /projects/dsnlab/tds/fMRI/analysis/fx/models/ylg/fx_ylg_allconds_nonorth/152/con_0018.nii: corrected 681710 float errors
[7m*+ WARNING:[0m file /projects/dsnlab/tds/fMRI/analysis/fx/models/ylg/fx_ylg_allconds_nonorth/152/con_0028.nii: corrected 681710 float errors
[7m*+ WARNING:[0m file /projects/dsnlab/tds/fMRI/analysis/fx/models/ylg/fx_ylg_allconds_nonorth/155/con_0005.nii: corrected 681710 float errors
[7m*+ WARNING:[0m file /projects/dsnlab/tds/fMRI/analysis/fx/models/ylg/fx_ylg_allconds_nonorth/155/con_0015.nii: corrected 681710 float errors
[7m*+ WARNING:[0m file /projects/dsnlab/tds/fMRI/analysis/fx/models/ylg/fx_ylg_allconds_nonorth/155/con_0025.nii: corrected 681710 float errors
[7m*+ WARNING:[0m file /projects/dsnlab/tds/fMRI/analysis/fx/models/ylg/fx_ylg_allconds_nonorth/155/con_0008.nii: corrected 681710 float errors
[7m*+ WARNING:[0m file /projects/dsnlab/tds/fMRI/analysis/fx/models/ylg/fx_ylg_allconds_nonorth/155/con_0018.nii: corrected 681710 float errors
[7m*+ WARNING:[0m file /projects/dsnlab/tds/fMRI/analysis/fx/models/ylg/fx_ylg_allconds_nonorth/155/con_0028.nii: corrected 681710 float errors
[7m*+ WARNING:[0m file /projects/dsnlab/tds/fMRI/analysis/fx/models/ylg/fx_ylg_allconds_nonorth/156/con_0005.nii: corrected 681710 float errors
[7m*+ WARNING:[0m file /projects/dsnlab/tds/fMRI/analysis/fx/models/ylg/fx_ylg_allconds_nonorth/156/con_0015.nii: corrected 681710 float errors
[7m*+ WARNING:[0m file /projects/dsnlab/tds/fMRI/analysis/fx/models/ylg/fx_ylg_allconds_nonorth/156/con_0025.nii: corrected 681710 float errors
[7m*+ WARNING:[0m file /projects/dsnlab/tds/fMRI/analysis/fx/models/ylg/fx_ylg_allconds_nonorth/156/con_0008.nii: corrected 681710 float errors
[7m*+ WARNING:[0m file /projects/dsnlab/tds/fMRI/analysis/fx/models/ylg/fx_ylg_allconds_nonorth/156/con_0018.nii: corrected 681710 float errors
[7m*+ WARNING:[0m file /projects/dsnlab/tds/fMRI/analysis/fx/models/ylg/fx_ylg_allconds_nonorth/156/con_0028.nii: corrected 681710 float errors
[7m*+ WARNING:[0m file /projects/dsnlab/tds/fMRI/analysis/fx/models/ylg/fx_ylg_allconds_nonorth/157/con_0005.nii: corrected 681710 float errors
[7m*+ WARNING:[0m file /projects/dsnlab/tds/fMRI/analysis/fx/models/ylg/fx_ylg_allconds_nonorth/157/con_0015.nii: corrected 681710 float errors
[7m*+ WARNING:[0m file /projects/dsnlab/tds/fMRI/analysis/fx/models/ylg/fx_ylg_allconds_nonorth/157/con_0025.nii: corrected 681710 float errors
[7m*+ WARNING:[0m file /projects/dsnlab/tds/fMRI/analysis/fx/models/ylg/fx_ylg_allconds_nonorth/157/con_0008.nii: corrected 681710 float errors
[7m*+ WARNING:[0m file /projects/dsnlab/tds/fMRI/analysis/fx/models/ylg/fx_ylg_allconds_nonorth/157/con_0018.nii: corrected 681710 float errors
[7m*+ WARNING:[0m file /projects/dsnlab/tds/fMRI/analysis/fx/models/ylg/fx_ylg_allconds_nonorth/157/con_0028.nii: corrected 681710 float errors
[7m*+ WARNING:[0m file /projects/dsnlab/tds/fMRI/analysis/fx/models/ylg/fx_ylg_allconds_nonorth/159/con_0005.nii: corrected 681710 float errors
[7m*+ WARNING:[0m file /projects/dsnlab/tds/fMRI/analysis/fx/models/ylg/fx_ylg_allconds_nonorth/159/con_0015.nii: corrected 681710 float errors
[7m*+ WARNING:[0m file /projects/dsnlab/tds/fMRI/analysis/fx/models/ylg/fx_ylg_allconds_nonorth/159/con_0025.nii: corrected 681710 float errors
[7m*+ WARNING:[0m file /projects/dsnlab/tds/fMRI/analysis/fx/models/ylg/fx_ylg_allconds_nonorth/159/con_0008.nii: corrected 681710 float errors
[7m*+ WARNING:[0m file /projects/dsnlab/tds/fMRI/analysis/fx/models/ylg/fx_ylg_allconds_nonorth/159/con_0018.nii: corrected 681710 float errors
[7m*+ WARNING:[0m file /projects/dsnlab/tds/fMRI/analysis/fx/models/ylg/fx_ylg_allconds_nonorth/159/con_0028.nii: corrected 681710 float errors
[7m*+ WARNING:[0m file /projects/dsnlab/tds/fMRI/analysis/fx/models/ylg/fx_ylg_allconds_nonorth/160/con_0005.nii: corrected 681710 float errors
[7m*+ WARNING:[0m file /projects/dsnlab/tds/fMRI/analysis/fx/models/ylg/fx_ylg_allconds_nonorth/160/con_0015.nii: corrected 681710 float errors
[7m*+ WARNING:[0m file /projects/dsnlab/tds/fMRI/analysis/fx/models/ylg/fx_ylg_allconds_nonorth/160/con_0025.nii: corrected 681710 float errors
[7m*+ WARNING:[0m file /projects/dsnlab/tds/fMRI/analysis/fx/models/ylg/fx_ylg_allconds_nonorth/160/con_0008.nii: corrected 681710 float errors
[7m*+ WARNING:[0m file /projects/dsnlab/tds/fMRI/analysis/fx/models/ylg/fx_ylg_allconds_nonorth/160/con_0018.nii: corrected 681710 float errors
[7m*+ WARNING:[0m file /projects/dsnlab/tds/fMRI/analysis/fx/models/ylg/fx_ylg_allconds_nonorth/160/con_0028.nii: corrected 681710 float errors
[7m*+ WARNING:[0m file /projects/dsnlab/tds/fMRI/analysis/fx/models/ylg/fx_ylg_allconds_nonorth/161/con_0005.nii: corrected 681710 float errors
[7m*+ WARNING:[0m file /projects/dsnlab/tds/fMRI/analysis/fx/models/ylg/fx_ylg_allconds_nonorth/161/con_0015.nii: corrected 681710 float errors
[7m*+ WARNING:[0m file /projects/dsnlab/tds/fMRI/analysis/fx/models/ylg/fx_ylg_allconds_nonorth/161/con_0025.nii: corrected 681710 float errors
[7m*+ WARNING:[0m file /projects/dsnlab/tds/fMRI/analysis/fx/models/ylg/fx_ylg_allconds_nonorth/161/con_0008.nii: corrected 681710 float errors
[7m*+ WARNING:[0m file /projects/dsnlab/tds/fMRI/analysis/fx/models/ylg/fx_ylg_allconds_nonorth/161/con_0018.nii: corrected 681710 float errors
[7m*+ WARNING:[0m file /projects/dsnlab/tds/fMRI/analysis/fx/models/ylg/fx_ylg_allconds_nonorth/161/con_0028.nii: corrected 681710 float errors
[7m*+ WARNING:[0m file /projects/dsnlab/tds/fMRI/analysis/fx/models/ylg/fx_ylg_allconds_nonorth/162/con_0005.nii: corrected 681710 float errors
[7m*+ WARNING:[0m file /projects/dsnlab/tds/fMRI/analysis/fx/models/ylg/fx_ylg_allconds_nonorth/162/con_0015.nii: corrected 681710 float errors
[7m*+ WARNING:[0m file /projects/dsnlab/tds/fMRI/analysis/fx/models/ylg/fx_ylg_allconds_nonorth/162/con_0025.nii: corrected 681710 float errors
[7m*+ WARNING:[0m file /projects/dsnlab/tds/fMRI/analysis/fx/models/ylg/fx_ylg_allconds_nonorth/162/con_0008.nii: corrected 681710 float errors
[7m*+ WARNING:[0m file /projects/dsnlab/tds/fMRI/analysis/fx/models/ylg/fx_ylg_allconds_nonorth/162/con_0018.nii: corrected 681710 float errors
[7m*+ WARNING:[0m file /projects/dsnlab/tds/fMRI/analysis/fx/models/ylg/fx_ylg_allconds_nonorth/162/con_0028.nii: corrected 681710 float errors
[7m*+ WARNING:[0m file /projects/dsnlab/tds/fMRI/analysis/fx/models/ylg/fx_ylg_allconds_nonorth/163/con_0005.nii: corrected 681710 float errors
[7m*+ WARNING:[0m file /projects/dsnlab/tds/fMRI/analysis/fx/models/ylg/fx_ylg_allconds_nonorth/163/con_0015.nii: corrected 681710 float errors
[7m*+ WARNING:[0m file /projects/dsnlab/tds/fMRI/analysis/fx/models/ylg/fx_ylg_allconds_nonorth/163/con_0025.nii: corrected 681710 float errors
[7m*+ WARNING:[0m file /projects/dsnlab/tds/fMRI/analysis/fx/models/ylg/fx_ylg_allconds_nonorth/163/con_0008.nii: corrected 681710 float errors
[7m*+ WARNING:[0m file /projects/dsnlab/tds/fMRI/analysis/fx/models/ylg/fx_ylg_allconds_nonorth/163/con_0018.nii: corrected 681710 float errors
[7m*+ WARNING:[0m file /projects/dsnlab/tds/fMRI/analysis/fx/models/ylg/fx_ylg_allconds_nonorth/163/con_0028.nii: corrected 681710 float errors
[7m*+ WARNING:[0m file /projects/dsnlab/tds/fMRI/analysis/fx/models/ylg/fx_ylg_allconds_nonorth/164/con_0005.nii: corrected 681710 float errors
[7m*+ WARNING:[0m file /projects/dsnlab/tds/fMRI/analysis/fx/models/ylg/fx_ylg_allconds_nonorth/164/con_0015.nii: corrected 681710 float errors
[7m*+ WARNING:[0m file /projects/dsnlab/tds/fMRI/analysis/fx/models/ylg/fx_ylg_allconds_nonorth/164/con_0025.nii: corrected 681710 float errors
[7m*+ WARNING:[0m file /projects/dsnlab/tds/fMRI/analysis/fx/models/ylg/fx_ylg_allconds_nonorth/164/con_0008.nii: corrected 681710 float errors
[7m*+ WARNING:[0m file /projects/dsnlab/tds/fMRI/analysis/fx/models/ylg/fx_ylg_allconds_nonorth/164/con_0018.nii: corrected 681710 float errors
[7m*+ WARNING:[0m file /projects/dsnlab/tds/fMRI/analysis/fx/models/ylg/fx_ylg_allconds_nonorth/164/con_0028.nii: corrected 681710 float errors
[7m*+ WARNING:[0m file /projects/dsnlab/tds/fMRI/analysis/fx/models/ylg/fx_ylg_allconds_nonorth/165/con_0005.nii: corrected 681710 float errors
[7m*+ WARNING:[0m file /projects/dsnlab/tds/fMRI/analysis/fx/models/ylg/fx_ylg_allconds_nonorth/165/con_0015.nii: corrected 681710 float errors
[7m*+ WARNING:[0m file /projects/dsnlab/tds/fMRI/analysis/fx/models/ylg/fx_ylg_allconds_nonorth/165/con_0025.nii: corrected 681710 float errors
[7m*+ WARNING:[0m file /projects/dsnlab/tds/fMRI/analysis/fx/models/ylg/fx_ylg_allconds_nonorth/165/con_0008.nii: corrected 681710 float errors
[7m*+ WARNING:[0m file /projects/dsnlab/tds/fMRI/analysis/fx/models/ylg/fx_ylg_allconds_nonorth/165/con_0018.nii: corrected 681710 float errors
[7m*+ WARNING:[0m file /projects/dsnlab/tds/fMRI/analysis/fx/models/ylg/fx_ylg_allconds_nonorth/165/con_0028.nii: corrected 681710 float errors
[7m*+ WARNING:[0m file /projects/dsnlab/tds/fMRI/analysis/fx/models/ylg/fx_ylg_allconds_nonorth/167/con_0005.nii: corrected 681710 float errors
[7m*+ WARNING:[0m file /projects/dsnlab/tds/fMRI/analysis/fx/models/ylg/fx_ylg_allconds_nonorth/167/con_0015.nii: corrected 681710 float errors
[7m*+ WARNING:[0m file /projects/dsnlab/tds/fMRI/analysis/fx/models/ylg/fx_ylg_allconds_nonorth/167/con_0025.nii: corrected 681710 float errors
[7m*+ WARNING:[0m file /projects/dsnlab/tds/fMRI/analysis/fx/models/ylg/fx_ylg_allconds_nonorth/167/con_0008.nii: corrected 681710 float errors
[7m*+ WARNING:[0m file /projects/dsnlab/tds/fMRI/analysis/fx/models/ylg/fx_ylg_allconds_nonorth/167/con_0018.nii: corrected 681710 float errors
[7m*+ WARNING:[0m file /projects/dsnlab/tds/fMRI/analysis/fx/models/ylg/fx_ylg_allconds_nonorth/167/con_0028.nii: corrected 681710 float errors
[7m*+ WARNING:[0m file /projects/dsnlab/tds/fMRI/analysis/fx/models/ylg/fx_ylg_allconds_nonorth/168/con_0005.nii: corrected 681710 float errors
[7m*+ WARNING:[0m file /projects/dsnlab/tds/fMRI/analysis/fx/models/ylg/fx_ylg_allconds_nonorth/168/con_0015.nii: corrected 681710 float errors
[7m*+ WARNING:[0m file /projects/dsnlab/tds/fMRI/analysis/fx/models/ylg/fx_ylg_allconds_nonorth/168/con_0025.nii: corrected 681710 float errors
[7m*+ WARNING:[0m file /projects/dsnlab/tds/fMRI/analysis/fx/models/ylg/fx_ylg_allconds_nonorth/168/con_0008.nii: corrected 681710 float errors
[7m*+ WARNING:[0m file /projects/dsnlab/tds/fMRI/analysis/fx/models/ylg/fx_ylg_allconds_nonorth/168/con_0018.nii: corrected 681710 float errors
[7m*+ WARNING:[0m file /projects/dsnlab/tds/fMRI/analysis/fx/models/ylg/fx_ylg_allconds_nonorth/168/con_0028.nii: corrected 681710 float errors
[7m*+ WARNING:[0m file /projects/dsnlab/tds/fMRI/analysis/fx/models/ylg/fx_ylg_allconds_nonorth/169/con_0005.nii: corrected 681710 float errors
[7m*+ WARNING:[0m file /projects/dsnlab/tds/fMRI/analysis/fx/models/ylg/fx_ylg_allconds_nonorth/169/con_0015.nii: corrected 681710 float errors
[7m*+ WARNING:[0m file /projects/dsnlab/tds/fMRI/analysis/fx/models/ylg/fx_ylg_allconds_nonorth/169/con_0025.nii: corrected 681710 float errors
[7m*+ WARNING:[0m file /projects/dsnlab/tds/fMRI/analysis/fx/models/ylg/fx_ylg_allconds_nonorth/169/con_0008.nii: corrected 681710 float errors
[7m*+ WARNING:[0m file /projects/dsnlab/tds/fMRI/analysis/fx/models/ylg/fx_ylg_allconds_nonorth/169/con_0018.nii: corrected 681710 float errors
[7m*+ WARNING:[0m file /projects/dsnlab/tds/fMRI/analysis/fx/models/ylg/fx_ylg_allconds_nonorth/169/con_0028.nii: corrected 681710 float errors
[7m*+ WARNING:[0m file /projects/dsnlab/tds/fMRI/analysis/fx/models/ylg/fx_ylg_allconds_nonorth/170/con_0005.nii: corrected 681710 float errors
[7m*+ WARNING:[0m file /projects/dsnlab/tds/fMRI/analysis/fx/models/ylg/fx_ylg_allconds_nonorth/170/con_0015.nii: corrected 681710 float errors
[7m*+ WARNING:[0m file /projects/dsnlab/tds/fMRI/analysis/fx/models/ylg/fx_ylg_allconds_nonorth/170/con_0025.nii: corrected 681710 float errors
[7m*+ WARNING:[0m file /projects/dsnlab/tds/fMRI/analysis/fx/models/ylg/fx_ylg_allconds_nonorth/170/con_0008.nii: corrected 681710 float errors
[7m*+ WARNING:[0m file /projects/dsnlab/tds/fMRI/analysis/fx/models/ylg/fx_ylg_allconds_nonorth/170/con_0018.nii: corrected 681710 float errors
[7m*+ WARNING:[0m file /projects/dsnlab/tds/fMRI/analysis/fx/models/ylg/fx_ylg_allconds_nonorth/170/con_0028.nii: corrected 681710 float errors
[7m*+ WARNING:[0m file /projects/dsnlab/tds/fMRI/analysis/fx/models/ylg/fx_ylg_allconds_nonorth/171/con_0005.nii: corrected 681710 float errors
[7m*+ WARNING:[0m file /projects/dsnlab/tds/fMRI/analysis/fx/models/ylg/fx_ylg_allconds_nonorth/171/con_0015.nii: corrected 681710 float errors
[7m*+ WARNING:[0m file /projects/dsnlab/tds/fMRI/analysis/fx/models/ylg/fx_ylg_allconds_nonorth/171/con_0025.nii: corrected 681710 float errors
[7m*+ WARNING:[0m file /projects/dsnlab/tds/fMRI/analysis/fx/models/ylg/fx_ylg_allconds_nonorth/171/con_0008.nii: corrected 681710 float errors
[7m*+ WARNING:[0m file /projects/dsnlab/tds/fMRI/analysis/fx/models/ylg/fx_ylg_allconds_nonorth/171/con_0018.nii: corrected 681710 float errors
[7m*+ WARNING:[0m file /projects/dsnlab/tds/fMRI/analysis/fx/models/ylg/fx_ylg_allconds_nonorth/171/con_0028.nii: corrected 681710 float errors
[7m*+ WARNING:[0m file /projects/dsnlab/tds/fMRI/analysis/fx/models/ylg/fx_ylg_allconds_nonorth/172/con_0005.nii: corrected 681710 float errors
[7m*+ WARNING:[0m file /projects/dsnlab/tds/fMRI/analysis/fx/models/ylg/fx_ylg_allconds_nonorth/172/con_0015.nii: corrected 681710 float errors
[7m*+ WARNING:[0m file /projects/dsnlab/tds/fMRI/analysis/fx/models/ylg/fx_ylg_allconds_nonorth/172/con_0025.nii: corrected 681710 float errors
[7m*+ WARNING:[0m file /projects/dsnlab/tds/fMRI/analysis/fx/models/ylg/fx_ylg_allconds_nonorth/172/con_0008.nii: corrected 681710 float errors
[7m*+ WARNING:[0m file /projects/dsnlab/tds/fMRI/analysis/fx/models/ylg/fx_ylg_allconds_nonorth/172/con_0018.nii: corrected 681710 float errors
[7m*+ WARNING:[0m file /projects/dsnlab/tds/fMRI/analysis/fx/models/ylg/fx_ylg_allconds_nonorth/172/con_0028.nii: corrected 681710 float errors
[7m*+ WARNING:[0m file /projects/dsnlab/tds/fMRI/analysis/fx/models/ylg/fx_ylg_allconds_nonorth/173/con_0005.nii: corrected 681710 float errors
[7m*+ WARNING:[0m file /projects/dsnlab/tds/fMRI/analysis/fx/models/ylg/fx_ylg_allconds_nonorth/173/con_0015.nii: corrected 681710 float errors
[7m*+ WARNING:[0m file /projects/dsnlab/tds/fMRI/analysis/fx/models/ylg/fx_ylg_allconds_nonorth/173/con_0025.nii: corrected 681710 float errors
[7m*+ WARNING:[0m file /projects/dsnlab/tds/fMRI/analysis/fx/models/ylg/fx_ylg_allconds_nonorth/173/con_0008.nii: corrected 681710 float errors
[7m*+ WARNING:[0m file /projects/dsnlab/tds/fMRI/analysis/fx/models/ylg/fx_ylg_allconds_nonorth/173/con_0018.nii: corrected 681710 float errors
[7m*+ WARNING:[0m file /projects/dsnlab/tds/fMRI/analysis/fx/models/ylg/fx_ylg_allconds_nonorth/173/con_0028.nii: corrected 681710 float errors
[7m*+ WARNING:[0m file /projects/dsnlab/tds/fMRI/analysis/fx/models/ylg/fx_ylg_allconds_nonorth/174/con_0005.nii: corrected 681710 float errors
[7m*+ WARNING:[0m file /projects/dsnlab/tds/fMRI/analysis/fx/models/ylg/fx_ylg_allconds_nonorth/174/con_0015.nii: corrected 681710 float errors
[7m*+ WARNING:[0m file /projects/dsnlab/tds/fMRI/analysis/fx/models/ylg/fx_ylg_allconds_nonorth/174/con_0025.nii: corrected 681710 float errors
[7m*+ WARNING:[0m file /projects/dsnlab/tds/fMRI/analysis/fx/models/ylg/fx_ylg_allconds_nonorth/174/con_0008.nii: corrected 681710 float errors
[7m*+ WARNING:[0m file /projects/dsnlab/tds/fMRI/analysis/fx/models/ylg/fx_ylg_allconds_nonorth/174/con_0018.nii: corrected 681710 float errors
[7m*+ WARNING:[0m file /projects/dsnlab/tds/fMRI/analysis/fx/models/ylg/fx_ylg_allconds_nonorth/174/con_0028.nii: corrected 681710 float errors
[7m*+ WARNING:[0m file /projects/dsnlab/tds/fMRI/analysis/fx/models/ylg/fx_ylg_allconds_nonorth/175/con_0005.nii: corrected 681710 float errors
[7m*+ WARNING:[0m file /projects/dsnlab/tds/fMRI/analysis/fx/models/ylg/fx_ylg_allconds_nonorth/175/con_0015.nii: corrected 681710 float errors
[7m*+ WARNING:[0m file /projects/dsnlab/tds/fMRI/analysis/fx/models/ylg/fx_ylg_allconds_nonorth/175/con_0025.nii: corrected 681710 float errors
[7m*+ WARNING:[0m file /projects/dsnlab/tds/fMRI/analysis/fx/models/ylg/fx_ylg_allconds_nonorth/175/con_0008.nii: corrected 681710 float errors
[7m*+ WARNING:[0m file /projects/dsnlab/tds/fMRI/analysis/fx/models/ylg/fx_ylg_allconds_nonorth/175/con_0018.nii: corrected 681710 float errors
[7m*+ WARNING:[0m file /projects/dsnlab/tds/fMRI/analysis/fx/models/ylg/fx_ylg_allconds_nonorth/175/con_0028.nii: corrected 681710 float errors
[7m*+ WARNING:[0m file /projects/dsnlab/tds/fMRI/analysis/fx/models/ylg/fx_ylg_allconds_nonorth/177/con_0005.nii: corrected 681710 float errors
[7m*+ WARNING:[0m file /projects/dsnlab/tds/fMRI/analysis/fx/models/ylg/fx_ylg_allconds_nonorth/177/con_0015.nii: corrected 681710 float errors
[7m*+ WARNING:[0m file /projects/dsnlab/tds/fMRI/analysis/fx/models/ylg/fx_ylg_allconds_nonorth/177/con_0025.nii: corrected 681710 float errors
[7m*+ WARNING:[0m file /projects/dsnlab/tds/fMRI/analysis/fx/models/ylg/fx_ylg_allconds_nonorth/177/con_0008.nii: corrected 681710 float errors
[7m*+ WARNING:[0m file /projects/dsnlab/tds/fMRI/analysis/fx/models/ylg/fx_ylg_allconds_nonorth/177/con_0018.nii: corrected 681710 float errors
[7m*+ WARNING:[0m file /projects/dsnlab/tds/fMRI/analysis/fx/models/ylg/fx_ylg_allconds_nonorth/177/con_0028.nii: corrected 681710 float errors
[7m*+ WARNING:[0m file /projects/dsnlab/tds/fMRI/analysis/fx/models/ylg/fx_ylg_allconds_nonorth/178/con_0005.nii: corrected 681710 float errors
[7m*+ WARNING:[0m file /projects/dsnlab/tds/fMRI/analysis/fx/models/ylg/fx_ylg_allconds_nonorth/178/con_0015.nii: corrected 681710 float errors
[7m*+ WARNING:[0m file /projects/dsnlab/tds/fMRI/analysis/fx/models/ylg/fx_ylg_allconds_nonorth/178/con_0025.nii: corrected 681710 float errors
[7m*+ WARNING:[0m file /projects/dsnlab/tds/fMRI/analysis/fx/models/ylg/fx_ylg_allconds_nonorth/178/con_0008.nii: corrected 681710 float errors
[7m*+ WARNING:[0m file /projects/dsnlab/tds/fMRI/analysis/fx/models/ylg/fx_ylg_allconds_nonorth/178/con_0018.nii: corrected 681710 float errors
[7m*+ WARNING:[0m file /projects/dsnlab/tds/fMRI/analysis/fx/models/ylg/fx_ylg_allconds_nonorth/178/con_0028.nii: corrected 681710 float errors
[7m*+ WARNING:[0m file /projects/dsnlab/tds/fMRI/analysis/fx/models/ylg/fx_ylg_allconds_nonorth/179/con_0005.nii: corrected 681710 float errors
[7m*+ WARNING:[0m file /projects/dsnlab/tds/fMRI/analysis/fx/models/ylg/fx_ylg_allconds_nonorth/179/con_0015.nii: corrected 681710 float errors
[7m*+ WARNING:[0m file /projects/dsnlab/tds/fMRI/analysis/fx/models/ylg/fx_ylg_allconds_nonorth/179/con_0025.nii: corrected 681710 float errors
[7m*+ WARNING:[0m file /projects/dsnlab/tds/fMRI/analysis/fx/models/ylg/fx_ylg_allconds_nonorth/179/con_0008.nii: corrected 681710 float errors
[7m*+ WARNING:[0m file /projects/dsnlab/tds/fMRI/analysis/fx/models/ylg/fx_ylg_allconds_nonorth/179/con_0018.nii: corrected 681710 float errors
[7m*+ WARNING:[0m file /projects/dsnlab/tds/fMRI/analysis/fx/models/ylg/fx_ylg_allconds_nonorth/179/con_0028.nii: corrected 681710 float errors
[7m*+ WARNING:[0m file /projects/dsnlab/tds/fMRI/analysis/fx/models/ylg/fx_ylg_allconds_nonorth/181/con_0005.nii: corrected 681710 float errors
[7m*+ WARNING:[0m file /projects/dsnlab/tds/fMRI/analysis/fx/models/ylg/fx_ylg_allconds_nonorth/181/con_0015.nii: corrected 681710 float errors
[7m*+ WARNING:[0m file /projects/dsnlab/tds/fMRI/analysis/fx/models/ylg/fx_ylg_allconds_nonorth/181/con_0025.nii: corrected 681710 float errors
[7m*+ WARNING:[0m file /projects/dsnlab/tds/fMRI/analysis/fx/models/ylg/fx_ylg_allconds_nonorth/181/con_0008.nii: corrected 681710 float errors
[7m*+ WARNING:[0m file /projects/dsnlab/tds/fMRI/analysis/fx/models/ylg/fx_ylg_allconds_nonorth/181/con_0018.nii: corrected 681710 float errors
[7m*+ WARNING:[0m file /projects/dsnlab/tds/fMRI/analysis/fx/models/ylg/fx_ylg_allconds_nonorth/181/con_0028.nii: corrected 681710 float errors
[7m*+ WARNING:[0m file /projects/dsnlab/tds/fMRI/analysis/fx/models/ylg/fx_ylg_allconds_nonorth/182/con_0005.nii: corrected 681710 float errors
[7m*+ WARNING:[0m file /projects/dsnlab/tds/fMRI/analysis/fx/models/ylg/fx_ylg_allconds_nonorth/182/con_0015.nii: corrected 681710 float errors
[7m*+ WARNING:[0m file /projects/dsnlab/tds/fMRI/analysis/fx/models/ylg/fx_ylg_allconds_nonorth/182/con_0025.nii: corrected 681710 float errors
[7m*+ WARNING:[0m file /projects/dsnlab/tds/fMRI/analysis/fx/models/ylg/fx_ylg_allconds_nonorth/182/con_0008.nii: corrected 681710 float errors
[7m*+ WARNING:[0m file /projects/dsnlab/tds/fMRI/analysis/fx/models/ylg/fx_ylg_allconds_nonorth/182/con_0018.nii: corrected 681710 float errors
[7m*+ WARNING:[0m file /projects/dsnlab/tds/fMRI/analysis/fx/models/ylg/fx_ylg_allconds_nonorth/182/con_0028.nii: corrected 681710 float errors
[7m*+ WARNING:[0m file /projects/dsnlab/tds/fMRI/analysis/fx/models/ylg/fx_ylg_allconds_nonorth/183/con_0005.nii: corrected 681710 float errors
[7m*+ WARNING:[0m file /projects/dsnlab/tds/fMRI/analysis/fx/models/ylg/fx_ylg_allconds_nonorth/183/con_0015.nii: corrected 681710 float errors
[7m*+ WARNING:[0m file /projects/dsnlab/tds/fMRI/analysis/fx/models/ylg/fx_ylg_allconds_nonorth/183/con_0025.nii: corrected 681710 float errors
[7m*+ WARNING:[0m file /projects/dsnlab/tds/fMRI/analysis/fx/models/ylg/fx_ylg_allconds_nonorth/183/con_0008.nii: corrected 681710 float errors
[7m*+ WARNING:[0m file /projects/dsnlab/tds/fMRI/analysis/fx/models/ylg/fx_ylg_allconds_nonorth/183/con_0018.nii: corrected 681710 float errors
[7m*+ WARNING:[0m file /projects/dsnlab/tds/fMRI/analysis/fx/models/ylg/fx_ylg_allconds_nonorth/183/con_0028.nii: corrected 681710 float errors
[7m*+ WARNING:[0m file /projects/dsnlab/tds/fMRI/analysis/fx/models/ylg/fx_ylg_allconds_nonorth/184/con_0005.nii: corrected 681710 float errors
[7m*+ WARNING:[0m file /projects/dsnlab/tds/fMRI/analysis/fx/models/ylg/fx_ylg_allconds_nonorth/184/con_0015.nii: corrected 681710 float errors
[7m*+ WARNING:[0m file /projects/dsnlab/tds/fMRI/analysis/fx/models/ylg/fx_ylg_allconds_nonorth/184/con_0025.nii: corrected 681710 float errors
[7m*+ WARNING:[0m file /projects/dsnlab/tds/fMRI/analysis/fx/models/ylg/fx_ylg_allconds_nonorth/184/con_0008.nii: corrected 681710 float errors
[7m*+ WARNING:[0m file /projects/dsnlab/tds/fMRI/analysis/fx/models/ylg/fx_ylg_allconds_nonorth/184/con_0018.nii: corrected 681710 float errors
[7m*+ WARNING:[0m file /projects/dsnlab/tds/fMRI/analysis/fx/models/ylg/fx_ylg_allconds_nonorth/184/con_0028.nii: corrected 681710 float errors
[7m*+ WARNING:[0m file /projects/dsnlab/tds/fMRI/analysis/fx/models/ylg/fx_ylg_allconds_nonorth/185/con_0005.nii: corrected 681710 float errors
[7m*+ WARNING:[0m file /projects/dsnlab/tds/fMRI/analysis/fx/models/ylg/fx_ylg_allconds_nonorth/185/con_0015.nii: corrected 681710 float errors
[7m*+ WARNING:[0m file /projects/dsnlab/tds/fMRI/analysis/fx/models/ylg/fx_ylg_allconds_nonorth/185/con_0025.nii: corrected 681710 float errors
[7m*+ WARNING:[0m file /projects/dsnlab/tds/fMRI/analysis/fx/models/ylg/fx_ylg_allconds_nonorth/185/con_0008.nii: corrected 681710 float errors
[7m*+ WARNING:[0m file /projects/dsnlab/tds/fMRI/analysis/fx/models/ylg/fx_ylg_allconds_nonorth/185/con_0018.nii: corrected 681710 float errors
[7m*+ WARNING:[0m file /projects/dsnlab/tds/fMRI/analysis/fx/models/ylg/fx_ylg_allconds_nonorth/185/con_0028.nii: corrected 681710 float errors
[7m*+ WARNING:[0m file /projects/dsnlab/tds/fMRI/analysis/fx/models/ylg/fx_ylg_allconds_nonorth/186/con_0005.nii: corrected 681710 float errors
[7m*+ WARNING:[0m file /projects/dsnlab/tds/fMRI/analysis/fx/models/ylg/fx_ylg_allconds_nonorth/186/con_0015.nii: corrected 681710 float errors
[7m*+ WARNING:[0m file /projects/dsnlab/tds/fMRI/analysis/fx/models/ylg/fx_ylg_allconds_nonorth/186/con_0025.nii: corrected 681710 float errors
[7m*+ WARNING:[0m file /projects/dsnlab/tds/fMRI/analysis/fx/models/ylg/fx_ylg_allconds_nonorth/186/con_0008.nii: corrected 681710 float errors
[7m*+ WARNING:[0m file /projects/dsnlab/tds/fMRI/analysis/fx/models/ylg/fx_ylg_allconds_nonorth/186/con_0018.nii: corrected 681710 float errors
[7m*+ WARNING:[0m file /projects/dsnlab/tds/fMRI/analysis/fx/models/ylg/fx_ylg_allconds_nonorth/186/con_0028.nii: corrected 681710 float errors
[7m*+ WARNING:[0m file /projects/dsnlab/tds/fMRI/analysis/fx/models/ylg/fx_ylg_allconds_nonorth/187/con_0005.nii: corrected 681710 float errors
[7m*+ WARNING:[0m file /projects/dsnlab/tds/fMRI/analysis/fx/models/ylg/fx_ylg_allconds_nonorth/187/con_0015.nii: corrected 681710 float errors
[7m*+ WARNING:[0m file /projects/dsnlab/tds/fMRI/analysis/fx/models/ylg/fx_ylg_allconds_nonorth/187/con_0025.nii: corrected 681710 float errors
[7m*+ WARNING:[0m file /projects/dsnlab/tds/fMRI/analysis/fx/models/ylg/fx_ylg_allconds_nonorth/187/con_0008.nii: corrected 681710 float errors
[7m*+ WARNING:[0m file /projects/dsnlab/tds/fMRI/analysis/fx/models/ylg/fx_ylg_allconds_nonorth/187/con_0018.nii: corrected 681710 float errors
[7m*+ WARNING:[0m file /projects/dsnlab/tds/fMRI/analysis/fx/models/ylg/fx_ylg_allconds_nonorth/187/con_0028.nii: corrected 681710 float errors
[7m*+ WARNING:[0m file /projects/dsnlab/tds/fMRI/analysis/fx/models/ylg/fx_ylg_allconds_nonorth/188/con_0005.nii: corrected 681710 float errors
[7m*+ WARNING:[0m file /projects/dsnlab/tds/fMRI/analysis/fx/models/ylg/fx_ylg_allconds_nonorth/188/con_0015.nii: corrected 681710 float errors
[7m*+ WARNING:[0m file /projects/dsnlab/tds/fMRI/analysis/fx/models/ylg/fx_ylg_allconds_nonorth/188/con_0025.nii: corrected 681710 float errors
[7m*+ WARNING:[0m file /projects/dsnlab/tds/fMRI/analysis/fx/models/ylg/fx_ylg_allconds_nonorth/188/con_0008.nii: corrected 681710 float errors
[7m*+ WARNING:[0m file /projects/dsnlab/tds/fMRI/analysis/fx/models/ylg/fx_ylg_allconds_nonorth/188/con_0018.nii: corrected 681710 float errors
[7m*+ WARNING:[0m file /projects/dsnlab/tds/fMRI/analysis/fx/models/ylg/fx_ylg_allconds_nonorth/188/con_0028.nii: corrected 681710 float errors
[7m*+ WARNING:[0m file /projects/dsnlab/tds/fMRI/analysis/fx/models/ylg/fx_ylg_allconds_nonorth/190/con_0005.nii: corrected 681710 float errors
[7m*+ WARNING:[0m file /projects/dsnlab/tds/fMRI/analysis/fx/models/ylg/fx_ylg_allconds_nonorth/190/con_0015.nii: corrected 681710 float errors
[7m*+ WARNING:[0m file /projects/dsnlab/tds/fMRI/analysis/fx/models/ylg/fx_ylg_allconds_nonorth/190/con_0025.nii: corrected 681710 float errors
[7m*+ WARNING:[0m file /projects/dsnlab/tds/fMRI/analysis/fx/models/ylg/fx_ylg_allconds_nonorth/190/con_0008.nii: corrected 681710 float errors
[7m*+ WARNING:[0m file /projects/dsnlab/tds/fMRI/analysis/fx/models/ylg/fx_ylg_allconds_nonorth/190/con_0018.nii: corrected 681710 float errors
[7m*+ WARNING:[0m file /projects/dsnlab/tds/fMRI/analysis/fx/models/ylg/fx_ylg_allconds_nonorth/190/con_0028.nii: corrected 681710 float errors
[7m*+ WARNING:[0m file /projects/dsnlab/tds/fMRI/analysis/fx/models/ylg/fx_ylg_allconds_nonorth/192/con_0005.nii: corrected 681710 float errors
[7m*+ WARNING:[0m file /projects/dsnlab/tds/fMRI/analysis/fx/models/ylg/fx_ylg_allconds_nonorth/192/con_0015.nii: corrected 681710 float errors
[7m*+ WARNING:[0m file /projects/dsnlab/tds/fMRI/analysis/fx/models/ylg/fx_ylg_allconds_nonorth/192/con_0025.nii: corrected 681710 float errors
[7m*+ WARNING:[0m file /projects/dsnlab/tds/fMRI/analysis/fx/models/ylg/fx_ylg_allconds_nonorth/192/con_0008.nii: corrected 681710 float errors
[7m*+ WARNING:[0m file /projects/dsnlab/tds/fMRI/analysis/fx/models/ylg/fx_ylg_allconds_nonorth/192/con_0018.nii: corrected 681710 float errors
[7m*+ WARNING:[0m file /projects/dsnlab/tds/fMRI/analysis/fx/models/ylg/fx_ylg_allconds_nonorth/192/con_0028.nii: corrected 681710 float errors
[7m*+ WARNING:[0m file /projects/dsnlab/tds/fMRI/analysis/fx/models/ylg/fx_ylg_allconds_nonorth/193/con_0005.nii: corrected 681710 float errors
[7m*+ WARNING:[0m file /projects/dsnlab/tds/fMRI/analysis/fx/models/ylg/fx_ylg_allconds_nonorth/193/con_0015.nii: corrected 681710 float errors
[7m*+ WARNING:[0m file /projects/dsnlab/tds/fMRI/analysis/fx/models/ylg/fx_ylg_allconds_nonorth/193/con_0025.nii: corrected 681710 float errors
[7m*+ WARNING:[0m file /projects/dsnlab/tds/fMRI/analysis/fx/models/ylg/fx_ylg_allconds_nonorth/193/con_0008.nii: corrected 681710 float errors
[7m*+ WARNING:[0m file /projects/dsnlab/tds/fMRI/analysis/fx/models/ylg/fx_ylg_allconds_nonorth/193/con_0018.nii: corrected 681710 float errors
[7m*+ WARNING:[0m file /projects/dsnlab/tds/fMRI/analysis/fx/models/ylg/fx_ylg_allconds_nonorth/193/con_0028.nii: corrected 681710 float errors
[7m*+ WARNING:[0m file /projects/dsnlab/tds/fMRI/analysis/fx/models/ylg/fx_ylg_allconds_nonorth/194/con_0005.nii: corrected 681710 float errors
[7m*+ WARNING:[0m file /projects/dsnlab/tds/fMRI/analysis/fx/models/ylg/fx_ylg_allconds_nonorth/194/con_0015.nii: corrected 681710 float errors
[7m*+ WARNING:[0m file /projects/dsnlab/tds/fMRI/analysis/fx/models/ylg/fx_ylg_allconds_nonorth/194/con_0025.nii: corrected 681710 float errors
[7m*+ WARNING:[0m file /projects/dsnlab/tds/fMRI/analysis/fx/models/ylg/fx_ylg_allconds_nonorth/194/con_0008.nii: corrected 681710 float errors
[7m*+ WARNING:[0m file /projects/dsnlab/tds/fMRI/analysis/fx/models/ylg/fx_ylg_allconds_nonorth/194/con_0018.nii: corrected 681710 float errors
[7m*+ WARNING:[0m file /projects/dsnlab/tds/fMRI/analysis/fx/models/ylg/fx_ylg_allconds_nonorth/194/con_0028.nii: corrected 681710 float errors
[7m*+ WARNING:[0m file /projects/dsnlab/tds/fMRI/analysis/fx/models/ylg/fx_ylg_allconds_nonorth/195/con_0005.nii: corrected 681710 float errors
[7m*+ WARNING:[0m file /projects/dsnlab/tds/fMRI/analysis/fx/models/ylg/fx_ylg_allconds_nonorth/195/con_0015.nii: corrected 681710 float errors
[7m*+ WARNING:[0m file /projects/dsnlab/tds/fMRI/analysis/fx/models/ylg/fx_ylg_allconds_nonorth/195/con_0025.nii: corrected 681710 float errors
[7m*+ WARNING:[0m file /projects/dsnlab/tds/fMRI/analysis/fx/models/ylg/fx_ylg_allconds_nonorth/195/con_0008.nii: corrected 681710 float errors
[7m*+ WARNING:[0m file /projects/dsnlab/tds/fMRI/analysis/fx/models/ylg/fx_ylg_allconds_nonorth/195/con_0018.nii: corrected 681710 float errors
[7m*+ WARNING:[0m file /projects/dsnlab/tds/fMRI/analysis/fx/models/ylg/fx_ylg_allconds_nonorth/195/con_0028.nii: corrected 681710 float errors
[7m*+ WARNING:[0m file /projects/dsnlab/tds/fMRI/analysis/fx/models/ylg/fx_ylg_allconds_nonorth/196/con_0005.nii: corrected 681710 float errors
[7m*+ WARNING:[0m file /projects/dsnlab/tds/fMRI/analysis/fx/models/ylg/fx_ylg_allconds_nonorth/196/con_0015.nii: corrected 681710 float errors
[7m*+ WARNING:[0m file /projects/dsnlab/tds/fMRI/analysis/fx/models/ylg/fx_ylg_allconds_nonorth/196/con_0025.nii: corrected 681710 float errors
[7m*+ WARNING:[0m file /projects/dsnlab/tds/fMRI/analysis/fx/models/ylg/fx_ylg_allconds_nonorth/196/con_0008.nii: corrected 681710 float errors
[7m*+ WARNING:[0m file /projects/dsnlab/tds/fMRI/analysis/fx/models/ylg/fx_ylg_allconds_nonorth/196/con_0018.nii: corrected 681710 float errors
[7m*+ WARNING:[0m file /projects/dsnlab/tds/fMRI/analysis/fx/models/ylg/fx_ylg_allconds_nonorth/196/con_0028.nii: corrected 681710 float errors
[7m*+ WARNING:[0m file /projects/dsnlab/tds/fMRI/analysis/fx/models/ylg/fx_ylg_allconds_nonorth/197/con_0005.nii: corrected 681710 float errors
[7m*+ WARNING:[0m file /projects/dsnlab/tds/fMRI/analysis/fx/models/ylg/fx_ylg_allconds_nonorth/197/con_0015.nii: corrected 681710 float errors
[7m*+ WARNING:[0m file /projects/dsnlab/tds/fMRI/analysis/fx/models/ylg/fx_ylg_allconds_nonorth/197/con_0025.nii: corrected 681710 float errors
[7m*+ WARNING:[0m file /projects/dsnlab/tds/fMRI/analysis/fx/models/ylg/fx_ylg_allconds_nonorth/197/con_0008.nii: corrected 681710 float errors
[7m*+ WARNING:[0m file /projects/dsnlab/tds/fMRI/analysis/fx/models/ylg/fx_ylg_allconds_nonorth/197/con_0018.nii: corrected 681710 float errors
[7m*+ WARNING:[0m file /projects/dsnlab/tds/fMRI/analysis/fx/models/ylg/fx_ylg_allconds_nonorth/197/con_0028.nii: corrected 681710 float errors
Loading required package: snow
++ Smallest FDR q [0 (Intercept)  F] = 4.22927e-15
++ Smallest FDR q [1 Outcome  F] = 8.23259e-09
++ Smallest FDR q [2 Context  F] = 7.74957e-10
[7m*+ WARNING:[0m Smallest FDR q [3 Outcome:Context  F] = 0.999803 ==> few true single voxel detections
[7m*+ WARNING:[0m Smallest FDR q [5 OG-OB_AL-SE Z] = 0.999827 ==> few true single voxel detections
[7m*+ WARNING:[0m Smallest FDR q [7 OG-OB_AL-PR Z] = 0.99987 ==> few true single voxel detections
[7m*+ WARNING:[0m Smallest FDR q [9 OG-OB_PR-SE Z] = 0.999841 ==> few true single voxel detections
[7m*+ WARNING:[0m Smallest FDR q [10 tds2_outByContext Chisq] = 0.999803 ==> few true single voxel detections
