
++++++++++++++++++++++++++++++++++++++++++++++++++++
***** Summary information of data structure *****
67 subjects :  109 113 114 115 116 117 119 120 121 122 124 125 126 128 129 130 131 132 133 134 136 140 141 142 144 145 146 150 151 152 155 156 157 159 160 161 162 163 164 165 167 168 169 170 171 172 173 174 175 177 178 179 181 182 183 184 185 186 187 188 190 192 193 194 195 196 197 
804 response values
4 levels for factor Outcome : GoBad GoGood StopBad StopGood 
3 levels for factor Context : AL PR SE 
1 levels for factor Group : control 
76 post hoc tests

Contingency tables of subject distributions among the categorical variables:

          Context
Outcome    AL PR SE
  GoBad    67 67 67
  GoGood   67 67 67
  StopBad  67 67 67
  StopGood 67 67 67

Tabulation of subjects against each of the categorical variables:
~~~~~~~~~~~~~~
lop$nSubj vs Outcome:
     
      GoBad GoGood StopBad StopGood
  109     3      3       3        3
  113     3      3       3        3
  114     3      3       3        3
  115     3      3       3        3
  116     3      3       3        3
  117     3      3       3        3
  119     3      3       3        3
  120     3      3       3        3
  121     3      3       3        3
  122     3      3       3        3
  124     3      3       3        3
  125     3      3       3        3
  126     3      3       3        3
  128     3      3       3        3
  129     3      3       3        3
  130     3      3       3        3
  131     3      3       3        3
  132     3      3       3        3
  133     3      3       3        3
  134     3      3       3        3
  136     3      3       3        3
  140     3      3       3        3
  141     3      3       3        3
  142     3      3       3        3
  144     3      3       3        3
  145     3      3       3        3
  146     3      3       3        3
  150     3      3       3        3
  151     3      3       3        3
  152     3      3       3        3
  155     3      3       3        3
  156     3      3       3        3
  157     3      3       3        3
  159     3      3       3        3
  160     3      3       3        3
  161     3      3       3        3
  162     3      3       3        3
  163     3      3       3        3
  164     3      3       3        3
  165     3      3       3        3
  167     3      3       3        3
  168     3      3       3        3
  169     3      3       3        3
  170     3      3       3        3
  171     3      3       3        3
  172     3      3       3        3
  173     3      3       3        3
  174     3      3       3        3
  175     3      3       3        3
  177     3      3       3        3
  178     3      3       3        3
  179     3      3       3        3
  181     3      3       3        3
  182     3      3       3        3
  183     3      3       3        3
  184     3      3       3        3
  185     3      3       3        3
  186     3      3       3        3
  187     3      3       3        3
  188     3      3       3        3
  190     3      3       3        3
  192     3      3       3        3
  193     3      3       3        3
  194     3      3       3        3
  195     3      3       3        3
  196     3      3       3        3
  197     3      3       3        3

~~~~~~~~~~~~~~
lop$nSubj vs Context:
     
      AL PR SE
  109  4  4  4
  113  4  4  4
  114  4  4  4
  115  4  4  4
  116  4  4  4
  117  4  4  4
  119  4  4  4
  120  4  4  4
  121  4  4  4
  122  4  4  4
  124  4  4  4
  125  4  4  4
  126  4  4  4
  128  4  4  4
  129  4  4  4
  130  4  4  4
  131  4  4  4
  132  4  4  4
  133  4  4  4
  134  4  4  4
  136  4  4  4
  140  4  4  4
  141  4  4  4
  142  4  4  4
  144  4  4  4
  145  4  4  4
  146  4  4  4
  150  4  4  4
  151  4  4  4
  152  4  4  4
  155  4  4  4
  156  4  4  4
  157  4  4  4
  159  4  4  4
  160  4  4  4
  161  4  4  4
  162  4  4  4
  163  4  4  4
  164  4  4  4
  165  4  4  4
  167  4  4  4
  168  4  4  4
  169  4  4  4
  170  4  4  4
  171  4  4  4
  172  4  4  4
  173  4  4  4
  174  4  4  4
  175  4  4  4
  177  4  4  4
  178  4  4  4
  179  4  4  4
  181  4  4  4
  182  4  4  4
  183  4  4  4
  184  4  4  4
  185  4  4  4
  186  4  4  4
  187  4  4  4
  188  4  4  4
  190  4  4  4
  192  4  4  4
  193  4  4  4
  194  4  4  4
  195  4  4  4
  196  4  4  4
  197  4  4  4

~~~~~~~~~~~~~~
lop$nSubj vs Group:
     
      control
  109      12
  113      12
  114      12
  115      12
  116      12
  117      12
  119      12
  120      12
  121      12
  122      12
  124      12
  125      12
  126      12
  128      12
  129      12
  130      12
  131      12
  132      12
  133      12
  134      12
  136      12
  140      12
  141      12
  142      12
  144      12
  145      12
  146      12
  150      12
  151      12
  152      12
  155      12
  156      12
  157      12
  159      12
  160      12
  161      12
  162      12
  163      12
  164      12
  165      12
  167      12
  168      12
  169      12
  170      12
  171      12
  172      12
  173      12
  174      12
  175      12
  177      12
  178      12
  179      12
  181      12
  182      12
  183      12
  184      12
  185      12
  186      12
  187      12
  188      12
  190      12
  192      12
  193      12
  194      12
  195      12
  196      12
  197      12

***** End of data structure information *****
++++++++++++++++++++++++++++++++++++++++++++++++++++

Reading input files now...

Reading input files: Done!

If the program hangs here for more than, for example, half an hour,
kill the process because the model specification or the GLT coding
is likely inappropriate.

[1] "Great, test run passed at voxel (30, 54, 45)!"
[1] "Start to compute 91 slices along Z axis. You can monitor the progress"
[1] "and estimate the total run time as shown below."
[1] "02/18/19 16:00:47.441"
Package snow loaded successfully!

Z slice  1 done:  02/18/19 16:01:20.428 
Z slice  2 done:  02/18/19 16:01:38.878 
Z slice  3 done:  02/18/19 16:02:05.918 
Z slice  4 done:  02/18/19 16:02:35.210 
Z slice  5 done:  02/18/19 16:03:16.786 
Z slice  6 done:  02/18/19 16:05:46.300 
Z slice  7 done:  02/18/19 16:08:56.099 
Z slice  8 done:  02/18/19 16:12:25.326 
Z slice  9 done:  02/18/19 16:16:16.253 
Z slice  10 done:  02/18/19 16:20:18.889 
Z slice  11 done:  02/18/19 16:24:36.190 
Z slice  12 done:  02/18/19 16:29:11.292 
Z slice  13 done:  02/18/19 16:33:55.346 
Z slice  14 done:  02/18/19 16:38:53.731 
Z slice  15 done:  02/18/19 16:44:11.103 
Z slice  16 done:  02/18/19 16:49:14.309 
Z slice  17 done:  02/18/19 16:54:20.511 
Z slice  18 done:  02/18/19 16:59:32.921 
Z slice  19 done:  02/18/19 17:05:10.990 
Z slice  20 done:  02/18/19 17:10:32.850 
Z slice  21 done:  02/18/19 17:16:05.443 
Z slice  22 done:  02/18/19 17:22:05.177 
Z slice  23 done:  02/18/19 17:28:16.988 
Z slice  24 done:  02/18/19 17:34:54.642 
Z slice  25 done:  02/18/19 17:41:15.020 
Z slice  26 done:  02/18/19 17:47:36.899 
Z slice  27 done:  02/18/19 17:54:14.576 
Z slice  28 done:  02/18/19 18:00:58.039 
Z slice  29 done:  02/18/19 18:07:51.597 
Z slice  30 done:  02/18/19 18:14:52.754 
Z slice  31 done:  02/18/19 18:21:50.427 
Z slice  32 done:  02/18/19 18:28:43.876 
Z slice  33 done:  02/18/19 18:35:37.404 
Z slice  34 done:  02/18/19 18:42:31.922 
Z slice  35 done:  02/18/19 18:49:36.365 
Z slice  36 done:  02/18/19 18:56:36.080 
Z slice  37 done:  02/18/19 19:03:32.141 
Z slice  38 done:  02/18/19 19:10:28.587 
Z slice  39 done:  02/18/19 19:17:27.799 
Z slice  40 done:  02/18/19 19:24:32.804 
Z slice  41 done:  02/18/19 19:31:37.296 
Z slice  42 done:  02/18/19 19:38:30.118 
Z slice  43 done:  02/18/19 19:45:22.313 
Z slice  44 done:  02/18/19 19:52:11.885 
Z slice  45 done:  02/18/19 19:59:02.385 
Z slice  46 done:  02/18/19 20:05:58.928 
Z slice  47 done:  02/18/19 20:12:46.064 
Z slice  48 done:  02/18/19 20:19:34.789 
Z slice  49 done:  02/18/19 20:26:26.706 
Z slice  50 done:  02/18/19 20:33:22.819 
Z slice  51 done:  02/18/19 20:40:17.034 
Z slice  52 done:  02/18/19 20:47:06.283 
Z slice  53 done:  02/18/19 20:53:53.181 
Z slice  54 done:  02/18/19 21:00:35.767 
Z slice  55 done:  02/18/19 21:07:21.796 
Z slice  56 done:  02/18/19 21:13:56.066 
Z slice  57 done:  02/18/19 21:20:17.533 
Z slice  58 done:  02/18/19 21:26:39.477 
Z slice  59 done:  02/18/19 21:32:59.988 
Z slice  60 done:  02/18/19 21:39:19.090 
Z slice  61 done:  02/18/19 21:45:28.646 
Z slice  62 done:  02/18/19 21:51:32.155 
Z slice  63 done:  02/18/19 21:57:15.124 
Z slice  64 done:  02/18/19 22:02:47.762 
Z slice  65 done:  02/18/19 22:08:16.393 
Z slice  66 done:  02/18/19 22:13:18.747 
Z slice  67 done:  02/18/19 22:18:06.154 
Z slice  68 done:  02/18/19 22:22:55.784 
Z slice  69 done:  02/18/19 22:27:22.673 
Z slice  70 done:  02/18/19 22:31:36.250 
Z slice  71 done:  02/18/19 22:35:33.275 
Z slice  72 done:  02/18/19 22:38:57.198 
Z slice  73 done:  02/18/19 22:42:02.934 
Z slice  74 done:  02/18/19 22:44:53.098 
Z slice  75 done:  02/18/19 22:46:40.988 
Z slice  76 done:  02/18/19 22:48:00.506 
Z slice  77 done:  02/18/19 22:48:38.940 
Z slice  78 done:  02/18/19 22:48:39.523 
Z slice  79 done:  02/18/19 22:48:40.081 
Z slice  80 done:  02/18/19 22:48:40.637 
Z slice  81 done:  02/18/19 22:48:41.345 
Z slice  82 done:  02/18/19 22:48:42.100 
Z slice  83 done:  02/18/19 22:48:42.662 
Z slice  84 done:  02/18/19 22:48:43.457 
Z slice  85 done:  02/18/19 22:48:44.028 
Z slice  86 done:  02/18/19 22:48:44.727 
Z slice  87 done:  02/18/19 22:48:45.499 
Z slice  88 done:  02/18/19 22:48:46.072 
Z slice  89 done:  02/18/19 22:48:46.650 
Z slice  90 done:  02/18/19 22:48:47.467 
Z slice  91 done:  02/18/19 22:48:48.083 

Congratulations! You have got an output OutcomesXContextTDS2_nopmod+tlrc.

