Package nlme loaded successfully!

Package phia loaded successfully!


++++++++++++++++++++++++++++++++++++++++++++++++++++
***** Summary information of data structure *****
67 subjects :  109 113 114 115 116 117 119 120 121 122 124 125 126 128 129 130 131 132 133 134 136 140 141 142 144 145 146 150 151 152 155 156 157 159 160 161 162 163 164 165 167 168 169 170 171 172 173 174 175 177 178 179 181 182 183 184 185 186 187 188 190 192 193 194 195 196 197 
402 response values
2 levels for factor Decision : DG DS 
3 levels for factor Context : AL PR SE 
1 levels for factor Group : COM 
402 centered values for numeric variable PerGo : -4.995025 -18.99502 -9.995025 -4.995025 -18.99502 -9.995025 -1.995025 3.004975 -2.995025 -1.995025 3.004975 -2.995025 -17.99502 -2.995025 0.004975124 -17.99502 -2.995025 0.004975124 -3.995025 -7.995025 -2.995025 -3.995025 -7.995025 -2.995025 17.00498 17.00498 10.00498 17.00498 17.00498 10.00498 11.00498 12.00498 15.00498 11.00498 12.00498 15.00498 21.00498 34.00498 21.00498 21.00498 34.00498 21.00498 21.00498 2.004975 -4.995025 21.00498 2.004975 -4.995025 -32.99502 0.004975124 -13.99502 -32.99502 0.004975124 -13.99502 -28.99502 -26.99502 -22.99502 -28.99502 -26.99502 -22.99502 -8.995025 -12.99502 -17.99502 -8.995025 -12.99502 -17.99502 -29.99502 -14.99502 -18.99502 -29.99502 -14.99502 -18.99502 -6.995025 -5.995025 -7.995025 -6.995025 -5.995025 -7.995025 -4.995025 2.004975 0.004975124 -4.995025 2.004975 0.004975124 18.00498 7.004975 7.004975 18.00498 7.004975 7.004975 -21.99502 -7.995025 -7.995025 -21.99502 -7.995025 -7.995025 -2.995025 -2.995025 0.004975124 -2.995025 -2.995025 0.004975124 -13.99502 -12.99502 2.004975 -13.99502 -12.99502 2.004975 12.00498 3.004975 7.004975 12.00498 3.004975 7.004975 -18.99502 11.00498 14.00498 -18.99502 11.00498 14.00498 -0.9950249 8.004975 1.004975 -0.9950249 8.004975 1.004975 -32.99502 -29.99502 23.00498 -32.99502 -29.99502 23.00498 -2.995025 -12.99502 -17.99502 -2.995025 -12.99502 -17.99502 26.00498 -12.99502 27.00498 26.00498 -12.99502 27.00498 6.004975 -5.995025 4.004975 6.004975 -5.995025 4.004975 10.00498 35.00498 35.00498 10.00498 35.00498 35.00498 -14.99502 -9.995025 -7.995025 -14.99502 -9.995025 -7.995025 -16.99502 -3.995025 -4.995025 -16.99502 -3.995025 -4.995025 -12.99502 -11.99502 -12.99502 -12.99502 -11.99502 -12.99502 18.00498 5.004975 13.00498 18.00498 5.004975 13.00498 -26.99502 -6.995025 -21.99502 -26.99502 -6.995025 -21.99502 3.004975 -15.99502 -27.99502 3.004975 -15.99502 -27.99502 3.004975 5.004975 32.00498 3.004975 5.004975 32.00498 26.00498 35.00498 39.00498 26.00498 35.00498 39.00498 22.00498 14.00498 32.00498 22.00498 14.00498 32.00498 12.00498 5.004975 17.00498 12.00498 5.004975 17.00498 -4.995025 -7.995025 -2.995025 -4.995025 -7.995025 -2.995025 -19.99502 -2.995025 -2.995025 -19.99502 -2.995025 -2.995025 -6.995025 -4.995025 2.004975 -6.995025 -4.995025 2.004975 -17.99502 -12.99502 -9.995025 -17.99502 -12.99502 -9.995025 -19.99502 -17.99502 -7.995025 -19.99502 -17.99502 -7.995025 -32.99502 -17.99502 3.004975 -32.99502 -17.99502 3.004975 37.00498 25.00498 10.00498 37.00498 25.00498 10.00498 -4.995025 -4.995025 -14.99502 -4.995025 -4.995025 -14.99502 13.00498 24.00498 23.00498 13.00498 24.00498 23.00498 -11.99502 -8.995025 10.00498 -11.99502 -8.995025 10.00498 -4.995025 -2.995025 22.00498 -4.995025 -2.995025 22.00498 7.004975 20.00498 15.00498 7.004975 20.00498 15.00498 -11.99502 10.00498 10.00498 -11.99502 10.00498 10.00498 3.004975 -8.995025 -3.995025 3.004975 -8.995025 -3.995025 11.00498 32.00498 8.004975 11.00498 32.00498 8.004975 4.004975 -4.995025 10.00498 4.004975 -4.995025 10.00498 3.004975 2.004975 0.004975124 3.004975 2.004975 0.004975124 -29.99502 -12.99502 -12.99502 -29.99502 -12.99502 -12.99502 -4.995025 3.004975 5.004975 -4.995025 3.004975 5.004975 1.004975 8.004975 -3.995025 1.004975 8.004975 -3.995025 -4.995025 5.004975 13.00498 -4.995025 5.004975 13.00498 13.00498 8.004975 12.00498 13.00498 8.004975 12.00498 6.004975 8.004975 17.00498 6.004975 8.004975 17.00498 -31.99502 -9.995025 -12.99502 -31.99502 -9.995025 -12.99502 -20.99502 -9.995025 17.00498 -20.99502 -9.995025 17.00498 -22.99502 -7.995025 40.00498 -22.99502 -7.995025 40.00498 -9.995025 -3.995025 -4.995025 -9.995025 -3.995025 -4.995025 -6.995025 -7.995025 -1.995025 -6.995025 -7.995025 -1.995025 -11.99502 -24.99502 -17.99502 -11.99502 -24.99502 -17.99502 19.00498 21.00498 36.00498 19.00498 21.00498 36.00498 -6.995025 18.00498 23.00498 -6.995025 18.00498 23.00498 
0 post hoc tests

Contingency tables of subject distributions among the categorical variables:


Tabulation of subjects against all categorical variables
~~~~~~~~~~~~~~
Subj vs Decision:
     
      DG DS
  109  3  3
  113  3  3
  114  3  3
  115  3  3
  116  3  3
  117  3  3
  119  3  3
  120  3  3
  121  3  3
  122  3  3
  124  3  3
  125  3  3
  126  3  3
  128  3  3
  129  3  3
  130  3  3
  131  3  3
  132  3  3
  133  3  3
  134  3  3
  136  3  3
  140  3  3
  141  3  3
  142  3  3
  144  3  3
  145  3  3
  146  3  3
  150  3  3
  151  3  3
  152  3  3
  155  3  3
  156  3  3
  157  3  3
  159  3  3
  160  3  3
  161  3  3
  162  3  3
  163  3  3
  164  3  3
  165  3  3
  167  3  3
  168  3  3
  169  3  3
  170  3  3
  171  3  3
  172  3  3
  173  3  3
  174  3  3
  175  3  3
  177  3  3
  178  3  3
  179  3  3
  181  3  3
  182  3  3
  183  3  3
  184  3  3
  185  3  3
  186  3  3
  187  3  3
  188  3  3
  190  3  3
  192  3  3
  193  3  3
  194  3  3
  195  3  3
  196  3  3
  197  3  3

~~~~~~~~~~~~~~
Subj vs Context:
     
      AL PR SE
  109  2  2  2
  113  2  2  2
  114  2  2  2
  115  2  2  2
  116  2  2  2
  117  2  2  2
  119  2  2  2
  120  2  2  2
  121  2  2  2
  122  2  2  2
  124  2  2  2
  125  2  2  2
  126  2  2  2
  128  2  2  2
  129  2  2  2
  130  2  2  2
  131  2  2  2
  132  2  2  2
  133  2  2  2
  134  2  2  2
  136  2  2  2
  140  2  2  2
  141  2  2  2
  142  2  2  2
  144  2  2  2
  145  2  2  2
  146  2  2  2
  150  2  2  2
  151  2  2  2
  152  2  2  2
  155  2  2  2
  156  2  2  2
  157  2  2  2
  159  2  2  2
  160  2  2  2
  161  2  2  2
  162  2  2  2
  163  2  2  2
  164  2  2  2
  165  2  2  2
  167  2  2  2
  168  2  2  2
  169  2  2  2
  170  2  2  2
  171  2  2  2
  172  2  2  2
  173  2  2  2
  174  2  2  2
  175  2  2  2
  177  2  2  2
  178  2  2  2
  179  2  2  2
  181  2  2  2
  182  2  2  2
  183  2  2  2
  184  2  2  2
  185  2  2  2
  186  2  2  2
  187  2  2  2
  188  2  2  2
  190  2  2  2
  192  2  2  2
  193  2  2  2
  194  2  2  2
  195  2  2  2
  196  2  2  2
  197  2  2  2

~~~~~~~~~~~~~~
Subj vs Group:
     
      COM
  109   6
  113   6
  114   6
  115   6
  116   6
  117   6
  119   6
  120   6
  121   6
  122   6
  124   6
  125   6
  126   6
  128   6
  129   6
  130   6
  131   6
  132   6
  133   6
  134   6
  136   6
  140   6
  141   6
  142   6
  144   6
  145   6
  146   6
  150   6
  151   6
  152   6
  155   6
  156   6
  157   6
  159   6
  160   6
  161   6
  162   6
  163   6
  164   6
  165   6
  167   6
  168   6
  169   6
  170   6
  171   6
  172   6
  173   6
  174   6
  175   6
  177   6
  178   6
  179   6
  181   6
  182   6
  183   6
  184   6
  185   6
  186   6
  187   6
  188   6
  190   6
  192   6
  193   6
  194   6
  195   6
  196   6
  197   6
***** End of data structure information *****
++++++++++++++++++++++++++++++++++++++++++++++++++++

Reading input files now...

Reading input files: Done!

If the program hangs here for more than, for example, half an hour,
kill the process because the model specification or the GLT coding
is likely inappropriate.

[1] "Great, test run passed at voxel (30, 54, 45)!"
[1] "Start to compute 91 slices along Z axis. You can monitor the progress"
[1] "and estimate the total run time as shown below."
[1] "03/25/19 09:52:49.994"
Package snow loaded successfully!

Z slice  1 done:  03/25/19 09:53:06.269 
Z slice  2 done:  03/25/19 09:53:07.149 
Z slice  3 done:  03/25/19 09:53:08.172 
Z slice  4 done:  03/25/19 09:53:09.161 
Z slice  5 done:  03/25/19 09:53:10.574 
Z slice  6 done:  03/25/19 09:53:14.100 
Z slice  7 done:  03/25/19 09:53:18.289 
Z slice  8 done:  03/25/19 09:53:22.989 
Z slice  9 done:  03/25/19 09:53:28.100 
Z slice  10 done:  03/25/19 09:53:33.649 
Z slice  11 done:  03/25/19 09:53:39.245 
Z slice  12 done:  03/25/19 09:53:45.341 
Z slice  13 done:  03/25/19 09:53:50.870 
Z slice  14 done:  03/25/19 09:53:56.789 
Z slice  15 done:  03/25/19 09:54:02.940 
Z slice  16 done:  03/25/19 09:54:09.416 
Z slice  17 done:  03/25/19 09:54:15.873 
Z slice  18 done:  03/25/19 09:54:22.856 
Z slice  19 done:  03/25/19 09:54:29.703 
Z slice  20 done:  03/25/19 09:54:36.752 
Z slice  21 done:  03/25/19 09:54:44.043 
Z slice  22 done:  03/25/19 09:54:52.006 
Z slice  23 done:  03/25/19 09:54:59.978 
Z slice  24 done:  03/25/19 09:55:08.135 
Z slice  25 done:  03/25/19 09:55:16.498 
Z slice  26 done:  03/25/19 09:55:24.936 
Z slice  27 done:  03/25/19 09:55:33.394 
Z slice  28 done:  03/25/19 09:55:41.920 
Z slice  29 done:  03/25/19 09:55:50.324 
Z slice  30 done:  03/25/19 09:55:58.811 
Z slice  31 done:  03/25/19 09:56:07.409 
Z slice  32 done:  03/25/19 09:56:16.141 
Z slice  33 done:  03/25/19 09:56:24.841 
Z slice  34 done:  03/25/19 09:56:33.575 
Z slice  35 done:  03/25/19 09:56:42.240 
Z slice  36 done:  03/25/19 09:56:50.772 
Z slice  37 done:  03/25/19 09:56:59.012 
Z slice  38 done:  03/25/19 09:57:07.245 
Z slice  39 done:  03/25/19 09:57:15.529 
Z slice  40 done:  03/25/19 09:57:23.837 
Z slice  41 done:  03/25/19 09:57:32.078 
Z slice  42 done:  03/25/19 09:57:40.283 
Z slice  43 done:  03/25/19 09:57:48.559 
Z slice  44 done:  03/25/19 09:57:56.744 
Z slice  45 done:  03/25/19 09:58:04.959 
Z slice  46 done:  03/25/19 09:58:13.100 
Z slice  47 done:  03/25/19 09:58:21.182 
Z slice  48 done:  03/25/19 09:58:29.494 
Z slice  49 done:  03/25/19 09:58:38.020 
Z slice  50 done:  03/25/19 09:58:46.534 
Z slice  51 done:  03/25/19 09:58:55.207 
Z slice  52 done:  03/25/19 09:59:03.795 
Z slice  53 done:  03/25/19 09:59:12.164 
Z slice  54 done:  03/25/19 09:59:20.242 
Z slice  55 done:  03/25/19 09:59:28.476 
Z slice  56 done:  03/25/19 09:59:36.742 
Z slice  57 done:  03/25/19 09:59:44.860 
Z slice  58 done:  03/25/19 09:59:52.937 
Z slice  59 done:  03/25/19 10:00:00.680 
Z slice  60 done:  03/25/19 10:00:08.097 
Z slice  61 done:  03/25/19 10:00:15.534 
Z slice  62 done:  03/25/19 10:00:22.736 
Z slice  63 done:  03/25/19 10:00:29.658 
Z slice  64 done:  03/25/19 10:00:36.310 
Z slice  65 done:  03/25/19 10:00:42.814 
Z slice  66 done:  03/25/19 10:00:48.803 
Z slice  67 done:  03/25/19 10:00:54.788 
Z slice  68 done:  03/25/19 10:01:00.491 
Z slice  69 done:  03/25/19 10:01:05.919 
Z slice  70 done:  03/25/19 10:01:10.922 
Z slice  71 done:  03/25/19 10:01:15.930 
Z slice  72 done:  03/25/19 10:01:20.225 
Z slice  73 done:  03/25/19 10:01:24.242 
Z slice  74 done:  03/25/19 10:01:27.792 
Z slice  75 done:  03/25/19 10:01:30.403 
Z slice  76 done:  03/25/19 10:01:32.467 
Z slice  77 done:  03/25/19 10:01:33.826 
Z slice  78 done:  03/25/19 10:01:34.348 
Z slice  79 done:  03/25/19 10:01:35.044 
Z slice  80 done:  03/25/19 10:01:35.716 
Z slice  81 done:  03/25/19 10:01:36.366 
Z slice  82 done:  03/25/19 10:01:36.948 
Z slice  83 done:  03/25/19 10:01:37.428 
Z slice  84 done:  03/25/19 10:01:37.920 
Z slice  85 done:  03/25/19 10:01:38.552 
Z slice  86 done:  03/25/19 10:01:39.204 
Z slice  87 done:  03/25/19 10:01:39.682 
Z slice  88 done:  03/25/19 10:01:40.343 
Z slice  89 done:  03/25/19 10:01:41.002 
Z slice  90 done:  03/25/19 10:01:41.587 
Z slice  91 done:  03/25/19 10:01:42.270 
[1] "Congratulations! You've got an output DecisionsXContextTDS2_covbehav+tlrc"
