

Note that the PRL tree is NOT supported by RACS.

Please contact user at sameer@cs.uoregon.edu for questions regarding this tree.

Loading required package: nlme
Loading required package: phia
Loading required package: car
[7m*+ WARNING:[0m file /projects/dsnlab/shared/tds/fMRI/analysis/fx/models/ylg/fx_ylg_allconds_nonorth_nopmod/109/con_0003.nii: corrected 681710 float errors
[7m*+ WARNING:[0m file /projects/dsnlab/shared/tds/fMRI/analysis/fx/models/ylg/fx_ylg_allconds_nonorth_nopmod/109/con_0003.nii: corrected 681710 float errors
[7m*+ WARNING:[0m file /projects/dsnlab/shared/tds/fMRI/analysis/fx/models/ylg/fx_ylg_allconds_nonorth_nopmod/109/con_0013.nii: corrected 681710 float errors
[7m*+ WARNING:[0m file /projects/dsnlab/shared/tds/fMRI/analysis/fx/models/ylg/fx_ylg_allconds_nonorth_nopmod/109/con_0023.nii: corrected 681710 float errors
[7m*+ WARNING:[0m file /projects/dsnlab/shared/tds/fMRI/analysis/fx/models/ylg/fx_ylg_allconds_nonorth_nopmod/109/con_0002.nii: corrected 681710 float errors
[7m*+ WARNING:[0m file /projects/dsnlab/shared/tds/fMRI/analysis/fx/models/ylg/fx_ylg_allconds_nonorth_nopmod/109/con_0012.nii: corrected 681710 float errors
[7m*+ WARNING:[0m file /projects/dsnlab/shared/tds/fMRI/analysis/fx/models/ylg/fx_ylg_allconds_nonorth_nopmod/109/con_0022.nii: corrected 681710 float errors
[7m*+ WARNING:[0m file /projects/dsnlab/shared/tds/fMRI/analysis/fx/models/ylg/fx_ylg_allconds_nonorth_nopmod/113/con_0003.nii: corrected 681710 float errors
[7m*+ WARNING:[0m file /projects/dsnlab/shared/tds/fMRI/analysis/fx/models/ylg/fx_ylg_allconds_nonorth_nopmod/113/con_0013.nii: corrected 681710 float errors
[7m*+ WARNING:[0m file /projects/dsnlab/shared/tds/fMRI/analysis/fx/models/ylg/fx_ylg_allconds_nonorth_nopmod/113/con_0023.nii: corrected 681710 float errors
[7m*+ WARNING:[0m file /projects/dsnlab/shared/tds/fMRI/analysis/fx/models/ylg/fx_ylg_allconds_nonorth_nopmod/113/con_0002.nii: corrected 681710 float errors
[7m*+ WARNING:[0m file /projects/dsnlab/shared/tds/fMRI/analysis/fx/models/ylg/fx_ylg_allconds_nonorth_nopmod/113/con_0012.nii: corrected 681710 float errors
[7m*+ WARNING:[0m file /projects/dsnlab/shared/tds/fMRI/analysis/fx/models/ylg/fx_ylg_allconds_nonorth_nopmod/113/con_0022.nii: corrected 681710 float errors
[7m*+ WARNING:[0m file /projects/dsnlab/shared/tds/fMRI/analysis/fx/models/ylg/fx_ylg_allconds_nonorth_nopmod/114/con_0003.nii: corrected 681710 float errors
[7m*+ WARNING:[0m file /projects/dsnlab/shared/tds/fMRI/analysis/fx/models/ylg/fx_ylg_allconds_nonorth_nopmod/114/con_0013.nii: corrected 681710 float errors
[7m*+ WARNING:[0m file /projects/dsnlab/shared/tds/fMRI/analysis/fx/models/ylg/fx_ylg_allconds_nonorth_nopmod/114/con_0023.nii: corrected 681710 float errors
[7m*+ WARNING:[0m file /projects/dsnlab/shared/tds/fMRI/analysis/fx/models/ylg/fx_ylg_allconds_nonorth_nopmod/114/con_0002.nii: corrected 681710 float errors
[7m*+ WARNING:[0m file /projects/dsnlab/shared/tds/fMRI/analysis/fx/models/ylg/fx_ylg_allconds_nonorth_nopmod/114/con_0012.nii: corrected 681710 float errors
[7m*+ WARNING:[0m file /projects/dsnlab/shared/tds/fMRI/analysis/fx/models/ylg/fx_ylg_allconds_nonorth_nopmod/114/con_0022.nii: corrected 681710 float errors
[7m*+ WARNING:[0m file /projects/dsnlab/shared/tds/fMRI/analysis/fx/models/ylg/fx_ylg_allconds_nonorth_nopmod/115/con_0003.nii: corrected 681710 float errors
[7m*+ WARNING:[0m file /projects/dsnlab/shared/tds/fMRI/analysis/fx/models/ylg/fx_ylg_allconds_nonorth_nopmod/115/con_0013.nii: corrected 681710 float errors
[7m*+ WARNING:[0m file /projects/dsnlab/shared/tds/fMRI/analysis/fx/models/ylg/fx_ylg_allconds_nonorth_nopmod/115/con_0023.nii: corrected 681710 float errors
[7m*+ WARNING:[0m file /projects/dsnlab/shared/tds/fMRI/analysis/fx/models/ylg/fx_ylg_allconds_nonorth_nopmod/115/con_0002.nii: corrected 681710 float errors
[7m*+ WARNING:[0m file /projects/dsnlab/shared/tds/fMRI/analysis/fx/models/ylg/fx_ylg_allconds_nonorth_nopmod/115/con_0012.nii: corrected 681710 float errors
[7m*+ WARNING:[0m file /projects/dsnlab/shared/tds/fMRI/analysis/fx/models/ylg/fx_ylg_allconds_nonorth_nopmod/115/con_0022.nii: corrected 681710 float errors
[7m*+ WARNING:[0m file /projects/dsnlab/shared/tds/fMRI/analysis/fx/models/ylg/fx_ylg_allconds_nonorth_nopmod/116/con_0003.nii: corrected 681710 float errors
[7m*+ WARNING:[0m file /projects/dsnlab/shared/tds/fMRI/analysis/fx/models/ylg/fx_ylg_allconds_nonorth_nopmod/116/con_0013.nii: corrected 681710 float errors
[7m*+ WARNING:[0m file /projects/dsnlab/shared/tds/fMRI/analysis/fx/models/ylg/fx_ylg_allconds_nonorth_nopmod/116/con_0023.nii: corrected 681710 float errors
[7m*+ WARNING:[0m file /projects/dsnlab/shared/tds/fMRI/analysis/fx/models/ylg/fx_ylg_allconds_nonorth_nopmod/116/con_0002.nii: corrected 681710 float errors
[7m*+ WARNING:[0m file /projects/dsnlab/shared/tds/fMRI/analysis/fx/models/ylg/fx_ylg_allconds_nonorth_nopmod/116/con_0012.nii: corrected 681710 float errors
[7m*+ WARNING:[0m file /projects/dsnlab/shared/tds/fMRI/analysis/fx/models/ylg/fx_ylg_allconds_nonorth_nopmod/116/con_0022.nii: corrected 681710 float errors
[7m*+ WARNING:[0m file /projects/dsnlab/shared/tds/fMRI/analysis/fx/models/ylg/fx_ylg_allconds_nonorth_nopmod/117/con_0003.nii: corrected 681710 float errors
[7m*+ WARNING:[0m file /projects/dsnlab/shared/tds/fMRI/analysis/fx/models/ylg/fx_ylg_allconds_nonorth_nopmod/117/con_0013.nii: corrected 681710 float errors
[7m*+ WARNING:[0m file /projects/dsnlab/shared/tds/fMRI/analysis/fx/models/ylg/fx_ylg_allconds_nonorth_nopmod/117/con_0023.nii: corrected 681710 float errors
[7m*+ WARNING:[0m file /projects/dsnlab/shared/tds/fMRI/analysis/fx/models/ylg/fx_ylg_allconds_nonorth_nopmod/117/con_0002.nii: corrected 681710 float errors
[7m*+ WARNING:[0m file /projects/dsnlab/shared/tds/fMRI/analysis/fx/models/ylg/fx_ylg_allconds_nonorth_nopmod/117/con_0012.nii: corrected 681710 float errors
[7m*+ WARNING:[0m file /projects/dsnlab/shared/tds/fMRI/analysis/fx/models/ylg/fx_ylg_allconds_nonorth_nopmod/117/con_0022.nii: corrected 681710 float errors
[7m*+ WARNING:[0m file /projects/dsnlab/shared/tds/fMRI/analysis/fx/models/ylg/fx_ylg_allconds_nonorth_nopmod/119/con_0003.nii: corrected 681710 float errors
[7m*+ WARNING:[0m file /projects/dsnlab/shared/tds/fMRI/analysis/fx/models/ylg/fx_ylg_allconds_nonorth_nopmod/119/con_0013.nii: corrected 681710 float errors
[7m*+ WARNING:[0m file /projects/dsnlab/shared/tds/fMRI/analysis/fx/models/ylg/fx_ylg_allconds_nonorth_nopmod/119/con_0023.nii: corrected 681710 float errors
[7m*+ WARNING:[0m file /projects/dsnlab/shared/tds/fMRI/analysis/fx/models/ylg/fx_ylg_allconds_nonorth_nopmod/119/con_0002.nii: corrected 681710 float errors
[7m*+ WARNING:[0m file /projects/dsnlab/shared/tds/fMRI/analysis/fx/models/ylg/fx_ylg_allconds_nonorth_nopmod/119/con_0012.nii: corrected 681710 float errors
[7m*+ WARNING:[0m file /projects/dsnlab/shared/tds/fMRI/analysis/fx/models/ylg/fx_ylg_allconds_nonorth_nopmod/119/con_0022.nii: corrected 681710 float errors
[7m*+ WARNING:[0m file /projects/dsnlab/shared/tds/fMRI/analysis/fx/models/ylg/fx_ylg_allconds_nonorth_nopmod/120/con_0003.nii: corrected 681710 float errors
[7m*+ WARNING:[0m file /projects/dsnlab/shared/tds/fMRI/analysis/fx/models/ylg/fx_ylg_allconds_nonorth_nopmod/120/con_0013.nii: corrected 681710 float errors
[7m*+ WARNING:[0m file /projects/dsnlab/shared/tds/fMRI/analysis/fx/models/ylg/fx_ylg_allconds_nonorth_nopmod/120/con_0023.nii: corrected 681710 float errors
[7m*+ WARNING:[0m file /projects/dsnlab/shared/tds/fMRI/analysis/fx/models/ylg/fx_ylg_allconds_nonorth_nopmod/120/con_0002.nii: corrected 681710 float errors
[7m*+ WARNING:[0m file /projects/dsnlab/shared/tds/fMRI/analysis/fx/models/ylg/fx_ylg_allconds_nonorth_nopmod/120/con_0012.nii: corrected 681710 float errors
[7m*+ WARNING:[0m file /projects/dsnlab/shared/tds/fMRI/analysis/fx/models/ylg/fx_ylg_allconds_nonorth_nopmod/120/con_0022.nii: corrected 681710 float errors
[7m*+ WARNING:[0m file /projects/dsnlab/shared/tds/fMRI/analysis/fx/models/ylg/fx_ylg_allconds_nonorth_nopmod/121/con_0003.nii: corrected 681710 float errors
[7m*+ WARNING:[0m file /projects/dsnlab/shared/tds/fMRI/analysis/fx/models/ylg/fx_ylg_allconds_nonorth_nopmod/121/con_0013.nii: corrected 681710 float errors
[7m*+ WARNING:[0m file /projects/dsnlab/shared/tds/fMRI/analysis/fx/models/ylg/fx_ylg_allconds_nonorth_nopmod/121/con_0023.nii: corrected 681710 float errors
[7m*+ WARNING:[0m file /projects/dsnlab/shared/tds/fMRI/analysis/fx/models/ylg/fx_ylg_allconds_nonorth_nopmod/121/con_0002.nii: corrected 681710 float errors
[7m*+ WARNING:[0m file /projects/dsnlab/shared/tds/fMRI/analysis/fx/models/ylg/fx_ylg_allconds_nonorth_nopmod/121/con_0012.nii: corrected 681710 float errors
[7m*+ WARNING:[0m file /projects/dsnlab/shared/tds/fMRI/analysis/fx/models/ylg/fx_ylg_allconds_nonorth_nopmod/121/con_0022.nii: corrected 681710 float errors
[7m*+ WARNING:[0m file /projects/dsnlab/shared/tds/fMRI/analysis/fx/models/ylg/fx_ylg_allconds_nonorth_nopmod/122/con_0003.nii: corrected 681710 float errors
[7m*+ WARNING:[0m file /projects/dsnlab/shared/tds/fMRI/analysis/fx/models/ylg/fx_ylg_allconds_nonorth_nopmod/122/con_0013.nii: corrected 681710 float errors
[7m*+ WARNING:[0m file /projects/dsnlab/shared/tds/fMRI/analysis/fx/models/ylg/fx_ylg_allconds_nonorth_nopmod/122/con_0023.nii: corrected 681710 float errors
[7m*+ WARNING:[0m file /projects/dsnlab/shared/tds/fMRI/analysis/fx/models/ylg/fx_ylg_allconds_nonorth_nopmod/122/con_0002.nii: corrected 681710 float errors
[7m*+ WARNING:[0m file /projects/dsnlab/shared/tds/fMRI/analysis/fx/models/ylg/fx_ylg_allconds_nonorth_nopmod/122/con_0012.nii: corrected 681710 float errors
[7m*+ WARNING:[0m file /projects/dsnlab/shared/tds/fMRI/analysis/fx/models/ylg/fx_ylg_allconds_nonorth_nopmod/122/con_0022.nii: corrected 681710 float errors
[7m*+ WARNING:[0m file /projects/dsnlab/shared/tds/fMRI/analysis/fx/models/ylg/fx_ylg_allconds_nonorth_nopmod/124/con_0003.nii: corrected 681710 float errors
[7m*+ WARNING:[0m file /projects/dsnlab/shared/tds/fMRI/analysis/fx/models/ylg/fx_ylg_allconds_nonorth_nopmod/124/con_0013.nii: corrected 681710 float errors
[7m*+ WARNING:[0m file /projects/dsnlab/shared/tds/fMRI/analysis/fx/models/ylg/fx_ylg_allconds_nonorth_nopmod/124/con_0023.nii: corrected 681710 float errors
[7m*+ WARNING:[0m file /projects/dsnlab/shared/tds/fMRI/analysis/fx/models/ylg/fx_ylg_allconds_nonorth_nopmod/124/con_0002.nii: corrected 681710 float errors
[7m*+ WARNING:[0m file /projects/dsnlab/shared/tds/fMRI/analysis/fx/models/ylg/fx_ylg_allconds_nonorth_nopmod/124/con_0012.nii: corrected 681710 float errors
[7m*+ WARNING:[0m file /projects/dsnlab/shared/tds/fMRI/analysis/fx/models/ylg/fx_ylg_allconds_nonorth_nopmod/124/con_0022.nii: corrected 681710 float errors
[7m*+ WARNING:[0m file /projects/dsnlab/shared/tds/fMRI/analysis/fx/models/ylg/fx_ylg_allconds_nonorth_nopmod/125/con_0003.nii: corrected 681710 float errors
[7m*+ WARNING:[0m file /projects/dsnlab/shared/tds/fMRI/analysis/fx/models/ylg/fx_ylg_allconds_nonorth_nopmod/125/con_0013.nii: corrected 681710 float errors
[7m*+ WARNING:[0m file /projects/dsnlab/shared/tds/fMRI/analysis/fx/models/ylg/fx_ylg_allconds_nonorth_nopmod/125/con_0023.nii: corrected 681710 float errors
[7m*+ WARNING:[0m file /projects/dsnlab/shared/tds/fMRI/analysis/fx/models/ylg/fx_ylg_allconds_nonorth_nopmod/125/con_0002.nii: corrected 681710 float errors
[7m*+ WARNING:[0m file /projects/dsnlab/shared/tds/fMRI/analysis/fx/models/ylg/fx_ylg_allconds_nonorth_nopmod/125/con_0012.nii: corrected 681710 float errors
[7m*+ WARNING:[0m file /projects/dsnlab/shared/tds/fMRI/analysis/fx/models/ylg/fx_ylg_allconds_nonorth_nopmod/125/con_0022.nii: corrected 681710 float errors
[7m*+ WARNING:[0m file /projects/dsnlab/shared/tds/fMRI/analysis/fx/models/ylg/fx_ylg_allconds_nonorth_nopmod/126/con_0003.nii: corrected 681710 float errors
[7m*+ WARNING:[0m file /projects/dsnlab/shared/tds/fMRI/analysis/fx/models/ylg/fx_ylg_allconds_nonorth_nopmod/126/con_0013.nii: corrected 681710 float errors
[7m*+ WARNING:[0m file /projects/dsnlab/shared/tds/fMRI/analysis/fx/models/ylg/fx_ylg_allconds_nonorth_nopmod/126/con_0023.nii: corrected 681710 float errors
[7m*+ WARNING:[0m file /projects/dsnlab/shared/tds/fMRI/analysis/fx/models/ylg/fx_ylg_allconds_nonorth_nopmod/126/con_0002.nii: corrected 681710 float errors
[7m*+ WARNING:[0m file /projects/dsnlab/shared/tds/fMRI/analysis/fx/models/ylg/fx_ylg_allconds_nonorth_nopmod/126/con_0012.nii: corrected 681710 float errors
[7m*+ WARNING:[0m file /projects/dsnlab/shared/tds/fMRI/analysis/fx/models/ylg/fx_ylg_allconds_nonorth_nopmod/126/con_0022.nii: corrected 681710 float errors
[7m*+ WARNING:[0m file /projects/dsnlab/shared/tds/fMRI/analysis/fx/models/ylg/fx_ylg_allconds_nonorth_nopmod/128/con_0003.nii: corrected 681710 float errors
[7m*+ WARNING:[0m file /projects/dsnlab/shared/tds/fMRI/analysis/fx/models/ylg/fx_ylg_allconds_nonorth_nopmod/128/con_0013.nii: corrected 681710 float errors
[7m*+ WARNING:[0m file /projects/dsnlab/shared/tds/fMRI/analysis/fx/models/ylg/fx_ylg_allconds_nonorth_nopmod/128/con_0023.nii: corrected 681710 float errors
[7m*+ WARNING:[0m file /projects/dsnlab/shared/tds/fMRI/analysis/fx/models/ylg/fx_ylg_allconds_nonorth_nopmod/128/con_0002.nii: corrected 681710 float errors
[7m*+ WARNING:[0m file /projects/dsnlab/shared/tds/fMRI/analysis/fx/models/ylg/fx_ylg_allconds_nonorth_nopmod/128/con_0012.nii: corrected 681710 float errors
[7m*+ WARNING:[0m file /projects/dsnlab/shared/tds/fMRI/analysis/fx/models/ylg/fx_ylg_allconds_nonorth_nopmod/128/con_0022.nii: corrected 681710 float errors
[7m*+ WARNING:[0m file /projects/dsnlab/shared/tds/fMRI/analysis/fx/models/ylg/fx_ylg_allconds_nonorth_nopmod/129/con_0003.nii: corrected 681710 float errors
[7m*+ WARNING:[0m file /projects/dsnlab/shared/tds/fMRI/analysis/fx/models/ylg/fx_ylg_allconds_nonorth_nopmod/129/con_0013.nii: corrected 681710 float errors
[7m*+ WARNING:[0m file /projects/dsnlab/shared/tds/fMRI/analysis/fx/models/ylg/fx_ylg_allconds_nonorth_nopmod/129/con_0023.nii: corrected 681710 float errors
[7m*+ WARNING:[0m file /projects/dsnlab/shared/tds/fMRI/analysis/fx/models/ylg/fx_ylg_allconds_nonorth_nopmod/129/con_0002.nii: corrected 681710 float errors
[7m*+ WARNING:[0m file /projects/dsnlab/shared/tds/fMRI/analysis/fx/models/ylg/fx_ylg_allconds_nonorth_nopmod/129/con_0012.nii: corrected 681710 float errors
[7m*+ WARNING:[0m file /projects/dsnlab/shared/tds/fMRI/analysis/fx/models/ylg/fx_ylg_allconds_nonorth_nopmod/129/con_0022.nii: corrected 681710 float errors
[7m*+ WARNING:[0m file /projects/dsnlab/shared/tds/fMRI/analysis/fx/models/ylg/fx_ylg_allconds_nonorth_nopmod/130/con_0003.nii: corrected 681710 float errors
[7m*+ WARNING:[0m file /projects/dsnlab/shared/tds/fMRI/analysis/fx/models/ylg/fx_ylg_allconds_nonorth_nopmod/130/con_0013.nii: corrected 681710 float errors
[7m*+ WARNING:[0m file /projects/dsnlab/shared/tds/fMRI/analysis/fx/models/ylg/fx_ylg_allconds_nonorth_nopmod/130/con_0023.nii: corrected 681710 float errors
[7m*+ WARNING:[0m file /projects/dsnlab/shared/tds/fMRI/analysis/fx/models/ylg/fx_ylg_allconds_nonorth_nopmod/130/con_0002.nii: corrected 681710 float errors
[7m*+ WARNING:[0m file /projects/dsnlab/shared/tds/fMRI/analysis/fx/models/ylg/fx_ylg_allconds_nonorth_nopmod/130/con_0012.nii: corrected 681710 float errors
[7m*+ WARNING:[0m file /projects/dsnlab/shared/tds/fMRI/analysis/fx/models/ylg/fx_ylg_allconds_nonorth_nopmod/130/con_0022.nii: corrected 681710 float errors
[7m*+ WARNING:[0m file /projects/dsnlab/shared/tds/fMRI/analysis/fx/models/ylg/fx_ylg_allconds_nonorth_nopmod/131/con_0003.nii: corrected 681710 float errors
[7m*+ WARNING:[0m file /projects/dsnlab/shared/tds/fMRI/analysis/fx/models/ylg/fx_ylg_allconds_nonorth_nopmod/131/con_0013.nii: corrected 681710 float errors
[7m*+ WARNING:[0m file /projects/dsnlab/shared/tds/fMRI/analysis/fx/models/ylg/fx_ylg_allconds_nonorth_nopmod/131/con_0023.nii: corrected 681710 float errors
[7m*+ WARNING:[0m file /projects/dsnlab/shared/tds/fMRI/analysis/fx/models/ylg/fx_ylg_allconds_nonorth_nopmod/131/con_0002.nii: corrected 681710 float errors
[7m*+ WARNING:[0m file /projects/dsnlab/shared/tds/fMRI/analysis/fx/models/ylg/fx_ylg_allconds_nonorth_nopmod/131/con_0012.nii: corrected 681710 float errors
[7m*+ WARNING:[0m file /projects/dsnlab/shared/tds/fMRI/analysis/fx/models/ylg/fx_ylg_allconds_nonorth_nopmod/131/con_0022.nii: corrected 681710 float errors
[7m*+ WARNING:[0m file /projects/dsnlab/shared/tds/fMRI/analysis/fx/models/ylg/fx_ylg_allconds_nonorth_nopmod/132/con_0003.nii: corrected 681710 float errors
[7m*+ WARNING:[0m file /projects/dsnlab/shared/tds/fMRI/analysis/fx/models/ylg/fx_ylg_allconds_nonorth_nopmod/132/con_0013.nii: corrected 681710 float errors
[7m*+ WARNING:[0m file /projects/dsnlab/shared/tds/fMRI/analysis/fx/models/ylg/fx_ylg_allconds_nonorth_nopmod/132/con_0023.nii: corrected 681710 float errors
[7m*+ WARNING:[0m file /projects/dsnlab/shared/tds/fMRI/analysis/fx/models/ylg/fx_ylg_allconds_nonorth_nopmod/132/con_0002.nii: corrected 681710 float errors
[7m*+ WARNING:[0m file /projects/dsnlab/shared/tds/fMRI/analysis/fx/models/ylg/fx_ylg_allconds_nonorth_nopmod/132/con_0012.nii: corrected 681710 float errors
[7m*+ WARNING:[0m file /projects/dsnlab/shared/tds/fMRI/analysis/fx/models/ylg/fx_ylg_allconds_nonorth_nopmod/132/con_0022.nii: corrected 681710 float errors
[7m*+ WARNING:[0m file /projects/dsnlab/shared/tds/fMRI/analysis/fx/models/ylg/fx_ylg_allconds_nonorth_nopmod/133/con_0003.nii: corrected 681710 float errors
[7m*+ WARNING:[0m file /projects/dsnlab/shared/tds/fMRI/analysis/fx/models/ylg/fx_ylg_allconds_nonorth_nopmod/133/con_0013.nii: corrected 681710 float errors
[7m*+ WARNING:[0m file /projects/dsnlab/shared/tds/fMRI/analysis/fx/models/ylg/fx_ylg_allconds_nonorth_nopmod/133/con_0023.nii: corrected 681710 float errors
[7m*+ WARNING:[0m file /projects/dsnlab/shared/tds/fMRI/analysis/fx/models/ylg/fx_ylg_allconds_nonorth_nopmod/133/con_0002.nii: corrected 681710 float errors
[7m*+ WARNING:[0m file /projects/dsnlab/shared/tds/fMRI/analysis/fx/models/ylg/fx_ylg_allconds_nonorth_nopmod/133/con_0012.nii: corrected 681710 float errors
[7m*+ WARNING:[0m file /projects/dsnlab/shared/tds/fMRI/analysis/fx/models/ylg/fx_ylg_allconds_nonorth_nopmod/133/con_0022.nii: corrected 681710 float errors
[7m*+ WARNING:[0m file /projects/dsnlab/shared/tds/fMRI/analysis/fx/models/ylg/fx_ylg_allconds_nonorth_nopmod/134/con_0003.nii: corrected 681710 float errors
[7m*+ WARNING:[0m file /projects/dsnlab/shared/tds/fMRI/analysis/fx/models/ylg/fx_ylg_allconds_nonorth_nopmod/134/con_0013.nii: corrected 681710 float errors
[7m*+ WARNING:[0m file /projects/dsnlab/shared/tds/fMRI/analysis/fx/models/ylg/fx_ylg_allconds_nonorth_nopmod/134/con_0023.nii: corrected 681710 float errors
[7m*+ WARNING:[0m file /projects/dsnlab/shared/tds/fMRI/analysis/fx/models/ylg/fx_ylg_allconds_nonorth_nopmod/134/con_0002.nii: corrected 681710 float errors
[7m*+ WARNING:[0m file /projects/dsnlab/shared/tds/fMRI/analysis/fx/models/ylg/fx_ylg_allconds_nonorth_nopmod/134/con_0012.nii: corrected 681710 float errors
[7m*+ WARNING:[0m file /projects/dsnlab/shared/tds/fMRI/analysis/fx/models/ylg/fx_ylg_allconds_nonorth_nopmod/134/con_0022.nii: corrected 681710 float errors
[7m*+ WARNING:[0m file /projects/dsnlab/shared/tds/fMRI/analysis/fx/models/ylg/fx_ylg_allconds_nonorth_nopmod/136/con_0003.nii: corrected 681710 float errors
[7m*+ WARNING:[0m file /projects/dsnlab/shared/tds/fMRI/analysis/fx/models/ylg/fx_ylg_allconds_nonorth_nopmod/136/con_0013.nii: corrected 681710 float errors
[7m*+ WARNING:[0m file /projects/dsnlab/shared/tds/fMRI/analysis/fx/models/ylg/fx_ylg_allconds_nonorth_nopmod/136/con_0023.nii: corrected 681710 float errors
[7m*+ WARNING:[0m file /projects/dsnlab/shared/tds/fMRI/analysis/fx/models/ylg/fx_ylg_allconds_nonorth_nopmod/136/con_0002.nii: corrected 681710 float errors
[7m*+ WARNING:[0m file /projects/dsnlab/shared/tds/fMRI/analysis/fx/models/ylg/fx_ylg_allconds_nonorth_nopmod/136/con_0012.nii: corrected 681710 float errors
[7m*+ WARNING:[0m file /projects/dsnlab/shared/tds/fMRI/analysis/fx/models/ylg/fx_ylg_allconds_nonorth_nopmod/136/con_0022.nii: corrected 681710 float errors
[7m*+ WARNING:[0m file /projects/dsnlab/shared/tds/fMRI/analysis/fx/models/ylg/fx_ylg_allconds_nonorth_nopmod/140/con_0003.nii: corrected 681710 float errors
[7m*+ WARNING:[0m file /projects/dsnlab/shared/tds/fMRI/analysis/fx/models/ylg/fx_ylg_allconds_nonorth_nopmod/140/con_0013.nii: corrected 681710 float errors
[7m*+ WARNING:[0m file /projects/dsnlab/shared/tds/fMRI/analysis/fx/models/ylg/fx_ylg_allconds_nonorth_nopmod/140/con_0023.nii: corrected 681710 float errors
[7m*+ WARNING:[0m file /projects/dsnlab/shared/tds/fMRI/analysis/fx/models/ylg/fx_ylg_allconds_nonorth_nopmod/140/con_0002.nii: corrected 681710 float errors
[7m*+ WARNING:[0m file /projects/dsnlab/shared/tds/fMRI/analysis/fx/models/ylg/fx_ylg_allconds_nonorth_nopmod/140/con_0012.nii: corrected 681710 float errors
[7m*+ WARNING:[0m file /projects/dsnlab/shared/tds/fMRI/analysis/fx/models/ylg/fx_ylg_allconds_nonorth_nopmod/140/con_0022.nii: corrected 681710 float errors
[7m*+ WARNING:[0m file /projects/dsnlab/shared/tds/fMRI/analysis/fx/models/ylg/fx_ylg_allconds_nonorth_nopmod/141/con_0003.nii: corrected 681710 float errors
[7m*+ WARNING:[0m file /projects/dsnlab/shared/tds/fMRI/analysis/fx/models/ylg/fx_ylg_allconds_nonorth_nopmod/141/con_0013.nii: corrected 681710 float errors
[7m*+ WARNING:[0m file /projects/dsnlab/shared/tds/fMRI/analysis/fx/models/ylg/fx_ylg_allconds_nonorth_nopmod/141/con_0023.nii: corrected 681710 float errors
[7m*+ WARNING:[0m file /projects/dsnlab/shared/tds/fMRI/analysis/fx/models/ylg/fx_ylg_allconds_nonorth_nopmod/141/con_0002.nii: corrected 681710 float errors
[7m*+ WARNING:[0m file /projects/dsnlab/shared/tds/fMRI/analysis/fx/models/ylg/fx_ylg_allconds_nonorth_nopmod/141/con_0012.nii: corrected 681710 float errors
[7m*+ WARNING:[0m file /projects/dsnlab/shared/tds/fMRI/analysis/fx/models/ylg/fx_ylg_allconds_nonorth_nopmod/141/con_0022.nii: corrected 681710 float errors
[7m*+ WARNING:[0m file /projects/dsnlab/shared/tds/fMRI/analysis/fx/models/ylg/fx_ylg_allconds_nonorth_nopmod/142/con_0003.nii: corrected 681710 float errors
[7m*+ WARNING:[0m file /projects/dsnlab/shared/tds/fMRI/analysis/fx/models/ylg/fx_ylg_allconds_nonorth_nopmod/142/con_0013.nii: corrected 681710 float errors
[7m*+ WARNING:[0m file /projects/dsnlab/shared/tds/fMRI/analysis/fx/models/ylg/fx_ylg_allconds_nonorth_nopmod/142/con_0023.nii: corrected 681710 float errors
[7m*+ WARNING:[0m file /projects/dsnlab/shared/tds/fMRI/analysis/fx/models/ylg/fx_ylg_allconds_nonorth_nopmod/142/con_0002.nii: corrected 681710 float errors
[7m*+ WARNING:[0m file /projects/dsnlab/shared/tds/fMRI/analysis/fx/models/ylg/fx_ylg_allconds_nonorth_nopmod/142/con_0012.nii: corrected 681710 float errors
[7m*+ WARNING:[0m file /projects/dsnlab/shared/tds/fMRI/analysis/fx/models/ylg/fx_ylg_allconds_nonorth_nopmod/142/con_0022.nii: corrected 681710 float errors
[7m*+ WARNING:[0m file /projects/dsnlab/shared/tds/fMRI/analysis/fx/models/ylg/fx_ylg_allconds_nonorth_nopmod/144/con_0003.nii: corrected 681710 float errors
[7m*+ WARNING:[0m file /projects/dsnlab/shared/tds/fMRI/analysis/fx/models/ylg/fx_ylg_allconds_nonorth_nopmod/144/con_0013.nii: corrected 681710 float errors
[7m*+ WARNING:[0m file /projects/dsnlab/shared/tds/fMRI/analysis/fx/models/ylg/fx_ylg_allconds_nonorth_nopmod/144/con_0023.nii: corrected 681710 float errors
[7m*+ WARNING:[0m file /projects/dsnlab/shared/tds/fMRI/analysis/fx/models/ylg/fx_ylg_allconds_nonorth_nopmod/144/con_0002.nii: corrected 681710 float errors
[7m*+ WARNING:[0m file /projects/dsnlab/shared/tds/fMRI/analysis/fx/models/ylg/fx_ylg_allconds_nonorth_nopmod/144/con_0012.nii: corrected 681710 float errors
[7m*+ WARNING:[0m file /projects/dsnlab/shared/tds/fMRI/analysis/fx/models/ylg/fx_ylg_allconds_nonorth_nopmod/144/con_0022.nii: corrected 681710 float errors
[7m*+ WARNING:[0m file /projects/dsnlab/shared/tds/fMRI/analysis/fx/models/ylg/fx_ylg_allconds_nonorth_nopmod/145/con_0003.nii: corrected 681710 float errors
[7m*+ WARNING:[0m file /projects/dsnlab/shared/tds/fMRI/analysis/fx/models/ylg/fx_ylg_allconds_nonorth_nopmod/145/con_0013.nii: corrected 681710 float errors
[7m*+ WARNING:[0m file /projects/dsnlab/shared/tds/fMRI/analysis/fx/models/ylg/fx_ylg_allconds_nonorth_nopmod/145/con_0023.nii: corrected 681710 float errors
[7m*+ WARNING:[0m file /projects/dsnlab/shared/tds/fMRI/analysis/fx/models/ylg/fx_ylg_allconds_nonorth_nopmod/145/con_0002.nii: corrected 681710 float errors
[7m*+ WARNING:[0m file /projects/dsnlab/shared/tds/fMRI/analysis/fx/models/ylg/fx_ylg_allconds_nonorth_nopmod/145/con_0012.nii: corrected 681710 float errors
[7m*+ WARNING:[0m file /projects/dsnlab/shared/tds/fMRI/analysis/fx/models/ylg/fx_ylg_allconds_nonorth_nopmod/145/con_0022.nii: corrected 681710 float errors
[7m*+ WARNING:[0m file /projects/dsnlab/shared/tds/fMRI/analysis/fx/models/ylg/fx_ylg_allconds_nonorth_nopmod/146/con_0003.nii: corrected 681710 float errors
[7m*+ WARNING:[0m file /projects/dsnlab/shared/tds/fMRI/analysis/fx/models/ylg/fx_ylg_allconds_nonorth_nopmod/146/con_0013.nii: corrected 681710 float errors
[7m*+ WARNING:[0m file /projects/dsnlab/shared/tds/fMRI/analysis/fx/models/ylg/fx_ylg_allconds_nonorth_nopmod/146/con_0023.nii: corrected 681710 float errors
[7m*+ WARNING:[0m file /projects/dsnlab/shared/tds/fMRI/analysis/fx/models/ylg/fx_ylg_allconds_nonorth_nopmod/146/con_0002.nii: corrected 681710 float errors
[7m*+ WARNING:[0m file /projects/dsnlab/shared/tds/fMRI/analysis/fx/models/ylg/fx_ylg_allconds_nonorth_nopmod/146/con_0012.nii: corrected 681710 float errors
[7m*+ WARNING:[0m file /projects/dsnlab/shared/tds/fMRI/analysis/fx/models/ylg/fx_ylg_allconds_nonorth_nopmod/146/con_0022.nii: corrected 681710 float errors
[7m*+ WARNING:[0m file /projects/dsnlab/shared/tds/fMRI/analysis/fx/models/ylg/fx_ylg_allconds_nonorth_nopmod/150/con_0003.nii: corrected 681710 float errors
[7m*+ WARNING:[0m file /projects/dsnlab/shared/tds/fMRI/analysis/fx/models/ylg/fx_ylg_allconds_nonorth_nopmod/150/con_0013.nii: corrected 681710 float errors
[7m*+ WARNING:[0m file /projects/dsnlab/shared/tds/fMRI/analysis/fx/models/ylg/fx_ylg_allconds_nonorth_nopmod/150/con_0023.nii: corrected 681710 float errors
[7m*+ WARNING:[0m file /projects/dsnlab/shared/tds/fMRI/analysis/fx/models/ylg/fx_ylg_allconds_nonorth_nopmod/150/con_0002.nii: corrected 681710 float errors
[7m*+ WARNING:[0m file /projects/dsnlab/shared/tds/fMRI/analysis/fx/models/ylg/fx_ylg_allconds_nonorth_nopmod/150/con_0012.nii: corrected 681710 float errors
[7m*+ WARNING:[0m file /projects/dsnlab/shared/tds/fMRI/analysis/fx/models/ylg/fx_ylg_allconds_nonorth_nopmod/150/con_0022.nii: corrected 681710 float errors
[7m*+ WARNING:[0m file /projects/dsnlab/shared/tds/fMRI/analysis/fx/models/ylg/fx_ylg_allconds_nonorth_nopmod/151/con_0003.nii: corrected 681710 float errors
[7m*+ WARNING:[0m file /projects/dsnlab/shared/tds/fMRI/analysis/fx/models/ylg/fx_ylg_allconds_nonorth_nopmod/151/con_0013.nii: corrected 681710 float errors
[7m*+ WARNING:[0m file /projects/dsnlab/shared/tds/fMRI/analysis/fx/models/ylg/fx_ylg_allconds_nonorth_nopmod/151/con_0023.nii: corrected 681710 float errors
[7m*+ WARNING:[0m file /projects/dsnlab/shared/tds/fMRI/analysis/fx/models/ylg/fx_ylg_allconds_nonorth_nopmod/151/con_0002.nii: corrected 681710 float errors
[7m*+ WARNING:[0m file /projects/dsnlab/shared/tds/fMRI/analysis/fx/models/ylg/fx_ylg_allconds_nonorth_nopmod/151/con_0012.nii: corrected 681710 float errors
[7m*+ WARNING:[0m file /projects/dsnlab/shared/tds/fMRI/analysis/fx/models/ylg/fx_ylg_allconds_nonorth_nopmod/151/con_0022.nii: corrected 681710 float errors
[7m*+ WARNING:[0m file /projects/dsnlab/shared/tds/fMRI/analysis/fx/models/ylg/fx_ylg_allconds_nonorth_nopmod/152/con_0003.nii: corrected 681710 float errors
[7m*+ WARNING:[0m file /projects/dsnlab/shared/tds/fMRI/analysis/fx/models/ylg/fx_ylg_allconds_nonorth_nopmod/152/con_0013.nii: corrected 681710 float errors
[7m*+ WARNING:[0m file /projects/dsnlab/shared/tds/fMRI/analysis/fx/models/ylg/fx_ylg_allconds_nonorth_nopmod/152/con_0023.nii: corrected 681710 float errors
[7m*+ WARNING:[0m file /projects/dsnlab/shared/tds/fMRI/analysis/fx/models/ylg/fx_ylg_allconds_nonorth_nopmod/152/con_0002.nii: corrected 681710 float errors
[7m*+ WARNING:[0m file /projects/dsnlab/shared/tds/fMRI/analysis/fx/models/ylg/fx_ylg_allconds_nonorth_nopmod/152/con_0012.nii: corrected 681710 float errors
[7m*+ WARNING:[0m file /projects/dsnlab/shared/tds/fMRI/analysis/fx/models/ylg/fx_ylg_allconds_nonorth_nopmod/152/con_0022.nii: corrected 681710 float errors
[7m*+ WARNING:[0m file /projects/dsnlab/shared/tds/fMRI/analysis/fx/models/ylg/fx_ylg_allconds_nonorth_nopmod/155/con_0003.nii: corrected 681710 float errors
[7m*+ WARNING:[0m file /projects/dsnlab/shared/tds/fMRI/analysis/fx/models/ylg/fx_ylg_allconds_nonorth_nopmod/155/con_0013.nii: corrected 681710 float errors
[7m*+ WARNING:[0m file /projects/dsnlab/shared/tds/fMRI/analysis/fx/models/ylg/fx_ylg_allconds_nonorth_nopmod/155/con_0023.nii: corrected 681710 float errors
[7m*+ WARNING:[0m file /projects/dsnlab/shared/tds/fMRI/analysis/fx/models/ylg/fx_ylg_allconds_nonorth_nopmod/155/con_0002.nii: corrected 681710 float errors
[7m*+ WARNING:[0m file /projects/dsnlab/shared/tds/fMRI/analysis/fx/models/ylg/fx_ylg_allconds_nonorth_nopmod/155/con_0012.nii: corrected 681710 float errors
[7m*+ WARNING:[0m file /projects/dsnlab/shared/tds/fMRI/analysis/fx/models/ylg/fx_ylg_allconds_nonorth_nopmod/155/con_0022.nii: corrected 681710 float errors
[7m*+ WARNING:[0m file /projects/dsnlab/shared/tds/fMRI/analysis/fx/models/ylg/fx_ylg_allconds_nonorth_nopmod/156/con_0003.nii: corrected 681710 float errors
[7m*+ WARNING:[0m file /projects/dsnlab/shared/tds/fMRI/analysis/fx/models/ylg/fx_ylg_allconds_nonorth_nopmod/156/con_0013.nii: corrected 681710 float errors
[7m*+ WARNING:[0m file /projects/dsnlab/shared/tds/fMRI/analysis/fx/models/ylg/fx_ylg_allconds_nonorth_nopmod/156/con_0023.nii: corrected 681710 float errors
[7m*+ WARNING:[0m file /projects/dsnlab/shared/tds/fMRI/analysis/fx/models/ylg/fx_ylg_allconds_nonorth_nopmod/156/con_0002.nii: corrected 681710 float errors
[7m*+ WARNING:[0m file /projects/dsnlab/shared/tds/fMRI/analysis/fx/models/ylg/fx_ylg_allconds_nonorth_nopmod/156/con_0012.nii: corrected 681710 float errors
[7m*+ WARNING:[0m file /projects/dsnlab/shared/tds/fMRI/analysis/fx/models/ylg/fx_ylg_allconds_nonorth_nopmod/156/con_0022.nii: corrected 681710 float errors
[7m*+ WARNING:[0m file /projects/dsnlab/shared/tds/fMRI/analysis/fx/models/ylg/fx_ylg_allconds_nonorth_nopmod/157/con_0003.nii: corrected 681710 float errors
[7m*+ WARNING:[0m file /projects/dsnlab/shared/tds/fMRI/analysis/fx/models/ylg/fx_ylg_allconds_nonorth_nopmod/157/con_0013.nii: corrected 681710 float errors
[7m*+ WARNING:[0m file /projects/dsnlab/shared/tds/fMRI/analysis/fx/models/ylg/fx_ylg_allconds_nonorth_nopmod/157/con_0023.nii: corrected 681710 float errors
[7m*+ WARNING:[0m file /projects/dsnlab/shared/tds/fMRI/analysis/fx/models/ylg/fx_ylg_allconds_nonorth_nopmod/157/con_0002.nii: corrected 681710 float errors
[7m*+ WARNING:[0m file /projects/dsnlab/shared/tds/fMRI/analysis/fx/models/ylg/fx_ylg_allconds_nonorth_nopmod/157/con_0012.nii: corrected 681710 float errors
[7m*+ WARNING:[0m file /projects/dsnlab/shared/tds/fMRI/analysis/fx/models/ylg/fx_ylg_allconds_nonorth_nopmod/157/con_0022.nii: corrected 681710 float errors
[7m*+ WARNING:[0m file /projects/dsnlab/shared/tds/fMRI/analysis/fx/models/ylg/fx_ylg_allconds_nonorth_nopmod/159/con_0003.nii: corrected 681710 float errors
[7m*+ WARNING:[0m file /projects/dsnlab/shared/tds/fMRI/analysis/fx/models/ylg/fx_ylg_allconds_nonorth_nopmod/159/con_0013.nii: corrected 681710 float errors
[7m*+ WARNING:[0m file /projects/dsnlab/shared/tds/fMRI/analysis/fx/models/ylg/fx_ylg_allconds_nonorth_nopmod/159/con_0023.nii: corrected 681710 float errors
[7m*+ WARNING:[0m file /projects/dsnlab/shared/tds/fMRI/analysis/fx/models/ylg/fx_ylg_allconds_nonorth_nopmod/159/con_0002.nii: corrected 681710 float errors
[7m*+ WARNING:[0m file /projects/dsnlab/shared/tds/fMRI/analysis/fx/models/ylg/fx_ylg_allconds_nonorth_nopmod/159/con_0012.nii: corrected 681710 float errors
[7m*+ WARNING:[0m file /projects/dsnlab/shared/tds/fMRI/analysis/fx/models/ylg/fx_ylg_allconds_nonorth_nopmod/159/con_0022.nii: corrected 681710 float errors
[7m*+ WARNING:[0m file /projects/dsnlab/shared/tds/fMRI/analysis/fx/models/ylg/fx_ylg_allconds_nonorth_nopmod/160/con_0003.nii: corrected 681710 float errors
[7m*+ WARNING:[0m file /projects/dsnlab/shared/tds/fMRI/analysis/fx/models/ylg/fx_ylg_allconds_nonorth_nopmod/160/con_0013.nii: corrected 681710 float errors
[7m*+ WARNING:[0m file /projects/dsnlab/shared/tds/fMRI/analysis/fx/models/ylg/fx_ylg_allconds_nonorth_nopmod/160/con_0023.nii: corrected 681710 float errors
[7m*+ WARNING:[0m file /projects/dsnlab/shared/tds/fMRI/analysis/fx/models/ylg/fx_ylg_allconds_nonorth_nopmod/160/con_0002.nii: corrected 681710 float errors
[7m*+ WARNING:[0m file /projects/dsnlab/shared/tds/fMRI/analysis/fx/models/ylg/fx_ylg_allconds_nonorth_nopmod/160/con_0012.nii: corrected 681710 float errors
[7m*+ WARNING:[0m file /projects/dsnlab/shared/tds/fMRI/analysis/fx/models/ylg/fx_ylg_allconds_nonorth_nopmod/160/con_0022.nii: corrected 681710 float errors
[7m*+ WARNING:[0m file /projects/dsnlab/shared/tds/fMRI/analysis/fx/models/ylg/fx_ylg_allconds_nonorth_nopmod/161/con_0003.nii: corrected 681710 float errors
[7m*+ WARNING:[0m file /projects/dsnlab/shared/tds/fMRI/analysis/fx/models/ylg/fx_ylg_allconds_nonorth_nopmod/161/con_0013.nii: corrected 681710 float errors
[7m*+ WARNING:[0m file /projects/dsnlab/shared/tds/fMRI/analysis/fx/models/ylg/fx_ylg_allconds_nonorth_nopmod/161/con_0023.nii: corrected 681710 float errors
[7m*+ WARNING:[0m file /projects/dsnlab/shared/tds/fMRI/analysis/fx/models/ylg/fx_ylg_allconds_nonorth_nopmod/161/con_0002.nii: corrected 681710 float errors
[7m*+ WARNING:[0m file /projects/dsnlab/shared/tds/fMRI/analysis/fx/models/ylg/fx_ylg_allconds_nonorth_nopmod/161/con_0012.nii: corrected 681710 float errors
[7m*+ WARNING:[0m file /projects/dsnlab/shared/tds/fMRI/analysis/fx/models/ylg/fx_ylg_allconds_nonorth_nopmod/161/con_0022.nii: corrected 681710 float errors
[7m*+ WARNING:[0m file /projects/dsnlab/shared/tds/fMRI/analysis/fx/models/ylg/fx_ylg_allconds_nonorth_nopmod/162/con_0003.nii: corrected 681710 float errors
[7m*+ WARNING:[0m file /projects/dsnlab/shared/tds/fMRI/analysis/fx/models/ylg/fx_ylg_allconds_nonorth_nopmod/162/con_0013.nii: corrected 681710 float errors
[7m*+ WARNING:[0m file /projects/dsnlab/shared/tds/fMRI/analysis/fx/models/ylg/fx_ylg_allconds_nonorth_nopmod/162/con_0023.nii: corrected 681710 float errors
[7m*+ WARNING:[0m file /projects/dsnlab/shared/tds/fMRI/analysis/fx/models/ylg/fx_ylg_allconds_nonorth_nopmod/162/con_0002.nii: corrected 681710 float errors
[7m*+ WARNING:[0m file /projects/dsnlab/shared/tds/fMRI/analysis/fx/models/ylg/fx_ylg_allconds_nonorth_nopmod/162/con_0012.nii: corrected 681710 float errors
[7m*+ WARNING:[0m file /projects/dsnlab/shared/tds/fMRI/analysis/fx/models/ylg/fx_ylg_allconds_nonorth_nopmod/162/con_0022.nii: corrected 681710 float errors
[7m*+ WARNING:[0m file /projects/dsnlab/shared/tds/fMRI/analysis/fx/models/ylg/fx_ylg_allconds_nonorth_nopmod/163/con_0003.nii: corrected 681710 float errors
[7m*+ WARNING:[0m file /projects/dsnlab/shared/tds/fMRI/analysis/fx/models/ylg/fx_ylg_allconds_nonorth_nopmod/163/con_0013.nii: corrected 681710 float errors
[7m*+ WARNING:[0m file /projects/dsnlab/shared/tds/fMRI/analysis/fx/models/ylg/fx_ylg_allconds_nonorth_nopmod/163/con_0023.nii: corrected 681710 float errors
[7m*+ WARNING:[0m file /projects/dsnlab/shared/tds/fMRI/analysis/fx/models/ylg/fx_ylg_allconds_nonorth_nopmod/163/con_0002.nii: corrected 681710 float errors
[7m*+ WARNING:[0m file /projects/dsnlab/shared/tds/fMRI/analysis/fx/models/ylg/fx_ylg_allconds_nonorth_nopmod/163/con_0012.nii: corrected 681710 float errors
[7m*+ WARNING:[0m file /projects/dsnlab/shared/tds/fMRI/analysis/fx/models/ylg/fx_ylg_allconds_nonorth_nopmod/163/con_0022.nii: corrected 681710 float errors
[7m*+ WARNING:[0m file /projects/dsnlab/shared/tds/fMRI/analysis/fx/models/ylg/fx_ylg_allconds_nonorth_nopmod/164/con_0003.nii: corrected 681710 float errors
[7m*+ WARNING:[0m file /projects/dsnlab/shared/tds/fMRI/analysis/fx/models/ylg/fx_ylg_allconds_nonorth_nopmod/164/con_0013.nii: corrected 681710 float errors
[7m*+ WARNING:[0m file /projects/dsnlab/shared/tds/fMRI/analysis/fx/models/ylg/fx_ylg_allconds_nonorth_nopmod/164/con_0023.nii: corrected 681710 float errors
[7m*+ WARNING:[0m file /projects/dsnlab/shared/tds/fMRI/analysis/fx/models/ylg/fx_ylg_allconds_nonorth_nopmod/164/con_0002.nii: corrected 681710 float errors
[7m*+ WARNING:[0m file /projects/dsnlab/shared/tds/fMRI/analysis/fx/models/ylg/fx_ylg_allconds_nonorth_nopmod/164/con_0012.nii: corrected 681710 float errors
[7m*+ WARNING:[0m file /projects/dsnlab/shared/tds/fMRI/analysis/fx/models/ylg/fx_ylg_allconds_nonorth_nopmod/164/con_0022.nii: corrected 681710 float errors
[7m*+ WARNING:[0m file /projects/dsnlab/shared/tds/fMRI/analysis/fx/models/ylg/fx_ylg_allconds_nonorth_nopmod/165/con_0003.nii: corrected 681710 float errors
[7m*+ WARNING:[0m file /projects/dsnlab/shared/tds/fMRI/analysis/fx/models/ylg/fx_ylg_allconds_nonorth_nopmod/165/con_0013.nii: corrected 681710 float errors
[7m*+ WARNING:[0m file /projects/dsnlab/shared/tds/fMRI/analysis/fx/models/ylg/fx_ylg_allconds_nonorth_nopmod/165/con_0023.nii: corrected 681710 float errors
[7m*+ WARNING:[0m file /projects/dsnlab/shared/tds/fMRI/analysis/fx/models/ylg/fx_ylg_allconds_nonorth_nopmod/165/con_0002.nii: corrected 681710 float errors
[7m*+ WARNING:[0m file /projects/dsnlab/shared/tds/fMRI/analysis/fx/models/ylg/fx_ylg_allconds_nonorth_nopmod/165/con_0012.nii: corrected 681710 float errors
[7m*+ WARNING:[0m file /projects/dsnlab/shared/tds/fMRI/analysis/fx/models/ylg/fx_ylg_allconds_nonorth_nopmod/165/con_0022.nii: corrected 681710 float errors
[7m*+ WARNING:[0m file /projects/dsnlab/shared/tds/fMRI/analysis/fx/models/ylg/fx_ylg_allconds_nonorth_nopmod/167/con_0003.nii: corrected 681710 float errors
[7m*+ WARNING:[0m file /projects/dsnlab/shared/tds/fMRI/analysis/fx/models/ylg/fx_ylg_allconds_nonorth_nopmod/167/con_0013.nii: corrected 681710 float errors
[7m*+ WARNING:[0m file /projects/dsnlab/shared/tds/fMRI/analysis/fx/models/ylg/fx_ylg_allconds_nonorth_nopmod/167/con_0023.nii: corrected 681710 float errors
[7m*+ WARNING:[0m file /projects/dsnlab/shared/tds/fMRI/analysis/fx/models/ylg/fx_ylg_allconds_nonorth_nopmod/167/con_0002.nii: corrected 681710 float errors
[7m*+ WARNING:[0m file /projects/dsnlab/shared/tds/fMRI/analysis/fx/models/ylg/fx_ylg_allconds_nonorth_nopmod/167/con_0012.nii: corrected 681710 float errors
[7m*+ WARNING:[0m file /projects/dsnlab/shared/tds/fMRI/analysis/fx/models/ylg/fx_ylg_allconds_nonorth_nopmod/167/con_0022.nii: corrected 681710 float errors
[7m*+ WARNING:[0m file /projects/dsnlab/shared/tds/fMRI/analysis/fx/models/ylg/fx_ylg_allconds_nonorth_nopmod/168/con_0003.nii: corrected 681710 float errors
[7m*+ WARNING:[0m file /projects/dsnlab/shared/tds/fMRI/analysis/fx/models/ylg/fx_ylg_allconds_nonorth_nopmod/168/con_0013.nii: corrected 681710 float errors
[7m*+ WARNING:[0m file /projects/dsnlab/shared/tds/fMRI/analysis/fx/models/ylg/fx_ylg_allconds_nonorth_nopmod/168/con_0023.nii: corrected 681710 float errors
[7m*+ WARNING:[0m file /projects/dsnlab/shared/tds/fMRI/analysis/fx/models/ylg/fx_ylg_allconds_nonorth_nopmod/168/con_0002.nii: corrected 681710 float errors
[7m*+ WARNING:[0m file /projects/dsnlab/shared/tds/fMRI/analysis/fx/models/ylg/fx_ylg_allconds_nonorth_nopmod/168/con_0012.nii: corrected 681710 float errors
[7m*+ WARNING:[0m file /projects/dsnlab/shared/tds/fMRI/analysis/fx/models/ylg/fx_ylg_allconds_nonorth_nopmod/168/con_0022.nii: corrected 681710 float errors
[7m*+ WARNING:[0m file /projects/dsnlab/shared/tds/fMRI/analysis/fx/models/ylg/fx_ylg_allconds_nonorth_nopmod/169/con_0003.nii: corrected 681710 float errors
[7m*+ WARNING:[0m file /projects/dsnlab/shared/tds/fMRI/analysis/fx/models/ylg/fx_ylg_allconds_nonorth_nopmod/169/con_0013.nii: corrected 681710 float errors
[7m*+ WARNING:[0m file /projects/dsnlab/shared/tds/fMRI/analysis/fx/models/ylg/fx_ylg_allconds_nonorth_nopmod/169/con_0023.nii: corrected 681710 float errors
[7m*+ WARNING:[0m file /projects/dsnlab/shared/tds/fMRI/analysis/fx/models/ylg/fx_ylg_allconds_nonorth_nopmod/169/con_0002.nii: corrected 681710 float errors
[7m*+ WARNING:[0m file /projects/dsnlab/shared/tds/fMRI/analysis/fx/models/ylg/fx_ylg_allconds_nonorth_nopmod/169/con_0012.nii: corrected 681710 float errors
[7m*+ WARNING:[0m file /projects/dsnlab/shared/tds/fMRI/analysis/fx/models/ylg/fx_ylg_allconds_nonorth_nopmod/169/con_0022.nii: corrected 681710 float errors
[7m*+ WARNING:[0m file /projects/dsnlab/shared/tds/fMRI/analysis/fx/models/ylg/fx_ylg_allconds_nonorth_nopmod/170/con_0003.nii: corrected 681710 float errors
[7m*+ WARNING:[0m file /projects/dsnlab/shared/tds/fMRI/analysis/fx/models/ylg/fx_ylg_allconds_nonorth_nopmod/170/con_0013.nii: corrected 681710 float errors
[7m*+ WARNING:[0m file /projects/dsnlab/shared/tds/fMRI/analysis/fx/models/ylg/fx_ylg_allconds_nonorth_nopmod/170/con_0023.nii: corrected 681710 float errors
[7m*+ WARNING:[0m file /projects/dsnlab/shared/tds/fMRI/analysis/fx/models/ylg/fx_ylg_allconds_nonorth_nopmod/170/con_0002.nii: corrected 681710 float errors
[7m*+ WARNING:[0m file /projects/dsnlab/shared/tds/fMRI/analysis/fx/models/ylg/fx_ylg_allconds_nonorth_nopmod/170/con_0012.nii: corrected 681710 float errors
[7m*+ WARNING:[0m file /projects/dsnlab/shared/tds/fMRI/analysis/fx/models/ylg/fx_ylg_allconds_nonorth_nopmod/170/con_0022.nii: corrected 681710 float errors
[7m*+ WARNING:[0m file /projects/dsnlab/shared/tds/fMRI/analysis/fx/models/ylg/fx_ylg_allconds_nonorth_nopmod/171/con_0003.nii: corrected 681710 float errors
[7m*+ WARNING:[0m file /projects/dsnlab/shared/tds/fMRI/analysis/fx/models/ylg/fx_ylg_allconds_nonorth_nopmod/171/con_0013.nii: corrected 681710 float errors
[7m*+ WARNING:[0m file /projects/dsnlab/shared/tds/fMRI/analysis/fx/models/ylg/fx_ylg_allconds_nonorth_nopmod/171/con_0023.nii: corrected 681710 float errors
[7m*+ WARNING:[0m file /projects/dsnlab/shared/tds/fMRI/analysis/fx/models/ylg/fx_ylg_allconds_nonorth_nopmod/171/con_0002.nii: corrected 681710 float errors
[7m*+ WARNING:[0m file /projects/dsnlab/shared/tds/fMRI/analysis/fx/models/ylg/fx_ylg_allconds_nonorth_nopmod/171/con_0012.nii: corrected 681710 float errors
[7m*+ WARNING:[0m file /projects/dsnlab/shared/tds/fMRI/analysis/fx/models/ylg/fx_ylg_allconds_nonorth_nopmod/171/con_0022.nii: corrected 681710 float errors
[7m*+ WARNING:[0m file /projects/dsnlab/shared/tds/fMRI/analysis/fx/models/ylg/fx_ylg_allconds_nonorth_nopmod/172/con_0003.nii: corrected 681710 float errors
[7m*+ WARNING:[0m file /projects/dsnlab/shared/tds/fMRI/analysis/fx/models/ylg/fx_ylg_allconds_nonorth_nopmod/172/con_0013.nii: corrected 681710 float errors
[7m*+ WARNING:[0m file /projects/dsnlab/shared/tds/fMRI/analysis/fx/models/ylg/fx_ylg_allconds_nonorth_nopmod/172/con_0023.nii: corrected 681710 float errors
[7m*+ WARNING:[0m file /projects/dsnlab/shared/tds/fMRI/analysis/fx/models/ylg/fx_ylg_allconds_nonorth_nopmod/172/con_0002.nii: corrected 681710 float errors
[7m*+ WARNING:[0m file /projects/dsnlab/shared/tds/fMRI/analysis/fx/models/ylg/fx_ylg_allconds_nonorth_nopmod/172/con_0012.nii: corrected 681710 float errors
[7m*+ WARNING:[0m file /projects/dsnlab/shared/tds/fMRI/analysis/fx/models/ylg/fx_ylg_allconds_nonorth_nopmod/172/con_0022.nii: corrected 681710 float errors
[7m*+ WARNING:[0m file /projects/dsnlab/shared/tds/fMRI/analysis/fx/models/ylg/fx_ylg_allconds_nonorth_nopmod/173/con_0003.nii: corrected 681710 float errors
[7m*+ WARNING:[0m file /projects/dsnlab/shared/tds/fMRI/analysis/fx/models/ylg/fx_ylg_allconds_nonorth_nopmod/173/con_0013.nii: corrected 681710 float errors
[7m*+ WARNING:[0m file /projects/dsnlab/shared/tds/fMRI/analysis/fx/models/ylg/fx_ylg_allconds_nonorth_nopmod/173/con_0023.nii: corrected 681710 float errors
[7m*+ WARNING:[0m file /projects/dsnlab/shared/tds/fMRI/analysis/fx/models/ylg/fx_ylg_allconds_nonorth_nopmod/173/con_0002.nii: corrected 681710 float errors
[7m*+ WARNING:[0m file /projects/dsnlab/shared/tds/fMRI/analysis/fx/models/ylg/fx_ylg_allconds_nonorth_nopmod/173/con_0012.nii: corrected 681710 float errors
[7m*+ WARNING:[0m file /projects/dsnlab/shared/tds/fMRI/analysis/fx/models/ylg/fx_ylg_allconds_nonorth_nopmod/173/con_0022.nii: corrected 681710 float errors
[7m*+ WARNING:[0m file /projects/dsnlab/shared/tds/fMRI/analysis/fx/models/ylg/fx_ylg_allconds_nonorth_nopmod/174/con_0003.nii: corrected 681710 float errors
[7m*+ WARNING:[0m file /projects/dsnlab/shared/tds/fMRI/analysis/fx/models/ylg/fx_ylg_allconds_nonorth_nopmod/174/con_0013.nii: corrected 681710 float errors
[7m*+ WARNING:[0m file /projects/dsnlab/shared/tds/fMRI/analysis/fx/models/ylg/fx_ylg_allconds_nonorth_nopmod/174/con_0023.nii: corrected 681710 float errors
[7m*+ WARNING:[0m file /projects/dsnlab/shared/tds/fMRI/analysis/fx/models/ylg/fx_ylg_allconds_nonorth_nopmod/174/con_0002.nii: corrected 681710 float errors
[7m*+ WARNING:[0m file /projects/dsnlab/shared/tds/fMRI/analysis/fx/models/ylg/fx_ylg_allconds_nonorth_nopmod/174/con_0012.nii: corrected 681710 float errors
[7m*+ WARNING:[0m file /projects/dsnlab/shared/tds/fMRI/analysis/fx/models/ylg/fx_ylg_allconds_nonorth_nopmod/174/con_0022.nii: corrected 681710 float errors
[7m*+ WARNING:[0m file /projects/dsnlab/shared/tds/fMRI/analysis/fx/models/ylg/fx_ylg_allconds_nonorth_nopmod/175/con_0003.nii: corrected 681710 float errors
[7m*+ WARNING:[0m file /projects/dsnlab/shared/tds/fMRI/analysis/fx/models/ylg/fx_ylg_allconds_nonorth_nopmod/175/con_0013.nii: corrected 681710 float errors
[7m*+ WARNING:[0m file /projects/dsnlab/shared/tds/fMRI/analysis/fx/models/ylg/fx_ylg_allconds_nonorth_nopmod/175/con_0023.nii: corrected 681710 float errors
[7m*+ WARNING:[0m file /projects/dsnlab/shared/tds/fMRI/analysis/fx/models/ylg/fx_ylg_allconds_nonorth_nopmod/175/con_0002.nii: corrected 681710 float errors
[7m*+ WARNING:[0m file /projects/dsnlab/shared/tds/fMRI/analysis/fx/models/ylg/fx_ylg_allconds_nonorth_nopmod/175/con_0012.nii: corrected 681710 float errors
[7m*+ WARNING:[0m file /projects/dsnlab/shared/tds/fMRI/analysis/fx/models/ylg/fx_ylg_allconds_nonorth_nopmod/175/con_0022.nii: corrected 681710 float errors
[7m*+ WARNING:[0m file /projects/dsnlab/shared/tds/fMRI/analysis/fx/models/ylg/fx_ylg_allconds_nonorth_nopmod/177/con_0003.nii: corrected 681710 float errors
[7m*+ WARNING:[0m file /projects/dsnlab/shared/tds/fMRI/analysis/fx/models/ylg/fx_ylg_allconds_nonorth_nopmod/177/con_0013.nii: corrected 681710 float errors
[7m*+ WARNING:[0m file /projects/dsnlab/shared/tds/fMRI/analysis/fx/models/ylg/fx_ylg_allconds_nonorth_nopmod/177/con_0023.nii: corrected 681710 float errors
[7m*+ WARNING:[0m file /projects/dsnlab/shared/tds/fMRI/analysis/fx/models/ylg/fx_ylg_allconds_nonorth_nopmod/177/con_0002.nii: corrected 681710 float errors
[7m*+ WARNING:[0m file /projects/dsnlab/shared/tds/fMRI/analysis/fx/models/ylg/fx_ylg_allconds_nonorth_nopmod/177/con_0012.nii: corrected 681710 float errors
[7m*+ WARNING:[0m file /projects/dsnlab/shared/tds/fMRI/analysis/fx/models/ylg/fx_ylg_allconds_nonorth_nopmod/177/con_0022.nii: corrected 681710 float errors
[7m*+ WARNING:[0m file /projects/dsnlab/shared/tds/fMRI/analysis/fx/models/ylg/fx_ylg_allconds_nonorth_nopmod/178/con_0003.nii: corrected 681710 float errors
[7m*+ WARNING:[0m file /projects/dsnlab/shared/tds/fMRI/analysis/fx/models/ylg/fx_ylg_allconds_nonorth_nopmod/178/con_0013.nii: corrected 681710 float errors
[7m*+ WARNING:[0m file /projects/dsnlab/shared/tds/fMRI/analysis/fx/models/ylg/fx_ylg_allconds_nonorth_nopmod/178/con_0023.nii: corrected 681710 float errors
[7m*+ WARNING:[0m file /projects/dsnlab/shared/tds/fMRI/analysis/fx/models/ylg/fx_ylg_allconds_nonorth_nopmod/178/con_0002.nii: corrected 681710 float errors
[7m*+ WARNING:[0m file /projects/dsnlab/shared/tds/fMRI/analysis/fx/models/ylg/fx_ylg_allconds_nonorth_nopmod/178/con_0012.nii: corrected 681710 float errors
[7m*+ WARNING:[0m file /projects/dsnlab/shared/tds/fMRI/analysis/fx/models/ylg/fx_ylg_allconds_nonorth_nopmod/178/con_0022.nii: corrected 681710 float errors
[7m*+ WARNING:[0m file /projects/dsnlab/shared/tds/fMRI/analysis/fx/models/ylg/fx_ylg_allconds_nonorth_nopmod/179/con_0003.nii: corrected 681710 float errors
[7m*+ WARNING:[0m file /projects/dsnlab/shared/tds/fMRI/analysis/fx/models/ylg/fx_ylg_allconds_nonorth_nopmod/179/con_0013.nii: corrected 681710 float errors
[7m*+ WARNING:[0m file /projects/dsnlab/shared/tds/fMRI/analysis/fx/models/ylg/fx_ylg_allconds_nonorth_nopmod/179/con_0023.nii: corrected 681710 float errors
[7m*+ WARNING:[0m file /projects/dsnlab/shared/tds/fMRI/analysis/fx/models/ylg/fx_ylg_allconds_nonorth_nopmod/179/con_0002.nii: corrected 681710 float errors
[7m*+ WARNING:[0m file /projects/dsnlab/shared/tds/fMRI/analysis/fx/models/ylg/fx_ylg_allconds_nonorth_nopmod/179/con_0012.nii: corrected 681710 float errors
[7m*+ WARNING:[0m file /projects/dsnlab/shared/tds/fMRI/analysis/fx/models/ylg/fx_ylg_allconds_nonorth_nopmod/179/con_0022.nii: corrected 681710 float errors
[7m*+ WARNING:[0m file /projects/dsnlab/shared/tds/fMRI/analysis/fx/models/ylg/fx_ylg_allconds_nonorth_nopmod/181/con_0003.nii: corrected 681710 float errors
[7m*+ WARNING:[0m file /projects/dsnlab/shared/tds/fMRI/analysis/fx/models/ylg/fx_ylg_allconds_nonorth_nopmod/181/con_0013.nii: corrected 681710 float errors
[7m*+ WARNING:[0m file /projects/dsnlab/shared/tds/fMRI/analysis/fx/models/ylg/fx_ylg_allconds_nonorth_nopmod/181/con_0023.nii: corrected 681710 float errors
[7m*+ WARNING:[0m file /projects/dsnlab/shared/tds/fMRI/analysis/fx/models/ylg/fx_ylg_allconds_nonorth_nopmod/181/con_0002.nii: corrected 681710 float errors
[7m*+ WARNING:[0m file /projects/dsnlab/shared/tds/fMRI/analysis/fx/models/ylg/fx_ylg_allconds_nonorth_nopmod/181/con_0012.nii: corrected 681710 float errors
[7m*+ WARNING:[0m file /projects/dsnlab/shared/tds/fMRI/analysis/fx/models/ylg/fx_ylg_allconds_nonorth_nopmod/181/con_0022.nii: corrected 681710 float errors
[7m*+ WARNING:[0m file /projects/dsnlab/shared/tds/fMRI/analysis/fx/models/ylg/fx_ylg_allconds_nonorth_nopmod/182/con_0003.nii: corrected 681710 float errors
[7m*+ WARNING:[0m file /projects/dsnlab/shared/tds/fMRI/analysis/fx/models/ylg/fx_ylg_allconds_nonorth_nopmod/182/con_0013.nii: corrected 681710 float errors
[7m*+ WARNING:[0m file /projects/dsnlab/shared/tds/fMRI/analysis/fx/models/ylg/fx_ylg_allconds_nonorth_nopmod/182/con_0023.nii: corrected 681710 float errors
[7m*+ WARNING:[0m file /projects/dsnlab/shared/tds/fMRI/analysis/fx/models/ylg/fx_ylg_allconds_nonorth_nopmod/182/con_0002.nii: corrected 681710 float errors
[7m*+ WARNING:[0m file /projects/dsnlab/shared/tds/fMRI/analysis/fx/models/ylg/fx_ylg_allconds_nonorth_nopmod/182/con_0012.nii: corrected 681710 float errors
[7m*+ WARNING:[0m file /projects/dsnlab/shared/tds/fMRI/analysis/fx/models/ylg/fx_ylg_allconds_nonorth_nopmod/182/con_0022.nii: corrected 681710 float errors
[7m*+ WARNING:[0m file /projects/dsnlab/shared/tds/fMRI/analysis/fx/models/ylg/fx_ylg_allconds_nonorth_nopmod/183/con_0003.nii: corrected 681710 float errors
[7m*+ WARNING:[0m file /projects/dsnlab/shared/tds/fMRI/analysis/fx/models/ylg/fx_ylg_allconds_nonorth_nopmod/183/con_0013.nii: corrected 681710 float errors
[7m*+ WARNING:[0m file /projects/dsnlab/shared/tds/fMRI/analysis/fx/models/ylg/fx_ylg_allconds_nonorth_nopmod/183/con_0023.nii: corrected 681710 float errors
[7m*+ WARNING:[0m file /projects/dsnlab/shared/tds/fMRI/analysis/fx/models/ylg/fx_ylg_allconds_nonorth_nopmod/183/con_0002.nii: corrected 681710 float errors
[7m*+ WARNING:[0m file /projects/dsnlab/shared/tds/fMRI/analysis/fx/models/ylg/fx_ylg_allconds_nonorth_nopmod/183/con_0012.nii: corrected 681710 float errors
[7m*+ WARNING:[0m file /projects/dsnlab/shared/tds/fMRI/analysis/fx/models/ylg/fx_ylg_allconds_nonorth_nopmod/183/con_0022.nii: corrected 681710 float errors
[7m*+ WARNING:[0m file /projects/dsnlab/shared/tds/fMRI/analysis/fx/models/ylg/fx_ylg_allconds_nonorth_nopmod/184/con_0003.nii: corrected 681710 float errors
[7m*+ WARNING:[0m file /projects/dsnlab/shared/tds/fMRI/analysis/fx/models/ylg/fx_ylg_allconds_nonorth_nopmod/184/con_0013.nii: corrected 681710 float errors
[7m*+ WARNING:[0m file /projects/dsnlab/shared/tds/fMRI/analysis/fx/models/ylg/fx_ylg_allconds_nonorth_nopmod/184/con_0023.nii: corrected 681710 float errors
[7m*+ WARNING:[0m file /projects/dsnlab/shared/tds/fMRI/analysis/fx/models/ylg/fx_ylg_allconds_nonorth_nopmod/184/con_0002.nii: corrected 681710 float errors
[7m*+ WARNING:[0m file /projects/dsnlab/shared/tds/fMRI/analysis/fx/models/ylg/fx_ylg_allconds_nonorth_nopmod/184/con_0012.nii: corrected 681710 float errors
[7m*+ WARNING:[0m file /projects/dsnlab/shared/tds/fMRI/analysis/fx/models/ylg/fx_ylg_allconds_nonorth_nopmod/184/con_0022.nii: corrected 681710 float errors
[7m*+ WARNING:[0m file /projects/dsnlab/shared/tds/fMRI/analysis/fx/models/ylg/fx_ylg_allconds_nonorth_nopmod/185/con_0003.nii: corrected 681710 float errors
[7m*+ WARNING:[0m file /projects/dsnlab/shared/tds/fMRI/analysis/fx/models/ylg/fx_ylg_allconds_nonorth_nopmod/185/con_0013.nii: corrected 681710 float errors
[7m*+ WARNING:[0m file /projects/dsnlab/shared/tds/fMRI/analysis/fx/models/ylg/fx_ylg_allconds_nonorth_nopmod/185/con_0023.nii: corrected 681710 float errors
[7m*+ WARNING:[0m file /projects/dsnlab/shared/tds/fMRI/analysis/fx/models/ylg/fx_ylg_allconds_nonorth_nopmod/185/con_0002.nii: corrected 681710 float errors
[7m*+ WARNING:[0m file /projects/dsnlab/shared/tds/fMRI/analysis/fx/models/ylg/fx_ylg_allconds_nonorth_nopmod/185/con_0012.nii: corrected 681710 float errors
[7m*+ WARNING:[0m file /projects/dsnlab/shared/tds/fMRI/analysis/fx/models/ylg/fx_ylg_allconds_nonorth_nopmod/185/con_0022.nii: corrected 681710 float errors
[7m*+ WARNING:[0m file /projects/dsnlab/shared/tds/fMRI/analysis/fx/models/ylg/fx_ylg_allconds_nonorth_nopmod/186/con_0003.nii: corrected 681710 float errors
[7m*+ WARNING:[0m file /projects/dsnlab/shared/tds/fMRI/analysis/fx/models/ylg/fx_ylg_allconds_nonorth_nopmod/186/con_0013.nii: corrected 681710 float errors
[7m*+ WARNING:[0m file /projects/dsnlab/shared/tds/fMRI/analysis/fx/models/ylg/fx_ylg_allconds_nonorth_nopmod/186/con_0023.nii: corrected 681710 float errors
[7m*+ WARNING:[0m file /projects/dsnlab/shared/tds/fMRI/analysis/fx/models/ylg/fx_ylg_allconds_nonorth_nopmod/186/con_0002.nii: corrected 681710 float errors
[7m*+ WARNING:[0m file /projects/dsnlab/shared/tds/fMRI/analysis/fx/models/ylg/fx_ylg_allconds_nonorth_nopmod/186/con_0012.nii: corrected 681710 float errors
[7m*+ WARNING:[0m file /projects/dsnlab/shared/tds/fMRI/analysis/fx/models/ylg/fx_ylg_allconds_nonorth_nopmod/186/con_0022.nii: corrected 681710 float errors
[7m*+ WARNING:[0m file /projects/dsnlab/shared/tds/fMRI/analysis/fx/models/ylg/fx_ylg_allconds_nonorth_nopmod/187/con_0003.nii: corrected 681710 float errors
[7m*+ WARNING:[0m file /projects/dsnlab/shared/tds/fMRI/analysis/fx/models/ylg/fx_ylg_allconds_nonorth_nopmod/187/con_0013.nii: corrected 681710 float errors
[7m*+ WARNING:[0m file /projects/dsnlab/shared/tds/fMRI/analysis/fx/models/ylg/fx_ylg_allconds_nonorth_nopmod/187/con_0023.nii: corrected 681710 float errors
[7m*+ WARNING:[0m file /projects/dsnlab/shared/tds/fMRI/analysis/fx/models/ylg/fx_ylg_allconds_nonorth_nopmod/187/con_0002.nii: corrected 681710 float errors
[7m*+ WARNING:[0m file /projects/dsnlab/shared/tds/fMRI/analysis/fx/models/ylg/fx_ylg_allconds_nonorth_nopmod/187/con_0012.nii: corrected 681710 float errors
[7m*+ WARNING:[0m file /projects/dsnlab/shared/tds/fMRI/analysis/fx/models/ylg/fx_ylg_allconds_nonorth_nopmod/187/con_0022.nii: corrected 681710 float errors
[7m*+ WARNING:[0m file /projects/dsnlab/shared/tds/fMRI/analysis/fx/models/ylg/fx_ylg_allconds_nonorth_nopmod/188/con_0003.nii: corrected 681710 float errors
[7m*+ WARNING:[0m file /projects/dsnlab/shared/tds/fMRI/analysis/fx/models/ylg/fx_ylg_allconds_nonorth_nopmod/188/con_0013.nii: corrected 681710 float errors
[7m*+ WARNING:[0m file /projects/dsnlab/shared/tds/fMRI/analysis/fx/models/ylg/fx_ylg_allconds_nonorth_nopmod/188/con_0023.nii: corrected 681710 float errors
[7m*+ WARNING:[0m file /projects/dsnlab/shared/tds/fMRI/analysis/fx/models/ylg/fx_ylg_allconds_nonorth_nopmod/188/con_0002.nii: corrected 681710 float errors
[7m*+ WARNING:[0m file /projects/dsnlab/shared/tds/fMRI/analysis/fx/models/ylg/fx_ylg_allconds_nonorth_nopmod/188/con_0012.nii: corrected 681710 float errors
[7m*+ WARNING:[0m file /projects/dsnlab/shared/tds/fMRI/analysis/fx/models/ylg/fx_ylg_allconds_nonorth_nopmod/188/con_0022.nii: corrected 681710 float errors
[7m*+ WARNING:[0m file /projects/dsnlab/shared/tds/fMRI/analysis/fx/models/ylg/fx_ylg_allconds_nonorth_nopmod/190/con_0003.nii: corrected 681710 float errors
[7m*+ WARNING:[0m file /projects/dsnlab/shared/tds/fMRI/analysis/fx/models/ylg/fx_ylg_allconds_nonorth_nopmod/190/con_0013.nii: corrected 681710 float errors
[7m*+ WARNING:[0m file /projects/dsnlab/shared/tds/fMRI/analysis/fx/models/ylg/fx_ylg_allconds_nonorth_nopmod/190/con_0023.nii: corrected 681710 float errors
[7m*+ WARNING:[0m file /projects/dsnlab/shared/tds/fMRI/analysis/fx/models/ylg/fx_ylg_allconds_nonorth_nopmod/190/con_0002.nii: corrected 681710 float errors
[7m*+ WARNING:[0m file /projects/dsnlab/shared/tds/fMRI/analysis/fx/models/ylg/fx_ylg_allconds_nonorth_nopmod/190/con_0012.nii: corrected 681710 float errors
[7m*+ WARNING:[0m file /projects/dsnlab/shared/tds/fMRI/analysis/fx/models/ylg/fx_ylg_allconds_nonorth_nopmod/190/con_0022.nii: corrected 681710 float errors
[7m*+ WARNING:[0m file /projects/dsnlab/shared/tds/fMRI/analysis/fx/models/ylg/fx_ylg_allconds_nonorth_nopmod/192/con_0003.nii: corrected 681710 float errors
[7m*+ WARNING:[0m file /projects/dsnlab/shared/tds/fMRI/analysis/fx/models/ylg/fx_ylg_allconds_nonorth_nopmod/192/con_0013.nii: corrected 681710 float errors
[7m*+ WARNING:[0m file /projects/dsnlab/shared/tds/fMRI/analysis/fx/models/ylg/fx_ylg_allconds_nonorth_nopmod/192/con_0023.nii: corrected 681710 float errors
[7m*+ WARNING:[0m file /projects/dsnlab/shared/tds/fMRI/analysis/fx/models/ylg/fx_ylg_allconds_nonorth_nopmod/192/con_0002.nii: corrected 681710 float errors
[7m*+ WARNING:[0m file /projects/dsnlab/shared/tds/fMRI/analysis/fx/models/ylg/fx_ylg_allconds_nonorth_nopmod/192/con_0012.nii: corrected 681710 float errors
[7m*+ WARNING:[0m file /projects/dsnlab/shared/tds/fMRI/analysis/fx/models/ylg/fx_ylg_allconds_nonorth_nopmod/192/con_0022.nii: corrected 681710 float errors
[7m*+ WARNING:[0m file /projects/dsnlab/shared/tds/fMRI/analysis/fx/models/ylg/fx_ylg_allconds_nonorth_nopmod/193/con_0003.nii: corrected 681710 float errors
[7m*+ WARNING:[0m file /projects/dsnlab/shared/tds/fMRI/analysis/fx/models/ylg/fx_ylg_allconds_nonorth_nopmod/193/con_0013.nii: corrected 681710 float errors
[7m*+ WARNING:[0m file /projects/dsnlab/shared/tds/fMRI/analysis/fx/models/ylg/fx_ylg_allconds_nonorth_nopmod/193/con_0023.nii: corrected 681710 float errors
[7m*+ WARNING:[0m file /projects/dsnlab/shared/tds/fMRI/analysis/fx/models/ylg/fx_ylg_allconds_nonorth_nopmod/193/con_0002.nii: corrected 681710 float errors
[7m*+ WARNING:[0m file /projects/dsnlab/shared/tds/fMRI/analysis/fx/models/ylg/fx_ylg_allconds_nonorth_nopmod/193/con_0012.nii: corrected 681710 float errors
[7m*+ WARNING:[0m file /projects/dsnlab/shared/tds/fMRI/analysis/fx/models/ylg/fx_ylg_allconds_nonorth_nopmod/193/con_0022.nii: corrected 681710 float errors
[7m*+ WARNING:[0m file /projects/dsnlab/shared/tds/fMRI/analysis/fx/models/ylg/fx_ylg_allconds_nonorth_nopmod/194/con_0003.nii: corrected 681710 float errors
[7m*+ WARNING:[0m file /projects/dsnlab/shared/tds/fMRI/analysis/fx/models/ylg/fx_ylg_allconds_nonorth_nopmod/194/con_0013.nii: corrected 681710 float errors
[7m*+ WARNING:[0m file /projects/dsnlab/shared/tds/fMRI/analysis/fx/models/ylg/fx_ylg_allconds_nonorth_nopmod/194/con_0023.nii: corrected 681710 float errors
[7m*+ WARNING:[0m file /projects/dsnlab/shared/tds/fMRI/analysis/fx/models/ylg/fx_ylg_allconds_nonorth_nopmod/194/con_0002.nii: corrected 681710 float errors
[7m*+ WARNING:[0m file /projects/dsnlab/shared/tds/fMRI/analysis/fx/models/ylg/fx_ylg_allconds_nonorth_nopmod/194/con_0012.nii: corrected 681710 float errors
[7m*+ WARNING:[0m file /projects/dsnlab/shared/tds/fMRI/analysis/fx/models/ylg/fx_ylg_allconds_nonorth_nopmod/194/con_0022.nii: corrected 681710 float errors
[7m*+ WARNING:[0m file /projects/dsnlab/shared/tds/fMRI/analysis/fx/models/ylg/fx_ylg_allconds_nonorth_nopmod/195/con_0003.nii: corrected 681710 float errors
[7m*+ WARNING:[0m file /projects/dsnlab/shared/tds/fMRI/analysis/fx/models/ylg/fx_ylg_allconds_nonorth_nopmod/195/con_0013.nii: corrected 681710 float errors
[7m*+ WARNING:[0m file /projects/dsnlab/shared/tds/fMRI/analysis/fx/models/ylg/fx_ylg_allconds_nonorth_nopmod/195/con_0023.nii: corrected 681710 float errors
[7m*+ WARNING:[0m file /projects/dsnlab/shared/tds/fMRI/analysis/fx/models/ylg/fx_ylg_allconds_nonorth_nopmod/195/con_0002.nii: corrected 681710 float errors
[7m*+ WARNING:[0m file /projects/dsnlab/shared/tds/fMRI/analysis/fx/models/ylg/fx_ylg_allconds_nonorth_nopmod/195/con_0012.nii: corrected 681710 float errors
[7m*+ WARNING:[0m file /projects/dsnlab/shared/tds/fMRI/analysis/fx/models/ylg/fx_ylg_allconds_nonorth_nopmod/195/con_0022.nii: corrected 681710 float errors
[7m*+ WARNING:[0m file /projects/dsnlab/shared/tds/fMRI/analysis/fx/models/ylg/fx_ylg_allconds_nonorth_nopmod/196/con_0003.nii: corrected 681710 float errors
[7m*+ WARNING:[0m file /projects/dsnlab/shared/tds/fMRI/analysis/fx/models/ylg/fx_ylg_allconds_nonorth_nopmod/196/con_0013.nii: corrected 681710 float errors
[7m*+ WARNING:[0m file /projects/dsnlab/shared/tds/fMRI/analysis/fx/models/ylg/fx_ylg_allconds_nonorth_nopmod/196/con_0023.nii: corrected 681710 float errors
[7m*+ WARNING:[0m file /projects/dsnlab/shared/tds/fMRI/analysis/fx/models/ylg/fx_ylg_allconds_nonorth_nopmod/196/con_0002.nii: corrected 681710 float errors
[7m*+ WARNING:[0m file /projects/dsnlab/shared/tds/fMRI/analysis/fx/models/ylg/fx_ylg_allconds_nonorth_nopmod/196/con_0012.nii: corrected 681710 float errors
[7m*+ WARNING:[0m file /projects/dsnlab/shared/tds/fMRI/analysis/fx/models/ylg/fx_ylg_allconds_nonorth_nopmod/196/con_0022.nii: corrected 681710 float errors
[7m*+ WARNING:[0m file /projects/dsnlab/shared/tds/fMRI/analysis/fx/models/ylg/fx_ylg_allconds_nonorth_nopmod/197/con_0003.nii: corrected 681710 float errors
[7m*+ WARNING:[0m file /projects/dsnlab/shared/tds/fMRI/analysis/fx/models/ylg/fx_ylg_allconds_nonorth_nopmod/197/con_0013.nii: corrected 681710 float errors
[7m*+ WARNING:[0m file /projects/dsnlab/shared/tds/fMRI/analysis/fx/models/ylg/fx_ylg_allconds_nonorth_nopmod/197/con_0023.nii: corrected 681710 float errors
[7m*+ WARNING:[0m file /projects/dsnlab/shared/tds/fMRI/analysis/fx/models/ylg/fx_ylg_allconds_nonorth_nopmod/197/con_0002.nii: corrected 681710 float errors
[7m*+ WARNING:[0m file /projects/dsnlab/shared/tds/fMRI/analysis/fx/models/ylg/fx_ylg_allconds_nonorth_nopmod/197/con_0012.nii: corrected 681710 float errors
[7m*+ WARNING:[0m file /projects/dsnlab/shared/tds/fMRI/analysis/fx/models/ylg/fx_ylg_allconds_nonorth_nopmod/197/con_0022.nii: corrected 681710 float errors
Loading required package: snow
++ Smallest FDR q [0 (Intercept)  F] = 5.54434e-15
++ Smallest FDR q [1 Decision  F] = 6.69657e-14
++ Smallest FDR q [2 Context  F] = 4.12043e-05
++ Smallest FDR q [3 PerGo  F] = 0.0176494
[7m*+ WARNING:[0m Smallest FDR q [4 Decision:Context  F] = 0.999833 ==> few true single voxel detections
++ Smallest FDR q [5 Decision:PerGo  F] = 3.80488e-05
++ Smallest FDR q [6 Context:PerGo  F] = 0.000384451
[7m*+ WARNING:[0m Smallest FDR q [7 Decision:Context:PerGo  F] = 0.999802 ==> few true single voxel detections
