
++++++++++++++++++++++++++++++++++++++++++++++++++++

++++++++++++++++++++++++++++++++++++++++++++++++++++

++++++++++++++++++++++++++++++++++++++++++++++++++++
***** Summary information of data structure *****

++++++++++++++++++++++++++++++++++++++++++++++++++++
***** Summary information of data structure *****
***** Summary information of data structure *****
***** Summary information of data structure *****
676767 67 subjects :   subjects :  109 subjects :  subjects : 113  109 114109 109 115 113  116 113 113117  114 119 114 114120  115 121 122 115 115124 116  116 116125 117  117 117126 119  119 119128 120  129 120 120130  121 131121 121 132  122 133 134 136 122 122140 124  141124 124 142 125  125 125144 145  126 146 126 126150 128  128 128151  129 152129 129  130 155130 130 156 131  131 131157 132  159 132 132160  133 161 133 133162 134  163 134 134164 165  136 167136 136  140 168 140 140169 141  170 141 141171 142  142 142172 144  144 144173 174  145 175 145 145177  146 178146 146 179  150 181150 150  151 182151 151 183  152 184152 152 185  155 186155 155 187 156  188 190 192156 156  157 193157 157 194  159 195 196 159 159197 160  160 160
 161 402 response values
161 1612 162  162 162levels for factor 163 163  163 164Outcome  164 164165 :  165 165167 Bad  167 167
++++++++++++++++++++++++++++++++++++++++++++++++++++
168 Good ***** Summary information of data structure *****
 168 16816967 
   3169170169subjects :      levels for factor170171170109     Context171172171113     :172173172114     AL173174173 115   PR 174175174 116   SE 175177175 117   
 1771781771119     178179178levels for factor120     179181179Group121     181182181:122     182183182control124     183184183
125   18 184185184 126   post hoc tests
 185186185 128 
Contingency tables of subject distributions among the categorical variables:

 186187 186 187 129  188 187       Context
188 130 Outcome 190190 188 AL  131  PR192192 190 SE 193 132 
   Bad  194193 192 67 195 133  67 194 193 67196  134 
   Good197 195 194 67
 136  67402 196 195 67response values
 140 
2197 196
Tabulation of subjects against each of the categorical variables:  141 levels for factor
~~~~~~~~~~~~~~
 197 
lop$nSubj vs 402142 
OutcomeOutcome  402  :
response values
144response values
:     
 22      145  Bad Bad levels for factorlevels for factor  Good146  Good
  109 OutcomeOutcome    3150  
    3 ::3
  113151   Bad    3Badlevels for factor 152    3  Good 
  114Good 155Context   3 
     3
 3156
  1153:     3  levels for factor157    3levels for factorAL  
  116  Context159   3ContextPR      3  :160
  117:SE     3  AL161    3AL
  
  119 1PR162   3PR       3 levels for factorSE163
  120SE      3 Group
164    3
 1 
  1211: 165   3  levels for factor     3levels for factorcontrol 167
  122  Group    3Group
 168    3 18: 
  124:  169   3 post hoc tests
control     3control
Contingency tables of subject distributions among the categorical variables:

 170
  125 
    3
18    3171       Context
 18
  126 Outcomepost hoc tests
    3172 AL
Contingency tables of subject distributions among the categorical variables:

post hoc tests
    3  PR
Contingency tables of subject distributions among the categorical variables:


  128173 SE
   Bad    3  67 67       Context
    3174 67Outcome AL
  129       Context
 
   Good PR SE   3Outcome175 67
   Bad     3 AL  67 67 67
  130 PR177 67 67   3 SE 

   Good    3
   Bad 178
Tabulation of subjects against each of the categorical variables: 67 67
  131 67  67

~~~~~~~~~~~~~~   3 67179
Tabulation of subjects against each of the categorical variables:
lop$nSubj vs     3 67 Outcome
~~~~~~~~~~~~~~
  132
   Good181:

lop$nSubj vs    3 67      
Outcome    3 67182     :

  133 67  Bad     
   3
183 Good         3
Tabulation of subjects against each of the categorical variables: 
  109 Bad
  134184
~~~~~~~~~~~~~~   3 Good   3 
lop$nSubj vs     3
  109    3185Outcome
  113   3
  136 :
   3    3   3186     
    3
  113    3      
  114   3
  140   3    3 Bad Good   3187    3
  141
  109   3    3 
  114   3    3
  113
  115    3
  115   3   3   3    3   3    3188     3
  116    3
  114   3
  116   3190    3    3
  142    3
  115    3
  117192 
  117   3   3   3    3   3    3193     3
  119    3
  116   3
  119   3194    3    3
  144    3    3
  120   3    3195 
  120   3
  117   3
  121   3196    3    3    3    3
  119    3
  122197 
  121   3
  145   3    3   3    3
    3
  122   3
  120   3
  124   3402    3    3    3    3
  121    3
  125response values

  124   3
  146   3    3   3    32     3
  125   3
  122   3
  126   3levels for factor    3    3    3    3
  124    3
  128Outcome 
  126   3
  150   3    3   3    3:     3   3
  125   3
  129   3Bad     3
  130    3    3
  126
  128   3Good    3    3
  151   3    3    3
  129

  131   3   3
  128   3   33    3    3    3
  129    3
  132 levels for factor
  130   3
  152   3    3   3    3 Context    3
  131   3
  130   3
  133   3 :   3    3    3    3
  131    3
  134 AL
  132
  155   3    3   3    3 PR   3    3   3
  132   3
  136   3 SE
  133   3    3    3    3
  140 
    3
  156   3
  133   3   3    31 
  134   3    3    3
  134
  141   3levels for factor     3
  136
  157   3    3    3
  142Group    3    3   3
  136   3   3    3: 
  140   3    3    3
  144   3control     3
  141
  159
  140   3    3
  145
   3    3   3    3
  141   3    318 
  142   3    3   3    3
  146   3post hoc tests
    3
  144
  160
  142    3
  150
Contingency tables of subject distributions among the categorical variables:

   3    3   3   3   3    3
  145   3    3    3
  144
  151   3    3
  146       Context
Outcome
  161   3    3    3
  152   3    3 AL PR   3
  145   3   3    3
  150   3    3 SE
   Bad     3    3
  146
  155   3
  151   3 67 67
  162   3    3    3
  156    3
  152 67
   Good   3
  150   3   3    3   3 67 67    3
  155    3
  151
  157   3    3 67
   3    3   3    3    3
  159
  163
Tabulation of subjects against each of the categorical variables:
  156   3
  152   3   3    3   3    3
  157
~~~~~~~~~~~~~~    3
  155
  160   3    3   3    3
lop$nSubj vs    3    3    3
  161
  164
  159   3Outcome:

  156   3   3    3   3    3     
         3
  162   3    3
  160 Bad Good
  157   3    3
  163
  165   3
  109   3    3
  159   3    3   3    3    3
  113   3    3
  164   3    3
  161   3    3
  160   3    3
  165
  167   3
  114   3    3
  161   3    3   3    3    3
  115   3    3
  167   3    3
  162   3    3
  162   3    3
  168
  168   3
  116   3    3
  163   3    3   3    3    3
  117   3    3
  169   3    3
  163   3    3
  164   3    3
  170
  169   3
  119   3    3   3    3   3    3    3
  120
  165   3
  171   3    3
  164   3    3    3
  167    3
  172
  170   3
  121   3   3    3   3    3   3    3    3
  122
  168   3
  173   3    3
  165   3    3    3
  169    3
  174
  171   3
  124   3   3    3   3    3   3    3    3
  125
  170   3
  175   3    3
  167   3    3    3
  171    3
  177
  172   3
  126   3   3    3   3    3   3    3    3
  128
  172   3
  178   3    3
  168   3    3    3
  173    3
  179
  173   3
  129   3   3    3   3    3   3    3    3
  130
  174   3
  181   3    3
  169   3    3    3
  175    3
  182
  174   3
  131   3   3   3    3   3    3    3
  132    3
  177
  183   3    3
  170   3   3    3
  184
  175   3    3
  133    3   3    3   3    3   3    3
  178   3
  185   3    3
  171
  134   3    3
  179    3
  186
  177   3    3   3    3   3    3   3    3
  136
  181   3
  187   3    3
  172   3    3    3
  182    3
  188
  178   3
  140   3   3    3   3    3   3    3    3
  183   3
  190   3    3
  173
  141   3    3
  184    3
  192
  179   3    3
  142   3    3   3    3   3    3   3    3
  185   3
  193   3    3
  174
  144   3    3
  186    3
  194   3
  181   3    3
  145   3    3    3
  195   3    3   3
  187   3   3    3    3
  175    3
  146    3
  188
  196   3
  182   3   3    3   3    3    3
  197   3    3
  150   3
  190   3   3    3    3
  177    3
  151    3
  192

  183   3   3    3   3    3
~~~~~~~~~~~~~~   3    3
  178
  152   3
  193   3
lop$nSubj vs Context    3   3    3    3
  155    3
  194:

  184
  179   3    3   3    3     
        3   3    3
  156   3
  195   3 AL PR    3
  181   3    3    3
  196 SE
  109
  185    3
  182
  157   3   3    3  2  2   3   3    3    3
  159
  197   3  2
  113    3
  183   3    3    3
  2  2
  186   3    3
  160   3
~~~~~~~~~~~~~~  2
  114   3    3
  184   3    3
  161
lop$nSubj vs Context  2  2
  187   3    3
  185   3    3:
  2
  115    3   3    3
  162   3     
       2  2
  188   3
  186   3    3
  163 AL PR  2
  116    3
  190    3
  187   3    3 SE
  109  2  2   3    3   3    3
  164   3  2  2  2
  117
  192   3
  188   3    3
  165  2
  113  2  2    3
  193    3
  190   3    3  2  2
  119   3    3   3    3
  167   3    3
  168  2  2  2  2
  194   3
  192   3   3    3
  114  2  2
  120    3
  195    3
  193
  169   3  2  2  2  2   3    3   3    3
  170
  115  2  2
  121
  196   3    3
  194   3    3  2  2  2  2    3
  197   3    3
  171   3
  116  2  2
  122   3    3
  195   3    3
  172  2  2  2  2
    3
  196   3    3
  117  2  2
  124
~~~~~~~~~~~~~~   3
  173   3  2  2  2  2
lop$nSubj vs     3
  197    3
  174
  119  2  2
  125Context:
   3    3     
       2  2  2  2   3    3
 AL PR
  120  2  2
  126
  175   3
~~~~~~~~~~~~~~ SE
  109  2  2  2  2    3
lop$nSubj vs Context  2  2
  121  2  2
  128
  177   3:
  2
  113  2  2  2  2    3
  178     
       2  2
  122  2  2
  129   3    3 AL PR  2
  114  2  2  2  2
  179   3 SE
  109  2  2
  124  2  2
  130    3  2  2  2
  115  2  2  2  2
  181   3  2
  113  2  2
  125  2  2
  131    3
  182  2  2  2
  116  2  2  2  2   3    3  2
  114  2  2
  126  2  2
  132
  183   3  2  2  2
  117  2  2  2    3
  184  2  2  2  2
  115  2  2
  133   3    3
  128  2  2
  119  2  2  2
  185   3  2  2  2  2
  116  2  2  2    3
  129  2  2
  120  2  2
  134  2
  186   3  2  2  2  2
  117  2  2  2    3
  187
  130  2  2
  121  2  2
  136   3    3  2  2  2  2
  119  2  2
  188   3
  131  2  2
  122  2  2  2    3
  190  2  2  2  2
  120  2  2   3    3
  132  2  2
  124  2  2  2  2
  140
  192   3  2  2  2
  125
  121  2  2  2    3
  193
  133  2  2  2  2  2  2
  141   3    3  2  2  2
  126
  122  2  2  2
  194   3
  134  2  2  2  2  2  2  2  2
  142    3
  195
  136  2  2
  128
  124  2  2  2   3    3  2  2  2  2  2  2  2
  144
  196   3
  140  2  2
  129
  125  2  2  2    3
  197  2  2  2  2  2  2  2
  145   3    3
  141  2  2
  130
  126  2  2
  2  2  2  2  2  2  2  2
~~~~~~~~~~~~~~
  142  2  2
  131
  128  2
  146  2
lop$nSubj vs Context  2  2  2  2  2  2  2  2:

  144  2  2
  132  2
  129  2
  150     
       2  2  2  2  2  2  2  2
++++++++++++++++++++++++++++++++++++++++++++++++++++
 AL PR***** Summary information of data structure *****

  133  2
  130  2  2  2  2
  151
  145  2 SE
  10967   2  2
  131  2  2  2  2  2  2subjects :  
  134  2  2  2
  152
  146  2  2
  113109   2  2  2  2  2  2  2  2  2  2113 114 
  136  2
  132  2
  155
  150  2  2
  114115 116  2  2  2  2  2  2  2  2  2  2 117
  140  2  2
  133  2
  156
  151  2  2
  115  2  2  2  2  2  2  2  2  2 119  2  2
  152  2
  141  2
  134  2  2
  157   2
  116120   2  2  2  2  2  2  2  2  2  2121 122 124
  142  2
  136  2  2
  159
  155  2  2
  117  2  2  2  2  2  2  2 125  2  2
  156  2
  144  2  2
  140  2 126  2
  119  2  2  2  2  2  2
  160  2 128  2  2
  157  2
  145  2  2
  141  2  2 129  2
  120 130   2  2  2  2
  161  2  2  2  2  2131   2
  121  2
  142  2  2
  159
  146  2132   2  2  2  2
  162  2  2  2  2  2133   2
  122  2
  144  2  2  2
  160
  150  2134 136  2  2  2  2
  163  2  2  2  2  2 140   2
  124  2
  145  2  2  2
  161
  151  2141   2  2  2  2
  164  2  2  2  2  2142   2
  125  2  2  2  2
  162
  152  2144   2  2
  146  2
  165  2  2  2  2  2145 146  2
  126  2  2  2  2  2
  163
  155  2 150   2  2
  150  2
  167  2  2  2  2  2151   2
  128  2  2  2  2  2
  164
  156  2152   2  2
  151  2
  168  2  2  2  2  2155   2
  129  2  2  2  2  2
  165
  157  2156  2  2
  152  2
  169  2  2  2  2  2  2 157  2
  130  2  2  2
  170  2
  167
  159  2 159  2  2
  155  2  2  2  2  2  2  2 160   2
  131  2  2  2
  171  2
  168
  160  2161   2  2
  156  2  2  2  2  2  2162  2
  132  2  2  2
  172  2
  161  2  2  2  2
  157  2  2  2 163  2  2
  169  2
  133  2  2  2
  173  2 164
  162  2  2  2  2  2
  159  2  2 165  2  2  2
  170  2
  134  2  2
  174  2 167
  163  2  2  2  2  2
  160  2  2 168  2  2  2
  171  2  2  2  2
  175  2 169
  164  2  2  2
  136  2  2
  161  2  2 170  2  2  2
  172  2  2  2  2
  177 
  165  2  2  2
  140  2  2
  162  2  2171 172 173 174   2  2  2
  173  2  2  2  2  2
  178175 
  167  2  2  2
  141  2  2
  163  2  2177 178  2  2  2
  174  2  2  2  2  2
  179 
  168  2  2  2
  142  2  2
  175  2  2  2  2  2  2  2
  164  2  2179   2
  181  2
  177
  169  2  2
  144  2181 182 183 184  2  2  2  2  2  2  2  2  2 185   2
  182  2
  178
  170  2  2
  165
  145  2186   2  2  2  2  2  2  2  2  2  2187   2
  183  2
  179
  171  2  2
  167
  146  2188   2  2  2  2  2  2  2  2  2  2190   2
  184  2
  181
  172  2  2
  168
  150192   2  2  2  2  2  2  2  2  2  2193   2
  185  2
  182
  173  2  2  2
  151194   2  2  2  2  2  2
  169  2  2  2195   2  2
  183
  174  2  2  2  2
  152196 
  186  2  2  2  2  2
  170  2  2197   2  2  2
  184
  175  2  2  2  2
  155

  187  2  2  2  2  2  2
  171  2  2402   2  2  2
  185
  177  2  2  2  2  2
  156response values

  188  2  2  2  2  2
  172  2  2  22   2  2  2
  186
  178  2  2  2  2
  157levels for factor 
  190  2  2  2  2  2
  173  2  2  2  2  2Outcome   2  2  2
  187
  179  2
  174  2  2
  159: 
  192  2  2  2  2  2  2  2  2  2Bad   2  2  2
  188
  181  2
  175  2  2
  160Good 
  193  2  2  2  2  2  2  2
  2  2  2
  190
  182  2  2  2
  1613   2
  194  2  2  2  2
  177  2  2  2levels for factor   2  2
  192
  183  2  2  2  2
  162Context   2  2  2  2  2  2
  178  2  2  2: 
  195  2  2
  193
  184  2  2  2
  163AL   2  2  2  2  2  2  2
  179  2  2PR 
  196  2  2
  194
  185  2  2  2
  164SE   2  2  2  2  2
  181  2  2

  197  2  2  2  2  2  2  2  2
  1651   2  2
  195  2
  186  2  2
  182  2  2levels for factor 
  2  2  2  2  2  2  2Group 
~~~~~~~~~~~~~~
  196  2
  187  2  2
  183
  167  2: 
lop$nSubj vs Group  2  2  2  2  2  2  2  2control :

  197  2
  188  2  2
  168  2
     
       2  2  2  2
  184  2  2  218  control
  109

  190  2  2  2
  169  2post hoc tests
       6
~~~~~~~~~~~~~~  2  2
  185  2  2  2  2  2
  113       6
lop$nSubj vs Group
  192  2
Contingency tables of subject distributions among the categorical variables:


  170  2
  186  2
  114       6:
  2  2  2  2  2  2
  115       6
  187  2
  193  2       Context
Outcome
  171  2     
     
  116       6  2  2  2  2 AL PR  2  2 control
  109
  117       6
  188  2
  194  2 SE
   Bad 
  172  2       6
  113
  119       6  2  2  2  2 67  2  2       6
  114
  120       6
  190  2
  195  2 67 67
  173  2       6
  115
  121       6  2  2  2  2
   Good 67  2  2       6
  116
  122       6
  192  2
  196 67 67
  174  2       6
  117
  124       6  2  2  2
  2  2       6
  119
  125       6  2
  193  2
  197
Tabulation of subjects against each of the categorical variables:
  175  2       6
  120
  126       6  2  2  2  2  2  2
~~~~~~~~~~~~~~       6
  121
  128       6  2
  194  2

  177
lop$nSubj vs Outcome       6
  122
  129       6  2  2
~~~~~~~~~~~~~~  2:
       6
  124
  130       6  2
  195
lop$nSubj vs Group  2  2     
            6
  125
  131       6  2  2:

  178  2 Bad Good       6
  126
  132       6  2
  196     
       2  2
  109   3       6
  128
  133       6  2  2 control
  109
  179  2    3
  113       6
  129
  134       6  2
  197       6
  113  2  2   3    3       6
  136       6  2  2       6
  114
  181  2
  114   3
  130       6
  140       6  2
       6
  115  2  2    3
  115
  131       6
  141       6
~~~~~~~~~~~~~~       6
  116
  182  2   3    3
  132       6
  142       6
lop$nSubj vs Group       6
  117  2  2
  116   3
  133       6
  144       6:
       6
  119
  183  2    3
  117
  134       6
  145       6     
            6
  120  2  2   3    3
  136       6
  146       6 control
  109       6
  121
  184  2
  119   3
  140       6
  150       6       6
  113       6
  122  2  2    3
  120
  141       6
  151       6       6
  114       6
  124
  185  2   3    3
  142       6
  152       6       6
  115       6
  125  2  2
  121   3    3
  144       6
  155       6       6
  116       6
  126
  186  2
  122   3
  145       6
  156       6       6
  117       6
  128  2  2    3
  124
  146       6
  157       6       6
  119       6
  129
  187  2   3    3
  150       6
  159       6       6
  120       6
  130  2  2
  125   3
  151       6
  160       6       6
  121       6
  131
  188  2       6
  132
  152       6
  161       6       6
  122    3
  126  2  2       6
  133
  155       6
  162       6       6
  124   3    3
  190  2       6
  134
  156       6
  163       6       6
  125
  128   3  2  2       6
  157       6
  164       6       6    3
  129
  192  2
  136       6
  159       6
  165       6
  126       6   3    3  2
  140       6
  160       6
  167       6
  128       6
  130   3  2
  141       6
  161       6
  168       6
  129       6    3
  131
  193  2
  142       6
  162       6
  169       6
  130       6   3    3  2  2
  144       6
  163       6
  170       6
  131       6
  132   3
  194  2
  145       6
  164       6
  171       6
  132       6    3
  133  2  2
  146       6
  165       6
  172       6
  133       6   3    3
  195  2
  150       6
  167       6
  173       6
  134       6
  134   3  2  2
  151       6
  168       6
  174       6
  136       6    3
  136
  196  2
  152       6
  169       6
  175       6
  140       6   3    3  2  2
  155       6
  170       6
  177       6
  141       6
  140   3
  197
  156       6
  171       6
  178       6
  142       6    3
  141  2  2
  157       6
  172       6
  179
  144       6   3    3  2

  159       6
  173       6       6
  181
  145       6
  142   3
~~~~~~~~~~~~~~
  160       6
  174       6       6
  182
  146       6    3
  144
lop$nSubj vs Group
  161       6
  175       6       6
  183
  150       6   3    3:

  162       6
  177       6       6
  184
  151       6
  145   3     
     
  163       6
  178       6       6
  185
  152       6    3 control
  164       6
  179       6       6
  186
  155       6
  146   3
  109
  165       6
  181       6       6
  187
  156       6    3
  150       6
  167       6
  182       6       6
  188
  157       6   3    3
  113
  168       6
  183       6       6
  190
  159       6
  151   3       6
  169       6
  184       6       6
  192
  160       6    3
  152
  114       6
  170       6
  185       6       6
  193
  161   3    3
  115       6
  171       6
  186       6       6
  194       6
  162
  155   3
  116       6
  172       6
  187       6       6
  195       6
  163    3
  156
  117       6
  173       6
  188       6       6
  196       6
  164   3    3
  119
  174       6
  190       6       6
  197       6
  165
  157   3       6
  120
  175       6
  192       6       6
       6
  167    3
  159       6
  177       6
  193       6
***** End of data structure information *****
       6
  168   3
  121       6
  178       6
  194       6++++++++++++++++++++++++++++++++++++++++++++++++++++

       6
  169    3
  160
  122       6
  179       6
  195       6       6
  170   3    3
  124       6Reading input files now...


  181       6
  196       6       6
  171
  161   3
  125       6
  182       6
  197       6       6
  172

  126       6
  183       6    3
  162       6
  173
***** End of data structure information *****

  128       6
  184       6   3    3       6
  174++++++++++++++++++++++++++++++++++++++++++++++++++++


  129       6
  185       6
  163   3       6
  175
  130       6
  186       6    3
  164Reading input files now...

       6
  177
  131
  187       6   3       6
  178       6
  132
  188       6    3
  165       6
  179       6
  133
  190       6   3    3       6
  181       6
  134
  192       6
  167   3       6
  182       6
  193       6    3
  168       6
  136       6
  194       6   3    3
  183       6
  140       6
  195       6
  169   3
  184       6
  141       6
  196       6    3
  170
  185       6
  142       6
  197       6   3    3
  186       6
  144       6

  171   3
  187       6
  145       6
***** End of data structure information *****
    3
  172
  188       6
  146       6++++++++++++++++++++++++++++++++++++++++++++++++++++

   3    3
  190       6
  150
  173   3
  192       6       6
  151Reading input files now...

    3
  174
  193       6       6
  152   3    3
  194       6       6
  155
  195       6
  175   3       6
  156
  196       6    3
  177       6
  157
  197       6   3    3       6

  178   3
  159       6
***** End of data structure information *****
    3
  179
  160       6++++++++++++++++++++++++++++++++++++++++++++++++++++

   3    3
  161       6
  181   3
  162    3
  182Reading input files now...

       6
  163   3    3       6
  164
  183   3       6
  165    3
  184       6
  167   3    3       6
  168
  185   3       6
  169    3
  186   3       6
  170    3
  187       6
  171   3    3       6
  172
  188   3       6    3
  190
  173       6   3    3
  174       6
  192   3
  175       6    3
  193
  177       6   3    3
  178       6
  194   3
  179       6    3
  195
  181       6   3    3
  182       6
  196   3
  183       6    3
  197
  184       6   3    3
  185       6

  186       6
~~~~~~~~~~~~~~
  187       6
lop$nSubj vs Context:

  188       6     
     
  190       6 AL PR
  192       6 SE
  109
  193       6  2  2
  194       6  2
  113
  195       6  2  2
  196       6  2
  114
  197       6  2  2
  2
  115
***** End of data structure information *****
  2  2++++++++++++++++++++++++++++++++++++++++++++++++++++

  2
  116  2  2  2
  117  2  2  2
  119  2  2  2
  120  2  2  2
  121  2  2  2
  122  2  2  2
  124  2  2  2
  125  2  2  2
  126  2  2  2
  128  2  2  2
  129  2  2  2
  130  2  2  2
  131  2  2  2
  132  2  2  2
  133  2  2  2
  134  2  2  2
  136  2  2  2
  140  2  2  2
  141  2  2  2
  142  2  2  2
  144  2  2  2
  145  2  2  2
  146  2  2  2
  150  2  2  2
  151  2  2  2
  152  2  2  2
  155  2  2  2
  156  2  2  2
  157  2  2  2
  159  2  2  2
  160  2  2  2
  161  2  2  2
  162  2  2  2
  163  2  2  2
  164  2  2  2
  165  2  2  2
  167  2  2  2
  168  2  2  2
  169  2  2  2
  170  2  2  2
  171  2  2  2
  172  2  2  2
  173  2  2  2
  174  2  2  2
  175  2  2  2
  177  2  2  2
  178  2  2  2
  179  2  2  2
  181  2  2  2
  182  2  2  2
  183  2  2  2
  184  2  2  2
  185  2  2  2
  186  2  2  2
  187  2  2  2
  188  2  2  2
  190  2  2  2
  192  2  2  2
  193  2  2  2
  194  2  2  2
  195  2  2  2
  196  2  2  2
  197  2  2  2

~~~~~~~~~~~~~~
lop$nSubj vs Group:
     
      control
  109       6
  113       6
  114       6
  115       6
  116       6
  117       6
  119       6
  120       6
  121       6
  122       6
  124       6
  125       6
  126       6
  128       6
  129       6
  130       6
  131       6
  132       6
  133       6
  134       6
  136       6
  140       6
  141       6
  142       6
  144       6
  145       6
  146       6
  150       6
  151       6
  152       6
  155       6
  156       6
  157       6
  159       6
  160       6
  161       6
  162       6
  163       6
  164       6
  165       6
  167       6
  168       6
  169       6
  170       6
  171       6
  172       6
  173       6
  174       6
  175       6
  177       6
  178       6
  179       6
  181       6
  182       6
  183       6
  184       6
  185       6
  186       6
  187       6
  188       6
  190       6
  192       6
  193       6
  194       6
  195       6
  196       6
  197       6

***** End of data structure information *****
++++++++++++++++++++++++++++++++++++++++++++++++++++

Reading input files now...

Reading input files now...

Reading input files: Done!

Reading input files: Done!

Reading input files: Done!

Reading input files: Done!

Reading input files: Done!

Reading input files: Done!

If the program hangs here for more than, for example, half an hour,
kill the process because the model specification or the GLT coding
is likely inappropriate.

If the program hangs here for more than, for example, half an hour,
kill the process because the model specification or the GLT coding
is likely inappropriate.

[1] "Great, test run passed at voxel (30, 54, 45)!"
[1] "Start to compute 91 slices along Z axis. You can monitor the progress"
[1] "and estimate the total run time as shown below."
[1] "10/04/18 10:22:40.101"
[1] "Great, test run passed at voxel (30, 54, 45)!"
[1] "Start to compute 91 slices along Z axis. You can monitor the progress"
[1] "and estimate the total run time as shown below."
[1] "10/04/18 10:22:40.240"
Package snow loaded successfully!

Package snow loaded successfully!

If the program hangs here for more than, for example, half an hour,
kill the process because the model specification or the GLT coding
is likely inappropriate.

If the program hangs here for more than, for example, half an hour,
kill the process because the model specification or the GLT coding
is likely inappropriate.

If the program hangs here for more than, for example, half an hour,
kill the process because the model specification or the GLT coding
is likely inappropriate.

[1] "Great, test run passed at voxel (30, 54, 45)!"
[1] "Start to compute 91 slices along Z axis. You can monitor the progress"
[1] "and estimate the total run time as shown below."
[1] "10/04/18 10:22:41.504"
[1] "Great, test run passed at voxel (30, 54, 45)!"
[1] "Start to compute 91 slices along Z axis. You can monitor the progress"
[1] "and estimate the total run time as shown below."
[1] "10/04/18 10:22:41.614"
[1] "Great, test run passed at voxel (30, 54, 45)!"
[1] "Start to compute 91 slices along Z axis. You can monitor the progress"
[1] "and estimate the total run time as shown below."
[1] "10/04/18 10:22:41.872"
Package snow loaded successfully!

If the program hangs here for more than, for example, half an hour,
kill the process because the model specification or the GLT coding
is likely inappropriate.

Package snowPackage snow loaded successfully!

 loaded successfully!

[1] "Great, test run passed at voxel (30, 54, 45)!"
[1] "Start to compute 91 slices along Z axis. You can monitor the progress"
[1] "and estimate the total run time as shown below."
[1] "10/04/18 10:22:42.837"
Package snow loaded successfully!

Z slice  1 done:  10/04/18 10:23:03.201 
Z slice  1 done:  10/04/18 10:23:03.861 
Z slice  1 done:  10/04/18 10:23:05.757 
Z slice  1 done:  10/04/18 10:23:06.868 
Z slice  2 done:  10/04/18 10:23:06.929 
Z slice  1 done:  10/04/18 10:23:06.970 
Z slice  2 done:  10/04/18 10:23:07.056 
Z slice  1 done:  10/04/18 10:23:08.955 
Z slice  2 done:  10/04/18 10:23:09.130 
Z slice  2 done:  10/04/18 10:23:10.321 
Z slice  3 done:  10/04/18 10:23:11.217 
Z slice  2 done:  10/04/18 10:23:11.616 
Z slice  3 done:  10/04/18 10:23:12.447 
Z slice  2 done:  10/04/18 10:23:13.520 
Z slice  3 done:  10/04/18 10:23:13.548 
Z slice  3 done:  10/04/18 10:23:15.764 
Z slice  4 done:  10/04/18 10:23:16.334 
Z slice  3 done:  10/04/18 10:23:16.827 
Z slice  4 done:  10/04/18 10:23:17.764 
Z slice  4 done:  10/04/18 10:23:18.836 
Z slice  3 done:  10/04/18 10:23:19.240 
Z slice  4 done:  10/04/18 10:23:21.549 
Z slice  4 done:  10/04/18 10:23:22.104 
Z slice  5 done:  10/04/18 10:23:26.039 
Z slice  5 done:  10/04/18 10:23:26.076 
Z slice  4 done:  10/04/18 10:23:26.309 
Z slice  5 done:  10/04/18 10:23:26.760 
Z slice  5 done:  10/04/18 10:23:28.505 
Z slice  5 done:  10/04/18 10:23:29.740 
Z slice  5 done:  10/04/18 10:23:34.215 
Z slice  6 done:  10/04/18 10:23:48.296 
Z slice  6 done:  10/04/18 10:23:50.774 
Z slice  6 done:  10/04/18 10:23:51.827 
Z slice  6 done:  10/04/18 10:23:53.295 
Z slice  6 done:  10/04/18 10:23:55.117 
Z slice  6 done:  10/04/18 10:24:02.890 
Z slice  7 done:  10/04/18 10:24:16.755 
Z slice  7 done:  10/04/18 10:24:20.241 
Z slice  7 done:  10/04/18 10:24:22.288 
Z slice  7 done:  10/04/18 10:24:22.968 
Z slice  7 done:  10/04/18 10:24:25.368 
Z slice  7 done:  10/04/18 10:24:36.337 
Z slice  8 done:  10/04/18 10:24:48.911 
Z slice  8 done:  10/04/18 10:24:51.441 
Z slice  8 done:  10/04/18 10:24:54.320 
Z slice  8 done:  10/04/18 10:24:54.840 
Z slice  8 done:  10/04/18 10:24:57.441 
Z slice  8 done:  10/04/18 10:25:09.812 
Z slice  9 done:  10/04/18 10:25:25.956 
Z slice  9 done:  10/04/18 10:25:27.695 
Z slice  9 done:  10/04/18 10:25:29.024 
Z slice  9 done:  10/04/18 10:25:31.447 
Z slice  9 done:  10/04/18 10:25:32.246 
Z slice  9 done:  10/04/18 10:25:47.457 
Z slice  10 done:  10/04/18 10:26:01.679 
Z slice  10 done:  10/04/18 10:26:02.229 
Z slice  10 done:  10/04/18 10:26:05.521 
Z slice  10 done:  10/04/18 10:26:07.767 
Z slice  10 done:  10/04/18 10:26:09.214 
Z slice  10 done:  10/04/18 10:26:27.345 
Z slice  11 done:  10/04/18 10:26:39.626 
Z slice  11 done:  10/04/18 10:26:41.212 
Z slice  11 done:  10/04/18 10:26:41.558 
Z slice  11 done:  10/04/18 10:26:43.838 
Z slice  11 done:  10/04/18 10:26:48.528 
Z slice  11 done:  10/04/18 10:27:08.543 
Z slice  12 done:  10/04/18 10:27:19.783 
Z slice  12 done:  10/04/18 10:27:20.872 
Z slice  12 done:  10/04/18 10:27:22.552 
Z slice  12 done:  10/04/18 10:27:24.181 
Z slice  12 done:  10/04/18 10:27:30.248 
Z slice  12 done:  10/04/18 10:27:47.984 
Z slice  13 done:  10/04/18 10:27:59.124 
Z slice  13 done:  10/04/18 10:28:01.776 
Z slice  13 done:  10/04/18 10:28:02.187 
Z slice  13 done:  10/04/18 10:28:02.449 
Z slice  13 done:  10/04/18 10:28:13.331 
Z slice  13 done:  10/04/18 10:28:29.124 
Z slice  14 done:  10/04/18 10:28:39.596 
Z slice  14 done:  10/04/18 10:28:41.564 
Z slice  14 done:  10/04/18 10:28:42.935 
Z slice  14 done:  10/04/18 10:28:43.475 
Z slice  14 done:  10/04/18 10:28:59.050 
Z slice  14 done:  10/04/18 10:29:11.939 
Z slice  15 done:  10/04/18 10:29:21.462 
Z slice  15 done:  10/04/18 10:29:23.767 
Z slice  15 done:  10/04/18 10:29:26.545 
Z slice  15 done:  10/04/18 10:29:27.708 
Z slice  15 done:  10/04/18 10:29:47.228 
Z slice  15 done:  10/04/18 10:29:58.158 
Z slice  16 done:  10/04/18 10:30:02.362 
Z slice  16 done:  10/04/18 10:30:04.305 
Z slice  16 done:  10/04/18 10:30:08.989 
Z slice  16 done:  10/04/18 10:30:09.169 
Z slice  16 done:  10/04/18 10:30:33.228 
Z slice  17 done:  10/04/18 10:30:45.653 
Z slice  17 done:  10/04/18 10:30:47.388 
Z slice  16 done:  10/04/18 10:30:48.492 
Z slice  17 done:  10/04/18 10:30:51.511 
Z slice  17 done:  10/04/18 10:30:52.256 
Z slice  17 done:  10/04/18 10:31:21.381 
Z slice  17 done:  10/04/18 10:31:31.173 
Z slice  18 done:  10/04/18 10:31:31.336 
Z slice  18 done:  10/04/18 10:31:31.515 
Z slice  18 done:  10/04/18 10:31:36.945 
Z slice  18 done:  10/04/18 10:31:38.952 
Z slice  18 done:  10/04/18 10:32:06.589 
Z slice  18 done:  10/04/18 10:32:13.850 
Z slice  19 done:  10/04/18 10:32:14.567 
Z slice  19 done:  10/04/18 10:32:16.202 
Z slice  19 done:  10/04/18 10:32:21.375 
Z slice  19 done:  10/04/18 10:32:26.216 
Z slice  19 done:  10/04/18 10:32:53.535 
Z slice  20 done:  10/04/18 10:32:56.753 
Z slice  19 done:  10/04/18 10:32:59.365 
Z slice  20 done:  10/04/18 10:32:59.961 
Z slice  20 done:  10/04/18 10:33:05.677 
Z slice  20 done:  10/04/18 10:33:08.132 
Z slice  20 done:  10/04/18 10:33:37.563 
Z slice  21 done:  10/04/18 10:33:43.238 
Z slice  21 done:  10/04/18 10:33:48.333 
Z slice  20 done:  10/04/18 10:33:51.981 
Z slice  21 done:  10/04/18 10:33:53.907 
Z slice  21 done:  10/04/18 10:33:54.167 
Z slice  21 done:  10/04/18 10:34:19.830 
Z slice  22 done:  10/04/18 10:34:29.870 
Z slice  22 done:  10/04/18 10:34:36.521 
Z slice  22 done:  10/04/18 10:34:40.613 
Z slice  21 done:  10/04/18 10:34:43.187 
Z slice  22 done:  10/04/18 10:34:43.204 
Z slice  22 done:  10/04/18 10:35:05.366 
Z slice  23 done:  10/04/18 10:35:17.410 
Z slice  23 done:  10/04/18 10:35:24.767 
Z slice  22 done:  10/04/18 10:35:31.716 
Z slice  23 done:  10/04/18 10:35:32.354 
Z slice  23 done:  10/04/18 10:35:33.381 
Z slice  23 done:  10/04/18 10:35:53.164 
Z slice  24 done:  10/04/18 10:36:16.679 
Z slice  24 done:  10/04/18 10:36:18.524 
Z slice  23 done:  10/04/18 10:36:23.891 
Z slice  24 done:  10/04/18 10:36:27.102 
Z slice  24 done:  10/04/18 10:36:28.902 
Z slice  24 done:  10/04/18 10:36:45.170 
Z slice  25 done:  10/04/18 10:37:08.957 
Z slice  25 done:  10/04/18 10:37:15.517 
Z slice  24 done:  10/04/18 10:37:16.598 
Z slice  25 done:  10/04/18 10:37:20.313 
Z slice  25 done:  10/04/18 10:37:22.516 
Z slice  25 done:  10/04/18 10:37:38.947 
Z slice  26 done:  10/04/18 10:38:03.427 
Z slice  25 done:  10/04/18 10:38:10.919 
Z slice  26 done:  10/04/18 10:38:12.985 
Z slice  26 done:  10/04/18 10:38:14.635 
Z slice  26 done:  10/04/18 10:38:15.367 
Z slice  26 done:  10/04/18 10:38:37.674 
Z slice  27 done:  10/04/18 10:38:57.665 
Z slice  26 done:  10/04/18 10:39:05.160 
Z slice  27 done:  10/04/18 10:39:11.575 
Z slice  27 done:  10/04/18 10:39:12.257 
Z slice  27 done:  10/04/18 10:39:14.071 
Z slice  27 done:  10/04/18 10:39:32.060 
Z slice  28 done:  10/04/18 10:39:52.102 
Z slice  27 done:  10/04/18 10:39:58.407 
Z slice  28 done:  10/04/18 10:40:04.545 
Z slice  28 done:  10/04/18 10:40:05.215 
Z slice  28 done:  10/04/18 10:40:10.606 
Z slice  28 done:  10/04/18 10:40:25.249 
Z slice  29 done:  10/04/18 10:40:48.095 
Z slice  28 done:  10/04/18 10:40:56.024 
Z slice  29 done:  10/04/18 10:41:00.174 
Z slice  29 done:  10/04/18 10:41:05.059 
Z slice  29 done:  10/04/18 10:41:06.911 
Z slice  29 done:  10/04/18 10:41:22.658 
Z slice  30 done:  10/04/18 10:41:48.119 
Z slice  29 done:  10/04/18 10:41:56.740 
Z slice  30 done:  10/04/18 10:41:57.966 
Z slice  30 done:  10/04/18 10:42:04.472 
Z slice  30 done:  10/04/18 10:42:04.817 
Z slice  30 done:  10/04/18 10:42:15.902 
Z slice  31 done:  10/04/18 10:42:47.825 
Z slice  30 done:  10/04/18 10:42:52.468 
Z slice  31 done:  10/04/18 10:42:53.054 
Z slice  31 done:  10/04/18 10:42:59.645 
Z slice  31 done:  10/04/18 10:43:00.999 
Z slice  31 done:  10/04/18 10:43:12.190 
Z slice  31 done:  10/04/18 10:43:47.202 
Z slice  32 done:  10/04/18 10:43:49.019 
Z slice  32 done:  10/04/18 10:43:51.459 
Z slice  32 done:  10/04/18 10:43:54.788 
Z slice  32 done:  10/04/18 10:43:56.313 
Z slice  32 done:  10/04/18 10:44:07.596 
Z slice  32 done:  10/04/18 10:44:41.340 
Z slice  33 done:  10/04/18 10:44:45.339 
Z slice  33 done:  10/04/18 10:44:48.191 
Z slice  33 done:  10/04/18 10:44:49.549 
Z slice  33 done:  10/04/18 10:44:53.253 
Z slice  33 done:  10/04/18 10:45:04.711 
Z slice  33 done:  10/04/18 10:45:36.638 
Z slice  34 done:  10/04/18 10:45:40.090 
Z slice  34 done:  10/04/18 10:45:43.187 
Z slice  34 done:  10/04/18 10:45:43.440 
Z slice  34 done:  10/04/18 10:45:48.668 
Z slice  34 done:  10/04/18 10:45:57.543 
Z slice  34 done:  10/04/18 10:46:30.362 
Z slice  35 done:  10/04/18 10:46:36.155 
Z slice  35 done:  10/04/18 10:46:38.752 
Z slice  35 done:  10/04/18 10:46:40.158 
Z slice  35 done:  10/04/18 10:46:45.108 
Z slice  35 done:  10/04/18 10:46:51.857 
Z slice  35 done:  10/04/18 10:47:29.649 
Z slice  36 done:  10/04/18 10:47:31.037 
Z slice  36 done:  10/04/18 10:47:35.505 
Z slice  36 done:  10/04/18 10:47:40.461 
Z slice  36 done:  10/04/18 10:47:42.604 
Z slice  36 done:  10/04/18 10:47:47.430 
Z slice  36 done:  10/04/18 10:48:24.344 
Z slice  37 done:  10/04/18 10:48:25.370 
Z slice  37 done:  10/04/18 10:48:29.182 
Z slice  37 done:  10/04/18 10:48:33.539 
Z slice  37 done:  10/04/18 10:48:36.207 
Z slice  37 done:  10/04/18 10:48:43.421 
Z slice  37 done:  10/04/18 10:49:18.492 
Z slice  38 done:  10/04/18 10:49:19.476 
Z slice  38 done:  10/04/18 10:49:23.936 
Z slice  38 done:  10/04/18 10:49:27.475 
Z slice  38 done:  10/04/18 10:49:30.011 
Z slice  38 done:  10/04/18 10:49:37.685 
Z slice  39 done:  10/04/18 10:50:11.961 
Z slice  38 done:  10/04/18 10:50:16.649 
Z slice  39 done:  10/04/18 10:50:18.131 
Z slice  39 done:  10/04/18 10:50:21.924 
Z slice  39 done:  10/04/18 10:50:24.878 
Z slice  39 done:  10/04/18 10:50:30.379 
Z slice  40 done:  10/04/18 10:51:05.456 
Z slice  40 done:  10/04/18 10:51:12.010 
Z slice  40 done:  10/04/18 10:51:15.791 
Z slice  39 done:  10/04/18 10:51:18.346 
Z slice  40 done:  10/04/18 10:51:20.015 
Z slice  40 done:  10/04/18 10:51:23.927 
Z slice  41 done:  10/04/18 10:51:57.986 
Z slice  41 done:  10/04/18 10:52:04.702 
Z slice  41 done:  10/04/18 10:52:09.418 
Z slice  40 done:  10/04/18 10:52:12.700 
Z slice  41 done:  10/04/18 10:52:14.223 
Z slice  41 done:  10/04/18 10:52:16.605 
Z slice  42 done:  10/04/18 10:52:52.304 
Z slice  42 done:  10/04/18 10:52:59.388 
Z slice  41 done:  10/04/18 10:53:04.874 
Z slice  42 done:  10/04/18 10:53:06.348 
Z slice  42 done:  10/04/18 10:53:07.161 
Z slice  42 done:  10/04/18 10:53:10.306 
Z slice  43 done:  10/04/18 10:53:48.988 
Z slice  43 done:  10/04/18 10:53:51.479 
Z slice  42 done:  10/04/18 10:53:57.910 
Z slice  43 done:  10/04/18 10:53:59.191 
Z slice  43 done:  10/04/18 10:53:59.284 
Z slice  43 done:  10/04/18 10:54:06.632 
Z slice  44 done:  10/04/18 10:54:42.287 
Z slice  44 done:  10/04/18 10:54:45.062 
Z slice  43 done:  10/04/18 10:54:51.052 
Z slice  44 done:  10/04/18 10:54:54.490 
Z slice  44 done:  10/04/18 10:54:54.679 
Z slice  44 done:  10/04/18 10:55:07.618 
Z slice  45 done:  10/04/18 10:55:34.976 
Z slice  45 done:  10/04/18 10:55:39.830 
Z slice  44 done:  10/04/18 10:55:45.762 
Z slice  45 done:  10/04/18 10:55:52.596 
Z slice  45 done:  10/04/18 10:55:52.840 
Z slice  45 done:  10/04/18 10:56:02.593 
Z slice  46 done:  10/04/18 10:56:28.799 
Z slice  46 done:  10/04/18 10:56:34.087 
Z slice  45 done:  10/04/18 10:56:39.392 
Z slice  46 done:  10/04/18 10:56:45.987 
Z slice  46 done:  10/04/18 10:56:50.003 
Z slice  46 done:  10/04/18 10:56:55.974 
Z slice  47 done:  10/04/18 10:57:21.545 
Z slice  47 done:  10/04/18 10:57:28.205 
Z slice  46 done:  10/04/18 10:57:36.793 
Z slice  47 done:  10/04/18 10:57:41.370 
Z slice  47 done:  10/04/18 10:57:48.162 
Z slice  47 done:  10/04/18 10:57:48.623 
Z slice  48 done:  10/04/18 10:58:14.189 
Z slice  48 done:  10/04/18 10:58:19.750 
Z slice  47 done:  10/04/18 10:58:29.515 
Z slice  48 done:  10/04/18 10:58:38.666 
Z slice  48 done:  10/04/18 10:58:46.418 
Z slice  48 done:  10/04/18 10:58:47.646 
Z slice  49 done:  10/04/18 10:59:09.852 
Z slice  49 done:  10/04/18 10:59:17.330 
Z slice  48 done:  10/04/18 10:59:23.284 
Z slice  49 done:  10/04/18 10:59:33.957 
Z slice  49 done:  10/04/18 10:59:41.226 
Z slice  49 done:  10/04/18 10:59:46.865 
Z slice  50 done:  10/04/18 11:00:05.621 
Z slice  50 done:  10/04/18 11:00:14.254 
Z slice  49 done:  10/04/18 11:00:17.374 
Z slice  50 done:  10/04/18 11:00:30.096 
Z slice  50 done:  10/04/18 11:00:40.425 
Z slice  50 done:  10/04/18 11:00:44.375 
Z slice  51 done:  10/04/18 11:01:05.014 
Z slice  51 done:  10/04/18 11:01:07.796 
Z slice  50 done:  10/04/18 11:01:10.998 
Z slice  51 done:  10/04/18 11:01:26.707 
Z slice  51 done:  10/04/18 11:01:40.831 
Z slice  51 done:  10/04/18 11:01:44.215 
Z slice  52 done:  10/04/18 11:01:57.950 
Z slice  52 done:  10/04/18 11:02:05.187 
Z slice  51 done:  10/04/18 11:02:06.992 
Z slice  52 done:  10/04/18 11:02:20.613 
Z slice  52 done:  10/04/18 11:02:34.610 
Z slice  52 done:  10/04/18 11:02:42.065 
Z slice  53 done:  10/04/18 11:02:54.332 
Z slice  53 done:  10/04/18 11:03:02.354 
Z slice  52 done:  10/04/18 11:03:02.808 
Z slice  53 done:  10/04/18 11:03:13.181 
Z slice  53 done:  10/04/18 11:03:28.409 
Z slice  53 done:  10/04/18 11:03:33.865 
Z slice  54 done:  10/04/18 11:03:45.736 
Z slice  53 done:  10/04/18 11:03:55.758 
Z slice  54 done:  10/04/18 11:03:58.454 
Z slice  54 done:  10/04/18 11:04:10.150 
Z slice  54 done:  10/04/18 11:04:20.542 
Z slice  54 done:  10/04/18 11:04:25.682 
Z slice  55 done:  10/04/18 11:04:39.580 
Z slice  54 done:  10/04/18 11:04:47.197 
Z slice  55 done:  10/04/18 11:04:49.449 
Z slice  55 done:  10/04/18 11:05:03.525 
Z slice  55 done:  10/04/18 11:05:14.997 
Z slice  55 done:  10/04/18 11:05:18.734 
Z slice  56 done:  10/04/18 11:05:32.953 
Z slice  55 done:  10/04/18 11:05:40.476 
Z slice  56 done:  10/04/18 11:05:43.209 
Z slice  56 done:  10/04/18 11:05:55.535 
Z slice  56 done:  10/04/18 11:06:07.567 
Z slice  56 done:  10/04/18 11:06:12.026 
Z slice  57 done:  10/04/18 11:06:22.666 
Z slice  57 done:  10/04/18 11:06:32.292 
Z slice  56 done:  10/04/18 11:06:33.541 
Z slice  57 done:  10/04/18 11:06:46.625 
Z slice  57 done:  10/04/18 11:06:57.733 
Z slice  57 done:  10/04/18 11:07:04.829 
Z slice  58 done:  10/04/18 11:07:14.034 
Z slice  58 done:  10/04/18 11:07:21.849 
Z slice  57 done:  10/04/18 11:07:25.201 
Z slice  58 done:  10/04/18 11:07:40.520 
Z slice  58 done:  10/04/18 11:07:48.103 
Z slice  58 done:  10/04/18 11:07:58.014 
Z slice  59 done:  10/04/18 11:08:03.835 
Z slice  59 done:  10/04/18 11:08:09.425 
Z slice  58 done:  10/04/18 11:08:15.973 
Z slice  59 done:  10/04/18 11:08:29.407 
Z slice  59 done:  10/04/18 11:08:36.879 
Z slice  59 done:  10/04/18 11:08:48.124 
Z slice  60 done:  10/04/18 11:08:52.481 
Z slice  60 done:  10/04/18 11:08:57.479 
Z slice  59 done:  10/04/18 11:09:05.750 
Z slice  60 done:  10/04/18 11:09:17.489 
Z slice  60 done:  10/04/18 11:09:25.974 
Z slice  60 done:  10/04/18 11:09:36.135 
Z slice  61 done:  10/04/18 11:09:40.219 
Z slice  61 done:  10/04/18 11:09:48.292 
Z slice  60 done:  10/04/18 11:09:54.804 
Z slice  61 done:  10/04/18 11:10:03.845 
Z slice  61 done:  10/04/18 11:10:12.515 
Z slice  61 done:  10/04/18 11:10:26.749 
Z slice  62 done:  10/04/18 11:10:27.534 
Z slice  62 done:  10/04/18 11:10:37.535 
Z slice  61 done:  10/04/18 11:10:45.413 
Z slice  62 done:  10/04/18 11:10:50.345 
Z slice  62 done:  10/04/18 11:11:01.296 
Z slice  63 done:  10/04/18 11:11:13.985 
Z slice  62 done:  10/04/18 11:11:16.589 
Z slice  63 done:  10/04/18 11:11:25.149 
Z slice  62 done:  10/04/18 11:11:33.495 
Z slice  63 done:  10/04/18 11:11:38.277 
Z slice  63 done:  10/04/18 11:11:49.100 
Z slice  64 done:  10/04/18 11:11:58.657 
Z slice  63 done:  10/04/18 11:12:00.100 
Z slice  64 done:  10/04/18 11:12:12.745 
Z slice  63 done:  10/04/18 11:12:22.629 
Z slice  64 done:  10/04/18 11:12:25.659 
Z slice  64 done:  10/04/18 11:12:33.863 
Z slice  65 done:  10/04/18 11:12:42.890 
Z slice  64 done:  10/04/18 11:12:44.872 
Z slice  65 done:  10/04/18 11:12:57.108 
Z slice  64 done:  10/04/18 11:13:06.693 
Z slice  65 done:  10/04/18 11:13:13.750 
Z slice  65 done:  10/04/18 11:13:16.478 
Z slice  66 done:  10/04/18 11:13:23.911 
Z slice  65 done:  10/04/18 11:13:27.702 
Z slice  66 done:  10/04/18 11:13:40.085 
Z slice  65 done:  10/04/18 11:13:49.988 
Z slice  66 done:  10/04/18 11:13:56.476 
Z slice  66 done:  10/04/18 11:13:57.942 
Z slice  67 done:  10/04/18 11:14:03.510 
Z slice  66 done:  10/04/18 11:14:07.358 
Z slice  67 done:  10/04/18 11:14:19.459 
Z slice  66 done:  10/04/18 11:14:34.629 
Z slice  67 done:  10/04/18 11:14:38.683 
Z slice  67 done:  10/04/18 11:14:42.472 
Z slice  68 done:  10/04/18 11:14:45.353 
Z slice  67 done:  10/04/18 11:14:47.269 
Z slice  68 done:  10/04/18 11:14:57.940 
Z slice  68 done:  10/04/18 11:15:17.700 
Z slice  67 done:  10/04/18 11:15:18.250 
Z slice  68 done:  10/04/18 11:15:21.529 
Z slice  69 done:  10/04/18 11:15:22.741 
Z slice  68 done:  10/04/18 11:15:25.534 
Z slice  69 done:  10/04/18 11:15:31.770 
Z slice  69 done:  10/04/18 11:15:53.510 
Z slice  68 done:  10/04/18 11:15:58.283 
Z slice  70 done:  10/04/18 11:15:58.870 
Z slice  69 done:  10/04/18 11:16:01.081 
Z slice  69 done:  10/04/18 11:16:01.829 
Z slice  70 done:  10/04/18 11:16:05.201 
Z slice  71 done:  10/04/18 11:16:32.209 
Z slice  70 done:  10/04/18 11:16:33.879 
Z slice  70 done:  10/04/18 11:16:34.417 
Z slice  71 done:  10/04/18 11:16:35.471 
Z slice  69 done:  10/04/18 11:16:36.352 
Z slice  70 done:  10/04/18 11:16:39.282 
Z slice  72 done:  10/04/18 11:17:02.801 
Z slice  72 done:  10/04/18 11:17:04.484 
Z slice  71 done:  10/04/18 11:17:06.207 
Z slice  71 done:  10/04/18 11:17:07.349 
Z slice  70 done:  10/04/18 11:17:09.337 
Z slice  71 done:  10/04/18 11:17:11.510 
Z slice  73 done:  10/04/18 11:17:27.876 
Z slice  73 done:  10/04/18 11:17:30.938 
Z slice  72 done:  10/04/18 11:17:36.327 
Z slice  72 done:  10/04/18 11:17:37.463 
Z slice  72 done:  10/04/18 11:17:38.671 
Z slice  71 done:  10/04/18 11:17:41.788 
Z slice  74 done:  10/04/18 11:17:50.950 
Z slice  74 done:  10/04/18 11:17:57.512 
Z slice  73 done:  10/04/18 11:18:01.634 
Z slice  73 done:  10/04/18 11:18:02.070 
Z slice  73 done:  10/04/18 11:18:04.906 
Z slice  75 done:  10/04/18 11:18:06.211 
Z slice  72 done:  10/04/18 11:18:12.073 
Z slice  75 done:  10/04/18 11:18:12.098 
Z slice  76 done:  10/04/18 11:18:20.149 
Z slice  74 done:  10/04/18 11:18:24.108 
Z slice  76 done:  10/04/18 11:18:24.859 
Z slice  74 done:  10/04/18 11:18:27.797 
Z slice  77 done:  10/04/18 11:18:28.993 
Z slice  74 done:  10/04/18 11:18:29.311 
Z slice  78 done:  10/04/18 11:18:29.570 
Z slice  79 done:  10/04/18 11:18:30.171 
Z slice  80 done:  10/04/18 11:18:30.651 
Z slice  81 done:  10/04/18 11:18:31.020 
Z slice  82 done:  10/04/18 11:18:31.625 
Z slice  83 done:  10/04/18 11:18:32.064 
Z slice  84 done:  10/04/18 11:18:32.702 
Z slice  77 done:  10/04/18 11:18:33.111 
Z slice  85 done:  10/04/18 11:18:33.484 
Z slice  78 done:  10/04/18 11:18:33.654 
Z slice  79 done:  10/04/18 11:18:34.187 
Z slice  86 done:  10/04/18 11:18:34.268 
Z slice  87 done:  10/04/18 11:18:34.684 
Z slice  80 done:  10/04/18 11:18:34.872 
Z slice  81 done:  10/04/18 11:18:35.307 
Z slice  88 done:  10/04/18 11:18:35.322 
Z slice  89 done:  10/04/18 11:18:35.885 
Z slice  82 done:  10/04/18 11:18:35.951 
Z slice  90 done:  10/04/18 11:18:36.497 
Z slice  83 done:  10/04/18 11:18:36.574 
Z slice  91 done:  10/04/18 11:18:37.138 
Z slice  84 done:  10/04/18 11:18:37.238 
Z slice  85 done:  10/04/18 11:18:37.974 
Z slice  73 done:  10/04/18 11:18:37.985 
Z slice  75 done:  10/04/18 11:18:38.765 
Z slice  86 done:  10/04/18 11:18:38.853 
Z slice  87 done:  10/04/18 11:18:39.399 
Z slice  88 done:  10/04/18 11:18:39.862 
Z slice  89 done:  10/04/18 11:18:40.517 
Z slice  90 done:  10/04/18 11:18:41.211 
Z slice  91 done:  10/04/18 11:18:41.783 
Z slice  75 done:  10/04/18 11:18:44.147 
Z slice  75 done:  10/04/18 11:18:44.690 

Congratulations! You have got an output OutcomesXContext_nopmod_higherlever+tlrc.

Z slice  76 done:  10/04/18 11:18:51.023 

Congratulations! You have got an output OutcomesXContext_nopmod_higherlever+tlrc.

Z slice  76 done:  10/04/18 11:18:58.442 
Z slice  77 done:  10/04/18 11:18:58.890 
Z slice  76 done:  10/04/18 11:18:59.487 
Z slice  78 done:  10/04/18 11:18:59.496 
Z slice  79 done:  10/04/18 11:19:00.051 
Z slice  80 done:  10/04/18 11:19:00.527 
Z slice  81 done:  10/04/18 11:19:00.921 
Z slice  82 done:  10/04/18 11:19:01.478 
Z slice  83 done:  10/04/18 11:19:02.003 
Z slice  84 done:  10/04/18 11:19:02.458 
Z slice  74 done:  10/04/18 11:19:03.027 
Z slice  85 done:  10/04/18 11:19:03.173 
Z slice  86 done:  10/04/18 11:19:03.878 
Z slice  87 done:  10/04/18 11:19:04.429 
Z slice  88 done:  10/04/18 11:19:04.978 
Z slice  89 done:  10/04/18 11:19:05.557 
Z slice  77 done:  10/04/18 11:19:06.144 
Z slice  90 done:  10/04/18 11:19:06.192 
Z slice  78 done:  10/04/18 11:19:06.759 
Z slice  91 done:  10/04/18 11:19:06.827 
Z slice  77 done:  10/04/18 11:19:07.128 
Z slice  79 done:  10/04/18 11:19:07.322 
Z slice  80 done:  10/04/18 11:19:07.778 
Z slice  78 done:  10/04/18 11:19:07.812 
Z slice  81 done:  10/04/18 11:19:08.133 
Z slice  79 done:  10/04/18 11:19:08.377 
Z slice  82 done:  10/04/18 11:19:08.728 
Z slice  80 done:  10/04/18 11:19:09.131 
Z slice  83 done:  10/04/18 11:19:09.333 
Z slice  81 done:  10/04/18 11:19:09.565 
Z slice  82 done:  10/04/18 11:19:09.943 
Z slice  84 done:  10/04/18 11:19:10.028 
Z slice  83 done:  10/04/18 11:19:10.522 
Z slice  85 done:  10/04/18 11:19:10.753 
Z slice  84 done:  10/04/18 11:19:10.993 
Z slice  86 done:  10/04/18 11:19:11.713 
Z slice  85 done:  10/04/18 11:19:11.826 
Z slice  87 done:  10/04/18 11:19:12.198 
Z slice  88 done:  10/04/18 11:19:12.805 
Z slice  86 done:  10/04/18 11:19:12.989 
Z slice  89 done:  10/04/18 11:19:13.388 
Z slice  87 done:  10/04/18 11:19:13.398 
Z slice  90 done:  10/04/18 11:19:13.979 
Z slice  88 done:  10/04/18 11:19:14.003 
Z slice  89 done:  10/04/18 11:19:14.614 
Z slice  91 done:  10/04/18 11:19:14.718 
Z slice  90 done:  10/04/18 11:19:15.206 
Z slice  91 done:  10/04/18 11:19:15.763 

Congratulations! You have got an output OutcomesXContext_nopmod_higherlever+tlrc.

Z slice  75 done:  10/04/18 11:19:19.576 

Congratulations! You have got an output OutcomesXContext_nopmod_higherlever+tlrc.


Congratulations! You have got an output OutcomesXContext_nopmod_higherlever+tlrc.

Z slice  76 done:  10/04/18 11:19:33.163 
Z slice  77 done:  10/04/18 11:19:41.784 
Z slice  78 done:  10/04/18 11:19:42.272 
Z slice  79 done:  10/04/18 11:19:42.573 
Z slice  80 done:  10/04/18 11:19:42.902 
Z slice  81 done:  10/04/18 11:19:43.227 
Z slice  82 done:  10/04/18 11:19:43.566 
Z slice  83 done:  10/04/18 11:19:44.112 
Z slice  84 done:  10/04/18 11:19:44.504 
Z slice  85 done:  10/04/18 11:19:44.961 
Z slice  86 done:  10/04/18 11:19:45.530 
Z slice  87 done:  10/04/18 11:19:46.072 
Z slice  88 done:  10/04/18 11:19:46.605 
Z slice  89 done:  10/04/18 11:19:47.010 
Z slice  90 done:  10/04/18 11:19:47.570 
Z slice  91 done:  10/04/18 11:19:48.118 

Congratulations! You have got an output OutcomesXContext_nopmod_higherlever+tlrc.

