Running batch job
   /gpfs/projects/dsnlab/shared/tds/TDS_scripts/fMRI/fx/models/ylg/contrasts/sid_batches/fx_ylg_allconds_nopmod_cons/fx_ylg_allconds_nopmod336.mat

                            < M A T L A B (R) >
                  Copyright 1984-2017 The MathWorks, Inc.
                   R2017b (9.3.0.713579) 64-bit (glnxa64)
                             September 14, 2017

 
To get started, type one of these: helpwin, helpdesk, or demo.
For product information, visit www.mathworks.com.
 


------------------------------------------------------------------------
Running job #1
------------------------------------------------------------------------
Running 'Contrast Manager'

SPM12: spm_contrasts.m                             13:03:17 - 02/10/2018
========================================================================
Failed  'Contrast Manager'
Error using spm_run_con (line 23)
Failed to change directory /projects/dsnlab/shared/tds/fMRI/analysis/fx/models/ylg/fx_ylg_allconds_nonorth_nopmod/336.
In file "/gpfs/projects/dsnlab/shared/SPM12/config/spm_run_con.m" (v6764), function "spm_run_con" at line 23.

No executable modules, but still unresolved dependencies or incomplete module inputs.
The following modules did not run:
Failed: Contrast Manager
Skipped: Results Report

{Error using MATLABbatch system
Job execution failed. The full log of this run can be found in MATLAB command
window, starting with the lines (look for the line showing the exact #job as
displayed in this error message)
------------------
Running job #1
------------------
} 
