-------------------------------------------------------------------------------
tds2
Running /projects/dsnlab/tds/TDS_scripts/fMRI/templates/masks/spm/tds2/tds2_gw_groupAverage_optthresh_job.m
-------------------------------------------------------------------------------

                            < M A T L A B (R) >
                  Copyright 1984-2016 The MathWorks, Inc.
                   R2016b (9.1.0.441655) 64-bit (glnxa64)
                             September 7, 2016

 
To get started, type one of these: helpwin, helpdesk, or demo.
For product information, visit www.mathworks.com.
 


------------------------------------------------------------------------
Running job #1
------------------------------------------------------------------------
Running 'File Selector (Batch Mode)'
Done    'File Selector (Batch Mode)'
Running 'Image Calculator'

SPM12: spm_imcalc (v6124)                          12:33:35 - 19/05/2017
========================================================================
ImCalc Image: /projects/dsnlab/tds/fMRI/analysis/masks/tds2/tds2_gw_smoothed_group_average.nii
Done    'Image Calculator'
Running 'Optimal Thresholding'
Maximal correlation of 0.971219 found with threshold of 0.412056

SPM12: spm_imcalc (v6124)                          12:33:43 - 19/05/2017
========================================================================
Done    'Optimal Thresholding'
Done

