-------------------------------------------------------------------------------
101
Running /projects/dsnlab/tds/TDS_scripts/fMRI/gPPI/wrapperHandling/hpc_ppi_wrapper_20170720_ylg.m
-------------------------------------------------------------------------------

                            < M A T L A B (R) >
                  Copyright 1984-2016 The MathWorks, Inc.
                   R2016b (9.1.0.441655) 64-bit (glnxa64)
                             September 7, 2016

 
To get started, type one of these: helpwin, helpdesk, or demo.
For product information, visit www.mathworks.com.
 
Duplicate application tag in applications 'SPM' and 'SPM'.
Duplicate application tag in applications 'BasicIO' and 'BasicIO'.
{Error using save
Variable 'matlabbatch' not found.

Error in make_sid_matlabbatch (line 21)
save(fullfile(outdirfull,strcat(num2str(sub),'_',outfile,'.mat')),'matlabbatch');

Error in run (line 96)
evalin('caller', [script ';']);
} 
>> Duplicate application tag in applications 'SPM' and 'SPM'.
Duplicate application tag in applications 'BasicIO' and 'BasicIO'.
Duplicate application tag in applications 'SPM' and 'SPM'.
Duplicate application tag in applications 'BasicIO' and 'BasicIO'.
