

Note that the PRL tree is NOT supported by RACS.

Please contact user at sameer@cs.uoregon.edu for questions regarding this tree.

Loading required package: nlme
Loading required package: phia
Loading required package: car
[7m*+ WARNING:[0m file /projects/dsnlab/shared/tds/fMRI/analysis/fx/models/ylg/fx_ylg_allconds_nonorth_nopmod_tds1/302/con_0003.nii: corrected 682415 float errors
[7m*+ WARNING:[0m file /projects/dsnlab/shared/tds/fMRI/analysis/fx/models/ylg/fx_ylg_allconds_nonorth_nopmod_tds1/302/con_0003.nii: corrected 682415 float errors
[7m*+ WARNING:[0m file /projects/dsnlab/shared/tds/fMRI/analysis/fx/models/ylg/fx_ylg_allconds_nonorth_nopmod_tds1/302/con_0013.nii: corrected 682415 float errors
[7m*+ WARNING:[0m file /projects/dsnlab/shared/tds/fMRI/analysis/fx/models/ylg/fx_ylg_allconds_nonorth_nopmod_tds1/302/con_0023.nii: corrected 682415 float errors
[7m*+ WARNING:[0m file /projects/dsnlab/shared/tds/fMRI/analysis/fx/models/ylg/fx_ylg_allconds_nonorth_nopmod_tds1/302/con_0002.nii: corrected 682415 float errors
[7m*+ WARNING:[0m file /projects/dsnlab/shared/tds/fMRI/analysis/fx/models/ylg/fx_ylg_allconds_nonorth_nopmod_tds1/302/con_0012.nii: corrected 682415 float errors
[7m*+ WARNING:[0m file /projects/dsnlab/shared/tds/fMRI/analysis/fx/models/ylg/fx_ylg_allconds_nonorth_nopmod_tds1/302/con_0022.nii: corrected 682415 float errors
[7m*+ WARNING:[0m file /projects/dsnlab/shared/tds/fMRI/analysis/fx/models/ylg/fx_ylg_allconds_nonorth_nopmod_tds1/303/con_0003.nii: corrected 682415 float errors
[7m*+ WARNING:[0m file /projects/dsnlab/shared/tds/fMRI/analysis/fx/models/ylg/fx_ylg_allconds_nonorth_nopmod_tds1/303/con_0013.nii: corrected 682415 float errors
[7m*+ WARNING:[0m file /projects/dsnlab/shared/tds/fMRI/analysis/fx/models/ylg/fx_ylg_allconds_nonorth_nopmod_tds1/303/con_0023.nii: corrected 682415 float errors
[7m*+ WARNING:[0m file /projects/dsnlab/shared/tds/fMRI/analysis/fx/models/ylg/fx_ylg_allconds_nonorth_nopmod_tds1/303/con_0002.nii: corrected 682415 float errors
[7m*+ WARNING:[0m file /projects/dsnlab/shared/tds/fMRI/analysis/fx/models/ylg/fx_ylg_allconds_nonorth_nopmod_tds1/303/con_0012.nii: corrected 682415 float errors
[7m*+ WARNING:[0m file /projects/dsnlab/shared/tds/fMRI/analysis/fx/models/ylg/fx_ylg_allconds_nonorth_nopmod_tds1/303/con_0022.nii: corrected 682415 float errors
[7m*+ WARNING:[0m file /projects/dsnlab/shared/tds/fMRI/analysis/fx/models/ylg/fx_ylg_allconds_nonorth_nopmod_tds1/306/con_0003.nii: corrected 682415 float errors
[7m*+ WARNING:[0m file /projects/dsnlab/shared/tds/fMRI/analysis/fx/models/ylg/fx_ylg_allconds_nonorth_nopmod_tds1/306/con_0013.nii: corrected 682415 float errors
[7m*+ WARNING:[0m file /projects/dsnlab/shared/tds/fMRI/analysis/fx/models/ylg/fx_ylg_allconds_nonorth_nopmod_tds1/306/con_0023.nii: corrected 682415 float errors
[7m*+ WARNING:[0m file /projects/dsnlab/shared/tds/fMRI/analysis/fx/models/ylg/fx_ylg_allconds_nonorth_nopmod_tds1/306/con_0002.nii: corrected 682415 float errors
[7m*+ WARNING:[0m file /projects/dsnlab/shared/tds/fMRI/analysis/fx/models/ylg/fx_ylg_allconds_nonorth_nopmod_tds1/306/con_0012.nii: corrected 682415 float errors
[7m*+ WARNING:[0m file /projects/dsnlab/shared/tds/fMRI/analysis/fx/models/ylg/fx_ylg_allconds_nonorth_nopmod_tds1/306/con_0022.nii: corrected 682415 float errors
[7m*+ WARNING:[0m file /projects/dsnlab/shared/tds/fMRI/analysis/fx/models/ylg/fx_ylg_allconds_nonorth_nopmod_tds1/307/con_0003.nii: corrected 682415 float errors
[7m*+ WARNING:[0m file /projects/dsnlab/shared/tds/fMRI/analysis/fx/models/ylg/fx_ylg_allconds_nonorth_nopmod_tds1/307/con_0013.nii: corrected 682415 float errors
[7m*+ WARNING:[0m file /projects/dsnlab/shared/tds/fMRI/analysis/fx/models/ylg/fx_ylg_allconds_nonorth_nopmod_tds1/307/con_0023.nii: corrected 682415 float errors
[7m*+ WARNING:[0m file /projects/dsnlab/shared/tds/fMRI/analysis/fx/models/ylg/fx_ylg_allconds_nonorth_nopmod_tds1/307/con_0002.nii: corrected 682415 float errors
[7m*+ WARNING:[0m file /projects/dsnlab/shared/tds/fMRI/analysis/fx/models/ylg/fx_ylg_allconds_nonorth_nopmod_tds1/307/con_0012.nii: corrected 682415 float errors
[7m*+ WARNING:[0m file /projects/dsnlab/shared/tds/fMRI/analysis/fx/models/ylg/fx_ylg_allconds_nonorth_nopmod_tds1/307/con_0022.nii: corrected 682415 float errors
[7m*+ WARNING:[0m file /projects/dsnlab/shared/tds/fMRI/analysis/fx/models/ylg/fx_ylg_allconds_nonorth_nopmod_tds1/308/con_0003.nii: corrected 682415 float errors
[7m*+ WARNING:[0m file /projects/dsnlab/shared/tds/fMRI/analysis/fx/models/ylg/fx_ylg_allconds_nonorth_nopmod_tds1/308/con_0013.nii: corrected 682415 float errors
[7m*+ WARNING:[0m file /projects/dsnlab/shared/tds/fMRI/analysis/fx/models/ylg/fx_ylg_allconds_nonorth_nopmod_tds1/308/con_0023.nii: corrected 682415 float errors
[7m*+ WARNING:[0m file /projects/dsnlab/shared/tds/fMRI/analysis/fx/models/ylg/fx_ylg_allconds_nonorth_nopmod_tds1/308/con_0002.nii: corrected 682415 float errors
[7m*+ WARNING:[0m file /projects/dsnlab/shared/tds/fMRI/analysis/fx/models/ylg/fx_ylg_allconds_nonorth_nopmod_tds1/308/con_0012.nii: corrected 682415 float errors
[7m*+ WARNING:[0m file /projects/dsnlab/shared/tds/fMRI/analysis/fx/models/ylg/fx_ylg_allconds_nonorth_nopmod_tds1/308/con_0022.nii: corrected 682415 float errors
[7m*+ WARNING:[0m file /projects/dsnlab/shared/tds/fMRI/analysis/fx/models/ylg/fx_ylg_allconds_nonorth_nopmod_tds1/309/con_0003.nii: corrected 682415 float errors
[7m*+ WARNING:[0m file /projects/dsnlab/shared/tds/fMRI/analysis/fx/models/ylg/fx_ylg_allconds_nonorth_nopmod_tds1/309/con_0013.nii: corrected 682415 float errors
[7m*+ WARNING:[0m file /projects/dsnlab/shared/tds/fMRI/analysis/fx/models/ylg/fx_ylg_allconds_nonorth_nopmod_tds1/309/con_0023.nii: corrected 682415 float errors
[7m*+ WARNING:[0m file /projects/dsnlab/shared/tds/fMRI/analysis/fx/models/ylg/fx_ylg_allconds_nonorth_nopmod_tds1/309/con_0002.nii: corrected 682415 float errors
[7m*+ WARNING:[0m file /projects/dsnlab/shared/tds/fMRI/analysis/fx/models/ylg/fx_ylg_allconds_nonorth_nopmod_tds1/309/con_0012.nii: corrected 682415 float errors
[7m*+ WARNING:[0m file /projects/dsnlab/shared/tds/fMRI/analysis/fx/models/ylg/fx_ylg_allconds_nonorth_nopmod_tds1/309/con_0022.nii: corrected 682415 float errors
[7m*+ WARNING:[0m file /projects/dsnlab/shared/tds/fMRI/analysis/fx/models/ylg/fx_ylg_allconds_nonorth_nopmod_tds1/310/con_0003.nii: corrected 682415 float errors
[7m*+ WARNING:[0m file /projects/dsnlab/shared/tds/fMRI/analysis/fx/models/ylg/fx_ylg_allconds_nonorth_nopmod_tds1/310/con_0013.nii: corrected 682415 float errors
[7m*+ WARNING:[0m file /projects/dsnlab/shared/tds/fMRI/analysis/fx/models/ylg/fx_ylg_allconds_nonorth_nopmod_tds1/310/con_0023.nii: corrected 682415 float errors
[7m*+ WARNING:[0m file /projects/dsnlab/shared/tds/fMRI/analysis/fx/models/ylg/fx_ylg_allconds_nonorth_nopmod_tds1/310/con_0002.nii: corrected 682415 float errors
[7m*+ WARNING:[0m file /projects/dsnlab/shared/tds/fMRI/analysis/fx/models/ylg/fx_ylg_allconds_nonorth_nopmod_tds1/310/con_0012.nii: corrected 682415 float errors
[7m*+ WARNING:[0m file /projects/dsnlab/shared/tds/fMRI/analysis/fx/models/ylg/fx_ylg_allconds_nonorth_nopmod_tds1/310/con_0022.nii: corrected 682415 float errors
[7m*+ WARNING:[0m file /projects/dsnlab/shared/tds/fMRI/analysis/fx/models/ylg/fx_ylg_allconds_nonorth_nopmod_tds1/312/con_0003.nii: corrected 682415 float errors
[7m*+ WARNING:[0m file /projects/dsnlab/shared/tds/fMRI/analysis/fx/models/ylg/fx_ylg_allconds_nonorth_nopmod_tds1/312/con_0013.nii: corrected 682415 float errors
[7m*+ WARNING:[0m file /projects/dsnlab/shared/tds/fMRI/analysis/fx/models/ylg/fx_ylg_allconds_nonorth_nopmod_tds1/312/con_0023.nii: corrected 682415 float errors
[7m*+ WARNING:[0m file /projects/dsnlab/shared/tds/fMRI/analysis/fx/models/ylg/fx_ylg_allconds_nonorth_nopmod_tds1/312/con_0002.nii: corrected 682415 float errors
[7m*+ WARNING:[0m file /projects/dsnlab/shared/tds/fMRI/analysis/fx/models/ylg/fx_ylg_allconds_nonorth_nopmod_tds1/312/con_0012.nii: corrected 682415 float errors
[7m*+ WARNING:[0m file /projects/dsnlab/shared/tds/fMRI/analysis/fx/models/ylg/fx_ylg_allconds_nonorth_nopmod_tds1/312/con_0022.nii: corrected 682415 float errors
[7m*+ WARNING:[0m file /projects/dsnlab/shared/tds/fMRI/analysis/fx/models/ylg/fx_ylg_allconds_nonorth_nopmod_tds1/313/con_0003.nii: corrected 682415 float errors
[7m*+ WARNING:[0m file /projects/dsnlab/shared/tds/fMRI/analysis/fx/models/ylg/fx_ylg_allconds_nonorth_nopmod_tds1/313/con_0013.nii: corrected 682415 float errors
[7m*+ WARNING:[0m file /projects/dsnlab/shared/tds/fMRI/analysis/fx/models/ylg/fx_ylg_allconds_nonorth_nopmod_tds1/313/con_0023.nii: corrected 682415 float errors
[7m*+ WARNING:[0m file /projects/dsnlab/shared/tds/fMRI/analysis/fx/models/ylg/fx_ylg_allconds_nonorth_nopmod_tds1/313/con_0002.nii: corrected 682415 float errors
[7m*+ WARNING:[0m file /projects/dsnlab/shared/tds/fMRI/analysis/fx/models/ylg/fx_ylg_allconds_nonorth_nopmod_tds1/313/con_0012.nii: corrected 682415 float errors
[7m*+ WARNING:[0m file /projects/dsnlab/shared/tds/fMRI/analysis/fx/models/ylg/fx_ylg_allconds_nonorth_nopmod_tds1/313/con_0022.nii: corrected 682415 float errors
[7m*+ WARNING:[0m file /projects/dsnlab/shared/tds/fMRI/analysis/fx/models/ylg/fx_ylg_allconds_nonorth_nopmod_tds1/314/con_0003.nii: corrected 682415 float errors
[7m*+ WARNING:[0m file /projects/dsnlab/shared/tds/fMRI/analysis/fx/models/ylg/fx_ylg_allconds_nonorth_nopmod_tds1/314/con_0013.nii: corrected 682415 float errors
[7m*+ WARNING:[0m file /projects/dsnlab/shared/tds/fMRI/analysis/fx/models/ylg/fx_ylg_allconds_nonorth_nopmod_tds1/314/con_0023.nii: corrected 682415 float errors
[7m*+ WARNING:[0m file /projects/dsnlab/shared/tds/fMRI/analysis/fx/models/ylg/fx_ylg_allconds_nonorth_nopmod_tds1/314/con_0002.nii: corrected 682415 float errors
[7m*+ WARNING:[0m file /projects/dsnlab/shared/tds/fMRI/analysis/fx/models/ylg/fx_ylg_allconds_nonorth_nopmod_tds1/314/con_0012.nii: corrected 682415 float errors
[7m*+ WARNING:[0m file /projects/dsnlab/shared/tds/fMRI/analysis/fx/models/ylg/fx_ylg_allconds_nonorth_nopmod_tds1/314/con_0022.nii: corrected 682415 float errors
[7m*+ WARNING:[0m file /projects/dsnlab/shared/tds/fMRI/analysis/fx/models/ylg/fx_ylg_allconds_nonorth_nopmod_tds1/316/con_0003.nii: corrected 682415 float errors
[7m*+ WARNING:[0m file /projects/dsnlab/shared/tds/fMRI/analysis/fx/models/ylg/fx_ylg_allconds_nonorth_nopmod_tds1/316/con_0013.nii: corrected 682415 float errors
[7m*+ WARNING:[0m file /projects/dsnlab/shared/tds/fMRI/analysis/fx/models/ylg/fx_ylg_allconds_nonorth_nopmod_tds1/316/con_0023.nii: corrected 682415 float errors
[7m*+ WARNING:[0m file /projects/dsnlab/shared/tds/fMRI/analysis/fx/models/ylg/fx_ylg_allconds_nonorth_nopmod_tds1/316/con_0002.nii: corrected 682415 float errors
[7m*+ WARNING:[0m file /projects/dsnlab/shared/tds/fMRI/analysis/fx/models/ylg/fx_ylg_allconds_nonorth_nopmod_tds1/316/con_0012.nii: corrected 682415 float errors
[7m*+ WARNING:[0m file /projects/dsnlab/shared/tds/fMRI/analysis/fx/models/ylg/fx_ylg_allconds_nonorth_nopmod_tds1/316/con_0022.nii: corrected 682415 float errors
[7m*+ WARNING:[0m file /projects/dsnlab/shared/tds/fMRI/analysis/fx/models/ylg/fx_ylg_allconds_nonorth_nopmod_tds1/317/con_0003.nii: corrected 682415 float errors
[7m*+ WARNING:[0m file /projects/dsnlab/shared/tds/fMRI/analysis/fx/models/ylg/fx_ylg_allconds_nonorth_nopmod_tds1/317/con_0013.nii: corrected 682415 float errors
[7m*+ WARNING:[0m file /projects/dsnlab/shared/tds/fMRI/analysis/fx/models/ylg/fx_ylg_allconds_nonorth_nopmod_tds1/317/con_0023.nii: corrected 682415 float errors
[7m*+ WARNING:[0m file /projects/dsnlab/shared/tds/fMRI/analysis/fx/models/ylg/fx_ylg_allconds_nonorth_nopmod_tds1/317/con_0002.nii: corrected 682415 float errors
[7m*+ WARNING:[0m file /projects/dsnlab/shared/tds/fMRI/analysis/fx/models/ylg/fx_ylg_allconds_nonorth_nopmod_tds1/317/con_0012.nii: corrected 682415 float errors
[7m*+ WARNING:[0m file /projects/dsnlab/shared/tds/fMRI/analysis/fx/models/ylg/fx_ylg_allconds_nonorth_nopmod_tds1/317/con_0022.nii: corrected 682415 float errors
[7m*+ WARNING:[0m file /projects/dsnlab/shared/tds/fMRI/analysis/fx/models/ylg/fx_ylg_allconds_nonorth_nopmod_tds1/320/con_0003.nii: corrected 682415 float errors
[7m*+ WARNING:[0m file /projects/dsnlab/shared/tds/fMRI/analysis/fx/models/ylg/fx_ylg_allconds_nonorth_nopmod_tds1/320/con_0013.nii: corrected 682415 float errors
[7m*+ WARNING:[0m file /projects/dsnlab/shared/tds/fMRI/analysis/fx/models/ylg/fx_ylg_allconds_nonorth_nopmod_tds1/320/con_0023.nii: corrected 682415 float errors
[7m*+ WARNING:[0m file /projects/dsnlab/shared/tds/fMRI/analysis/fx/models/ylg/fx_ylg_allconds_nonorth_nopmod_tds1/320/con_0002.nii: corrected 682415 float errors
[7m*+ WARNING:[0m file /projects/dsnlab/shared/tds/fMRI/analysis/fx/models/ylg/fx_ylg_allconds_nonorth_nopmod_tds1/320/con_0012.nii: corrected 682415 float errors
[7m*+ WARNING:[0m file /projects/dsnlab/shared/tds/fMRI/analysis/fx/models/ylg/fx_ylg_allconds_nonorth_nopmod_tds1/320/con_0022.nii: corrected 682415 float errors
[7m*+ WARNING:[0m file /projects/dsnlab/shared/tds/fMRI/analysis/fx/models/ylg/fx_ylg_allconds_nonorth_nopmod_tds1/321/con_0003.nii: corrected 682415 float errors
[7m*+ WARNING:[0m file /projects/dsnlab/shared/tds/fMRI/analysis/fx/models/ylg/fx_ylg_allconds_nonorth_nopmod_tds1/321/con_0013.nii: corrected 682415 float errors
[7m*+ WARNING:[0m file /projects/dsnlab/shared/tds/fMRI/analysis/fx/models/ylg/fx_ylg_allconds_nonorth_nopmod_tds1/321/con_0023.nii: corrected 682415 float errors
[7m*+ WARNING:[0m file /projects/dsnlab/shared/tds/fMRI/analysis/fx/models/ylg/fx_ylg_allconds_nonorth_nopmod_tds1/321/con_0002.nii: corrected 682415 float errors
[7m*+ WARNING:[0m file /projects/dsnlab/shared/tds/fMRI/analysis/fx/models/ylg/fx_ylg_allconds_nonorth_nopmod_tds1/321/con_0012.nii: corrected 682415 float errors
[7m*+ WARNING:[0m file /projects/dsnlab/shared/tds/fMRI/analysis/fx/models/ylg/fx_ylg_allconds_nonorth_nopmod_tds1/321/con_0022.nii: corrected 682415 float errors
[7m*+ WARNING:[0m file /projects/dsnlab/shared/tds/fMRI/analysis/fx/models/ylg/fx_ylg_allconds_nonorth_nopmod_tds1/322/con_0003.nii: corrected 682415 float errors
[7m*+ WARNING:[0m file /projects/dsnlab/shared/tds/fMRI/analysis/fx/models/ylg/fx_ylg_allconds_nonorth_nopmod_tds1/322/con_0013.nii: corrected 682415 float errors
[7m*+ WARNING:[0m file /projects/dsnlab/shared/tds/fMRI/analysis/fx/models/ylg/fx_ylg_allconds_nonorth_nopmod_tds1/322/con_0023.nii: corrected 682415 float errors
[7m*+ WARNING:[0m file /projects/dsnlab/shared/tds/fMRI/analysis/fx/models/ylg/fx_ylg_allconds_nonorth_nopmod_tds1/322/con_0002.nii: corrected 682415 float errors
[7m*+ WARNING:[0m file /projects/dsnlab/shared/tds/fMRI/analysis/fx/models/ylg/fx_ylg_allconds_nonorth_nopmod_tds1/322/con_0012.nii: corrected 682415 float errors
[7m*+ WARNING:[0m file /projects/dsnlab/shared/tds/fMRI/analysis/fx/models/ylg/fx_ylg_allconds_nonorth_nopmod_tds1/322/con_0022.nii: corrected 682415 float errors
[7m*+ WARNING:[0m file /projects/dsnlab/shared/tds/fMRI/analysis/fx/models/ylg/fx_ylg_allconds_nonorth_nopmod_tds1/323/con_0003.nii: corrected 682415 float errors
[7m*+ WARNING:[0m file /projects/dsnlab/shared/tds/fMRI/analysis/fx/models/ylg/fx_ylg_allconds_nonorth_nopmod_tds1/323/con_0013.nii: corrected 682415 float errors
[7m*+ WARNING:[0m file /projects/dsnlab/shared/tds/fMRI/analysis/fx/models/ylg/fx_ylg_allconds_nonorth_nopmod_tds1/323/con_0023.nii: corrected 682415 float errors
[7m*+ WARNING:[0m file /projects/dsnlab/shared/tds/fMRI/analysis/fx/models/ylg/fx_ylg_allconds_nonorth_nopmod_tds1/323/con_0002.nii: corrected 682415 float errors
[7m*+ WARNING:[0m file /projects/dsnlab/shared/tds/fMRI/analysis/fx/models/ylg/fx_ylg_allconds_nonorth_nopmod_tds1/323/con_0012.nii: corrected 682415 float errors
[7m*+ WARNING:[0m file /projects/dsnlab/shared/tds/fMRI/analysis/fx/models/ylg/fx_ylg_allconds_nonorth_nopmod_tds1/323/con_0022.nii: corrected 682415 float errors
[7m*+ WARNING:[0m file /projects/dsnlab/shared/tds/fMRI/analysis/fx/models/ylg/fx_ylg_allconds_nonorth_nopmod_tds1/324/con_0003.nii: corrected 682415 float errors
[7m*+ WARNING:[0m file /projects/dsnlab/shared/tds/fMRI/analysis/fx/models/ylg/fx_ylg_allconds_nonorth_nopmod_tds1/324/con_0013.nii: corrected 682415 float errors
[7m*+ WARNING:[0m file /projects/dsnlab/shared/tds/fMRI/analysis/fx/models/ylg/fx_ylg_allconds_nonorth_nopmod_tds1/324/con_0023.nii: corrected 682415 float errors
[7m*+ WARNING:[0m file /projects/dsnlab/shared/tds/fMRI/analysis/fx/models/ylg/fx_ylg_allconds_nonorth_nopmod_tds1/324/con_0002.nii: corrected 682415 float errors
[7m*+ WARNING:[0m file /projects/dsnlab/shared/tds/fMRI/analysis/fx/models/ylg/fx_ylg_allconds_nonorth_nopmod_tds1/324/con_0012.nii: corrected 682415 float errors
[7m*+ WARNING:[0m file /projects/dsnlab/shared/tds/fMRI/analysis/fx/models/ylg/fx_ylg_allconds_nonorth_nopmod_tds1/324/con_0022.nii: corrected 682415 float errors
[7m*+ WARNING:[0m file /projects/dsnlab/shared/tds/fMRI/analysis/fx/models/ylg/fx_ylg_allconds_nonorth_nopmod_tds1/325/con_0003.nii: corrected 682415 float errors
[7m*+ WARNING:[0m file /projects/dsnlab/shared/tds/fMRI/analysis/fx/models/ylg/fx_ylg_allconds_nonorth_nopmod_tds1/325/con_0013.nii: corrected 682415 float errors
[7m*+ WARNING:[0m file /projects/dsnlab/shared/tds/fMRI/analysis/fx/models/ylg/fx_ylg_allconds_nonorth_nopmod_tds1/325/con_0023.nii: corrected 682415 float errors
[7m*+ WARNING:[0m file /projects/dsnlab/shared/tds/fMRI/analysis/fx/models/ylg/fx_ylg_allconds_nonorth_nopmod_tds1/325/con_0002.nii: corrected 682415 float errors
[7m*+ WARNING:[0m file /projects/dsnlab/shared/tds/fMRI/analysis/fx/models/ylg/fx_ylg_allconds_nonorth_nopmod_tds1/325/con_0012.nii: corrected 682415 float errors
[7m*+ WARNING:[0m file /projects/dsnlab/shared/tds/fMRI/analysis/fx/models/ylg/fx_ylg_allconds_nonorth_nopmod_tds1/325/con_0022.nii: corrected 682415 float errors
[7m*+ WARNING:[0m file /projects/dsnlab/shared/tds/fMRI/analysis/fx/models/ylg/fx_ylg_allconds_nonorth_nopmod_tds1/326/con_0003.nii: corrected 682415 float errors
[7m*+ WARNING:[0m file /projects/dsnlab/shared/tds/fMRI/analysis/fx/models/ylg/fx_ylg_allconds_nonorth_nopmod_tds1/326/con_0013.nii: corrected 682415 float errors
[7m*+ WARNING:[0m file /projects/dsnlab/shared/tds/fMRI/analysis/fx/models/ylg/fx_ylg_allconds_nonorth_nopmod_tds1/326/con_0023.nii: corrected 682415 float errors
[7m*+ WARNING:[0m file /projects/dsnlab/shared/tds/fMRI/analysis/fx/models/ylg/fx_ylg_allconds_nonorth_nopmod_tds1/326/con_0002.nii: corrected 682415 float errors
[7m*+ WARNING:[0m file /projects/dsnlab/shared/tds/fMRI/analysis/fx/models/ylg/fx_ylg_allconds_nonorth_nopmod_tds1/326/con_0012.nii: corrected 682415 float errors
[7m*+ WARNING:[0m file /projects/dsnlab/shared/tds/fMRI/analysis/fx/models/ylg/fx_ylg_allconds_nonorth_nopmod_tds1/326/con_0022.nii: corrected 682415 float errors
[7m*+ WARNING:[0m file /projects/dsnlab/shared/tds/fMRI/analysis/fx/models/ylg/fx_ylg_allconds_nonorth_nopmod_tds1/327/con_0003.nii: corrected 682415 float errors
[7m*+ WARNING:[0m file /projects/dsnlab/shared/tds/fMRI/analysis/fx/models/ylg/fx_ylg_allconds_nonorth_nopmod_tds1/327/con_0013.nii: corrected 682415 float errors
[7m*+ WARNING:[0m file /projects/dsnlab/shared/tds/fMRI/analysis/fx/models/ylg/fx_ylg_allconds_nonorth_nopmod_tds1/327/con_0023.nii: corrected 682415 float errors
[7m*+ WARNING:[0m file /projects/dsnlab/shared/tds/fMRI/analysis/fx/models/ylg/fx_ylg_allconds_nonorth_nopmod_tds1/327/con_0002.nii: corrected 682415 float errors
[7m*+ WARNING:[0m file /projects/dsnlab/shared/tds/fMRI/analysis/fx/models/ylg/fx_ylg_allconds_nonorth_nopmod_tds1/327/con_0012.nii: corrected 682415 float errors
[7m*+ WARNING:[0m file /projects/dsnlab/shared/tds/fMRI/analysis/fx/models/ylg/fx_ylg_allconds_nonorth_nopmod_tds1/327/con_0022.nii: corrected 682415 float errors
[7m*+ WARNING:[0m file /projects/dsnlab/shared/tds/fMRI/analysis/fx/models/ylg/fx_ylg_allconds_nonorth_nopmod_tds1/328/con_0003.nii: corrected 682415 float errors
[7m*+ WARNING:[0m file /projects/dsnlab/shared/tds/fMRI/analysis/fx/models/ylg/fx_ylg_allconds_nonorth_nopmod_tds1/328/con_0013.nii: corrected 682415 float errors
[7m*+ WARNING:[0m file /projects/dsnlab/shared/tds/fMRI/analysis/fx/models/ylg/fx_ylg_allconds_nonorth_nopmod_tds1/328/con_0023.nii: corrected 682415 float errors
[7m*+ WARNING:[0m file /projects/dsnlab/shared/tds/fMRI/analysis/fx/models/ylg/fx_ylg_allconds_nonorth_nopmod_tds1/328/con_0002.nii: corrected 682415 float errors
[7m*+ WARNING:[0m file /projects/dsnlab/shared/tds/fMRI/analysis/fx/models/ylg/fx_ylg_allconds_nonorth_nopmod_tds1/328/con_0012.nii: corrected 682415 float errors
[7m*+ WARNING:[0m file /projects/dsnlab/shared/tds/fMRI/analysis/fx/models/ylg/fx_ylg_allconds_nonorth_nopmod_tds1/328/con_0022.nii: corrected 682415 float errors
[7m*+ WARNING:[0m file /projects/dsnlab/shared/tds/fMRI/analysis/fx/models/ylg/fx_ylg_allconds_nonorth_nopmod_tds1/329/con_0003.nii: corrected 682415 float errors
[7m*+ WARNING:[0m file /projects/dsnlab/shared/tds/fMRI/analysis/fx/models/ylg/fx_ylg_allconds_nonorth_nopmod_tds1/329/con_0013.nii: corrected 682415 float errors
[7m*+ WARNING:[0m file /projects/dsnlab/shared/tds/fMRI/analysis/fx/models/ylg/fx_ylg_allconds_nonorth_nopmod_tds1/329/con_0023.nii: corrected 682415 float errors
[7m*+ WARNING:[0m file /projects/dsnlab/shared/tds/fMRI/analysis/fx/models/ylg/fx_ylg_allconds_nonorth_nopmod_tds1/329/con_0002.nii: corrected 682415 float errors
[7m*+ WARNING:[0m file /projects/dsnlab/shared/tds/fMRI/analysis/fx/models/ylg/fx_ylg_allconds_nonorth_nopmod_tds1/329/con_0012.nii: corrected 682415 float errors
[7m*+ WARNING:[0m file /projects/dsnlab/shared/tds/fMRI/analysis/fx/models/ylg/fx_ylg_allconds_nonorth_nopmod_tds1/329/con_0022.nii: corrected 682415 float errors
[7m*+ WARNING:[0m file /projects/dsnlab/shared/tds/fMRI/analysis/fx/models/ylg/fx_ylg_allconds_nonorth_nopmod_tds1/330/con_0003.nii: corrected 682415 float errors
[7m*+ WARNING:[0m file /projects/dsnlab/shared/tds/fMRI/analysis/fx/models/ylg/fx_ylg_allconds_nonorth_nopmod_tds1/330/con_0013.nii: corrected 682415 float errors
[7m*+ WARNING:[0m file /projects/dsnlab/shared/tds/fMRI/analysis/fx/models/ylg/fx_ylg_allconds_nonorth_nopmod_tds1/330/con_0023.nii: corrected 682415 float errors
[7m*+ WARNING:[0m file /projects/dsnlab/shared/tds/fMRI/analysis/fx/models/ylg/fx_ylg_allconds_nonorth_nopmod_tds1/330/con_0002.nii: corrected 682415 float errors
[7m*+ WARNING:[0m file /projects/dsnlab/shared/tds/fMRI/analysis/fx/models/ylg/fx_ylg_allconds_nonorth_nopmod_tds1/330/con_0012.nii: corrected 682415 float errors
[7m*+ WARNING:[0m file /projects/dsnlab/shared/tds/fMRI/analysis/fx/models/ylg/fx_ylg_allconds_nonorth_nopmod_tds1/330/con_0022.nii: corrected 682415 float errors
[7m*+ WARNING:[0m file /projects/dsnlab/shared/tds/fMRI/analysis/fx/models/ylg/fx_ylg_allconds_nonorth_nopmod_tds1/331/con_0003.nii: corrected 682415 float errors
[7m*+ WARNING:[0m file /projects/dsnlab/shared/tds/fMRI/analysis/fx/models/ylg/fx_ylg_allconds_nonorth_nopmod_tds1/331/con_0013.nii: corrected 682415 float errors
[7m*+ WARNING:[0m file /projects/dsnlab/shared/tds/fMRI/analysis/fx/models/ylg/fx_ylg_allconds_nonorth_nopmod_tds1/331/con_0023.nii: corrected 682415 float errors
[7m*+ WARNING:[0m file /projects/dsnlab/shared/tds/fMRI/analysis/fx/models/ylg/fx_ylg_allconds_nonorth_nopmod_tds1/331/con_0002.nii: corrected 682415 float errors
[7m*+ WARNING:[0m file /projects/dsnlab/shared/tds/fMRI/analysis/fx/models/ylg/fx_ylg_allconds_nonorth_nopmod_tds1/331/con_0012.nii: corrected 682415 float errors
[7m*+ WARNING:[0m file /projects/dsnlab/shared/tds/fMRI/analysis/fx/models/ylg/fx_ylg_allconds_nonorth_nopmod_tds1/331/con_0022.nii: corrected 682415 float errors
[7m*+ WARNING:[0m file /projects/dsnlab/shared/tds/fMRI/analysis/fx/models/ylg/fx_ylg_allconds_nonorth_nopmod_tds1/332/con_0003.nii: corrected 682415 float errors
[7m*+ WARNING:[0m file /projects/dsnlab/shared/tds/fMRI/analysis/fx/models/ylg/fx_ylg_allconds_nonorth_nopmod_tds1/332/con_0013.nii: corrected 682415 float errors
[7m*+ WARNING:[0m file /projects/dsnlab/shared/tds/fMRI/analysis/fx/models/ylg/fx_ylg_allconds_nonorth_nopmod_tds1/332/con_0023.nii: corrected 682415 float errors
[7m*+ WARNING:[0m file /projects/dsnlab/shared/tds/fMRI/analysis/fx/models/ylg/fx_ylg_allconds_nonorth_nopmod_tds1/332/con_0002.nii: corrected 682415 float errors
[7m*+ WARNING:[0m file /projects/dsnlab/shared/tds/fMRI/analysis/fx/models/ylg/fx_ylg_allconds_nonorth_nopmod_tds1/332/con_0012.nii: corrected 682415 float errors
[7m*+ WARNING:[0m file /projects/dsnlab/shared/tds/fMRI/analysis/fx/models/ylg/fx_ylg_allconds_nonorth_nopmod_tds1/332/con_0022.nii: corrected 682415 float errors
[7m*+ WARNING:[0m file /projects/dsnlab/shared/tds/fMRI/analysis/fx/models/ylg/fx_ylg_allconds_nonorth_nopmod_tds1/333/con_0003.nii: corrected 682415 float errors
[7m*+ WARNING:[0m file /projects/dsnlab/shared/tds/fMRI/analysis/fx/models/ylg/fx_ylg_allconds_nonorth_nopmod_tds1/333/con_0013.nii: corrected 682415 float errors
[7m*+ WARNING:[0m file /projects/dsnlab/shared/tds/fMRI/analysis/fx/models/ylg/fx_ylg_allconds_nonorth_nopmod_tds1/333/con_0023.nii: corrected 682415 float errors
[7m*+ WARNING:[0m file /projects/dsnlab/shared/tds/fMRI/analysis/fx/models/ylg/fx_ylg_allconds_nonorth_nopmod_tds1/333/con_0002.nii: corrected 682415 float errors
[7m*+ WARNING:[0m file /projects/dsnlab/shared/tds/fMRI/analysis/fx/models/ylg/fx_ylg_allconds_nonorth_nopmod_tds1/333/con_0012.nii: corrected 682415 float errors
[7m*+ WARNING:[0m file /projects/dsnlab/shared/tds/fMRI/analysis/fx/models/ylg/fx_ylg_allconds_nonorth_nopmod_tds1/333/con_0022.nii: corrected 682415 float errors
[7m*+ WARNING:[0m file /projects/dsnlab/shared/tds/fMRI/analysis/fx/models/ylg/fx_ylg_allconds_nonorth_nopmod_tds1/335/con_0003.nii: corrected 682415 float errors
[7m*+ WARNING:[0m file /projects/dsnlab/shared/tds/fMRI/analysis/fx/models/ylg/fx_ylg_allconds_nonorth_nopmod_tds1/335/con_0013.nii: corrected 682415 float errors
[7m*+ WARNING:[0m file /projects/dsnlab/shared/tds/fMRI/analysis/fx/models/ylg/fx_ylg_allconds_nonorth_nopmod_tds1/335/con_0023.nii: corrected 682415 float errors
[7m*+ WARNING:[0m file /projects/dsnlab/shared/tds/fMRI/analysis/fx/models/ylg/fx_ylg_allconds_nonorth_nopmod_tds1/335/con_0002.nii: corrected 682415 float errors
[7m*+ WARNING:[0m file /projects/dsnlab/shared/tds/fMRI/analysis/fx/models/ylg/fx_ylg_allconds_nonorth_nopmod_tds1/335/con_0012.nii: corrected 682415 float errors
[7m*+ WARNING:[0m file /projects/dsnlab/shared/tds/fMRI/analysis/fx/models/ylg/fx_ylg_allconds_nonorth_nopmod_tds1/335/con_0022.nii: corrected 682415 float errors
[7m*+ WARNING:[0m file /projects/dsnlab/shared/tds/fMRI/analysis/fx/models/ylg/fx_ylg_allconds_nonorth_nopmod_tds1/336/con_0003.nii: corrected 682415 float errors
[7m*+ WARNING:[0m file /projects/dsnlab/shared/tds/fMRI/analysis/fx/models/ylg/fx_ylg_allconds_nonorth_nopmod_tds1/336/con_0013.nii: corrected 682415 float errors
[7m*+ WARNING:[0m file /projects/dsnlab/shared/tds/fMRI/analysis/fx/models/ylg/fx_ylg_allconds_nonorth_nopmod_tds1/336/con_0023.nii: corrected 682415 float errors
[7m*+ WARNING:[0m file /projects/dsnlab/shared/tds/fMRI/analysis/fx/models/ylg/fx_ylg_allconds_nonorth_nopmod_tds1/336/con_0002.nii: corrected 682415 float errors
[7m*+ WARNING:[0m file /projects/dsnlab/shared/tds/fMRI/analysis/fx/models/ylg/fx_ylg_allconds_nonorth_nopmod_tds1/336/con_0012.nii: corrected 682415 float errors
[7m*+ WARNING:[0m file /projects/dsnlab/shared/tds/fMRI/analysis/fx/models/ylg/fx_ylg_allconds_nonorth_nopmod_tds1/336/con_0022.nii: corrected 682415 float errors
[7m*+ WARNING:[0m file /projects/dsnlab/shared/tds/fMRI/analysis/fx/models/ylg/fx_ylg_allconds_nonorth_nopmod_tds1/337/con_0003.nii: corrected 682415 float errors
[7m*+ WARNING:[0m file /projects/dsnlab/shared/tds/fMRI/analysis/fx/models/ylg/fx_ylg_allconds_nonorth_nopmod_tds1/337/con_0013.nii: corrected 682415 float errors
[7m*+ WARNING:[0m file /projects/dsnlab/shared/tds/fMRI/analysis/fx/models/ylg/fx_ylg_allconds_nonorth_nopmod_tds1/337/con_0023.nii: corrected 682415 float errors
[7m*+ WARNING:[0m file /projects/dsnlab/shared/tds/fMRI/analysis/fx/models/ylg/fx_ylg_allconds_nonorth_nopmod_tds1/337/con_0002.nii: corrected 682415 float errors
[7m*+ WARNING:[0m file /projects/dsnlab/shared/tds/fMRI/analysis/fx/models/ylg/fx_ylg_allconds_nonorth_nopmod_tds1/337/con_0012.nii: corrected 682415 float errors
[7m*+ WARNING:[0m file /projects/dsnlab/shared/tds/fMRI/analysis/fx/models/ylg/fx_ylg_allconds_nonorth_nopmod_tds1/337/con_0022.nii: corrected 682415 float errors
[7m*+ WARNING:[0m file /projects/dsnlab/shared/tds/fMRI/analysis/fx/models/ylg/fx_ylg_allconds_nonorth_nopmod_tds1/340/con_0003.nii: corrected 682415 float errors
[7m*+ WARNING:[0m file /projects/dsnlab/shared/tds/fMRI/analysis/fx/models/ylg/fx_ylg_allconds_nonorth_nopmod_tds1/340/con_0013.nii: corrected 682415 float errors
[7m*+ WARNING:[0m file /projects/dsnlab/shared/tds/fMRI/analysis/fx/models/ylg/fx_ylg_allconds_nonorth_nopmod_tds1/340/con_0023.nii: corrected 682415 float errors
[7m*+ WARNING:[0m file /projects/dsnlab/shared/tds/fMRI/analysis/fx/models/ylg/fx_ylg_allconds_nonorth_nopmod_tds1/340/con_0002.nii: corrected 682415 float errors
[7m*+ WARNING:[0m file /projects/dsnlab/shared/tds/fMRI/analysis/fx/models/ylg/fx_ylg_allconds_nonorth_nopmod_tds1/340/con_0012.nii: corrected 682415 float errors
[7m*+ WARNING:[0m file /projects/dsnlab/shared/tds/fMRI/analysis/fx/models/ylg/fx_ylg_allconds_nonorth_nopmod_tds1/340/con_0022.nii: corrected 682415 float errors
[7m*+ WARNING:[0m file /projects/dsnlab/shared/tds/fMRI/analysis/fx/models/ylg/fx_ylg_allconds_nonorth_nopmod_tds1/341/con_0003.nii: corrected 682422 float errors
[7m*+ WARNING:[0m file /projects/dsnlab/shared/tds/fMRI/analysis/fx/models/ylg/fx_ylg_allconds_nonorth_nopmod_tds1/341/con_0013.nii: corrected 682422 float errors
[7m*+ WARNING:[0m file /projects/dsnlab/shared/tds/fMRI/analysis/fx/models/ylg/fx_ylg_allconds_nonorth_nopmod_tds1/341/con_0023.nii: corrected 682422 float errors
[7m*+ WARNING:[0m file /projects/dsnlab/shared/tds/fMRI/analysis/fx/models/ylg/fx_ylg_allconds_nonorth_nopmod_tds1/341/con_0002.nii: corrected 682422 float errors
[7m*+ WARNING:[0m file /projects/dsnlab/shared/tds/fMRI/analysis/fx/models/ylg/fx_ylg_allconds_nonorth_nopmod_tds1/341/con_0012.nii: corrected 682422 float errors
[7m*+ WARNING:[0m file /projects/dsnlab/shared/tds/fMRI/analysis/fx/models/ylg/fx_ylg_allconds_nonorth_nopmod_tds1/341/con_0022.nii: corrected 682422 float errors
[7m*+ WARNING:[0m file /projects/dsnlab/shared/tds/fMRI/analysis/fx/models/ylg/fx_ylg_allconds_nonorth_nopmod_tds1/342/con_0003.nii: corrected 682415 float errors
[7m*+ WARNING:[0m file /projects/dsnlab/shared/tds/fMRI/analysis/fx/models/ylg/fx_ylg_allconds_nonorth_nopmod_tds1/342/con_0013.nii: corrected 682415 float errors
[7m*+ WARNING:[0m file /projects/dsnlab/shared/tds/fMRI/analysis/fx/models/ylg/fx_ylg_allconds_nonorth_nopmod_tds1/342/con_0023.nii: corrected 682415 float errors
[7m*+ WARNING:[0m file /projects/dsnlab/shared/tds/fMRI/analysis/fx/models/ylg/fx_ylg_allconds_nonorth_nopmod_tds1/342/con_0002.nii: corrected 682415 float errors
[7m*+ WARNING:[0m file /projects/dsnlab/shared/tds/fMRI/analysis/fx/models/ylg/fx_ylg_allconds_nonorth_nopmod_tds1/342/con_0012.nii: corrected 682415 float errors
[7m*+ WARNING:[0m file /projects/dsnlab/shared/tds/fMRI/analysis/fx/models/ylg/fx_ylg_allconds_nonorth_nopmod_tds1/342/con_0022.nii: corrected 682415 float errors
[7m*+ WARNING:[0m file /projects/dsnlab/shared/tds/fMRI/analysis/fx/models/ylg/fx_ylg_allconds_nonorth_nopmod_tds1/343/con_0003.nii: corrected 682415 float errors
[7m*+ WARNING:[0m file /projects/dsnlab/shared/tds/fMRI/analysis/fx/models/ylg/fx_ylg_allconds_nonorth_nopmod_tds1/343/con_0013.nii: corrected 682415 float errors
[7m*+ WARNING:[0m file /projects/dsnlab/shared/tds/fMRI/analysis/fx/models/ylg/fx_ylg_allconds_nonorth_nopmod_tds1/343/con_0023.nii: corrected 682415 float errors
[7m*+ WARNING:[0m file /projects/dsnlab/shared/tds/fMRI/analysis/fx/models/ylg/fx_ylg_allconds_nonorth_nopmod_tds1/343/con_0002.nii: corrected 682415 float errors
[7m*+ WARNING:[0m file /projects/dsnlab/shared/tds/fMRI/analysis/fx/models/ylg/fx_ylg_allconds_nonorth_nopmod_tds1/343/con_0012.nii: corrected 682415 float errors
[7m*+ WARNING:[0m file /projects/dsnlab/shared/tds/fMRI/analysis/fx/models/ylg/fx_ylg_allconds_nonorth_nopmod_tds1/343/con_0022.nii: corrected 682415 float errors
[7m*+ WARNING:[0m file /projects/dsnlab/shared/tds/fMRI/analysis/fx/models/ylg/fx_ylg_allconds_nonorth_nopmod_tds1/344/con_0003.nii: corrected 682415 float errors
[7m*+ WARNING:[0m file /projects/dsnlab/shared/tds/fMRI/analysis/fx/models/ylg/fx_ylg_allconds_nonorth_nopmod_tds1/344/con_0013.nii: corrected 682415 float errors
[7m*+ WARNING:[0m file /projects/dsnlab/shared/tds/fMRI/analysis/fx/models/ylg/fx_ylg_allconds_nonorth_nopmod_tds1/344/con_0023.nii: corrected 682415 float errors
[7m*+ WARNING:[0m file /projects/dsnlab/shared/tds/fMRI/analysis/fx/models/ylg/fx_ylg_allconds_nonorth_nopmod_tds1/344/con_0002.nii: corrected 682415 float errors
[7m*+ WARNING:[0m file /projects/dsnlab/shared/tds/fMRI/analysis/fx/models/ylg/fx_ylg_allconds_nonorth_nopmod_tds1/344/con_0012.nii: corrected 682415 float errors
[7m*+ WARNING:[0m file /projects/dsnlab/shared/tds/fMRI/analysis/fx/models/ylg/fx_ylg_allconds_nonorth_nopmod_tds1/344/con_0022.nii: corrected 682415 float errors
[7m*+ WARNING:[0m file /projects/dsnlab/shared/tds/fMRI/analysis/fx/models/ylg/fx_ylg_allconds_nonorth_nopmod_tds1/346/con_0003.nii: corrected 682415 float errors
[7m*+ WARNING:[0m file /projects/dsnlab/shared/tds/fMRI/analysis/fx/models/ylg/fx_ylg_allconds_nonorth_nopmod_tds1/346/con_0013.nii: corrected 682415 float errors
[7m*+ WARNING:[0m file /projects/dsnlab/shared/tds/fMRI/analysis/fx/models/ylg/fx_ylg_allconds_nonorth_nopmod_tds1/346/con_0023.nii: corrected 682415 float errors
[7m*+ WARNING:[0m file /projects/dsnlab/shared/tds/fMRI/analysis/fx/models/ylg/fx_ylg_allconds_nonorth_nopmod_tds1/346/con_0002.nii: corrected 682415 float errors
[7m*+ WARNING:[0m file /projects/dsnlab/shared/tds/fMRI/analysis/fx/models/ylg/fx_ylg_allconds_nonorth_nopmod_tds1/346/con_0012.nii: corrected 682415 float errors
[7m*+ WARNING:[0m file /projects/dsnlab/shared/tds/fMRI/analysis/fx/models/ylg/fx_ylg_allconds_nonorth_nopmod_tds1/346/con_0022.nii: corrected 682415 float errors
[7m*+ WARNING:[0m file /projects/dsnlab/shared/tds/fMRI/analysis/fx/models/ylg/fx_ylg_allconds_nonorth_nopmod_tds1/347/con_0003.nii: corrected 682415 float errors
[7m*+ WARNING:[0m file /projects/dsnlab/shared/tds/fMRI/analysis/fx/models/ylg/fx_ylg_allconds_nonorth_nopmod_tds1/347/con_0013.nii: corrected 682415 float errors
[7m*+ WARNING:[0m file /projects/dsnlab/shared/tds/fMRI/analysis/fx/models/ylg/fx_ylg_allconds_nonorth_nopmod_tds1/347/con_0023.nii: corrected 682415 float errors
[7m*+ WARNING:[0m file /projects/dsnlab/shared/tds/fMRI/analysis/fx/models/ylg/fx_ylg_allconds_nonorth_nopmod_tds1/347/con_0002.nii: corrected 682415 float errors
[7m*+ WARNING:[0m file /projects/dsnlab/shared/tds/fMRI/analysis/fx/models/ylg/fx_ylg_allconds_nonorth_nopmod_tds1/347/con_0012.nii: corrected 682415 float errors
[7m*+ WARNING:[0m file /projects/dsnlab/shared/tds/fMRI/analysis/fx/models/ylg/fx_ylg_allconds_nonorth_nopmod_tds1/347/con_0022.nii: corrected 682415 float errors
[7m*+ WARNING:[0m file /projects/dsnlab/shared/tds/fMRI/analysis/fx/models/ylg/fx_ylg_allconds_nonorth_nopmod_tds1/348/con_0003.nii: corrected 682415 float errors
[7m*+ WARNING:[0m file /projects/dsnlab/shared/tds/fMRI/analysis/fx/models/ylg/fx_ylg_allconds_nonorth_nopmod_tds1/348/con_0013.nii: corrected 682415 float errors
[7m*+ WARNING:[0m file /projects/dsnlab/shared/tds/fMRI/analysis/fx/models/ylg/fx_ylg_allconds_nonorth_nopmod_tds1/348/con_0023.nii: corrected 682415 float errors
[7m*+ WARNING:[0m file /projects/dsnlab/shared/tds/fMRI/analysis/fx/models/ylg/fx_ylg_allconds_nonorth_nopmod_tds1/348/con_0002.nii: corrected 682415 float errors
[7m*+ WARNING:[0m file /projects/dsnlab/shared/tds/fMRI/analysis/fx/models/ylg/fx_ylg_allconds_nonorth_nopmod_tds1/348/con_0012.nii: corrected 682415 float errors
[7m*+ WARNING:[0m file /projects/dsnlab/shared/tds/fMRI/analysis/fx/models/ylg/fx_ylg_allconds_nonorth_nopmod_tds1/348/con_0022.nii: corrected 682415 float errors
[7m*+ WARNING:[0m file /projects/dsnlab/shared/tds/fMRI/analysis/fx/models/ylg/fx_ylg_allconds_nonorth_nopmod_tds1/349/con_0003.nii: corrected 682415 float errors
[7m*+ WARNING:[0m file /projects/dsnlab/shared/tds/fMRI/analysis/fx/models/ylg/fx_ylg_allconds_nonorth_nopmod_tds1/349/con_0013.nii: corrected 682415 float errors
[7m*+ WARNING:[0m file /projects/dsnlab/shared/tds/fMRI/analysis/fx/models/ylg/fx_ylg_allconds_nonorth_nopmod_tds1/349/con_0023.nii: corrected 682415 float errors
[7m*+ WARNING:[0m file /projects/dsnlab/shared/tds/fMRI/analysis/fx/models/ylg/fx_ylg_allconds_nonorth_nopmod_tds1/349/con_0002.nii: corrected 682415 float errors
[7m*+ WARNING:[0m file /projects/dsnlab/shared/tds/fMRI/analysis/fx/models/ylg/fx_ylg_allconds_nonorth_nopmod_tds1/349/con_0012.nii: corrected 682415 float errors
[7m*+ WARNING:[0m file /projects/dsnlab/shared/tds/fMRI/analysis/fx/models/ylg/fx_ylg_allconds_nonorth_nopmod_tds1/349/con_0022.nii: corrected 682415 float errors
[7m*+ WARNING:[0m file /projects/dsnlab/shared/tds/fMRI/analysis/fx/models/ylg/fx_ylg_allconds_nonorth_nopmod_tds1/351/con_0003.nii: corrected 682415 float errors
[7m*+ WARNING:[0m file /projects/dsnlab/shared/tds/fMRI/analysis/fx/models/ylg/fx_ylg_allconds_nonorth_nopmod_tds1/351/con_0013.nii: corrected 682415 float errors
[7m*+ WARNING:[0m file /projects/dsnlab/shared/tds/fMRI/analysis/fx/models/ylg/fx_ylg_allconds_nonorth_nopmod_tds1/351/con_0023.nii: corrected 682415 float errors
[7m*+ WARNING:[0m file /projects/dsnlab/shared/tds/fMRI/analysis/fx/models/ylg/fx_ylg_allconds_nonorth_nopmod_tds1/351/con_0002.nii: corrected 682415 float errors
[7m*+ WARNING:[0m file /projects/dsnlab/shared/tds/fMRI/analysis/fx/models/ylg/fx_ylg_allconds_nonorth_nopmod_tds1/351/con_0012.nii: corrected 682415 float errors
[7m*+ WARNING:[0m file /projects/dsnlab/shared/tds/fMRI/analysis/fx/models/ylg/fx_ylg_allconds_nonorth_nopmod_tds1/351/con_0022.nii: corrected 682415 float errors
[7m*+ WARNING:[0m file /projects/dsnlab/shared/tds/fMRI/analysis/fx/models/ylg/fx_ylg_allconds_nonorth_nopmod_tds1/352/con_0003.nii: corrected 682415 float errors
[7m*+ WARNING:[0m file /projects/dsnlab/shared/tds/fMRI/analysis/fx/models/ylg/fx_ylg_allconds_nonorth_nopmod_tds1/352/con_0013.nii: corrected 682415 float errors
[7m*+ WARNING:[0m file /projects/dsnlab/shared/tds/fMRI/analysis/fx/models/ylg/fx_ylg_allconds_nonorth_nopmod_tds1/352/con_0023.nii: corrected 682415 float errors
[7m*+ WARNING:[0m file /projects/dsnlab/shared/tds/fMRI/analysis/fx/models/ylg/fx_ylg_allconds_nonorth_nopmod_tds1/352/con_0002.nii: corrected 682415 float errors
[7m*+ WARNING:[0m file /projects/dsnlab/shared/tds/fMRI/analysis/fx/models/ylg/fx_ylg_allconds_nonorth_nopmod_tds1/352/con_0012.nii: corrected 682415 float errors
[7m*+ WARNING:[0m file /projects/dsnlab/shared/tds/fMRI/analysis/fx/models/ylg/fx_ylg_allconds_nonorth_nopmod_tds1/352/con_0022.nii: corrected 682415 float errors
[7m*+ WARNING:[0m file /projects/dsnlab/shared/tds/fMRI/analysis/fx/models/ylg/fx_ylg_allconds_nonorth_nopmod_tds1/353/con_0003.nii: corrected 682415 float errors
[7m*+ WARNING:[0m file /projects/dsnlab/shared/tds/fMRI/analysis/fx/models/ylg/fx_ylg_allconds_nonorth_nopmod_tds1/353/con_0013.nii: corrected 682415 float errors
[7m*+ WARNING:[0m file /projects/dsnlab/shared/tds/fMRI/analysis/fx/models/ylg/fx_ylg_allconds_nonorth_nopmod_tds1/353/con_0023.nii: corrected 682415 float errors
[7m*+ WARNING:[0m file /projects/dsnlab/shared/tds/fMRI/analysis/fx/models/ylg/fx_ylg_allconds_nonorth_nopmod_tds1/353/con_0002.nii: corrected 682415 float errors
[7m*+ WARNING:[0m file /projects/dsnlab/shared/tds/fMRI/analysis/fx/models/ylg/fx_ylg_allconds_nonorth_nopmod_tds1/353/con_0012.nii: corrected 682415 float errors
[7m*+ WARNING:[0m file /projects/dsnlab/shared/tds/fMRI/analysis/fx/models/ylg/fx_ylg_allconds_nonorth_nopmod_tds1/353/con_0022.nii: corrected 682415 float errors
[7m*+ WARNING:[0m file /projects/dsnlab/shared/tds/fMRI/analysis/fx/models/ylg/fx_ylg_allconds_nonorth_nopmod_tds1/354/con_0003.nii: corrected 682415 float errors
[7m*+ WARNING:[0m file /projects/dsnlab/shared/tds/fMRI/analysis/fx/models/ylg/fx_ylg_allconds_nonorth_nopmod_tds1/354/con_0013.nii: corrected 682415 float errors
[7m*+ WARNING:[0m file /projects/dsnlab/shared/tds/fMRI/analysis/fx/models/ylg/fx_ylg_allconds_nonorth_nopmod_tds1/354/con_0023.nii: corrected 682415 float errors
[7m*+ WARNING:[0m file /projects/dsnlab/shared/tds/fMRI/analysis/fx/models/ylg/fx_ylg_allconds_nonorth_nopmod_tds1/354/con_0002.nii: corrected 682415 float errors
[7m*+ WARNING:[0m file /projects/dsnlab/shared/tds/fMRI/analysis/fx/models/ylg/fx_ylg_allconds_nonorth_nopmod_tds1/354/con_0012.nii: corrected 682415 float errors
[7m*+ WARNING:[0m file /projects/dsnlab/shared/tds/fMRI/analysis/fx/models/ylg/fx_ylg_allconds_nonorth_nopmod_tds1/354/con_0022.nii: corrected 682415 float errors
[7m*+ WARNING:[0m file /projects/dsnlab/shared/tds/fMRI/analysis/fx/models/ylg/fx_ylg_allconds_nonorth_nopmod_tds1/355/con_0003.nii: corrected 682415 float errors
[7m*+ WARNING:[0m file /projects/dsnlab/shared/tds/fMRI/analysis/fx/models/ylg/fx_ylg_allconds_nonorth_nopmod_tds1/355/con_0013.nii: corrected 682415 float errors
[7m*+ WARNING:[0m file /projects/dsnlab/shared/tds/fMRI/analysis/fx/models/ylg/fx_ylg_allconds_nonorth_nopmod_tds1/355/con_0023.nii: corrected 682415 float errors
[7m*+ WARNING:[0m file /projects/dsnlab/shared/tds/fMRI/analysis/fx/models/ylg/fx_ylg_allconds_nonorth_nopmod_tds1/355/con_0002.nii: corrected 682415 float errors
[7m*+ WARNING:[0m file /projects/dsnlab/shared/tds/fMRI/analysis/fx/models/ylg/fx_ylg_allconds_nonorth_nopmod_tds1/355/con_0012.nii: corrected 682415 float errors
[7m*+ WARNING:[0m file /projects/dsnlab/shared/tds/fMRI/analysis/fx/models/ylg/fx_ylg_allconds_nonorth_nopmod_tds1/355/con_0022.nii: corrected 682415 float errors
[7m*+ WARNING:[0m file /projects/dsnlab/shared/tds/fMRI/analysis/fx/models/ylg/fx_ylg_allconds_nonorth_nopmod_tds1/357/con_0003.nii: corrected 682415 float errors
[7m*+ WARNING:[0m file /projects/dsnlab/shared/tds/fMRI/analysis/fx/models/ylg/fx_ylg_allconds_nonorth_nopmod_tds1/357/con_0013.nii: corrected 682415 float errors
[7m*+ WARNING:[0m file /projects/dsnlab/shared/tds/fMRI/analysis/fx/models/ylg/fx_ylg_allconds_nonorth_nopmod_tds1/357/con_0023.nii: corrected 682415 float errors
[7m*+ WARNING:[0m file /projects/dsnlab/shared/tds/fMRI/analysis/fx/models/ylg/fx_ylg_allconds_nonorth_nopmod_tds1/357/con_0002.nii: corrected 682415 float errors
[7m*+ WARNING:[0m file /projects/dsnlab/shared/tds/fMRI/analysis/fx/models/ylg/fx_ylg_allconds_nonorth_nopmod_tds1/357/con_0012.nii: corrected 682415 float errors
[7m*+ WARNING:[0m file /projects/dsnlab/shared/tds/fMRI/analysis/fx/models/ylg/fx_ylg_allconds_nonorth_nopmod_tds1/357/con_0022.nii: corrected 682415 float errors
[7m*+ WARNING:[0m file /projects/dsnlab/shared/tds/fMRI/analysis/fx/models/ylg/fx_ylg_allconds_nonorth_nopmod_tds1/359/con_0003.nii: corrected 682415 float errors
[7m*+ WARNING:[0m file /projects/dsnlab/shared/tds/fMRI/analysis/fx/models/ylg/fx_ylg_allconds_nonorth_nopmod_tds1/359/con_0013.nii: corrected 682415 float errors
[7m*+ WARNING:[0m file /projects/dsnlab/shared/tds/fMRI/analysis/fx/models/ylg/fx_ylg_allconds_nonorth_nopmod_tds1/359/con_0023.nii: corrected 682415 float errors
[7m*+ WARNING:[0m file /projects/dsnlab/shared/tds/fMRI/analysis/fx/models/ylg/fx_ylg_allconds_nonorth_nopmod_tds1/359/con_0002.nii: corrected 682415 float errors
[7m*+ WARNING:[0m file /projects/dsnlab/shared/tds/fMRI/analysis/fx/models/ylg/fx_ylg_allconds_nonorth_nopmod_tds1/359/con_0012.nii: corrected 682415 float errors
[7m*+ WARNING:[0m file /projects/dsnlab/shared/tds/fMRI/analysis/fx/models/ylg/fx_ylg_allconds_nonorth_nopmod_tds1/359/con_0022.nii: corrected 682415 float errors
[7m*+ WARNING:[0m file /projects/dsnlab/shared/tds/fMRI/analysis/fx/models/ylg/fx_ylg_allconds_nonorth_nopmod_tds1/360/con_0003.nii: corrected 682415 float errors
[7m*+ WARNING:[0m file /projects/dsnlab/shared/tds/fMRI/analysis/fx/models/ylg/fx_ylg_allconds_nonorth_nopmod_tds1/360/con_0013.nii: corrected 682415 float errors
[7m*+ WARNING:[0m file /projects/dsnlab/shared/tds/fMRI/analysis/fx/models/ylg/fx_ylg_allconds_nonorth_nopmod_tds1/360/con_0023.nii: corrected 682415 float errors
[7m*+ WARNING:[0m file /projects/dsnlab/shared/tds/fMRI/analysis/fx/models/ylg/fx_ylg_allconds_nonorth_nopmod_tds1/360/con_0002.nii: corrected 682415 float errors
[7m*+ WARNING:[0m file /projects/dsnlab/shared/tds/fMRI/analysis/fx/models/ylg/fx_ylg_allconds_nonorth_nopmod_tds1/360/con_0012.nii: corrected 682415 float errors
[7m*+ WARNING:[0m file /projects/dsnlab/shared/tds/fMRI/analysis/fx/models/ylg/fx_ylg_allconds_nonorth_nopmod_tds1/360/con_0022.nii: corrected 682415 float errors
[7m*+ WARNING:[0m file /projects/dsnlab/shared/tds/fMRI/analysis/fx/models/ylg/fx_ylg_allconds_nonorth_nopmod_tds1/361/con_0003.nii: corrected 682415 float errors
[7m*+ WARNING:[0m file /projects/dsnlab/shared/tds/fMRI/analysis/fx/models/ylg/fx_ylg_allconds_nonorth_nopmod_tds1/361/con_0013.nii: corrected 682415 float errors
[7m*+ WARNING:[0m file /projects/dsnlab/shared/tds/fMRI/analysis/fx/models/ylg/fx_ylg_allconds_nonorth_nopmod_tds1/361/con_0023.nii: corrected 682415 float errors
[7m*+ WARNING:[0m file /projects/dsnlab/shared/tds/fMRI/analysis/fx/models/ylg/fx_ylg_allconds_nonorth_nopmod_tds1/361/con_0002.nii: corrected 682415 float errors
[7m*+ WARNING:[0m file /projects/dsnlab/shared/tds/fMRI/analysis/fx/models/ylg/fx_ylg_allconds_nonorth_nopmod_tds1/361/con_0012.nii: corrected 682415 float errors
[7m*+ WARNING:[0m file /projects/dsnlab/shared/tds/fMRI/analysis/fx/models/ylg/fx_ylg_allconds_nonorth_nopmod_tds1/361/con_0022.nii: corrected 682415 float errors
[7m*+ WARNING:[0m file /projects/dsnlab/shared/tds/fMRI/analysis/fx/models/ylg/fx_ylg_allconds_nonorth_nopmod_tds1/363/con_0003.nii: corrected 682415 float errors
[7m*+ WARNING:[0m file /projects/dsnlab/shared/tds/fMRI/analysis/fx/models/ylg/fx_ylg_allconds_nonorth_nopmod_tds1/363/con_0013.nii: corrected 682415 float errors
[7m*+ WARNING:[0m file /projects/dsnlab/shared/tds/fMRI/analysis/fx/models/ylg/fx_ylg_allconds_nonorth_nopmod_tds1/363/con_0023.nii: corrected 682415 float errors
[7m*+ WARNING:[0m file /projects/dsnlab/shared/tds/fMRI/analysis/fx/models/ylg/fx_ylg_allconds_nonorth_nopmod_tds1/363/con_0002.nii: corrected 682415 float errors
[7m*+ WARNING:[0m file /projects/dsnlab/shared/tds/fMRI/analysis/fx/models/ylg/fx_ylg_allconds_nonorth_nopmod_tds1/363/con_0012.nii: corrected 682415 float errors
[7m*+ WARNING:[0m file /projects/dsnlab/shared/tds/fMRI/analysis/fx/models/ylg/fx_ylg_allconds_nonorth_nopmod_tds1/363/con_0022.nii: corrected 682415 float errors
[7m*+ WARNING:[0m file /projects/dsnlab/shared/tds/fMRI/analysis/fx/models/ylg/fx_ylg_allconds_nonorth_nopmod_tds1/365/con_0003.nii: corrected 682415 float errors
[7m*+ WARNING:[0m file /projects/dsnlab/shared/tds/fMRI/analysis/fx/models/ylg/fx_ylg_allconds_nonorth_nopmod_tds1/365/con_0013.nii: corrected 682415 float errors
[7m*+ WARNING:[0m file /projects/dsnlab/shared/tds/fMRI/analysis/fx/models/ylg/fx_ylg_allconds_nonorth_nopmod_tds1/365/con_0023.nii: corrected 682415 float errors
[7m*+ WARNING:[0m file /projects/dsnlab/shared/tds/fMRI/analysis/fx/models/ylg/fx_ylg_allconds_nonorth_nopmod_tds1/365/con_0002.nii: corrected 682415 float errors
[7m*+ WARNING:[0m file /projects/dsnlab/shared/tds/fMRI/analysis/fx/models/ylg/fx_ylg_allconds_nonorth_nopmod_tds1/365/con_0012.nii: corrected 682415 float errors
[7m*+ WARNING:[0m file /projects/dsnlab/shared/tds/fMRI/analysis/fx/models/ylg/fx_ylg_allconds_nonorth_nopmod_tds1/365/con_0022.nii: corrected 682415 float errors
[7m*+ WARNING:[0m file /projects/dsnlab/shared/tds/fMRI/analysis/fx/models/ylg/fx_ylg_allconds_nonorth_nopmod_tds1/367/con_0003.nii: corrected 682415 float errors
[7m*+ WARNING:[0m file /projects/dsnlab/shared/tds/fMRI/analysis/fx/models/ylg/fx_ylg_allconds_nonorth_nopmod_tds1/367/con_0013.nii: corrected 682415 float errors
[7m*+ WARNING:[0m file /projects/dsnlab/shared/tds/fMRI/analysis/fx/models/ylg/fx_ylg_allconds_nonorth_nopmod_tds1/367/con_0023.nii: corrected 682415 float errors
[7m*+ WARNING:[0m file /projects/dsnlab/shared/tds/fMRI/analysis/fx/models/ylg/fx_ylg_allconds_nonorth_nopmod_tds1/367/con_0002.nii: corrected 682415 float errors
[7m*+ WARNING:[0m file /projects/dsnlab/shared/tds/fMRI/analysis/fx/models/ylg/fx_ylg_allconds_nonorth_nopmod_tds1/367/con_0012.nii: corrected 682415 float errors
[7m*+ WARNING:[0m file /projects/dsnlab/shared/tds/fMRI/analysis/fx/models/ylg/fx_ylg_allconds_nonorth_nopmod_tds1/367/con_0022.nii: corrected 682415 float errors
[7m*+ WARNING:[0m file /projects/dsnlab/shared/tds/fMRI/analysis/fx/models/ylg/fx_ylg_allconds_nonorth_nopmod_tds1/368/con_0003.nii: corrected 682415 float errors
[7m*+ WARNING:[0m file /projects/dsnlab/shared/tds/fMRI/analysis/fx/models/ylg/fx_ylg_allconds_nonorth_nopmod_tds1/368/con_0013.nii: corrected 682415 float errors
[7m*+ WARNING:[0m file /projects/dsnlab/shared/tds/fMRI/analysis/fx/models/ylg/fx_ylg_allconds_nonorth_nopmod_tds1/368/con_0023.nii: corrected 682415 float errors
[7m*+ WARNING:[0m file /projects/dsnlab/shared/tds/fMRI/analysis/fx/models/ylg/fx_ylg_allconds_nonorth_nopmod_tds1/368/con_0002.nii: corrected 682415 float errors
[7m*+ WARNING:[0m file /projects/dsnlab/shared/tds/fMRI/analysis/fx/models/ylg/fx_ylg_allconds_nonorth_nopmod_tds1/368/con_0012.nii: corrected 682415 float errors
[7m*+ WARNING:[0m file /projects/dsnlab/shared/tds/fMRI/analysis/fx/models/ylg/fx_ylg_allconds_nonorth_nopmod_tds1/368/con_0022.nii: corrected 682415 float errors
[7m*+ WARNING:[0m file /projects/dsnlab/shared/tds/fMRI/analysis/fx/models/ylg/fx_ylg_allconds_nonorth_nopmod_tds1/369/con_0003.nii: corrected 682415 float errors
[7m*+ WARNING:[0m file /projects/dsnlab/shared/tds/fMRI/analysis/fx/models/ylg/fx_ylg_allconds_nonorth_nopmod_tds1/369/con_0013.nii: corrected 682415 float errors
[7m*+ WARNING:[0m file /projects/dsnlab/shared/tds/fMRI/analysis/fx/models/ylg/fx_ylg_allconds_nonorth_nopmod_tds1/369/con_0023.nii: corrected 682415 float errors
[7m*+ WARNING:[0m file /projects/dsnlab/shared/tds/fMRI/analysis/fx/models/ylg/fx_ylg_allconds_nonorth_nopmod_tds1/369/con_0002.nii: corrected 682415 float errors
[7m*+ WARNING:[0m file /projects/dsnlab/shared/tds/fMRI/analysis/fx/models/ylg/fx_ylg_allconds_nonorth_nopmod_tds1/369/con_0012.nii: corrected 682415 float errors
[7m*+ WARNING:[0m file /projects/dsnlab/shared/tds/fMRI/analysis/fx/models/ylg/fx_ylg_allconds_nonorth_nopmod_tds1/369/con_0022.nii: corrected 682415 float errors
[7m*+ WARNING:[0m file /projects/dsnlab/shared/tds/fMRI/analysis/fx/models/ylg/fx_ylg_allconds_nonorth_nopmod_tds1/371/con_0003.nii: corrected 682415 float errors
[7m*+ WARNING:[0m file /projects/dsnlab/shared/tds/fMRI/analysis/fx/models/ylg/fx_ylg_allconds_nonorth_nopmod_tds1/371/con_0013.nii: corrected 682415 float errors
[7m*+ WARNING:[0m file /projects/dsnlab/shared/tds/fMRI/analysis/fx/models/ylg/fx_ylg_allconds_nonorth_nopmod_tds1/371/con_0023.nii: corrected 682415 float errors
[7m*+ WARNING:[0m file /projects/dsnlab/shared/tds/fMRI/analysis/fx/models/ylg/fx_ylg_allconds_nonorth_nopmod_tds1/371/con_0002.nii: corrected 682415 float errors
[7m*+ WARNING:[0m file /projects/dsnlab/shared/tds/fMRI/analysis/fx/models/ylg/fx_ylg_allconds_nonorth_nopmod_tds1/371/con_0012.nii: corrected 682415 float errors
[7m*+ WARNING:[0m file /projects/dsnlab/shared/tds/fMRI/analysis/fx/models/ylg/fx_ylg_allconds_nonorth_nopmod_tds1/371/con_0022.nii: corrected 682415 float errors
[7m*+ WARNING:[0m file /projects/dsnlab/shared/tds/fMRI/analysis/fx/models/ylg/fx_ylg_allconds_nonorth_nopmod_tds1/372/con_0003.nii: corrected 682415 float errors
[7m*+ WARNING:[0m file /projects/dsnlab/shared/tds/fMRI/analysis/fx/models/ylg/fx_ylg_allconds_nonorth_nopmod_tds1/372/con_0013.nii: corrected 682415 float errors
[7m*+ WARNING:[0m file /projects/dsnlab/shared/tds/fMRI/analysis/fx/models/ylg/fx_ylg_allconds_nonorth_nopmod_tds1/372/con_0023.nii: corrected 682415 float errors
[7m*+ WARNING:[0m file /projects/dsnlab/shared/tds/fMRI/analysis/fx/models/ylg/fx_ylg_allconds_nonorth_nopmod_tds1/372/con_0002.nii: corrected 682415 float errors
[7m*+ WARNING:[0m file /projects/dsnlab/shared/tds/fMRI/analysis/fx/models/ylg/fx_ylg_allconds_nonorth_nopmod_tds1/372/con_0012.nii: corrected 682415 float errors
[7m*+ WARNING:[0m file /projects/dsnlab/shared/tds/fMRI/analysis/fx/models/ylg/fx_ylg_allconds_nonorth_nopmod_tds1/372/con_0022.nii: corrected 682415 float errors
[7m*+ WARNING:[0m file /projects/dsnlab/shared/tds/fMRI/analysis/fx/models/ylg/fx_ylg_allconds_nonorth_nopmod_tds1/373/con_0003.nii: corrected 682415 float errors
[7m*+ WARNING:[0m file /projects/dsnlab/shared/tds/fMRI/analysis/fx/models/ylg/fx_ylg_allconds_nonorth_nopmod_tds1/373/con_0013.nii: corrected 682415 float errors
[7m*+ WARNING:[0m file /projects/dsnlab/shared/tds/fMRI/analysis/fx/models/ylg/fx_ylg_allconds_nonorth_nopmod_tds1/373/con_0023.nii: corrected 682415 float errors
[7m*+ WARNING:[0m file /projects/dsnlab/shared/tds/fMRI/analysis/fx/models/ylg/fx_ylg_allconds_nonorth_nopmod_tds1/373/con_0002.nii: corrected 682415 float errors
[7m*+ WARNING:[0m file /projects/dsnlab/shared/tds/fMRI/analysis/fx/models/ylg/fx_ylg_allconds_nonorth_nopmod_tds1/373/con_0012.nii: corrected 682415 float errors
[7m*+ WARNING:[0m file /projects/dsnlab/shared/tds/fMRI/analysis/fx/models/ylg/fx_ylg_allconds_nonorth_nopmod_tds1/373/con_0022.nii: corrected 682415 float errors
[7m*+ WARNING:[0m file /projects/dsnlab/shared/tds/fMRI/analysis/fx/models/ylg/fx_ylg_allconds_nonorth_nopmod_tds1/374/con_0003.nii: corrected 682415 float errors
[7m*+ WARNING:[0m file /projects/dsnlab/shared/tds/fMRI/analysis/fx/models/ylg/fx_ylg_allconds_nonorth_nopmod_tds1/374/con_0013.nii: corrected 682415 float errors
[7m*+ WARNING:[0m file /projects/dsnlab/shared/tds/fMRI/analysis/fx/models/ylg/fx_ylg_allconds_nonorth_nopmod_tds1/374/con_0023.nii: corrected 682415 float errors
[7m*+ WARNING:[0m file /projects/dsnlab/shared/tds/fMRI/analysis/fx/models/ylg/fx_ylg_allconds_nonorth_nopmod_tds1/374/con_0002.nii: corrected 682415 float errors
[7m*+ WARNING:[0m file /projects/dsnlab/shared/tds/fMRI/analysis/fx/models/ylg/fx_ylg_allconds_nonorth_nopmod_tds1/374/con_0012.nii: corrected 682415 float errors
[7m*+ WARNING:[0m file /projects/dsnlab/shared/tds/fMRI/analysis/fx/models/ylg/fx_ylg_allconds_nonorth_nopmod_tds1/374/con_0022.nii: corrected 682415 float errors
[7m*+ WARNING:[0m file /projects/dsnlab/shared/tds/fMRI/analysis/fx/models/ylg/fx_ylg_allconds_nonorth_nopmod_tds1/375/con_0003.nii: corrected 682415 float errors
[7m*+ WARNING:[0m file /projects/dsnlab/shared/tds/fMRI/analysis/fx/models/ylg/fx_ylg_allconds_nonorth_nopmod_tds1/375/con_0013.nii: corrected 682415 float errors
[7m*+ WARNING:[0m file /projects/dsnlab/shared/tds/fMRI/analysis/fx/models/ylg/fx_ylg_allconds_nonorth_nopmod_tds1/375/con_0023.nii: corrected 682415 float errors
[7m*+ WARNING:[0m file /projects/dsnlab/shared/tds/fMRI/analysis/fx/models/ylg/fx_ylg_allconds_nonorth_nopmod_tds1/375/con_0002.nii: corrected 682415 float errors
[7m*+ WARNING:[0m file /projects/dsnlab/shared/tds/fMRI/analysis/fx/models/ylg/fx_ylg_allconds_nonorth_nopmod_tds1/375/con_0012.nii: corrected 682415 float errors
[7m*+ WARNING:[0m file /projects/dsnlab/shared/tds/fMRI/analysis/fx/models/ylg/fx_ylg_allconds_nonorth_nopmod_tds1/375/con_0022.nii: corrected 682415 float errors
Loading required package: snow
++ Smallest FDR q [0 (Intercept)  F] = 6.13734e-15
++ Smallest FDR q [1 Decision  F] = 1.78877e-13
++ Smallest FDR q [2 Context  F] = 5.69889e-09
++ Smallest FDR q [3 PerGo  F] = 0.0918934
[7m*+ WARNING:[0m Smallest FDR q [4 Decision:Context  F] = 0.999752 ==> few true single voxel detections
[7m*+ WARNING:[0m Smallest FDR q [5 Decision:PerGo  F] = 0.166501 ==> few true single voxel detections
++ Smallest FDR q [6 Context:PerGo  F] = 0.00728793
[7m*+ WARNING:[0m Smallest FDR q [7 Decision:Context:PerGo  F] = 0.999711 ==> few true single voxel detections
