Package nlme loaded successfully!

Package phia loaded successfully!


++++++++++++++++++++++++++++++++++++++++++++++++++++
***** Summary information of data structure *****
57 subjects :  302 303 306 307 308 309 310 312 313 314 316 317 320 321 322 323 324 325 326 327 328 329 330 331 332 333 335 336 337 340 341 342 343 344 346 347 348 349 351 352 353 354 355 357 359 360 361 363 365 367 368 369 371 372 373 374 375 
342 response values
2 levels for factor Decision : DG DS 
3 levels for factor Context : AL PR SE 
1 levels for factor Group : EA 
342 centered values for numeric variable PerGo : -10.53801 14.46199 6.461988 -10.53801 14.46199 6.461988 -20.53801 -6.538012 -11.53801 -20.53801 -6.538012 -11.53801 5.461988 -4.538012 -10.53801 5.461988 -4.538012 -10.53801 9.461988 12.46199 11.46199 9.461988 12.46199 11.46199 -20.53801 -12.53801 -17.53801 -20.53801 -12.53801 -17.53801 14.46199 14.46199 26.46199 14.46199 14.46199 26.46199 -13.53801 -27.53801 -14.53801 -13.53801 -27.53801 -14.53801 -18.53801 1.461988 2.461988 -18.53801 1.461988 2.461988 -5.538012 -3.538012 -10.53801 -5.538012 -3.538012 -10.53801 -22.53801 -20.53801 -33.53801 -22.53801 -20.53801 -33.53801 -23.53801 -30.53801 -35.53801 -23.53801 -30.53801 -35.53801 1.461988 -0.5380117 -11.53801 1.461988 -0.5380117 -11.53801 10.46199 2.461988 1.461988 10.46199 2.461988 1.461988 -3.538012 -2.538012 -1.538012 -3.538012 -2.538012 -1.538012 -5.538012 -0.5380117 -23.53801 -5.538012 -0.5380117 -23.53801 7.461988 5.461988 7.461988 7.461988 5.461988 7.461988 -4.538012 11.46199 -3.538012 -4.538012 11.46199 -3.538012 -22.53801 -13.53801 21.46199 -22.53801 -13.53801 21.46199 14.46199 29.46199 19.46199 14.46199 29.46199 19.46199 -5.538012 3.461988 -10.53801 -5.538012 3.461988 -10.53801 11.46199 21.46199 9.461988 11.46199 21.46199 9.461988 -20.53801 2.461988 -19.53801 -20.53801 2.461988 -19.53801 9.461988 28.46199 24.46199 9.461988 28.46199 24.46199 2.461988 15.46199 9.461988 2.461988 15.46199 9.461988 22.46199 0.4619883 -1.538012 22.46199 0.4619883 -1.538012 20.46199 10.46199 -8.538012 20.46199 10.46199 -8.538012 2.461988 7.461988 -15.53801 2.461988 7.461988 -15.53801 0.4619883 1.461988 -4.538012 0.4619883 1.461988 -4.538012 4.461988 2.461988 6.461988 4.461988 2.461988 6.461988 -5.538012 4.461988 17.46199 -5.538012 4.461988 17.46199 19.46199 19.46199 12.46199 19.46199 19.46199 12.46199 6.461988 -17.53801 -14.53801 6.461988 -17.53801 -14.53801 -3.538012 4.461988 -3.538012 -3.538012 4.461988 -3.538012 -19.53801 0.4619883 -18.53801 -19.53801 0.4619883 -18.53801 -28.53801 -20.53801 -22.53801 -28.53801 -20.53801 -22.53801 -15.53801 -15.53801 -18.53801 -15.53801 -15.53801 -18.53801 -14.53801 -25.53801 -15.53801 -14.53801 -25.53801 -15.53801 1.461988 -11.53801 12.46199 1.461988 -11.53801 12.46199 29.46199 18.46199 3.461988 29.46199 18.46199 3.461988 21.46199 -15.53801 -22.53801 21.46199 -15.53801 -22.53801 35.46199 15.46199 5.461988 35.46199 15.46199 5.461988 2.461988 -0.5380117 7.461988 2.461988 -0.5380117 7.461988 16.46199 26.46199 26.46199 16.46199 26.46199 26.46199 -4.538012 6.461988 -14.53801 -4.538012 6.461988 -14.53801 21.46199 10.46199 1.461988 21.46199 10.46199 1.461988 5.461988 -3.538012 6.461988 5.461988 -3.538012 6.461988 -1.538012 -7.538012 11.46199 -1.538012 -7.538012 11.46199 23.46199 3.461988 0.4619883 23.46199 3.461988 0.4619883 -0.5380117 5.461988 -23.53801 -0.5380117 5.461988 -23.53801 -12.53801 -13.53801 -0.5380117 -12.53801 -13.53801 -0.5380117 0.4619883 -6.538012 16.46199 0.4619883 -6.538012 16.46199 14.46199 15.46199 11.46199 14.46199 15.46199 11.46199 7.461988 14.46199 18.46199 7.461988 14.46199 18.46199 -20.53801 -12.53801 12.46199 -20.53801 -12.53801 12.46199 -15.53801 2.461988 1.461988 -15.53801 2.461988 1.461988 -2.538012 2.461988 7.461988 -2.538012 2.461988 7.461988 6.461988 5.461988 -4.538012 6.461988 5.461988 -4.538012 
0 post hoc tests

Contingency tables of subject distributions among the categorical variables:


Tabulation of subjects against all categorical variables
~~~~~~~~~~~~~~
Subj vs Decision:
     
      DG DS
  302  3  3
  303  3  3
  306  3  3
  307  3  3
  308  3  3
  309  3  3
  310  3  3
  312  3  3
  313  3  3
  314  3  3
  316  3  3
  317  3  3
  320  3  3
  321  3  3
  322  3  3
  323  3  3
  324  3  3
  325  3  3
  326  3  3
  327  3  3
  328  3  3
  329  3  3
  330  3  3
  331  3  3
  332  3  3
  333  3  3
  335  3  3
  336  3  3
  337  3  3
  340  3  3
  341  3  3
  342  3  3
  343  3  3
  344  3  3
  346  3  3
  347  3  3
  348  3  3
  349  3  3
  351  3  3
  352  3  3
  353  3  3
  354  3  3
  355  3  3
  357  3  3
  359  3  3
  360  3  3
  361  3  3
  363  3  3
  365  3  3
  367  3  3
  368  3  3
  369  3  3
  371  3  3
  372  3  3
  373  3  3
  374  3  3
  375  3  3

~~~~~~~~~~~~~~
Subj vs Context:
     
      AL PR SE
  302  2  2  2
  303  2  2  2
  306  2  2  2
  307  2  2  2
  308  2  2  2
  309  2  2  2
  310  2  2  2
  312  2  2  2
  313  2  2  2
  314  2  2  2
  316  2  2  2
  317  2  2  2
  320  2  2  2
  321  2  2  2
  322  2  2  2
  323  2  2  2
  324  2  2  2
  325  2  2  2
  326  2  2  2
  327  2  2  2
  328  2  2  2
  329  2  2  2
  330  2  2  2
  331  2  2  2
  332  2  2  2
  333  2  2  2
  335  2  2  2
  336  2  2  2
  337  2  2  2
  340  2  2  2
  341  2  2  2
  342  2  2  2
  343  2  2  2
  344  2  2  2
  346  2  2  2
  347  2  2  2
  348  2  2  2
  349  2  2  2
  351  2  2  2
  352  2  2  2
  353  2  2  2
  354  2  2  2
  355  2  2  2
  357  2  2  2
  359  2  2  2
  360  2  2  2
  361  2  2  2
  363  2  2  2
  365  2  2  2
  367  2  2  2
  368  2  2  2
  369  2  2  2
  371  2  2  2
  372  2  2  2
  373  2  2  2
  374  2  2  2
  375  2  2  2

~~~~~~~~~~~~~~
Subj vs Group:
     
      EA
  302  6
  303  6
  306  6
  307  6
  308  6
  309  6
  310  6
  312  6
  313  6
  314  6
  316  6
  317  6
  320  6
  321  6
  322  6
  323  6
  324  6
  325  6
  326  6
  327  6
  328  6
  329  6
  330  6
  331  6
  332  6
  333  6
  335  6
  336  6
  337  6
  340  6
  341  6
  342  6
  343  6
  344  6
  346  6
  347  6
  348  6
  349  6
  351  6
  352  6
  353  6
  354  6
  355  6
  357  6
  359  6
  360  6
  361  6
  363  6
  365  6
  367  6
  368  6
  369  6
  371  6
  372  6
  373  6
  374  6
  375  6
***** End of data structure information *****
++++++++++++++++++++++++++++++++++++++++++++++++++++

Reading input files now...

Reading input files: Done!

If the program hangs here for more than, for example, half an hour,
kill the process because the model specification or the GLT coding
is likely inappropriate.

[1] "Great, test run passed at voxel (30, 54, 45)!"
[1] "Start to compute 91 slices along Z axis. You can monitor the progress"
[1] "and estimate the total run time as shown below."
[1] "03/24/19 23:14:11.838"
Package snow loaded successfully!

Z slice  1 done:  03/24/19 23:14:27.861 
Z slice  2 done:  03/24/19 23:14:28.535 
Z slice  3 done:  03/24/19 23:14:29.341 
Z slice  4 done:  03/24/19 23:14:30.420 
Z slice  5 done:  03/24/19 23:14:31.524 
Z slice  6 done:  03/24/19 23:14:35.228 
Z slice  7 done:  03/24/19 23:14:39.552 
Z slice  8 done:  03/24/19 23:14:44.310 
Z slice  9 done:  03/24/19 23:14:49.552 
Z slice  10 done:  03/24/19 23:14:54.700 
Z slice  11 done:  03/24/19 23:15:00.177 
Z slice  12 done:  03/24/19 23:15:05.902 
Z slice  13 done:  03/24/19 23:15:12.442 
Z slice  14 done:  03/24/19 23:15:19.067 
Z slice  15 done:  03/24/19 23:15:25.984 
Z slice  16 done:  03/24/19 23:15:32.201 
Z slice  17 done:  03/24/19 23:15:38.596 
Z slice  18 done:  03/24/19 23:15:44.906 
Z slice  19 done:  03/24/19 23:15:51.484 
Z slice  20 done:  03/24/19 23:15:57.940 
Z slice  21 done:  03/24/19 23:16:05.235 
Z slice  22 done:  03/24/19 23:16:12.942 
Z slice  23 done:  03/24/19 23:16:21.029 
Z slice  24 done:  03/24/19 23:16:29.135 
Z slice  25 done:  03/24/19 23:16:37.480 
Z slice  26 done:  03/24/19 23:16:45.553 
Z slice  27 done:  03/24/19 23:16:53.881 
Z slice  28 done:  03/24/19 23:17:02.607 
Z slice  29 done:  03/24/19 23:17:11.483 
Z slice  30 done:  03/24/19 23:17:20.426 
Z slice  31 done:  03/24/19 23:17:29.238 
Z slice  32 done:  03/24/19 23:17:37.855 
Z slice  33 done:  03/24/19 23:17:46.612 
Z slice  34 done:  03/24/19 23:17:55.065 
Z slice  35 done:  03/24/19 23:18:03.598 
Z slice  36 done:  03/24/19 23:18:11.988 
Z slice  37 done:  03/24/19 23:18:20.665 
Z slice  38 done:  03/24/19 23:18:28.895 
Z slice  39 done:  03/24/19 23:18:37.096 
Z slice  40 done:  03/24/19 23:18:46.029 
Z slice  41 done:  03/24/19 23:18:54.966 
Z slice  42 done:  03/24/19 23:19:03.549 
Z slice  43 done:  03/24/19 23:19:12.166 
Z slice  44 done:  03/24/19 23:19:20.377 
Z slice  45 done:  03/24/19 23:19:28.637 
Z slice  46 done:  03/24/19 23:19:37.162 
Z slice  47 done:  03/24/19 23:19:46.027 
Z slice  48 done:  03/24/19 23:19:54.107 
Z slice  49 done:  03/24/19 23:20:02.263 
Z slice  50 done:  03/24/19 23:20:10.722 
Z slice  51 done:  03/24/19 23:20:18.945 
Z slice  52 done:  03/24/19 23:20:27.256 
Z slice  53 done:  03/24/19 23:20:35.574 
Z slice  54 done:  03/24/19 23:20:43.785 
Z slice  55 done:  03/24/19 23:20:51.899 
Z slice  56 done:  03/24/19 23:20:59.674 
Z slice  57 done:  03/24/19 23:21:07.373 
Z slice  58 done:  03/24/19 23:21:15.031 
Z slice  59 done:  03/24/19 23:21:22.359 
Z slice  60 done:  03/24/19 23:21:29.339 
Z slice  61 done:  03/24/19 23:21:36.601 
Z slice  62 done:  03/24/19 23:21:44.074 
Z slice  63 done:  03/24/19 23:21:50.676 
Z slice  64 done:  03/24/19 23:21:57.279 
Z slice  65 done:  03/24/19 23:22:03.495 
Z slice  66 done:  03/24/19 23:22:09.207 
Z slice  67 done:  03/24/19 23:22:14.970 
Z slice  68 done:  03/24/19 23:22:20.653 
Z slice  69 done:  03/24/19 23:22:25.691 
Z slice  70 done:  03/24/19 23:22:30.728 
Z slice  71 done:  03/24/19 23:22:35.203 
Z slice  72 done:  03/24/19 23:22:39.307 
Z slice  73 done:  03/24/19 23:22:43.046 
Z slice  74 done:  03/24/19 23:22:46.376 
Z slice  75 done:  03/24/19 23:22:48.651 
Z slice  76 done:  03/24/19 23:22:50.581 
Z slice  77 done:  03/24/19 23:22:51.634 
Z slice  78 done:  03/24/19 23:22:52.135 
Z slice  79 done:  03/24/19 23:22:52.707 
Z slice  80 done:  03/24/19 23:22:53.543 
Z slice  81 done:  03/24/19 23:22:54.191 
Z slice  82 done:  03/24/19 23:22:54.824 
Z slice  83 done:  03/24/19 23:22:55.548 
Z slice  84 done:  03/24/19 23:22:55.999 
Z slice  85 done:  03/24/19 23:22:56.480 
Z slice  86 done:  03/24/19 23:22:56.980 
Z slice  87 done:  03/24/19 23:22:57.464 
Z slice  88 done:  03/24/19 23:22:58.028 
Z slice  89 done:  03/24/19 23:22:58.584 
Z slice  90 done:  03/24/19 23:22:59.182 
Z slice  91 done:  03/24/19 23:22:59.822 
[1] "Congratulations! You've got an output DecisionsXContext_TDS1_covbehav+tlrc"
