
++++++++++++++++++++++++++++++++++++++++++++++++++++
***** Summary information of data structure *****
124 subjects :  109 113 114 115 116 117 119 120 121 122 124 125 126 128 129 130 131 132 133 134 136 140 141 142 144 145 146 150 151 152 155 156 157 159 160 161 162 163 164 165 167 168 169 170 171 172 173 174 175 177 178 179 181 182 183 184 185 186 187 188 190 192 193 194 195 196 197 302 303 306 307 308 309 310 312 313 314 316 317 320 321 322 323 324 325 326 327 328 329 330 331 332 333 335 336 337 340 341 342 343 344 346 347 348 349 351 352 353 354 355 357 359 360 361 363 365 367 368 369 371 372 373 374 375 
744 response values
2 levels for factor Decision : DG DS 
3 levels for factor Context : AL PR SE 
2 levels for factor Group : COM EA 
27 post hoc tests

Contingency tables of subject distributions among the categorical variables:

, , Context = AL

     Decision
Group DG DS
  COM 67 67
  EA  57 57

, , Context = PR

     Decision
Group DG DS
  COM 67 67
  EA  57 57

, , Context = SE

     Decision
Group DG DS
  COM 67 67
  EA  57 57


Tabulation of subjects against each of the categorical variables:
~~~~~~~~~~~~~~
lop$nSubj vs Decision:
     
      DG DS
  109  3  3
  113  3  3
  114  3  3
  115  3  3
  116  3  3
  117  3  3
  119  3  3
  120  3  3
  121  3  3
  122  3  3
  124  3  3
  125  3  3
  126  3  3
  128  3  3
  129  3  3
  130  3  3
  131  3  3
  132  3  3
  133  3  3
  134  3  3
  136  3  3
  140  3  3
  141  3  3
  142  3  3
  144  3  3
  145  3  3
  146  3  3
  150  3  3
  151  3  3
  152  3  3
  155  3  3
  156  3  3
  157  3  3
  159  3  3
  160  3  3
  161  3  3
  162  3  3
  163  3  3
  164  3  3
  165  3  3
  167  3  3
  168  3  3
  169  3  3
  170  3  3
  171  3  3
  172  3  3
  173  3  3
  174  3  3
  175  3  3
  177  3  3
  178  3  3
  179  3  3
  181  3  3
  182  3  3
  183  3  3
  184  3  3
  185  3  3
  186  3  3
  187  3  3
  188  3  3
  190  3  3
  192  3  3
  193  3  3
  194  3  3
  195  3  3
  196  3  3
  197  3  3
  302  3  3
  303  3  3
  306  3  3
  307  3  3
  308  3  3
  309  3  3
  310  3  3
  312  3  3
  313  3  3
  314  3  3
  316  3  3
  317  3  3
  320  3  3
  321  3  3
  322  3  3
  323  3  3
  324  3  3
  325  3  3
  326  3  3
  327  3  3
  328  3  3
  329  3  3
  330  3  3
  331  3  3
  332  3  3
  333  3  3
  335  3  3
  336  3  3
  337  3  3
  340  3  3
  341  3  3
  342  3  3
  343  3  3
  344  3  3
  346  3  3
  347  3  3
  348  3  3
  349  3  3
  351  3  3
  352  3  3
  353  3  3
  354  3  3
  355  3  3
  357  3  3
  359  3  3
  360  3  3
  361  3  3
  363  3  3
  365  3  3
  367  3  3
  368  3  3
  369  3  3
  371  3  3
  372  3  3
  373  3  3
  374  3  3
  375  3  3

~~~~~~~~~~~~~~
lop$nSubj vs Context:
     
      AL PR SE
  109  2  2  2
  113  2  2  2
  114  2  2  2
  115  2  2  2
  116  2  2  2
  117  2  2  2
  119  2  2  2
  120  2  2  2
  121  2  2  2
  122  2  2  2
  124  2  2  2
  125  2  2  2
  126  2  2  2
  128  2  2  2
  129  2  2  2
  130  2  2  2
  131  2  2  2
  132  2  2  2
  133  2  2  2
  134  2  2  2
  136  2  2  2
  140  2  2  2
  141  2  2  2
  142  2  2  2
  144  2  2  2
  145  2  2  2
  146  2  2  2
  150  2  2  2
  151  2  2  2
  152  2  2  2
  155  2  2  2
  156  2  2  2
  157  2  2  2
  159  2  2  2
  160  2  2  2
  161  2  2  2
  162  2  2  2
  163  2  2  2
  164  2  2  2
  165  2  2  2
  167  2  2  2
  168  2  2  2
  169  2  2  2
  170  2  2  2
  171  2  2  2
  172  2  2  2
  173  2  2  2
  174  2  2  2
  175  2  2  2
  177  2  2  2
  178  2  2  2
  179  2  2  2
  181  2  2  2
  182  2  2  2
  183  2  2  2
  184  2  2  2
  185  2  2  2
  186  2  2  2
  187  2  2  2
  188  2  2  2
  190  2  2  2
  192  2  2  2
  193  2  2  2
  194  2  2  2
  195  2  2  2
  196  2  2  2
  197  2  2  2
  302  2  2  2
  303  2  2  2
  306  2  2  2
  307  2  2  2
  308  2  2  2
  309  2  2  2
  310  2  2  2
  312  2  2  2
  313  2  2  2
  314  2  2  2
  316  2  2  2
  317  2  2  2
  320  2  2  2
  321  2  2  2
  322  2  2  2
  323  2  2  2
  324  2  2  2
  325  2  2  2
  326  2  2  2
  327  2  2  2
  328  2  2  2
  329  2  2  2
  330  2  2  2
  331  2  2  2
  332  2  2  2
  333  2  2  2
  335  2  2  2
  336  2  2  2
  337  2  2  2
  340  2  2  2
  341  2  2  2
  342  2  2  2
  343  2  2  2
  344  2  2  2
  346  2  2  2
  347  2  2  2
  348  2  2  2
  349  2  2  2
  351  2  2  2
  352  2  2  2
  353  2  2  2
  354  2  2  2
  355  2  2  2
  357  2  2  2
  359  2  2  2
  360  2  2  2
  361  2  2  2
  363  2  2  2
  365  2  2  2
  367  2  2  2
  368  2  2  2
  369  2  2  2
  371  2  2  2
  372  2  2  2
  373  2  2  2
  374  2  2  2
  375  2  2  2

~~~~~~~~~~~~~~
lop$nSubj vs Group:
     
      COM EA
  109   6  0
  113   6  0
  114   6  0
  115   6  0
  116   6  0
  117   6  0
  119   6  0
  120   6  0
  121   6  0
  122   6  0
  124   6  0
  125   6  0
  126   6  0
  128   6  0
  129   6  0
  130   6  0
  131   6  0
  132   6  0
  133   6  0
  134   6  0
  136   6  0
  140   6  0
  141   6  0
  142   6  0
  144   6  0
  145   6  0
  146   6  0
  150   6  0
  151   6  0
  152   6  0
  155   6  0
  156   6  0
  157   6  0
  159   6  0
  160   6  0
  161   6  0
  162   6  0
  163   6  0
  164   6  0
  165   6  0
  167   6  0
  168   6  0
  169   6  0
  170   6  0
  171   6  0
  172   6  0
  173   6  0
  174   6  0
  175   6  0
  177   6  0
  178   6  0
  179   6  0
  181   6  0
  182   6  0
  183   6  0
  184   6  0
  185   6  0
  186   6  0
  187   6  0
  188   6  0
  190   6  0
  192   6  0
  193   6  0
  194   6  0
  195   6  0
  196   6  0
  197   6  0
  302   0  6
  303   0  6
  306   0  6
  307   0  6
  308   0  6
  309   0  6
  310   0  6
  312   0  6
  313   0  6
  314   0  6
  316   0  6
  317   0  6
  320   0  6
  321   0  6
  322   0  6
  323   0  6
  324   0  6
  325   0  6
  326   0  6
  327   0  6
  328   0  6
  329   0  6
  330   0  6
  331   0  6
  332   0  6
  333   0  6
  335   0  6
  336   0  6
  337   0  6
  340   0  6
  341   0  6
  342   0  6
  343   0  6
  344   0  6
  346   0  6
  347   0  6
  348   0  6
  349   0  6
  351   0  6
  352   0  6
  353   0  6
  354   0  6
  355   0  6
  357   0  6
  359   0  6
  360   0  6
  361   0  6
  363   0  6
  365   0  6
  367   0  6
  368   0  6
  369   0  6
  371   0  6
  372   0  6
  373   0  6
  374   0  6
  375   0  6

***** End of data structure information *****
++++++++++++++++++++++++++++++++++++++++++++++++++++

Reading input files now...

Reading input files: Done!

If the program hangs here for more than, for example, half an hour,
kill the process because the model specification or the GLT coding
is likely inappropriate.

[1] "Great, test run passed at voxel (30, 54, 45)!"
[1] "Start to compute 91 slices along Z axis. You can monitor the progress"
[1] "and estimate the total run time as shown below."
[1] "03/24/19 18:47:16.713"
Package snow loaded successfully!

Z slice  1 done:  03/24/19 18:47:41.967 
Z slice  2 done:  03/24/19 18:47:50.978 
Z slice  3 done:  03/24/19 18:48:03.906 
Z slice  4 done:  03/24/19 18:48:18.203 
Z slice  5 done:  03/24/19 18:48:37.403 
Z slice  6 done:  03/24/19 18:49:47.689 
Z slice  7 done:  03/24/19 18:51:26.215 
Z slice  8 done:  03/24/19 18:53:15.230 
Z slice  9 done:  03/24/19 18:55:05.237 
Z slice  10 done:  03/24/19 18:56:58.390 
Z slice  11 done:  03/24/19 18:58:57.348 
Z slice  12 done:  03/24/19 19:01:08.867 
Z slice  13 done:  03/24/19 19:03:20.032 
Z slice  14 done:  03/24/19 19:05:35.233 
Z slice  15 done:  03/24/19 19:07:56.153 
Z slice  16 done:  03/24/19 19:10:14.578 
Z slice  17 done:  03/24/19 19:12:39.775 
Z slice  18 done:  03/24/19 19:15:04.189 
Z slice  19 done:  03/24/19 19:17:28.777 
Z slice  20 done:  03/24/19 19:19:54.859 
Z slice  21 done:  03/24/19 19:22:26.258 
Z slice  22 done:  03/24/19 19:25:05.241 
Z slice  23 done:  03/24/19 19:27:51.936 
Z slice  24 done:  03/24/19 19:30:44.455 
Z slice  25 done:  03/24/19 19:33:41.274 
Z slice  26 done:  03/24/19 19:36:44.464 
Z slice  27 done:  03/24/19 19:39:58.331 
Z slice  28 done:  03/24/19 19:43:01.712 
Z slice  29 done:  03/24/19 19:46:08.473 
Z slice  30 done:  03/24/19 19:49:18.847 
Z slice  31 done:  03/24/19 19:52:27.432 
Z slice  32 done:  03/24/19 19:55:44.370 
Z slice  33 done:  03/24/19 19:58:55.943 
Z slice  34 done:  03/24/19 20:02:07.822 
Z slice  35 done:  03/24/19 20:05:17.825 
Z slice  36 done:  03/24/19 20:08:29.064 
Z slice  37 done:  03/24/19 20:11:42.932 
Z slice  38 done:  03/24/19 20:14:58.168 
Z slice  39 done:  03/24/19 20:18:15.402 
Z slice  40 done:  03/24/19 20:21:37.764 
Z slice  41 done:  03/24/19 20:24:47.975 
Z slice  42 done:  03/24/19 20:27:55.654 
Z slice  43 done:  03/24/19 20:31:03.467 
Z slice  44 done:  03/24/19 20:34:09.416 
Z slice  45 done:  03/24/19 20:37:16.374 
Z slice  46 done:  03/24/19 20:40:29.505 
Z slice  47 done:  03/24/19 20:43:38.096 
Z slice  48 done:  03/24/19 20:46:44.288 
Z slice  49 done:  03/24/19 20:49:51.029 
Z slice  50 done:  03/24/19 20:52:57.372 
Z slice  51 done:  03/24/19 20:56:01.208 
Z slice  52 done:  03/24/19 20:59:06.127 
Z slice  53 done:  03/24/19 21:02:09.166 
Z slice  54 done:  03/24/19 21:05:12.174 
Z slice  55 done:  03/24/19 21:08:14.634 
Z slice  56 done:  03/24/19 21:11:10.072 
Z slice  57 done:  03/24/19 21:14:01.067 
Z slice  58 done:  03/24/19 21:16:56.943 
Z slice  59 done:  03/24/19 21:19:50.376 
Z slice  60 done:  03/24/19 21:22:38.558 
Z slice  61 done:  03/24/19 21:25:23.142 
Z slice  62 done:  03/24/19 21:28:05.081 
Z slice  63 done:  03/24/19 21:30:36.183 
Z slice  64 done:  03/24/19 21:33:03.055 
Z slice  65 done:  03/24/19 21:35:28.392 
Z slice  66 done:  03/24/19 21:37:41.015 
Z slice  67 done:  03/24/19 21:39:49.390 
Z slice  68 done:  03/24/19 21:41:56.854 
Z slice  69 done:  03/24/19 21:43:49.798 
Z slice  70 done:  03/24/19 21:45:39.768 
Z slice  71 done:  03/24/19 21:47:21.330 
Z slice  72 done:  03/24/19 21:48:50.852 
Z slice  73 done:  03/24/19 21:50:11.731 
Z slice  74 done:  03/24/19 21:51:24.883 
Z slice  75 done:  03/24/19 21:52:09.731 
Z slice  76 done:  03/24/19 21:52:47.266 
Z slice  77 done:  03/24/19 21:53:05.345 
Z slice  78 done:  03/24/19 21:53:05.959 
Z slice  79 done:  03/24/19 21:53:06.517 
Z slice  80 done:  03/24/19 21:53:07.263 
Z slice  81 done:  03/24/19 21:53:08.014 
Z slice  82 done:  03/24/19 21:53:08.583 
Z slice  83 done:  03/24/19 21:53:09.301 
Z slice  84 done:  03/24/19 21:53:09.863 
Z slice  85 done:  03/24/19 21:53:10.712 
Z slice  86 done:  03/24/19 21:53:11.290 
Z slice  87 done:  03/24/19 21:53:11.895 
Z slice  88 done:  03/24/19 21:53:12.715 
Z slice  89 done:  03/24/19 21:53:13.556 
Z slice  90 done:  03/24/19 21:53:14.130 
Z slice  91 done:  03/24/19 21:53:14.655 

Congratulations! You have got an output DecisionXContextXGroup+tlrc.

