
++++++++++++++++++++++++++++++++++++++++++++++++++++
***** Summary information of data structure *****
124 subjects :  109 113 114 115 116 117 119 120 121 122 124 125 126 128 129 130 131 132 133 134 136 140 141 142 144 145 146 150 151 152 155 156 157 159 160 161 162 163 164 165 167 168 169 170 171 172 173 174 175 177 178 179 181 182 183 184 185 186 187 188 190 192 193 194 195 196 197 302 303 306 307 308 309 310 312 313 314 316 317 320 321 322 323 324 325 326 327 328 329 330 331 332 333 335 336 337 340 341 342 343 344 346 347 348 349 351 352 353 354 355 357 359 360 361 363 365 367 368 369 371 372 373 374 375 
744 response values
2 levels for factor Decision : DG DS 
3 levels for factor Context : AL PR SE 
2 levels for factor Group : COM EA 
744 centered values for numeric variable Per_Go : -5.244624 -19.24462 -10.24462 -5.244624 -19.24462 -10.24462 -2.244624 2.755376 -3.244624 -2.244624 2.755376 -3.244624 -18.24462 -3.244624 -0.2446237 -18.24462 -3.244624 -0.2446237 -4.244624 -8.244624 -3.244624 -4.244624 -8.244624 -3.244624 16.75538 16.75538 9.755376 16.75538 16.75538 9.755376 10.75538 11.75538 14.75538 10.75538 11.75538 14.75538 20.75538 33.75538 20.75538 20.75538 33.75538 20.75538 20.75538 1.755376 -5.244624 20.75538 1.755376 -5.244624 -33.24462 -0.2446237 -14.24462 -33.24462 -0.2446237 -14.24462 -29.24462 -27.24462 -23.24462 -29.24462 -27.24462 -23.24462 -9.244624 -13.24462 -18.24462 -9.244624 -13.24462 -18.24462 -30.24462 -15.24462 -19.24462 -30.24462 -15.24462 -19.24462 -7.244624 -6.244624 -8.244624 -7.244624 -6.244624 -8.244624 -5.244624 1.755376 -0.2446237 -5.244624 1.755376 -0.2446237 17.75538 6.755376 6.755376 17.75538 6.755376 6.755376 -22.24462 -8.244624 -8.244624 -22.24462 -8.244624 -8.244624 -3.244624 -3.244624 -0.2446237 -3.244624 -3.244624 -0.2446237 -14.24462 -13.24462 1.755376 -14.24462 -13.24462 1.755376 11.75538 2.755376 6.755376 11.75538 2.755376 6.755376 -19.24462 10.75538 13.75538 -19.24462 10.75538 13.75538 -1.244624 7.755376 0.7553763 -1.244624 7.755376 0.7553763 -33.24462 -30.24462 22.75538 -33.24462 -30.24462 22.75538 -3.244624 -13.24462 -18.24462 -3.244624 -13.24462 -18.24462 25.75538 -13.24462 26.75538 25.75538 -13.24462 26.75538 5.755376 -6.244624 3.755376 5.755376 -6.244624 3.755376 9.755376 34.75538 34.75538 9.755376 34.75538 34.75538 -15.24462 -10.24462 -8.244624 -15.24462 -10.24462 -8.244624 -17.24462 -4.244624 -5.244624 -17.24462 -4.244624 -5.244624 -13.24462 -12.24462 -13.24462 -13.24462 -12.24462 -13.24462 17.75538 4.755376 12.75538 17.75538 4.755376 12.75538 -27.24462 -7.244624 -22.24462 -27.24462 -7.244624 -22.24462 2.755376 -16.24462 -28.24462 2.755376 -16.24462 -28.24462 2.755376 4.755376 31.75538 2.755376 4.755376 31.75538 25.75538 34.75538 38.75538 25.75538 34.75538 38.75538 21.75538 13.75538 31.75538 21.75538 13.75538 31.75538 11.75538 4.755376 16.75538 11.75538 4.755376 16.75538 -5.244624 -8.244624 -3.244624 -5.244624 -8.244624 -3.244624 -20.24462 -3.244624 -3.244624 -20.24462 -3.244624 -3.244624 -7.244624 -5.244624 1.755376 -7.244624 -5.244624 1.755376 -18.24462 -13.24462 -10.24462 -18.24462 -13.24462 -10.24462 -20.24462 -18.24462 -8.244624 -20.24462 -18.24462 -8.244624 -33.24462 -18.24462 2.755376 -33.24462 -18.24462 2.755376 36.75538 24.75538 9.755376 36.75538 24.75538 9.755376 -5.244624 -5.244624 -15.24462 -5.244624 -5.244624 -15.24462 12.75538 23.75538 22.75538 12.75538 23.75538 22.75538 -12.24462 -9.244624 9.755376 -12.24462 -9.244624 9.755376 -5.244624 -3.244624 21.75538 -5.244624 -3.244624 21.75538 6.755376 19.75538 14.75538 6.755376 19.75538 14.75538 -12.24462 9.755376 9.755376 -12.24462 9.755376 9.755376 2.755376 -9.244624 -4.244624 2.755376 -9.244624 -4.244624 10.75538 31.75538 7.755376 10.75538 31.75538 7.755376 3.755376 -5.244624 9.755376 3.755376 -5.244624 9.755376 2.755376 1.755376 -0.2446237 2.755376 1.755376 -0.2446237 -30.24462 -13.24462 -13.24462 -30.24462 -13.24462 -13.24462 -5.244624 2.755376 4.755376 -5.244624 2.755376 4.755376 0.7553763 7.755376 -4.244624 0.7553763 7.755376 -4.244624 -5.244624 4.755376 12.75538 -5.244624 4.755376 12.75538 12.75538 7.755376 11.75538 12.75538 7.755376 11.75538 5.755376 7.755376 16.75538 5.755376 7.755376 16.75538 -32.24462 -10.24462 -13.24462 -32.24462 -10.24462 -13.24462 -21.24462 -10.24462 16.75538 -21.24462 -10.24462 16.75538 -23.24462 -8.244624 39.75538 -23.24462 -8.244624 39.75538 -10.24462 -4.244624 -5.244624 -10.24462 -4.244624 -5.244624 -7.244624 -8.244624 -2.244624 -7.244624 -8.244624 -2.244624 -12.24462 -25.24462 -18.24462 -12.24462 -25.24462 -18.24462 18.75538 20.75538 35.75538 18.75538 20.75538 35.75538 -7.244624 17.75538 22.75538 -7.244624 17.75538 22.75538 -10.24462 14.75538 6.755376 -10.24462 14.75538 6.755376 -20.24462 -6.244624 -11.24462 -20.24462 -6.244624 -11.24462 5.755376 -4.244624 -10.24462 5.755376 -4.244624 -10.24462 9.755376 12.75538 11.75538 9.755376 12.75538 11.75538 -20.24462 -12.24462 -17.24462 -20.24462 -12.24462 -17.24462 14.75538 14.75538 26.75538 14.75538 14.75538 26.75538 -13.24462 -27.24462 -14.24462 -13.24462 -27.24462 -14.24462 -18.24462 1.755376 2.755376 -18.24462 1.755376 2.755376 -5.244624 -3.244624 -10.24462 -5.244624 -3.244624 -10.24462 -22.24462 -20.24462 -33.24462 -22.24462 -20.24462 -33.24462 -23.24462 -30.24462 -35.24462 -23.24462 -30.24462 -35.24462 1.755376 -0.2446237 -11.24462 1.755376 -0.2446237 -11.24462 10.75538 2.755376 1.755376 10.75538 2.755376 1.755376 -3.244624 -2.244624 -1.244624 -3.244624 -2.244624 -1.244624 -5.244624 -0.2446237 -23.24462 -5.244624 -0.2446237 -23.24462 7.755376 5.755376 7.755376 7.755376 5.755376 7.755376 -4.244624 11.75538 -3.244624 -4.244624 11.75538 -3.244624 -22.24462 -13.24462 21.75538 -22.24462 -13.24462 21.75538 14.75538 29.75538 19.75538 14.75538 29.75538 19.75538 -5.244624 3.755376 -10.24462 -5.244624 3.755376 -10.24462 11.75538 21.75538 9.755376 11.75538 21.75538 9.755376 -20.24462 2.755376 -19.24462 -20.24462 2.755376 -19.24462 9.755376 28.75538 24.75538 9.755376 28.75538 24.75538 2.755376 15.75538 9.755376 2.755376 15.75538 9.755376 22.75538 0.7553763 -1.244624 22.75538 0.7553763 -1.244624 20.75538 10.75538 -8.244624 20.75538 10.75538 -8.244624 2.755376 7.755376 -15.24462 2.755376 7.755376 -15.24462 0.7553763 1.755376 -4.244624 0.7553763 1.755376 -4.244624 4.755376 2.755376 6.755376 4.755376 2.755376 6.755376 -5.244624 4.755376 17.75538 -5.244624 4.755376 17.75538 19.75538 19.75538 12.75538 19.75538 19.75538 12.75538 6.755376 -17.24462 -14.24462 6.755376 -17.24462 -14.24462 -3.244624 4.755376 -3.244624 -3.244624 4.755376 -3.244624 -19.24462 0.7553763 -18.24462 -19.24462 0.7553763 -18.24462 -28.24462 -20.24462 -22.24462 -28.24462 -20.24462 -22.24462 -15.24462 -15.24462 -18.24462 -15.24462 -15.24462 -18.24462 -14.24462 -25.24462 -15.24462 -14.24462 -25.24462 -15.24462 1.755376 -11.24462 12.75538 1.755376 -11.24462 12.75538 29.75538 18.75538 3.755376 29.75538 18.75538 3.755376 21.75538 -15.24462 -22.24462 21.75538 -15.24462 -22.24462 35.75538 15.75538 5.755376 35.75538 15.75538 5.755376 2.755376 -0.2446237 7.755376 2.755376 -0.2446237 7.755376 16.75538 26.75538 26.75538 16.75538 26.75538 26.75538 -4.244624 6.755376 -14.24462 -4.244624 6.755376 -14.24462 21.75538 10.75538 1.755376 21.75538 10.75538 1.755376 5.755376 -3.244624 6.755376 5.755376 -3.244624 6.755376 -1.244624 -7.244624 11.75538 -1.244624 -7.244624 11.75538 23.75538 3.755376 0.7553763 23.75538 3.755376 0.7553763 -0.2446237 5.755376 -23.24462 -0.2446237 5.755376 -23.24462 -12.24462 -13.24462 -0.2446237 -12.24462 -13.24462 -0.2446237 0.7553763 -6.244624 16.75538 0.7553763 -6.244624 16.75538 14.75538 15.75538 11.75538 14.75538 15.75538 11.75538 7.755376 14.75538 18.75538 7.755376 14.75538 18.75538 -20.24462 -12.24462 12.75538 -20.24462 -12.24462 12.75538 -15.24462 2.755376 1.755376 -15.24462 2.755376 1.755376 -2.244624 2.755376 7.755376 -2.244624 2.755376 7.755376 6.755376 5.755376 -4.244624 6.755376 5.755376 -4.244624 
27 post hoc tests

Contingency tables of subject distributions among the categorical variables:

, , Context = AL

     Decision
Group DG DS
  COM 67 67
  EA  57 57

, , Context = PR

     Decision
Group DG DS
  COM 67 67
  EA  57 57

, , Context = SE

     Decision
Group DG DS
  COM 67 67
  EA  57 57


Tabulation of subjects against each of the categorical variables:
~~~~~~~~~~~~~~
lop$nSubj vs Decision:
     
      DG DS
  109  3  3
  113  3  3
  114  3  3
  115  3  3
  116  3  3
  117  3  3
  119  3  3
  120  3  3
  121  3  3
  122  3  3
  124  3  3
  125  3  3
  126  3  3
  128  3  3
  129  3  3
  130  3  3
  131  3  3
  132  3  3
  133  3  3
  134  3  3
  136  3  3
  140  3  3
  141  3  3
  142  3  3
  144  3  3
  145  3  3
  146  3  3
  150  3  3
  151  3  3
  152  3  3
  155  3  3
  156  3  3
  157  3  3
  159  3  3
  160  3  3
  161  3  3
  162  3  3
  163  3  3
  164  3  3
  165  3  3
  167  3  3
  168  3  3
  169  3  3
  170  3  3
  171  3  3
  172  3  3
  173  3  3
  174  3  3
  175  3  3
  177  3  3
  178  3  3
  179  3  3
  181  3  3
  182  3  3
  183  3  3
  184  3  3
  185  3  3
  186  3  3
  187  3  3
  188  3  3
  190  3  3
  192  3  3
  193  3  3
  194  3  3
  195  3  3
  196  3  3
  197  3  3
  302  3  3
  303  3  3
  306  3  3
  307  3  3
  308  3  3
  309  3  3
  310  3  3
  312  3  3
  313  3  3
  314  3  3
  316  3  3
  317  3  3
  320  3  3
  321  3  3
  322  3  3
  323  3  3
  324  3  3
  325  3  3
  326  3  3
  327  3  3
  328  3  3
  329  3  3
  330  3  3
  331  3  3
  332  3  3
  333  3  3
  335  3  3
  336  3  3
  337  3  3
  340  3  3
  341  3  3
  342  3  3
  343  3  3
  344  3  3
  346  3  3
  347  3  3
  348  3  3
  349  3  3
  351  3  3
  352  3  3
  353  3  3
  354  3  3
  355  3  3
  357  3  3
  359  3  3
  360  3  3
  361  3  3
  363  3  3
  365  3  3
  367  3  3
  368  3  3
  369  3  3
  371  3  3
  372  3  3
  373  3  3
  374  3  3
  375  3  3

~~~~~~~~~~~~~~
lop$nSubj vs Context:
     
      AL PR SE
  109  2  2  2
  113  2  2  2
  114  2  2  2
  115  2  2  2
  116  2  2  2
  117  2  2  2
  119  2  2  2
  120  2  2  2
  121  2  2  2
  122  2  2  2
  124  2  2  2
  125  2  2  2
  126  2  2  2
  128  2  2  2
  129  2  2  2
  130  2  2  2
  131  2  2  2
  132  2  2  2
  133  2  2  2
  134  2  2  2
  136  2  2  2
  140  2  2  2
  141  2  2  2
  142  2  2  2
  144  2  2  2
  145  2  2  2
  146  2  2  2
  150  2  2  2
  151  2  2  2
  152  2  2  2
  155  2  2  2
  156  2  2  2
  157  2  2  2
  159  2  2  2
  160  2  2  2
  161  2  2  2
  162  2  2  2
  163  2  2  2
  164  2  2  2
  165  2  2  2
  167  2  2  2
  168  2  2  2
  169  2  2  2
  170  2  2  2
  171  2  2  2
  172  2  2  2
  173  2  2  2
  174  2  2  2
  175  2  2  2
  177  2  2  2
  178  2  2  2
  179  2  2  2
  181  2  2  2
  182  2  2  2
  183  2  2  2
  184  2  2  2
  185  2  2  2
  186  2  2  2
  187  2  2  2
  188  2  2  2
  190  2  2  2
  192  2  2  2
  193  2  2  2
  194  2  2  2
  195  2  2  2
  196  2  2  2
  197  2  2  2
  302  2  2  2
  303  2  2  2
  306  2  2  2
  307  2  2  2
  308  2  2  2
  309  2  2  2
  310  2  2  2
  312  2  2  2
  313  2  2  2
  314  2  2  2
  316  2  2  2
  317  2  2  2
  320  2  2  2
  321  2  2  2
  322  2  2  2
  323  2  2  2
  324  2  2  2
  325  2  2  2
  326  2  2  2
  327  2  2  2
  328  2  2  2
  329  2  2  2
  330  2  2  2
  331  2  2  2
  332  2  2  2
  333  2  2  2
  335  2  2  2
  336  2  2  2
  337  2  2  2
  340  2  2  2
  341  2  2  2
  342  2  2  2
  343  2  2  2
  344  2  2  2
  346  2  2  2
  347  2  2  2
  348  2  2  2
  349  2  2  2
  351  2  2  2
  352  2  2  2
  353  2  2  2
  354  2  2  2
  355  2  2  2
  357  2  2  2
  359  2  2  2
  360  2  2  2
  361  2  2  2
  363  2  2  2
  365  2  2  2
  367  2  2  2
  368  2  2  2
  369  2  2  2
  371  2  2  2
  372  2  2  2
  373  2  2  2
  374  2  2  2
  375  2  2  2

~~~~~~~~~~~~~~
lop$nSubj vs Group:
     
      COM EA
  109   6  0
  113   6  0
  114   6  0
  115   6  0
  116   6  0
  117   6  0
  119   6  0
  120   6  0
  121   6  0
  122   6  0
  124   6  0
  125   6  0
  126   6  0
  128   6  0
  129   6  0
  130   6  0
  131   6  0
  132   6  0
  133   6  0
  134   6  0
  136   6  0
  140   6  0
  141   6  0
  142   6  0
  144   6  0
  145   6  0
  146   6  0
  150   6  0
  151   6  0
  152   6  0
  155   6  0
  156   6  0
  157   6  0
  159   6  0
  160   6  0
  161   6  0
  162   6  0
  163   6  0
  164   6  0
  165   6  0
  167   6  0
  168   6  0
  169   6  0
  170   6  0
  171   6  0
  172   6  0
  173   6  0
  174   6  0
  175   6  0
  177   6  0
  178   6  0
  179   6  0
  181   6  0
  182   6  0
  183   6  0
  184   6  0
  185   6  0
  186   6  0
  187   6  0
  188   6  0
  190   6  0
  192   6  0
  193   6  0
  194   6  0
  195   6  0
  196   6  0
  197   6  0
  302   0  6
  303   0  6
  306   0  6
  307   0  6
  308   0  6
  309   0  6
  310   0  6
  312   0  6
  313   0  6
  314   0  6
  316   0  6
  317   0  6
  320   0  6
  321   0  6
  322   0  6
  323   0  6
  324   0  6
  325   0  6
  326   0  6
  327   0  6
  328   0  6
  329   0  6
  330   0  6
  331   0  6
  332   0  6
  333   0  6
  335   0  6
  336   0  6
  337   0  6
  340   0  6
  341   0  6
  342   0  6
  343   0  6
  344   0  6
  346   0  6
  347   0  6
  348   0  6
  349   0  6
  351   0  6
  352   0  6
  353   0  6
  354   0  6
  355   0  6
  357   0  6
  359   0  6
  360   0  6
  361   0  6
  363   0  6
  365   0  6
  367   0  6
  368   0  6
  369   0  6
  371   0  6
  372   0  6
  373   0  6
  374   0  6
  375   0  6

***** End of data structure information *****
++++++++++++++++++++++++++++++++++++++++++++++++++++

Reading input files now...

Reading input files: Done!

If the program hangs here for more than, for example, half an hour,
kill the process because the model specification or the GLT coding
is likely inappropriate.

~~~~~~~~~~~~~~~~~~~ Model test failed! ~~~~~~~~~~~~~~~~~~~
Possible reasons:

0) Make sure that R packages afex and phia have been installed. See the 3dMVM
help documentation for more details.

1) Inappropriate model specification with options -bsVars, -wsVars, or -qVars.
Note that within-subject or repeated-measures variables have to be declared
with -wsVars.

2) Incorrect specifications in general linear test coding with -gltCode.

3) Mistakes in data table. Check the data structure shown above, and verify
whether there are any inconsistencies.

4) Inconsistent variable names which are case sensitive. For example, factor
named Group in model specification and then listed as group in the table header
would cause grief for 3dMVM.

5) Not enough number of subjects. This may happen when there are two or more
withi-subject factors. For example, a model with two within-subject factors with
m and n levels respectively requires more than (m-1)*(n-1) subjects to be able to
model the two-way interaction with the multivariate approach.

