

Note that the PRL tree is NOT supported by RACS.

Please contact user at sameer@cs.uoregon.edu for questions regarding this tree.



Note that the PRL tree is NOT supported by RACS.

Please contact user at sameer@cs.uoregon.edu for questions regarding this tree.

/projects/dsnlab/tds/fMRI/analysis/rx/ylg/alone/tds2_n79/ttests/2-go-stop
0.622698405063291 4.99132544303797 12.6848117974684
++ 3dClustSim: AFNI version=AFNI_17.3.00 (Oct 12 2017) [64-bit]
++ Authored by: RW Cox and BD Ward
++ 220561 voxels in mask (24.44% of total)
++ Kernel function radius = 37.26 mm
++ ACF(0.62,4.99,12.68) => FWHM=12.83 => 91x109x91 pads to 160x160x160
 + Kernel image dimensions 79 x 79 x 79
++ Startup clock time = 0.5 s
Simulating:0123456789.0123456789.0123456789.0123456789.0123456789.!
++ Clock time now = 1893.5 s
# 3dClustSim -pthr .005 .001 .0001 -athr .05 .025 .01667 .0125 .01 .00833 .00625 -nodec -acf 0.622698405063291 4.99132544303797 12.6848117974684 -mask /projects/dsnlab/tds/fMRI/analysis/rx/ylg/alone/tds2_n79/ttests/2-go-stop/mask.nii
# 1-sided thresholding
# Grid: 91x109x91 2.00x2.00x2.00 mm^3 (220561 voxels in mask)
#
# CLUSTER SIZE THRESHOLD(pthr,alpha) in Voxels
# -NN 1  | alpha = Prob(Cluster >= given size)
#  pthr  | .05000 .02500 .01667 .01250 .01000 .00833 .00625
# ------ | ------ ------ ------ ------ ------ ------ ------
 0.005000     307    361    394    424    446    471    492
 0.001000     112    136    146    156    163    170    180
 0.000100      35     44     50     54     57     61     66
# 3dClustSim -pthr .005 .001 .0001 -athr .05 .025 .01667 .0125 .01 .00833 .00625 -nodec -acf 0.622698405063291 4.99132544303797 12.6848117974684 -mask /projects/dsnlab/tds/fMRI/analysis/rx/ylg/alone/tds2_n79/ttests/2-go-stop/mask.nii
# 1-sided thresholding
# Grid: 91x109x91 2.00x2.00x2.00 mm^3 (220561 voxels in mask)
#
# CLUSTER SIZE THRESHOLD(pthr,alpha) in Voxels
# -NN 2  | alpha = Prob(Cluster >= given size)
#  pthr  | .05000 .02500 .01667 .01250 .01000 .00833 .00625
# ------ | ------ ------ ------ ------ ------ ------ ------
 0.005000     327    383    422    452    476    494    516
 0.001000     116    141    153    160    168    176    189
 0.000100      35     45     51     55     58     61     67
# 3dClustSim -pthr .005 .001 .0001 -athr .05 .025 .01667 .0125 .01 .00833 .00625 -nodec -acf 0.622698405063291 4.99132544303797 12.6848117974684 -mask /projects/dsnlab/tds/fMRI/analysis/rx/ylg/alone/tds2_n79/ttests/2-go-stop/mask.nii
# 1-sided thresholding
# Grid: 91x109x91 2.00x2.00x2.00 mm^3 (220561 voxels in mask)
#
# CLUSTER SIZE THRESHOLD(pthr,alpha) in Voxels
# -NN 3  | alpha = Prob(Cluster >= given size)
#  pthr  | .05000 .02500 .01667 .01250 .01000 .00833 .00625
# ------ | ------ ------ ------ ------ ------ ------ ------
 0.005000     334    391    432    462    489    500    528
 0.001000     117    141    153    161    170    177    189
 0.000100      35     45     51     55     58     62     67
# 3dClustSim -pthr .005 .001 .0001 -athr .05 .025 .01667 .0125 .01 .00833 .00625 -nodec -acf 0.622698405063291 4.99132544303797 12.6848117974684 -mask /projects/dsnlab/tds/fMRI/analysis/rx/ylg/alone/tds2_n79/ttests/2-go-stop/mask.nii
# 2-sided thresholding
# Grid: 91x109x91 2.00x2.00x2.00 mm^3 (220561 voxels in mask)
#
# CLUSTER SIZE THRESHOLD(pthr,alpha) in Voxels
# -NN 1  | alpha = Prob(Cluster >= given size)
#  pthr  | .05000 .02500 .01667 .01250 .01000 .00833 .00625
# ------ | ------ ------ ------ ------ ------ ------ ------
 0.005000     231    274    301    322    337    348    372
 0.001000      95    116    127    135    143    151    164
 0.000100      33     41     47     51     54     56     61
# 3dClustSim -pthr .005 .001 .0001 -athr .05 .025 .01667 .0125 .01 .00833 .00625 -nodec -acf 0.622698405063291 4.99132544303797 12.6848117974684 -mask /projects/dsnlab/tds/fMRI/analysis/rx/ylg/alone/tds2_n79/ttests/2-go-stop/mask.nii
# 2-sided thresholding
# Grid: 91x109x91 2.00x2.00x2.00 mm^3 (220561 voxels in mask)
#
# CLUSTER SIZE THRESHOLD(pthr,alpha) in Voxels
# -NN 2  | alpha = Prob(Cluster >= given size)
#  pthr  | .05000 .02500 .01667 .01250 .01000 .00833 .00625
# ------ | ------ ------ ------ ------ ------ ------ ------
 0.005000     243    290    316    337    354    369    393
 0.001000      97    118    130    138    147    157    169
 0.000100      33     41     48     51     54     56     62
# 3dClustSim -pthr .005 .001 .0001 -athr .05 .025 .01667 .0125 .01 .00833 .00625 -nodec -acf 0.622698405063291 4.99132544303797 12.6848117974684 -mask /projects/dsnlab/tds/fMRI/analysis/rx/ylg/alone/tds2_n79/ttests/2-go-stop/mask.nii
# 2-sided thresholding
# Grid: 91x109x91 2.00x2.00x2.00 mm^3 (220561 voxels in mask)
#
# CLUSTER SIZE THRESHOLD(pthr,alpha) in Voxels
# -NN 3  | alpha = Prob(Cluster >= given size)
#  pthr  | .05000 .02500 .01667 .01250 .01000 .00833 .00625
# ------ | ------ ------ ------ ------ ------ ------ ------
 0.005000     247    295    320    347    360    378    398
 0.001000      98    119    131    141    147    157    170
 0.000100      33     42     48     51     54     56     62
# 3dClustSim -pthr .005 .001 .0001 -athr .05 .025 .01667 .0125 .01 .00833 .00625 -nodec -acf 0.622698405063291 4.99132544303797 12.6848117974684 -mask /projects/dsnlab/tds/fMRI/analysis/rx/ylg/alone/tds2_n79/ttests/2-go-stop/mask.nii
# bi-sided thresholding
# Grid: 91x109x91 2.00x2.00x2.00 mm^3 (220561 voxels in mask)
#
# CLUSTER SIZE THRESHOLD(pthr,alpha) in Voxels
# -NN 1  | alpha = Prob(Cluster >= given size)
#  pthr  | .05000 .02500 .01667 .01250 .01000 .00833 .00625
# ------ | ------ ------ ------ ------ ------ ------ ------
 0.005000     231    274    301    322    337    348    372
 0.001000      95    116    127    135    143    151    164
 0.000100      33     41     47     51     54     56     61
# 3dClustSim -pthr .005 .001 .0001 -athr .05 .025 .01667 .0125 .01 .00833 .00625 -nodec -acf 0.622698405063291 4.99132544303797 12.6848117974684 -mask /projects/dsnlab/tds/fMRI/analysis/rx/ylg/alone/tds2_n79/ttests/2-go-stop/mask.nii
# bi-sided thresholding
# Grid: 91x109x91 2.00x2.00x2.00 mm^3 (220561 voxels in mask)
#
# CLUSTER SIZE THRESHOLD(pthr,alpha) in Voxels
# -NN 2  | alpha = Prob(Cluster >= given size)
#  pthr  | .05000 .02500 .01667 .01250 .01000 .00833 .00625
# ------ | ------ ------ ------ ------ ------ ------ ------
 0.005000     243    290    316    337    354    369    393
 0.001000      97    118    130    138    147    157    169
 0.000100      33     41     48     51     54     56     62
# 3dClustSim -pthr .005 .001 .0001 -athr .05 .025 .01667 .0125 .01 .00833 .00625 -nodec -acf 0.622698405063291 4.99132544303797 12.6848117974684 -mask /projects/dsnlab/tds/fMRI/analysis/rx/ylg/alone/tds2_n79/ttests/2-go-stop/mask.nii
# bi-sided thresholding
# Grid: 91x109x91 2.00x2.00x2.00 mm^3 (220561 voxels in mask)
#
# CLUSTER SIZE THRESHOLD(pthr,alpha) in Voxels
# -NN 3  | alpha = Prob(Cluster >= given size)
#  pthr  | .05000 .02500 .01667 .01250 .01000 .00833 .00625
# ------ | ------ ------ ------ ------ ------ ------ ------
 0.005000     247    295    320    347    360    378    398
 0.001000      98    119    131    141    147    157    170
 0.000100      33     42     48     51     54     56     62
