-------------------------------------------------------------------------------
179
Running /projects/dsnlab/shared/tds/TDS_scripts/fMRI/ppc/spm/tds1_tds2/ppc2_tds1_2_job.m
-------------------------------------------------------------------------------

                            < M A T L A B (R) >
                  Copyright 1984-2017 The MathWorks, Inc.
                   R2017b (9.3.0.713579) 64-bit (glnxa64)
                             September 14, 2017

 
To get started, type one of these: helpwin, helpdesk, or demo.
For product information, visit www.mathworks.com.
 


------------------------------------------------------------------------
Running job #1
------------------------------------------------------------------------
Running 'Normalise to MNI Space'

** "u_rc1mprage_tds1_tds2_template" **
mprage	1,1,1
Done    'Normalise to MNI Space'
Running 'Make Directory'
Done    'Make Directory'
Running 'Move/Delete Files'
Done    'Move/Delete Files'
Running 'Normalise to MNI Space'

** "u_rc1mprage_tds1_tds2_template" **
mprage	1,1,1
Done    'Normalise to MNI Space'
Running 'Make Directory'
Done    'Make Directory'
Running 'Move/Delete Files'
Done    'Move/Delete Files'
Running 'File Selector (Batch Mode)'
Done    'File Selector (Batch Mode)'
Running 'Normalise to MNI Space'

** "u_rc1mprage_tds1_tds2_template" **
rucyb1_0001	1,1,1
rucyb1_0002	1,1,1
rucyb1_0003	1,1,1
rucyb1_0004	1,1,1
rucyb1_0005	1,1,1
rucyb1_0006	1,1,1
rucyb1_0007	1,1,1
rucyb1_0008	1,1,1
rucyb1_0009	1,1,1
rucyb1_0010	1,1,1
rucyb1_0011	1,1,1
rucyb1_0012	1,1,1
rucyb1_0013	1,1,1
rucyb1_0014	1,1,1
rucyb1_0015	1,1,1
rucyb1_0016	1,1,1
rucyb1_0017	1,1,1
rucyb1_0018	1,1,1
rucyb1_0019	1,1,1
rucyb1_0020	1,1,1
rucyb1_0021	1,1,1
rucyb1_0022	1,1,1
rucyb1_0023	1,1,1
rucyb1_0024	1,1,1
rucyb1_0025	1,1,1
rucyb1_0026	1,1,1
rucyb1_0027	1,1,1
rucyb1_0028	1,1,1
rucyb1_0029	1,1,1
rucyb1_0030	1,1,1
rucyb1_0031	1,1,1
rucyb1_0032	1,1,1
rucyb1_0033	1,1,1
rucyb1_0034	1,1,1
rucyb1_0035	1,1,1
rucyb1_0036	1,1,1
rucyb1_0037	1,1,1
rucyb1_0038	1,1,1
rucyb1_0039	1,1,1
rucyb1_0040	1,1,1
rucyb1_0041	1,1,1
rucyb1_0042	1,1,1
rucyb1_0043	1,1,1
rucyb1_0044	1,1,1
rucyb1_0045	1,1,1
rucyb1_0046	1,1,1
rucyb1_0047	1,1,1
rucyb1_0048	1,1,1
rucyb1_0049	1,1,1
rucyb1_0050	1,1,1
rucyb1_0051	1,1,1
rucyb1_0052	1,1,1
rucyb1_0053	1,1,1
rucyb1_0054	1,1,1
rucyb1_0055	1,1,1
rucyb1_0056	1,1,1
rucyb1_0057	1,1,1
rucyb1_0058	1,1,1
rucyb1_0059	1,1,1
rucyb1_0060	1,1,1
rucyb1_0061	1,1,1
rucyb1_0062	1,1,1
rucyb1_0063	1,1,1
rucyb1_0064	1,1,1
rucyb1_0065	1,1,1
rucyb1_0066	1,1,1
rucyb1_0067	1,1,1
rucyb1_0068	1,1,1
rucyb2_0001	1,1,1
rucyb2_0002	1,1,1
rucyb2_0003	1,1,1
rucyb2_0004	1,1,1
rucyb2_0005	1,1,1
rucyb2_0006	1,1,1
rucyb2_0007	1,1,1
rucyb2_0008	1,1,1
rucyb2_0009	1,1,1
rucyb2_0010	1,1,1
rucyb2_0011	1,1,1
rucyb2_0012	1,1,1
rucyb2_0013	1,1,1
rucyb2_0014	1,1,1
rucyb2_0015	1,1,1
rucyb2_0016	1,1,1
rucyb2_0017	1,1,1
rucyb2_0018	1,1,1
rucyb2_0019	1,1,1
rucyb2_0020	1,1,1
rucyb2_0021	1,1,1
rucyb2_0022	1,1,1
rucyb2_0023	1,1,1
rucyb2_0024	1,1,1
rucyb2_0025	1,1,1
rucyb2_0026	1,1,1
rucyb2_0027	1,1,1
rucyb2_0028	1,1,1
rucyb2_0029	1,1,1
rucyb2_0030	1,1,1
rucyb2_0031	1,1,1
rucyb2_0032	1,1,1
rucyb2_0033	1,1,1
rucyb2_0034	1,1,1
rucyb2_0035	1,1,1
rucyb2_0036	1,1,1
rucyb2_0037	1,1,1
rucyb2_0038	1,1,1
rucyb2_0039	1,1,1
rucyb2_0040	1,1,1
rucyb2_0041	1,1,1
rucyb2_0042	1,1,1
rucyb2_0043	1,1,1
rucyb2_0044	1,1,1
rucyb2_0045	1,1,1
rucyb2_0046	1,1,1
rucyb2_0047	1,1,1
rucyb2_0048	1,1,1
rucyb2_0049	1,1,1
rucyb2_0050	1,1,1
rucyb2_0051	1,1,1
rucyb2_0052	1,1,1
rucyb2_0053	1,1,1
rucyb2_0054	1,1,1
rucyb2_0055	1,1,1
rucyb2_0056	1,1,1
rucyb2_0057	1,1,1
rucyb2_0058	1,1,1
rucyb2_0059	1,1,1
rucyb2_0060	1,1,1
rucyb2_0061	1,1,1
rucyb2_0062	1,1,1
rucyb2_0063	1,1,1
rucyb2_0064	1,1,1
rucyb2_0065	1,1,1
rucyb2_0066	1,1,1
rucyb2_0067	1,1,1
rucyb2_0068	1,1,1
rucyb2_0069	1,1,1
rucyb2_0070	1,1,1
rucyb2_0071	1,1,1
rustop3_0001	1,1,1
rustop3_0002	1,1,1
rustop3_0003	1,1,1
rustop3_0004	1,1,1
rustop3_0005	1,1,1
rustop3_0006	1,1,1
rustop3_0007	1,1,1
rustop3_0008	1,1,1
rustop3_0009	1,1,1
rustop3_0010	1,1,1
rustop3_0011	1,1,1
rustop3_0012	1,1,1
rustop3_0013	1,1,1
rustop3_0014	1,1,1
rustop3_0015	1,1,1
rustop3_0016	1,1,1
rustop3_0017	1,1,1
rustop3_0018	1,1,1
rustop3_0019	1,1,1
rustop3_0020	1,1,1
rustop3_0021	1,1,1
rustop3_0022	1,1,1
rustop3_0023	1,1,1
rustop3_0024	1,1,1
rustop3_0025	1,1,1
rustop3_0026	1,1,1
rustop3_0027	1,1,1
rustop3_0028	1,1,1
rustop3_0029	1,1,1
rustop3_0030	1,1,1
rustop3_0031	1,1,1
rustop3_0032	1,1,1
rustop3_0033	1,1,1
rustop3_0034	1,1,1
rustop3_0035	1,1,1
rustop3_0036	1,1,1
rustop3_0037	1,1,1
rustop3_0038	1,1,1
rustop3_0039	1,1,1
rustop3_0040	1,1,1
rustop3_0041	1,1,1
rustop3_0042	1,1,1
rustop3_0043	1,1,1
rustop3_0044	1,1,1
rustop3_0045	1,1,1
rustop3_0046	1,1,1
rustop3_0047	1,1,1
rustop3_0048	1,1,1
rustop3_0049	1,1,1
rustop3_0050	1,1,1
rustop3_0051	1,1,1
rustop3_0052	1,1,1
rustop3_0053	1,1,1
rustop3_0054	1,1,1
rustop3_0055	1,1,1
rustop3_0056	1,1,1
rustop3_0057	1,1,1
rustop3_0058	1,1,1
rustop3_0059	1,1,1
rustop3_0060	1,1,1
rustop3_0061	1,1,1
rustop3_0062	1,1,1
rustop3_0063	1,1,1
rustop3_0064	1,1,1
rustop3_0065	1,1,1
rustop3_0066	1,1,1
rustop3_0067	1,1,1
rustop3_0068	1,1,1
rustop3_0069	1,1,1
rustop3_0070	1,1,1
rustop3_0071	1,1,1
rustop3_0072	1,1,1
rustop3_0073	1,1,1
rustop3_0074	1,1,1
rustop3_0075	1,1,1
rustop3_0076	1,1,1
rustop3_0077	1,1,1
rustop3_0078	1,1,1
rustop3_0079	1,1,1
rustop3_0080	1,1,1
rustop3_0081	1,1,1
rustop3_0082	1,1,1
rustop3_0083	1,1,1
rustop3_0084	1,1,1
rustop4_0001	1,1,1
rustop4_0002	1,1,1
rustop4_0003	1,1,1
rustop4_0004	1,1,1
rustop4_0005	1,1,1
rustop4_0006	1,1,1
rustop4_0007	1,1,1
rustop4_0008	1,1,1
rustop4_0009	1,1,1
rustop4_0010	1,1,1
rustop4_0011	1,1,1
rustop4_0012	1,1,1
rustop4_0013	1,1,1
rustop4_0014	1,1,1
rustop4_0015	1,1,1
rustop4_0016	1,1,1
rustop4_0017	1,1,1
rustop4_0018	1,1,1
rustop4_0019	1,1,1
rustop4_0020	1,1,1
rustop4_0021	1,1,1
rustop4_0022	1,1,1
rustop4_0023	1,1,1
rustop4_0024	1,1,1
rustop4_0025	1,1,1
rustop4_0026	1,1,1
rustop4_0027	1,1,1
rustop4_0028	1,1,1
rustop4_0029	1,1,1
rustop4_0030	1,1,1
rustop4_0031	1,1,1
rustop4_0032	1,1,1
rustop4_0033	1,1,1
rustop4_0034	1,1,1
rustop4_0035	1,1,1
rustop4_0036	1,1,1
rustop4_0037	1,1,1
rustop4_0038	1,1,1
rustop4_0039	1,1,1
rustop4_0040	1,1,1
rustop4_0041	1,1,1
rustop4_0042	1,1,1
rustop4_0043	1,1,1
rustop4_0044	1,1,1
rustop4_0045	1,1,1
rustop4_0046	1,1,1
rustop4_0047	1,1,1
rustop4_0048	1,1,1
rustop4_0049	1,1,1
rustop4_0050	1,1,1
rustop4_0051	1,1,1
rustop4_0052	1,1,1
rustop4_0053	1,1,1
rustop4_0054	1,1,1
rustop4_0055	1,1,1
rustop4_0056	1,1,1
rustop4_0057	1,1,1
rustop4_0058	1,1,1
rustop4_0059	1,1,1
rustop4_0060	1,1,1
rustop4_0061	1,1,1
rustop4_0062	1,1,1
rustop4_0063	1,1,1
rustop4_0064	1,1,1
rustop4_0065	1,1,1
rustop4_0066	1,1,1
rustop4_0067	1,1,1
rustop4_0068	1,1,1
rustop4_0069	1,1,1
rustop4_0070	1,1,1
rustop4_0071	1,1,1
rustop4_0072	1,1,1
rustop4_0073	1,1,1
rustop4_0074	1,1,1
rustop4_0075	1,1,1
rustop4_0076	1,1,1
rustop4_0077	1,1,1
rustop5_0001	1,1,1
rustop5_0002	1,1,1
rustop5_0003	1,1,1
rustop5_0004	1,1,1
rustop5_0005	1,1,1
rustop5_0006	1,1,1
rustop5_0007	1,1,1
rustop5_0008	1,1,1
rustop5_0009	1,1,1
rustop5_0010	1,1,1
rustop5_0011	1,1,1
rustop5_0012	1,1,1
rustop5_0013	1,1,1
rustop5_0014	1,1,1
rustop5_0015	1,1,1
rustop5_0016	1,1,1
rustop5_0017	1,1,1
rustop5_0018	1,1,1
rustop5_0019	1,1,1
rustop5_0020	1,1,1
rustop5_0021	1,1,1
rustop5_0022	1,1,1
rustop5_0023	1,1,1
rustop5_0024	1,1,1
rustop5_0025	1,1,1
rustop5_0026	1,1,1
rustop5_0027	1,1,1
rustop5_0028	1,1,1
rustop5_0029	1,1,1
rustop5_0030	1,1,1
rustop5_0031	1,1,1
rustop5_0032	1,1,1
rustop5_0033	1,1,1
rustop5_0034	1,1,1
rustop5_0035	1,1,1
rustop5_0036	1,1,1
rustop5_0037	1,1,1
rustop5_0038	1,1,1
rustop5_0039	1,1,1
rustop5_0040	1,1,1
rustop5_0041	1,1,1
rustop5_0042	1,1,1
rustop5_0043	1,1,1
rustop5_0044	1,1,1
rustop5_0045	1,1,1
rustop5_0046	1,1,1
rustop5_0047	1,1,1
rustop5_0048	1,1,1
rustop5_0049	1,1,1
rustop5_0050	1,1,1
rustop5_0051	1,1,1
rustop5_0052	1,1,1
rustop5_0053	1,1,1
rustop5_0054	1,1,1
rustop5_0055	1,1,1
rustop5_0056	1,1,1
rustop5_0057	1,1,1
rustop5_0058	1,1,1
rustop5_0059	1,1,1
rustop5_0060	1,1,1
rustop5_0061	1,1,1
rustop5_0062	1,1,1
rustop5_0063	1,1,1
rustop5_0064	1,1,1
rustop5_0065	1,1,1
rustop5_0066	1,1,1
rustop5_0067	1,1,1
rustop5_0068	1,1,1
rustop5_0069	1,1,1
rustop5_0070	1,1,1
rustop5_0071	1,1,1
rustop6_0001	1,1,1
rustop6_0002	1,1,1
rustop6_0003	1,1,1
rustop6_0004	1,1,1
rustop6_0005	1,1,1
rustop6_0006	1,1,1
rustop6_0007	1,1,1
rustop6_0008	1,1,1
rustop6_0009	1,1,1
rustop6_0010	1,1,1
rustop6_0011	1,1,1
rustop6_0012	1,1,1
rustop6_0013	1,1,1
rustop6_0014	1,1,1
rustop6_0015	1,1,1
rustop6_0016	1,1,1
rustop6_0017	1,1,1
rustop6_0018	1,1,1
rustop6_0019	1,1,1
rustop6_0020	1,1,1
rustop6_0021	1,1,1
rustop6_0022	1,1,1
rustop6_0023	1,1,1
rustop6_0024	1,1,1
rustop6_0025	1,1,1
rustop6_0026	1,1,1
rustop6_0027	1,1,1
rustop6_0028	1,1,1
rustop6_0029	1,1,1
rustop6_0030	1,1,1
rustop6_0031	1,1,1
rustop6_0032	1,1,1
rustop6_0033	1,1,1
rustop6_0034	1,1,1
rustop6_0035	1,1,1
rustop6_0036	1,1,1
rustop6_0037	1,1,1
rustop6_0038	1,1,1
rustop6_0039	1,1,1
rustop6_0040	1,1,1
rustop6_0041	1,1,1
rustop6_0042	1,1,1
rustop6_0043	1,1,1
rustop6_0044	1,1,1
rustop6_0045	1,1,1
rustop6_0046	1,1,1
rustop6_0047	1,1,1
rustop6_0048	1,1,1
rustop6_0049	1,1,1
rustop6_0050	1,1,1
rustop6_0051	1,1,1
rustop6_0052	1,1,1
rustop6_0053	1,1,1
rustop6_0054	1,1,1
rustop6_0055	1,1,1
rustop6_0056	1,1,1
rustop6_0057	1,1,1
rustop6_0058	1,1,1
rustop6_0059	1,1,1
rustop6_0060	1,1,1
rustop6_0061	1,1,1
rustop6_0062	1,1,1
rustop6_0063	1,1,1
rustop6_0064	1,1,1
rustop6_0065	1,1,1
rustop6_0066	1,1,1
rustop6_0067	1,1,1
rustop6_0068	1,1,1
rustop6_0069	1,1,1
rustop6_0070	1,1,1
rustop6_0071	1,1,1
rustop6_0072	1,1,1
rustop6_0073	1,1,1
rustop6_0074	1,1,1
rustop6_0075	1,1,1
rustop6_0076	1,1,1
rustop6_0077	1,1,1
rustop6_0078	1,1,1
rustop6_0079	1,1,1
rustop6_0080	1,1,1
rustop7_0001	1,1,1
rustop7_0002	1,1,1
rustop7_0003	1,1,1
rustop7_0004	1,1,1
rustop7_0005	1,1,1
rustop7_0006	1,1,1
rustop7_0007	1,1,1
rustop7_0008	1,1,1
rustop7_0009	1,1,1
rustop7_0010	1,1,1
rustop7_0011	1,1,1
rustop7_0012	1,1,1
rustop7_0013	1,1,1
rustop7_0014	1,1,1
rustop7_0015	1,1,1
rustop7_0016	1,1,1
rustop7_0017	1,1,1
rustop7_0018	1,1,1
rustop7_0019	1,1,1
rustop7_0020	1,1,1
rustop7_0021	1,1,1
rustop7_0022	1,1,1
rustop7_0023	1,1,1
rustop7_0024	1,1,1
rustop7_0025	1,1,1
rustop7_0026	1,1,1
rustop7_0027	1,1,1
rustop7_0028	1,1,1
rustop7_0029	1,1,1
rustop7_0030	1,1,1
rustop7_0031	1,1,1
rustop7_0032	1,1,1
rustop7_0033	1,1,1
rustop7_0034	1,1,1
rustop7_0035	1,1,1
rustop7_0036	1,1,1
rustop7_0037	1,1,1
rustop7_0038	1,1,1
rustop7_0039	1,1,1
rustop7_0040	1,1,1
rustop7_0041	1,1,1
rustop7_0042	1,1,1
rustop7_0043	1,1,1
rustop7_0044	1,1,1
rustop7_0045	1,1,1
rustop7_0046	1,1,1
rustop7_0047	1,1,1
rustop7_0048	1,1,1
rustop7_0049	1,1,1
rustop7_0050	1,1,1
rustop7_0051	1,1,1
rustop7_0052	1,1,1
rustop7_0053	1,1,1
rustop7_0054	1,1,1
rustop7_0055	1,1,1
rustop7_0056	1,1,1
rustop7_0057	1,1,1
rustop7_0058	1,1,1
rustop7_0059	1,1,1
rustop7_0060	1,1,1
rustop7_0061	1,1,1
rustop7_0062	1,1,1
rustop7_0063	1,1,1
rustop7_0064	1,1,1
rustop7_0065	1,1,1
rustop7_0066	1,1,1
rustop7_0067	1,1,1
rustop7_0068	1,1,1
rustop7_0069	1,1,1
rustop7_0070	1,1,1
rustop7_0071	1,1,1
rustop7_0072	1,1,1
rustop8_0001	1,1,1
rustop8_0002	1,1,1
rustop8_0003	1,1,1
rustop8_0004	1,1,1
rustop8_0005	1,1,1
rustop8_0006	1,1,1
rustop8_0007	1,1,1
rustop8_0008	1,1,1
rustop8_0009	1,1,1
rustop8_0010	1,1,1
rustop8_0011	1,1,1
rustop8_0012	1,1,1
rustop8_0013	1,1,1
rustop8_0014	1,1,1
rustop8_0015	1,1,1
rustop8_0016	1,1,1
rustop8_0017	1,1,1
rustop8_0018	1,1,1
rustop8_0019	1,1,1
rustop8_0020	1,1,1
rustop8_0021	1,1,1
rustop8_0022	1,1,1
rustop8_0023	1,1,1
rustop8_0024	1,1,1
rustop8_0025	1,1,1
rustop8_0026	1,1,1
rustop8_0027	1,1,1
rustop8_0028	1,1,1
rustop8_0029	1,1,1
rustop8_0030	1,1,1
rustop8_0031	1,1,1
rustop8_0032	1,1,1
rustop8_0033	1,1,1
rustop8_0034	1,1,1
rustop8_0035	1,1,1
rustop8_0036	1,1,1
rustop8_0037	1,1,1
rustop8_0038	1,1,1
rustop8_0039	1,1,1
rustop8_0040	1,1,1
rustop8_0041	1,1,1
rustop8_0042	1,1,1
rustop8_0043	1,1,1
rustop8_0044	1,1,1
rustop8_0045	1,1,1
rustop8_0046	1,1,1
rustop8_0047	1,1,1
rustop8_0048	1,1,1
rustop8_0049	1,1,1
rustop8_0050	1,1,1
rustop8_0051	1,1,1
rustop8_0052	1,1,1
rustop8_0053	1,1,1
rustop8_0054	1,1,1
rustop8_0055	1,1,1
rustop8_0056	1,1,1
rustop8_0057	1,1,1
rustop8_0058	1,1,1
rustop8_0059	1,1,1
rustop8_0060	1,1,1
rustop8_0061	1,1,1
rustop8_0062	1,1,1
rustop8_0063	1,1,1
rustop8_0064	1,1,1
rustop8_0065	1,1,1
rustop8_0066	1,1,1
rustop8_0067	1,1,1
rustop8_0068	1,1,1
rustop8_0069	1,1,1
rustop8_0070	1,1,1
rustop8_0071	1,1,1
rustop8_0072	1,1,1
rustop8_0073	1,1,1
rustop8_0074	1,1,1
rustop8_0075	1,1,1
rustop8_0076	1,1,1
ruvid1_0001	1,1,1
ruvid1_0002	1,1,1
ruvid1_0003	1,1,1
ruvid1_0004	1,1,1
ruvid1_0005	1,1,1
ruvid1_0006	1,1,1
ruvid1_0007	1,1,1
ruvid1_0008	1,1,1
ruvid1_0009	1,1,1
ruvid1_0010	1,1,1
ruvid1_0011	1,1,1
ruvid1_0012	1,1,1
ruvid1_0013	1,1,1
ruvid1_0014	1,1,1
ruvid1_0015	1,1,1
ruvid1_0016	1,1,1
ruvid1_0017	1,1,1
ruvid1_0018	1,1,1
ruvid1_0019	1,1,1
ruvid1_0020	1,1,1
ruvid1_0021	1,1,1
ruvid1_0022	1,1,1
ruvid1_0023	1,1,1
ruvid1_0024	1,1,1
ruvid1_0025	1,1,1
ruvid1_0026	1,1,1
ruvid1_0027	1,1,1
ruvid1_0028	1,1,1
ruvid1_0029	1,1,1
ruvid1_0030	1,1,1
ruvid1_0031	1,1,1
ruvid1_0032	1,1,1
ruvid1_0033	1,1,1
ruvid1_0034	1,1,1
ruvid1_0035	1,1,1
ruvid1_0036	1,1,1
ruvid1_0037	1,1,1
ruvid1_0038	1,1,1
ruvid1_0039	1,1,1
ruvid1_0040	1,1,1
ruvid1_0041	1,1,1
ruvid1_0042	1,1,1
ruvid1_0043	1,1,1
ruvid1_0044	1,1,1
ruvid1_0045	1,1,1
ruvid1_0046	1,1,1
ruvid1_0047	1,1,1
ruvid1_0048	1,1,1
ruvid1_0049	1,1,1
ruvid1_0050	1,1,1
ruvid1_0051	1,1,1
ruvid1_0052	1,1,1
ruvid1_0053	1,1,1
ruvid1_0054	1,1,1
ruvid1_0055	1,1,1
ruvid1_0056	1,1,1
ruvid1_0057	1,1,1
ruvid1_0058	1,1,1
ruvid1_0059	1,1,1
ruvid1_0060	1,1,1
ruvid1_0061	1,1,1
ruvid1_0062	1,1,1
ruvid1_0063	1,1,1
ruvid1_0064	1,1,1
Done    'Normalise to MNI Space'
Done

