-------------------------------------------------------------------------------
356
Running /projects/dsnlab/tds/TDS_scripts/fMRI/ppc/spm/tds1_tds2/ppc2_tds1_2_job.m
-------------------------------------------------------------------------------

                            < M A T L A B (R) >
                  Copyright 1984-2016 The MathWorks, Inc.
                   R2016b (9.1.0.441655) 64-bit (glnxa64)
                             September 7, 2016

 
To get started, type one of these: helpwin, helpdesk, or demo.
For product information, visit www.mathworks.com.
 


------------------------------------------------------------------------
Running job #1
------------------------------------------------------------------------
Running 'Normalise to MNI Space'

** "u_rc1mprage_tds1_2_template" **
Failed  'Normalise to MNI Space'
Error using read_hdr (line 32)
Error reading header file "/projects/dsnlab/tds/fMRI/subjects/356/structurals/u_rc1mprage_tds1_2_template.nii".
In file "/projects/dsnlab/SPM12/@nifti/private/read_hdr.m" (v4967), function "read_hdr" at line 32.
In file "/projects/dsnlab/SPM12/@nifti/nifti.m" (v4986), function "nifti" at line 26.
In file "/gpfs/projects/dsnlab/SPM12/toolbox/DARTEL/spm_dartel_norm_fun.m" (v5668), function "deal_with_subject" at line 155.
In file "/gpfs/projects/dsnlab/SPM12/toolbox/DARTEL/spm_dartel_norm_fun.m" (v5668), function "spm_dartel_norm_fun" at line 132.

Running 'Make Directory'
Done    'Make Directory'
No executable modules, but still unresolved dependencies or incomplete module inputs.
The following modules did not run:
Failed: Normalise to MNI Space
Skipped: Move/Delete Files
Skipped: Normalise to MNI Space
Skipped: Make Directory
Skipped: Move/Delete Files
Skipped: File Selector (Batch Mode)
Skipped: Normalise to MNI Space

{Error using MATLABbatch system
Job execution failed. The full log of this run can be found in MATLAB command
window, starting with the lines (look for the line showing the exact #job as
displayed in this error message)
------------------
Running job #1
------------------
} 
>> 