-------------------------------------------------------------------------------
tds1_tds2
Running /projects/dsnlab/shared/tds/TDS_scripts/fMRI/ppc/spm/tds1_tds2/dartel_tds1_tds2_job.m
-------------------------------------------------------------------------------

                            < M A T L A B (R) >
                  Copyright 1984-2017 The MathWorks, Inc.
                   R2017b (9.3.0.713579) 64-bit (glnxa64)
                             September 14, 2017

 
To get started, type one of these: helpwin, helpdesk, or demo.
For product information, visit www.mathworks.com.
 


------------------------------------------------------------------------
Running job #1
------------------------------------------------------------------------
Running 'File Selector (Batch Mode)'
Done    'File Selector (Batch Mode)'
Running 'File Selector (Batch Mode)'
Done    'File Selector (Batch Mode)'
Running 'File Selector (Batch Mode)'
Done    'File Selector (Batch Mode)'
Running 'File Selector (Batch Mode)'
Done    'File Selector (Batch Mode)'
Running 'File Selector (Batch Mode)'
Done    'File Selector (Batch Mode)'
Running 'File Selector (Batch Mode)'
Done    'File Selector (Batch Mode)'
Running 'Run Dartel (create Templates)'
 1735.38, 50.3994, 10.5935, 1.28331, 0.50445, 0.284948, 0.183064, 0.127105,
1 1	804586	0	804586	270.357
1 2	1.1552e+06	0	1.1552e+06	327.421
1 3	811703	0	811703	300.833
1 4	762308	0	762308	246.206
1 5	752784	0	752784	277.139
1 6	896561	0	896561	312.586
1 7	1.25606e+06	0	1.25606e+06	412.309
1 8	920741	0	920741	304.378
1 9	1.18308e+06	0	1.18308e+06	378.325
1 10	808874	0	808874	272.889
1 11	887795	0	887795	300.928
1 12	760081	0	760081	292.525
1 13	781612	0	781612	264.542
1 14	766044	0	766044	252.051
1 15	1.0775e+06	0	1.0775e+06	378.807
1 16	712971	0	712971	223.482
1 17	654832	0	654832	208.613
1 18	966699	0	966699	315.016
1 19	811963	0	811963	294.848
1 20	682332	0	682332	211.563
1 21	851740	0	851740	288.138
1 22	705200	0	705200	229.277
1 23	732487	0	732487	232.079
1 24	763367	0	763367	277.778
1 25	923565	0	923565	308.139
1 26	1.20663e+06	0	1.20663e+06	405.208
1 27	753013	0	753013	264.711
1 28	708891	0	708891	221.207
1 29	725949	0	725949	242.68
1 30	842066	0	842066	329.961
1 31	712372	0	712372	233.704
1 32	775269	0	775269	253.763
1 33	728793	0	728793	234.825
1 34	727424	0	727424	241.839
1 35	701242	0	701242	248.898
1 36	685006	0	685006	223.461
1 37	791420	0	791420	286.049
1 38	769469	0	769469	268.205
1 39	638374	0	638374	198.869
1 40	668778	0	668778	222.518
1 41	923700	0	923700	314.12
1 42	660869	0	660869	214.516
1 43	767369	0	767369	259.019
1 44	764500	0	764500	254.05
1 45	729415	0	729415	227.856
1 46	703766	0	703766	237.582
1 47	706803	0	706803	237.089
1 48	697938	0	697938	218.939
1 49	788712	0	788712	298.279
1 50	984723	0	984723	361.21
1 51	742838	0	742838	244.721
1 52	901706	0	901706	266.881
1 53	802306	0	802306	299.425
1 54	679778	0	679778	241.527
1 55	706613	0	706613	251.221
1 56	774084	0	774084	284.095
1 57	654336	0	654336	201.989
1 58	730948	0	730948	275.824
1 59	789991	0	789991	262.245
1 60	722120	0	722120	237.48
1 61	777863	0	777863	280.621
1 62	680417	0	680417	222.71
1 63	659046	0	659046	235.254
1 64	1.43479e+06	0	1.43479e+06	420.752
1 65	799879	0	799879	282.501
1 66	763211	0	763211	247.585
1 67	697222	0	697222	253.459
1 68	728324	0	728324	248.338
1 69	662517	0	662517	220.276
1 70	667858	0	667858	214.313
1 71	671323	0	671323	225.854
1 72	665012	0	665012	225.434
1 73	756068	0	756068	246.1
1 74	666951	0	666951	211.697
1 75	863804	0	863804	253.874
1 76	841941	0	841941	292.418
1 77	670347	0	670347	223.371
1 78	771978	0	771978	262.657
1 79	810194	0	810194	256.766
1 80	723412	0	723412	242.471
1 81	781186	0	781186	271.185
1 82	714125	0	714125	250.272
1 83	697147	0	697147	252.443
1 84	757908	0	757908	282.446
1 85	762039	0	762039	239.431
1 86	697128	0	697128	231.976
1 87	771931	0	771931	297.764
1 88	878155	0	878155	290.967
1 89	741933	0	741933	249.872
1 90	687525	0	687525	216.333
1 91	753643	0	753643	254.153
1 92	1.07019e+06	0	1.07019e+06	361.478
1 93	629444	0	629444	191.041
1 94	827100	0	827100	293.129
1 95	853998	0	853998	327.881
1 96	718557	0	718557	241.044
1 97	848068	0	848068	307.307
1 98	945058	0	945058	317.543
1 99	710969	0	710969	262.325
1 100	723220	0	723220	237.123
1 101	644928	0	644928	202.014
1 102	669931	0	669931	220.333
1 103	1.38622e+06	0	1.38622e+06	422.584
1 104	810590	0	810590	306.962
1 105	683655	0	683655	220.084
1 106	710635	0	710635	234.489
1 107	673092	0	673092	209.23
1 108	734821	0	734821	267.838
1 109	693263	0	693263	223.892
1 110	904022	0	904022	319.361
1 111	733410	0	733410	253.585
1 112	947628	0	947628	307.979
1 113	744806	0	744806	235.63
1 114	896791	0	896791	305.503
1 115	1.22461e+06	0	1.22461e+06	317.429
1 116	814376	0	814376	294.588
1 117	762546	0	762546	239.082
1 118	813697	0	813697	276.807
1 119	753793	0	753793	260.613
1 120	1.10096e+06	0	1.10096e+06	416.654
1 121	746559	0	746559	240.025
1 122	759387	0	759387	253.081
1 123	750384	0	750384	247.65
1 124	707425	0	707425	236.169
1 125	811502	0	811502	303.062
1 126	669547	0	669547	213.413
1 127	706531	0	706531	238.031
1 128	1.12433e+06	0	1.12433e+06	362.599
1 129	771829	0	771829	293.319
1 130	720485	0	720485	234.129
1 131	721303	0	721303	265.372
1 132	711786	0	711786	236.949
1 133	734550	0	734550	250.186
1 134	696141	0	696141	238.806
1 135	845632	0	845632	309.027
1 136	667044	0	667044	222.459
1 137	641077	0	641077	194.834
1 138	939093	0	939093	309.944
1 139	842900	0	842900	274.133
1 140	663366	0	663366	214.151
1 141	685326	0	685326	226.992
1 142	874268	0	874268	307.265
1 143	906386	0	906386	296.084
1 144	935129	0	935129	325.578
1 145	719444	0	719444	245.805
1 146	741390	0	741390	278.265
1 147	724289	0	724289	240.099
1 148	713725	0	713725	255.893
1 149	1.21942e+06	0	1.21942e+06	322.776
 1861.23, 42.0938, 9.72015, 1.18822, 0.475772, 0.271199, 0.175208, 0.122191,
2 1	627202	30395.2	657597	187.057
2 2	1.03284e+06	43203.8	1.07604e+06	340.83
2 3	579227	48881.9	628109	250.117
2 4	605916	24147.9	630063	159.996
2 5	557741	35392.7	593134	170.677
2 6	667956	45784.9	713741	269.024
2 7	791472	100995	892466	652.618
2 8	684537	43346.6	727884	635.309
2 9	815217	83245.5	898462	684.104
2 10	621807	32176.3	653983	168.978
2 11	667324	45512.1	712836	415.329
2 12	543531	40382.7	583914	177.884
2 13	611336	28807.5	640144	219.519
2 14	602168	26579	628747	138.004
2 15	720894	80944.9	801839	614.501
2 16	608536	17895.4	626432	331.807
2 17	558090	13413.7	571503	203.381
2 18	740775	55109	795884	704.755
2 19	591811	46817.5	638629	200.466
2 20	573968	14253.5	588222	356.184
2 21	646538	39036.3	685574	163.168
2 22	590456	17934.4	608390	391.615
2 23	598153	19279.3	617432	164.921
2 24	571054	35752.7	606807	235.064
2 25	688922	52895.4	741817	527.059
2 26	751948	100483	852431	417.6
2 27	595756	34988.7	630745	226.318
2 28	581453	19563.3	601017	168.204
2 29	597475	23115.7	620591	194.214
2 30	567024	53896.4	620921	180.31
2 31	575191	21693.9	596885	140.412
2 32	611342	27182.4	638524	192.437
2 33	581253	22076	603329	166.487
2 34	590248	21794	612042	149.164
2 35	539313	23821.2	563135	139.126
2 36	552927	16202.8	569129	149.607
2 37	578208	41045.7	619254	168.111
2 38	587277	31945.5	619223	247.025
2 39	545145	10421.6	555566	223.532
2 40	548778	15536.9	564315	268.881
2 41	672417	50744.7	723162	265.028
2 42	541387	13920.5	555308	124.371
2 43	598688	27883.8	626571	192.083
2 44	596602	26023.4	622625	135.66
2 45	605134	17695.4	622830	303.923
2 46	569278	20989.6	590268	146.418
2 47	561243	21552.7	582795	300.41
2 48	578896	16592.1	595489	208.533
2 49	558782	40367	599149	169.05
2 50	635395	75912.5	711308	234.917
2 51	611808	24388.5	636197	529.651
2 52	743578	32783.8	776362	176.033
2 53	583189	44791.3	627980	234.549
2 54	535917	23642.8	559560	200.35
2 55	556431	25395.5	581827	283.12
2 56	561516	37317.4	598834	158.785
2 57	552232	12755.6	564988	240.489
2 58	544187	33670.8	577858	186.321
2 59	619267	28681.8	647949	556.864
2 60	590113	20313.4	610427	185.932
2 61	600028	37125	637153	190.693
2 62	562717	16912.5	579630	216.173
2 63	515866	21373.3	537239	153.79
2 64	922228	128713	1.05094e+06	758.742
2 65	593396	42863.6	636259	176.942
2 66	598603	26309.7	624912	153.314
2 67	540202	26527	566729	147.862
2 68	615073	23373	638446	163.468
2 69	544120	15232.3	559352	134.56
2 70	559533	14564.5	574098	257.607
2 71	548479	18647.2	567126	235.957
2 72	546047	18799.8	564846	155.4
2 73	622112	23617.6	645730	585.814
2 74	553047	15932.9	568980	238.056
2 75	730457	28130.9	758588	553.621
2 76	624290	43079.5	667370	409.179
2 77	547407	17303.7	564711	143.598
2 78	620851	28264.2	649115	563.9
2 79	650197	28763.3	678961	203.672
2 80	572605	22246.6	594852	311.546
2 81	601717	28432.3	630150	390.892
2 82	592680	22340.3	615020	190.684
2 83	531363	25170.3	556533	161.888
2 84	565933	35607.1	601540	284.845
2 85	629012	24295.1	653307	622.132
2 86	566924	18803.2	585727	200.077
2 87	549942	40330.6	590272	200.299
2 88	667245	40629.9	707875	297.42
2 89	593041	22861.9	615903	485.564
2 90	574727	15052.3	589780	214.094
2 91	588623	28102.2	616725	171.681
2 92	742078	69998.7	812076	435.598
2 93	531218	9380.51	540599	134.329
2 94	619381	36690.1	656071	294.576
2 95	619500	51756.9	671257	439.382
2 96	577247	22245	599492	172.048
2 97	599084	49344	648428	219.43
2 98	719476	51898.9	771375	405.598
2 99	533493	28521.6	562014	155.219
2 100	599232	20087.4	619320	142.137
2 101	550298	11582.2	561880	159.087
2 102	549143	15950.6	565094	134.697
2 103	880593	121838	1.00243e+06	666.234
2 104	559880	46266.6	606146	204.411
2 105	566694	15024.3	581718	138.155
2 106	589437	19193.8	608630	253.631
2 107	558742	13372.4	572115	183.796
2 108	559808	32678	592486	141.019
2 109	569137	16575.8	585712	325.399
2 110	656174	48938.3	705112	440.455
2 111	576859	22686.4	599545	439.541
2 112	746798	52330.8	799129	666.988
2 113	603889	22265.6	626155	242.952
2 114	754727	48520	803247	869.76
2 115	1.11455e+06	45343.5	1.15989e+06	298.881
2 116	602187	43249.7	645437	299.511
2 117	635611	24456.7	660067	399.2
2 118	663517	30549.6	694067	517.543
2 119	600873	28397.8	629271	211.143
2 120	649577	96389.3	745967	265.679
2 121	618871	22972.2	641843	466.534
2 122	607124	25363.2	632487	295.345
2 123	606033	23215.3	629248	260.444
2 124	594497	23183.3	617681	155.852
2 125	563808	46068.4	609876	167.062
2 126	546461	16088.7	562549	151.453
2 127	575220	21277	596497	133.547
2 128	778713	75496.7	854209	528.475
2 129	543306	40697.2	584003	205.027
2 130	590291	20565	610856	157.586
2 131	536404	30096.5	566500	147.206
2 132	572084	20633.9	592718	131.954
2 133	591176	25062	616238	353.58
2 134	567732	20174.1	587906	193.71
2 135	604403	50433.1	654836	191.614
2 136	553591	15875.5	569467	212.421
2 137	548796	11339.5	560135	127.18
2 138	731346	45670.2	777016	308.552
2 139	664406	33197.4	697603	490.171
2 140	541265	15734.3	556999	158.663
2 141	559760	16617.1	576378	223.972
2 142	664896	41101.7	705997	255.299
2 143	696567	44428.7	740996	618.987
2 144	670640	52155.4	722796	314.51
2 145	580856	21462.5	602318	390.341
2 146	536676	35835.5	572511	162.063
2 147	588564	21288.8	609853	137.198
2 148	545207	27465.1	572673	145.738
2 149	1.12827e+06	42908.1	1.17117e+06	307.445
 1889.11, 39.9905, 9.36003, 1.18007, 0.472866, 0.269102, 0.173909, 0.121395,
3 1	592252	47740.5	639992	66.8748
3 2	1.0102e+06	73263.1	1.08346e+06	178.485
3 3	534932	74865.3	609797	110.763
3 4	575892	37496	613388	64.9514
3 5	522235	53919	576154	59.1568
3 6	618434	72582.8	691016	101.821
3 7	659632	168187	827819	217.362
3 8	618898	82833.2	701731	215.554
3 9	698698	147354	846052	214.199
3 10	585663	51024.8	636688	64.928
3 11	621469	71269.2	692738	107.329
3 12	498448	63116.3	561564	59.9682
3 13	577628	45530	623158	69.318
3 14	574205	40501.2	614706	58.5219
3 15	644126	129897	774023	255.997
3 16	580809	32818.8	613627	137.34
3 17	538027	21395.3	559423	67.5069
3 18	677159	99538.1	776697	280.664
3 19	549769	73319.7	623089	90.6172
3 20	548349	22833.7	571182	91.609
3 21	604023	61393.8	665417	63.4782
3 22	561336	32348.2	593684	143.816
3 23	572382	30607.3	602989	66.7688
3 24	532881	56040.6	588922	78.6142
3 25	634412	88962.4	723374	245.358
3 26	666516	149915	816431	144.609
3 27	563438	56579.6	620017	114.999
3 28	558661	30606.6	589267	71.4306
3 29	570587	37945.9	608533	71.4511
3 30	513918	82718.2	596636	68.1885
3 31	548250	34453.4	582704	64.7416
3 32	571293	45662.6	616955	73.16
3 33	550629	35839	586468	74.7284
3 34	563526	34906.1	598432	66.2935
3 35	508491	36765.9	545257	53.3059
3 36	526172	25890.5	552062	63.6038
3 37	534245	65146.9	599392	74.6668
3 38	556364	48053.7	604417	127.996
3 39	523766	17813.6	541580	70.4019
3 40	522243	25305.3	547548	82.8505
3 41	625660	77715.6	703376	90.6777
3 42	517992	21580	539572	46.9666
3 43	566926	42742.9	609669	70.6434
3 44	563809	40746	604555	58.9236
3 45	578655	28727.6	607383	92.1059
3 46	541335	33050.5	574386	53.9332
3 47	527818	35778.7	563596	74.0703
3 48	554708	26702.1	581410	77.6142
3 49	509837	63214.3	573051	63.7276
3 50	543133	124760	667893	120.874
3 51	571197	46642.4	617839	177.263
3 52	717444	50743.5	768187	73.3749
3 53	544853	67001.8	611854	79.803
3 54	505912	38187.9	544100	59.0688
3 55	521674	41439.4	563114	84.791
3 56	514244	59952.9	574197	59.4926
3 57	530491	20562.3	551053	67.5919
3 58	505569	52749.2	558318	66.3449
3 59	579299	48750.7	628050	225.788
3 60	558767	33581.9	592349	67.6572
3 61	559441	61151.9	620593	75.265
3 62	536467	27567.4	564034	81.1307
3 63	484831	34308.9	519139	58.0511
3 64	799556	213684	1.01324e+06	472.749
3 65	553928	67588.7	621516	78.3721
3 66	564267	42206.3	606473	58.6152
3 67	510693	41297.4	551991	57.6368
3 68	589231	39471.1	628702	69.7368
3 69	521299	23617.2	544916	54.428
3 70	535720	23432.3	559152	79.8219
3 71	522528	29707.1	552235	71.8589
3 72	522463	30106.3	552569	67.77
3 73	593463	55939.3	649402	350.14
3 74	527689	25398.5	553088	69.309
3 75	693581	59459.4	753040	399.717
3 76	561294	73803.4	635098	99.1404
3 77	523704	27257.9	550961	60.5533
3 78	578804	49585.4	628390	141.7
3 79	615257	47008.7	662266	65.2209
3 80	540490	35431.1	575921	99.4898
3 81	556820	47680.8	604501	108.393
3 82	569260	35311.4	604571	74.6329
3 83	500166	38348.3	538514	62.5681
3 84	525816	56622.7	582439	94.9004
3 85	585927	53212.8	639140	254.848
3 86	539692	30359.9	570052	74.0635
3 87	505824	61713.3	567537	68.2961
3 88	622480	64017.5	686497	90.0502
3 89	556034	37979.7	594014	121.736
3 90	551976	23600.9	575577	62.3565
3 91	554393	44690.3	599083	62.1689
3 92	653795	115980	769775	112.927
3 93	512724	14398.5	527122	48.1163
3 94	571723	58934.8	630658	86.7323
3 95	559832	84438	644270	134.319
3 96	549431	34786.2	584217	64.913
3 97	541914	79453.2	621367	106.968
3 98	663628	86018.9	749646	115.816
3 99	499717	43631	543348	59.8935
3 100	573333	33354.1	606687	56.9864
3 101	532375	18152	550527	56.9693
3 102	523417	25621.9	549039	49.6173
3 103	758106	199138	957244	334.836
3 104	508585	72187.1	580773	67.1152
3 105	544851	23977.6	568829	53.0301
3 106	557249	34103.1	591352	73.6872
3 107	535592	21086.5	556678	61.8329
3 108	523832	52221.4	576054	51.2713
3 109	539259	27801.3	567060	93.9892
3 110	599761	81157.3	680918	223.836
3 111	541821	36946.2	578767	97.5518
3 112	687442	98260.9	785703	356.457
3 113	568823	39432.7	608256	79.3184
3 114	679347	108547	787893	444.443
3 115	1.09494e+06	74824.3	1.16977e+06	167.359
3 116	547578	72001.1	619579	113.74
3 117	596689	44029.1	640718	100.293
3 118	621373	52543.6	673916	128.517
3 119	570101	45525.6	615627	67.8298
3 120	537116	156350	693467	108.144
3 121	581100	40845.4	621945	113.024
3 122	574482	41439.2	615921	88.9647
3 123	577546	37067.6	614614	65.6696
3 124	569194	39989.8	609183	65.8142
3 125	518639	69278.8	587918	66.8111
3 126	522529	25112.4	547642	70.0585
3 127	546796	34877.1	581673	51.5948
3 128	700163	120934	821096	125.753
3 129	498988	62079.7	561067	65.1654
3 130	562604	33390.2	595994	59.0719
3 131	503715	45599.6	549314	52.9867
3 132	543307	33214.4	576521	54.3068
3 133	554993	42624.3	597617	95.4734
3 134	541541	32230.3	573771	68.9521
3 135	540169	85045.1	625215	83.4064
3 136	529241	25543.7	554784	62.4834
3 137	530872	17904.2	548776	48.5712
3 138	683683	74941.5	758624	120.175
3 139	615620	59565	675185	185.405
3 140	517143	24590.1	541733	58.7743
3 141	530549	28191.4	558741	73.3443
3 142	616902	65198.5	682101	82.839
3 143	653680	77208.2	730888	347.962
3 144	618749	79897.3	698646	102.43
3 145	548008	35812.7	583821	106.257
3 146	496061	55238.3	551299	53.1075
3 147	560998	34353.7	595352	60.0019
3 148	513687	41936.8	555624	56.8361
3 149	1.09896e+06	79239	1.1782e+06	196.931
 1894.82, 39.4419, 9.23139, 1.17581, 0.47158, 0.268235, 0.17335, 0.121029,
4 1	584581	26296	610877	146.945
4 2	1.00282e+06	41814.4	1.04463e+06	279.401
4 3	525797	40747.8	566545	156.648
4 4	570317	20275.3	590593	145.226
4 5	515481	29414.6	544896	142.313
4 6	609692	39480.1	649172	202.118
4 7	639109	90217.5	729326	474.52
4 8	610521	39623.2	650145	433.663
4 9	681938	78351.9	760290	572.813
4 10	578899	27951.4	606851	146.018
4 11	611934	39386.8	651321	214.672
4 12	490088	34438.9	524527	135.662
4 13	570398	25160.8	595558	143.324
4 14	568329	22233	590562	138.863
4 15	627348	67774.3	695123	325.58
4 16	575285	17201.3	592486	200.765
4 17	532993	12038	545031	151.033
4 18	662421	51437	713858	396.215
4 19	541576	40393.5	581970	162.877
4 20	543289	12496.2	555785	151.443
4 21	595181	33896.7	629078	147.65
4 22	558819	16486.2	575306	322.499
4 23	566973	16840.4	583814	161.197
4 24	525511	30764.9	556276	161.155
4 25	626295	45302.6	671598	393.125
4 26	651813	80477.5	732290	249.25
4 27	556174	31535.2	587710	175.483
4 28	553818	16909.3	570727	142.22
4 29	564398	21293.5	585691	150.212
4 30	503415	45265.7	548681	143.694
4 31	541790	19330.7	561120	139.106
4 32	562595	25475.6	588070	158.963
4 33	544319	19939.6	564258	153.58
4 34	557762	19461.3	577224	153.486
4 35	502135	20282.3	522417	133.003
4 36	519889	14559.5	534448	141.415
4 37	524798	36100.4	560898	144.408
4 38	549685	26448.6	576134	150.438
4 39	519305	10066.5	529372	167.99
4 40	516968	13898.8	530867	164.015
4 41	614879	42961.1	657840	208.442
4 42	513049	11907.7	524957	123.576
4 43	560989	23074.8	584064	156.493
4 44	557353	22206.7	579560	132.01
4 45	573824	15705	589529	160.046
4 46	534820	18310.7	553131	140.776
4 47	520434	20145.3	540580	158.637
4 48	549333	14770.3	564103	153.843
4 49	500576	34628.2	535204	136.314
4 50	521648	70436.7	592085	165.224
4 51	564211	23909	588120	306.597
4 52	711727	28002.2	739730	162.271
4 53	537124	36626.3	573751	169.037
4 54	499448	21237.7	520686	137.492
4 55	514575	23026.9	537602	173.714
4 56	505520	32944	538464	136.298
4 57	525985	11497	537482	138.796
4 58	498076	28976.1	527052	134.57
4 59	568787	25952.2	594739	234.723
4 60	550973	19105.9	570079	143.158
4 61	550273	34430.7	584704	157.559
4 62	530814	15348.5	546163	167.123
4 63	478756	18903.2	497660	131.796
4 64	771819	110978	882797	450.151
4 65	545387	37468.5	582856	147.676
4 66	556902	23495.1	580398	144.48
4 67	504863	22693.7	527557	144.119
4 68	582831	22308.7	605140	164.956
4 69	516273	13055.7	529329	133.175
4 70	531295	12931.4	544227	178.731
4 71	516736	16510.8	533247	143.688
4 72	517082	16815.5	533897	143.092
4 73	573492	24167	597659	285.324
4 74	522076	14272.9	536349	144.015
4 75	675299	29653.7	704953	319.462
4 76	547865	41699.8	589564	192.714
4 77	518438	15135.2	533574	137.121
4 78	575190	26351.1	601541	438.899
4 79	607280	26453	633733	161.354
4 80	535681	18936.9	554618	207.51
4 81	549352	26376.7	575728	200.274
4 82	564534	19476.7	584011	161.27
4 83	494122	20892.6	515015	143.433
4 84	518750	31069.9	549820	195.041
4 85	583784	23530.8	607315	554.709
4 86	534249	16594.8	550844	159.912
4 87	497119	33675.7	530794	137.442
4 88	612460	35857.4	648317	172.329
4 89	552912	20182.5	573094	369.724
4 90	546858	13101.2	559960	134.411
4 91	546523	24967.2	571491	145.635
4 92	633397	65613.2	699010	198.417
4 93	508535	8019.96	516554	118.689
4 94	562674	32657.7	595331	185.633
4 95	549791	46603.5	596395	297.494
4 96	543912	19026.7	562939	162.19
4 97	529486	44054.5	573540	159.112
4 98	651357	48225.5	699583	260.795
4 99	493059	23935.7	516994	136.039
4 100	567569	18727.4	586296	139.293
4 101	528340	10173.4	538513	144.071
4 102	517279	14419	531698	124.614
4 103	729884	104988	834872	343.984
4 104	499247	39532.7	538779	141.822
4 105	540012	13330.4	553343	131.753
4 106	549359	19675.2	569034	158.155
4 107	530362	11615	541977	131.4
4 108	516405	28872.4	545277	138.701
4 109	533377	15522.3	548899	198.053
4 110	586547	44148.7	630696	222.023
4 111	535158	20543.5	555701	203.962
4 112	669608	52657.3	722265	352.767
4 113	560688	22507.6	583196	185.727
4 114	662657	51500.3	714157	564.092
4 115	1.08776e+06	42782.6	1.13054e+06	274.21
4 116	536227	39918.4	576145	185.102
4 117	587631	25530.9	613162	194.487
4 118	613177	29496	642673	288.664
4 119	562438	25649.5	588088	155.855
4 120	516733	86402.1	603135	175.547
4 121	574749	22844.2	597593	276.283
4 122	568601	22788.6	591390	198.971
4 123	571383	20540.3	591923	138.874
4 124	562728	22736	585464	154.861
4 125	509367	37853.8	547221	140.555
4 126	517318	13702.5	531021	124.372
4 127	540254	19420.3	559675	138.6
4 128	683715	67076.6	750792	246.289
4 129	490823	33816.9	524639	144.828
4 130	556380	18728.8	575109	134.609
4 131	497502	24834.8	522337	131.111
4 132	537048	18381	555429	129.062
4 133	548021	23944.6	571965	191.139
4 134	536139	17886.8	554026	164.132
4 135	526706	47636.6	574343	150.932
4 136	523452	14248.5	537701	137.989
4 137	526503	10102.8	536606	128.758
4 138	673985	41308	715293	202.641
4 139	607815	31192.5	639007	394.02
4 140	511806	13558.4	525365	137.109
4 141	524386	15763	540149	164.28
4 142	607350	35742	643092	192.675
4 143	635895	40407.2	676302	292.454
4 144	607786	43592.5	651379	183.247
4 145	544485	19409	563894	328.188
4 146	488331	30025.9	518357	129.655
4 147	555156	18948.2	574104	134.174
4 148	507118	22882.8	530001	133.908
4 149	1.09106e+06	45611.4	1.13667e+06	312.889
 1923.03, 37.8567, 9.38612, 1.06776, 0.441866, 0.256577, 0.167318, 0.117346,
5 1	552507	43330.1	595837	58.8349
5 2	944313	96277.4	1.04059e+06	146.948
5 3	492460	62803.6	555263	118.708
5 4	544447	33075.7	577523	59.8595
5 5	485028	46856.6	531885	53.7797
5 6	573427	61247.4	634674	84.8217
5 7	575970	129951	705921	142.253
5 8	569662	60125.7	629788	72.4937
5 9	612325	117787	730112	111.398
5 10	551537	44139.9	595677	55.5486
5 11	570191	63380.8	633572	68.657
5 12	459271	50980.7	510252	48.9006
5 13	542413	40604.5	583018	55.1447
5 14	539920	38259.8	578180	53.2808
5 15	570102	100861	670963	93.7019
5 16	548033	35030.4	583064	102.146
5 17	507587	26098	533685	65.8149
5 18	600733	88455.5	689189	131.53
5 19	503528	66388.3	569916	71.4728
5 20	517992	24350	542342	52.7761
5 21	563625	51670.9	615296	56.852
5 22	528882	34078.5	562961	111.815
5 23	542013	29456.1	571469	60.8219
5 24	493841	49382.4	543224	66.1357
5 25	568257	80786.9	649044	148.898
5 26	592610	116536	709146	160.56
5 27	518162	57478.6	575641	65.9212
5 28	528220	31602.3	559823	61.2808
5 29	533739	40400.2	574139	59.523
5 30	467033	66677.8	533710	52.7627
5 31	510241	36635	546876	54.8879
5 32	527995	42801.5	570796	60.6116
5 33	518129	33747.8	551877	65.9203
5 34	530034	34917.4	564951	64.4614
5 35	474220	33493.2	507713	48.8202
5 36	491326	27988.3	519314	55.1892
5 37	490308	56480.5	546789	61.5282
5 38	518890	46411.4	565302	77.0954
5 39	494819	22037.4	516857	58.1652
5 40	491748	25699.3	517448	63.251
5 41	572670	67481.9	640152	66.4737
5 42	488341	23002.2	511343	48.6445
5 43	532861	38556.5	571418	60.4303
5 44	528680	36123.7	564804	51.7446
5 45	550560	28459.7	579020	74.1483
5 46	503561	34283.7	537845	54.5187
5 47	488820	35375.7	524195	52.1162
5 48	524414	27857.8	552272	61.1749
5 49	470783	49686.4	520469	54.2737
5 50	476651	98912.2	575563	74.7778
5 51	525462	46235.8	571698	102.494
5 52	681776	49853.4	731630	104.984
5 53	501084	59065.1	560149	60.3399
5 54	471667	36336	508003	49.0211
5 55	483591	38529.7	522120	67.1845
5 56	474307	48706.9	523014	53.4849
5 57	502955	23219	526174	55.0051
5 58	469887	43685.5	513572	55.6409
5 59	536616	41961.5	578577	119.354
5 60	518432	35716	554148	55.8745
5 61	516723	56067.9	572791	67.2833
5 62	503152	29316.4	532468	67.051
5 63	452967	31426.9	484394	53.6573
5 64	671497	176807	848304	309.912
5 65	508603	61281.3	569884	55.9703
5 66	526412	38757.5	565169	53.2165
5 67	478299	37714.1	516013	55.2915
5 68	550317	43566.8	593883	71.4958
5 69	492113	24795.4	516909	54.7826
5 70	507713	24656.6	532370	66.2035
5 71	489636	30992.3	520628	57.829
5 72	491327	31814.4	523142	59.9132
5 73	535040	43714.6	578755	233.144
5 74	493332	28939.5	522272	71.1373
5 75	628650	56999.4	685649	199.841
5 76	508126	64183.7	572310	66.8922
5 77	492738	28710.7	521449	58.2788
5 78	530524	50544.7	581068	106.457
5 79	570633	46914.5	617547	55.856
5 80	507226	34026.2	541252	76.6059
5 81	521156	42220.9	563377	68.6986
5 82	539183	36031.1	575214	74.0227
5 83	467692	33405	501097	52.275
5 84	488900	48811.5	537711	69.3267
5 85	534768	50401.7	585170	120.939
5 86	507530	30114.4	537645	66.4911
5 87	465628	49851	515479	71.7709
5 88	566952	62983.7	629936	61.3675
5 89	519478	37002.9	556481	86.1769
5 90	519623	26591.6	546215	52.6238
5 91	515292	41481.4	556774	55.3457
5 92	582954	94847.9	677802	70.5491
5 93	486855	17274.5	504129	48.3723
5 94	526576	51911	578487	66.1488
5 95	505094	73139.4	578233	100.427
5 96	515293	33744.1	549037	59.4839
5 97	494406	64675.4	559081	98.5803
5 98	605190	76717.3	681908	80.6012
5 99	466294	37080	503374	57.8404
5 100	543444	33207.2	576651	55.7274
5 101	506492	21610	528102	55.1172
5 102	490580	26309.3	516889	48.0804
5 103	652475	153606	806081	183.124
5 104	465973	57610.3	523583	59.4174
5 105	516370	25674.6	542045	52.7173
5 106	513256	38927.9	552184	54.3909
5 107	504792	23180.8	527973	59.0633
5 108	484962	47725.1	532687	48.6599
5 109	503560	29841	533401	62.3078
5 110	550103	64773.2	614876	162.056
5 111	504381	36315	540696	65.8766
5 112	602201	94518.5	696719	142.283
5 113	522521	42662.2	565183	80.9812
5 114	589421	97422.2	686843	295.749
5 115	1.02408e+06	100512	1.12459e+06	123.774
5 116	498172	61785.3	559957	113.287
5 117	542593	50571.4	593164	58.3401
5 118	566082	57624.2	623707	138.862
5 119	523827	49542.4	573369	56.8184
5 120	466963	117837	584800	74.343
5 121	533560	45917	579477	81.671
5 122	538015	40461	578476	90.287
5 123	544955	36008	580963	50.6555
5 124	530912	44554.6	575466	53.8273
5 125	476308	55809.3	532117	57.6095
5 126	493101	25236.9	518338	90.5373
5 127	509421	36238	545659	49.1576
5 128	621762	104912	726674	95.8137
5 129	459068	49637.8	508706	53.0406
5 130	528723	33515.7	562239	56.0985
5 131	469899	38951	508850	48.6359
5 132	508965	32562.1	541527	47.2544
5 133	516662	41410	558072	67.0615
5 134	508718	33166.7	541885	63.5858
5 135	485668	72992.8	558661	49.7221
5 136	496908	28287.2	525196	51.3134
5 137	503367	21901.8	525269	48.9298
5 138	636722	67493.9	704216	80.0289
5 139	563519	54699.7	618219	95.5329
5 140	485865	25476.3	511342	53.4609
5 141	495504	29269.7	524774	58.907
5 142	567889	57641.6	625531	76.8947
5 143	585318	70138.4	655457	166.686
5 144	564303	68482.2	632785	111.105
5 145	515566	35804.6	551371	96.3518
5 146	458287	44659.5	502946	46.6623
5 147	528058	33923.4	561981	51.5643
5 148	476804	39046.8	515851	50.1499
5 149	1.01664e+06	111496	1.12814e+06	145.33
 1926.69, 37.4436, 9.18288, 1.06021, 0.440189, 0.255608, 0.166692, 0.116919,
6 1	546261	47415.3	593676	41.926
6 2	931973	110595	1.04257e+06	86.6162
6 3	486661	68222.1	554883	87.3682
6 4	540067	35588.2	575655	65.6633
6 5	479794	50774	530568	70.0727
6 6	567580	65431.9	633012	123.646
6 7	565369	133573	698942	195.396
6 8	562968	64768	627736	132.637
6 9	603356	125069	728426	354.92
6 10	546756	47684.3	594441	45.6241
6 11	562713	68984.1	631697	131.265
6 12	454024	54497.4	508521	43.3376
6 13	537136	44169.7	581305	49.3918
6 14	534600	42175.2	576775	29.9733
6 15	560354	108165	668519	123.997
6 16	543572	38942.7	582514	180.168
6 17	502551	29577.9	532128	79.1481
6 18	589681	97226.5	686907	224.14
6 19	497573	71982.4	569556	74.7089
6 20	513791	26869.8	540661	111.067
6 21	557765	55844.7	613610	48.9222
6 22	527085	34625.2	561710	272.568
6 23	537908	31938	569846	94.9514
6 24	488214	53711.1	541925	69.9826
6 25	561743	87502	649245	303.737
6 26	582290	124754	707044	152.138
6 27	511683	63277.2	574960	78.7364
6 28	523677	35008.6	558686	72.6803
6 29	527910	45073	572983	55.3789
6 30	460628	71453.3	532081	41.7836
6 31	504253	40737.6	544991	40.0025
6 32	521800	46382.4	568182	60.5244
6 33	513625	36896.4	550521	99.5586
6 34	524904	38877.5	563781	74.8905
6 35	469301	36468.6	505769	41.1772
6 36	486021	31026.9	517048	55.3538
6 37	484355	60973.7	545328	46.8253
6 38	513150	51208.4	564359	50.8101
6 39	490897	24660.9	515558	134.008
6 40	487453	28470.8	515924	132.883
6 41	564822	73617.1	638439	133.283
6 42	483731	25513	509244	35.8764
6 43	528193	41679.4	569872	70.1887
6 44	523281	39276.5	562558	31.3627
6 45	546643	31429	578072	94.997
6 46	497510	37890	535400	45.2651
6 47	483013	39045.9	522059	88.3795
6 48	520050	31068.2	551118	123.628
6 49	465393	52981.7	518374	49.1025
6 50	469598	105101	574699	76.696
6 51	520607	51004.7	571611	255.194
6 52	676395	55118.7	731514	54.7878
6 53	495019	64016	559035	80.1318
6 54	466428	39817.9	506246	45.1925
6 55	478515	42092.7	520608	135.783
6 56	469177	51927.1	521104	51.8831
6 57	498664	26136.1	524800	75.1253
6 58	465090	46866.2	511956	44.3083
6 59	530163	45536.8	575700	62.6204
6 60	511595	39934.4	551530	47.7352
6 61	510128	61365.3	571493	66.0614
6 62	498386	32326.6	530713	112.543
6 63	448483	34039.4	482522	61.961
6 64	651325	193043	844368	280.751
6 65	502111	66729.4	568840	49.741
6 66	520888	42228.8	563117	65.3945
6 67	473777	41031.4	514808	75.7115
6 68	544013	48636.2	592649	57.5822
6 69	487623	27446.8	515070	55.0778
6 70	504111	27092.6	531203	128.333
6 71	484426	34385.4	518812	67.0402
6 72	486290	35460.5	521750	59.3299
6 73	525973	49763.5	575737	144.243
6 74	487772	32550.2	520322	73.3125
6 75	618913	63625.2	682538	216.964
6 76	500842	69410.7	570253	76.4797
6 77	487787	32043.8	519831	59.3342
6 78	526234	55453.7	581688	353.653
6 79	562972	52741.2	615713	70.5153
6 80	503267	36904.1	540171	155.316
6 81	516754	45505.5	562259	129.693
6 82	534691	39956.7	574648	99.3288
6 83	463276	35886.6	499163	87.2314
6 84	484522	52536.5	537059	138.21
6 85	538444	53411.7	591856	421.713
6 86	502612	33264.4	535876	86.8633
6 87	460148	53304.3	513453	54.4684
6 88	557537	70641.5	628179	72.6494
6 89	516642	39715.1	556357	305.47
6 90	514484	29638.8	544123	57.1376
6 91	509542	45347.1	554889	55.853
6 92	573420	101912	675332	74.4397
6 93	482707	19429.4	502136	35.2913
6 94	520574	56243	576817	133.126
6 95	501163	77006.4	578169	243.044
6 96	510464	36844.3	547308	106.615
6 97	488002	69246.9	557248	97.5916
6 98	595828	83878.7	679707	134.971
6 99	461688	39968.4	501656	76.108
6 100	538884	36754.1	575638	34.4815
6 101	502575	24290.8	526866	86.887
6 102	485349	29105.9	514455	30.0287
6 103	637808	166750	804557	204.391
6 104	460422	61515.1	521937	61.086
6 105	511916	28670.3	540587	49.2796
6 106	506156	43903.6	550059	81.9066
6 107	499776	25961.3	525737	63.0832
6 108	478781	52597.6	531379	28.6211
6 109	498709	33070.7	531780	147.252
6 110	542477	69974.4	612451	85.2542
6 111	498661	40044.8	538706	79.0603
6 112	589026	105692	694717	102.095
6 113	515228	48218.1	563446	115.939
6 114	584276	106464	690740	457.143
6 115	1.01003e+06	116355	1.12639e+06	90.223
6 116	492071	66448.6	558519	140.695
6 117	533717	57509.2	591226	119.624
6 118	556240	65342.7	621582	137.893
6 119	516517	55127.2	571644	33.7904
6 120	459578	124157	583736	82.6269
6 121	527129	51722.9	578852	229.026
6 122	532718	44889.7	577608	149.797
6 123	540082	39483.6	579566	26.4897
6 124	524620	50007.5	574627	29.3086
6 125	470193	60079.3	530272	57.857
6 126	488980	27924	516904	59.1459
6 127	503763	39861	543624	25.8796
6 128	610157	114079	724236	74.8223
6 129	454025	52836.2	506862	83.1215
6 130	523361	37156.3	560517	41.5683
6 131	465054	42118.5	507173	48.4687
6 132	503769	35794.9	539563	27.3104
6 133	511596	45310.7	556906	131.284
6 134	503991	36795.3	540786	110.479
6 135	479221	78004.3	557225	34.4172
6 136	491491	31736.3	523227	40.1305
6 137	498818	24759.7	523577	55.1611
6 138	630804	73311.3	704116	120.489
6 139	556936	58647.6	615584	259.479
6 140	481131	27984.8	509116	58.3429
6 141	490424	32321.7	522746	106.968
6 142	561071	61787.9	622859	65.7042
6 143	574062	78800	652862	117.113
6 144	555528	74968.6	630497	93.6442
6 145	512429	37867	550297	257.716
6 146	453226	47397.4	500624	40.617
6 147	522958	37448	560406	28.7137
6 148	471174	42724.6	513898	38.9147
6 149	1.00182e+06	128394	1.13022e+06	175.545
 1928.17, 37.3434, 9.13101, 1.05878, 0.439982, 0.255485, 0.166611, 0.116862,
7 1	546066	24449.2	570515	114.164
7 2	939879	57623	997502	248.573
7 3	489705	34755.2	524460	137.641
7 4	539929	18378.7	558308	106.308
7 5	481083	26092.2	507175	114.055
7 6	567194	33957.3	601151	131.302
7 7	563966	68126.2	632092	159.628
7 8	562990	33196.2	596186	121.793
7 9	598823	64399.8	663223	155.236
7 10	547427	24470.9	571897	114.344
7 11	561362	35593.6	596956	125.426
7 12	455636	27840.5	483477	105.974
7 13	537402	22746.5	560148	111.911
7 14	535203	21813.9	557017	116.256
7 15	560536	55373.5	615910	152.076
7 16	543123	21400.4	564524	127.009
7 17	501721	15359.5	517081	122.109
7 18	587321	50599.7	637921	154.901
7 19	501497	37137	538634	128.615
7 20	513109	13918.4	527028	103.466
7 21	557989	28721.1	586710	115.809
7 22	524171	19719.3	543890	125.641
7 23	537815	16534.6	554349	111.086
7 24	489721	27657.8	517379	113.741
7 25	559094	47436.2	606530	172.28
7 26	580958	64079.5	645038	165.45
7 27	512964	32753.4	545718	132.973
7 28	524031	18266.8	542298	110.197
7 29	528092	23333.4	551425	121.669
7 30	463519	36485.6	500005	113.773
7 31	504179	21194.2	525373	111.228
7 32	521323	23808.1	545131	118.286
7 33	513871	19153.8	533024	113.419
7 34	525405	20220.9	545626	117.158
7 35	470207	18816.1	489023	105.395
7 36	485996	16154	502150	110.375
7 37	487365	31283.2	518648	113.65
7 38	514422	26573.6	540996	115.138
7 39	489899	12879.3	502778	112.769
7 40	486990	14838.3	501829	106.044
7 41	564282	37945.2	602227	131.722
7 42	483480	13218.9	496699	100.317
7 43	528054	21507.3	549561	116.206
7 44	522995	20262.6	543257	105.971
7 45	546380	16319.1	562699	113.836
7 46	496938	19595.9	516534	111.553
7 47	483187	20209	503396	110.593
7 48	519127	16241.5	535369	107.399
7 49	466840	27084.6	493924	104.391
7 50	476336	53606.2	529942	129.924
7 51	517869	28433	546302	133.201
7 52	677227	28317.2	705545	147.458
7 53	497620	32995.2	530615	121.399
7 54	466831	20467	487298	106.278
7 55	479523	21600.7	501124	116.116
7 56	470873	26506.2	497380	106.237
7 57	498111	13624.6	511736	105.418
7 58	466886	23980.6	490867	110.328
7 59	529627	23523.6	553151	113.543
7 60	511455	20751.2	532206	117.03
7 61	512489	31584.2	544073	130.997
7 62	497764	16922.1	514686	116.917
7 63	448953	17462	466415	107.781
7 64	650775	100156	750931	253.285
7 65	504775	34314.8	539089	120.564
7 66	520182	21779.8	541961	111.471
7 67	474408	21126	495534	113.138
7 68	544280	25120.8	569401	143.271
7 69	487343	14248	501591	106.506
7 70	503593	14156.8	517750	107.521
7 71	484196	17844.1	502040	108.541
7 72	486321	18425.3	504747	114.562
7 73	527217	25355.8	552573	213.84
7 74	486808	17008.3	503816	112.959
7 75	617478	36413.9	653892	156.871
7 76	502668	35602.2	538270	118.009
7 77	487770	16647.9	504418	109.307
7 78	521950	30109.9	552060	139.433
7 79	561729	27415.8	589145	120.28
7 80	502065	19530.7	521595	108.712
7 81	517469	23522.7	540992	116.729
7 82	535411	20644	556055	133.433
7 83	463732	18409.7	482142	103.568
7 84	485562	27191.9	512754	117.617
7 85	528396	32088.2	560484	233.655
7 86	502033	17226.1	519259	110.526
7 87	461440	27141.1	488582	115.294
7 88	556440	36693	593133	133.872
7 89	513307	21257.7	534565	121.552
7 90	514110	15354.2	529464	105.046
7 91	509135	23369	532504	113.209
7 92	572996	52000.5	624997	138.624
7 93	482180	10089.6	492269	101.403
7 94	519843	28989.9	548833	116.389
7 95	502506	41127.3	543633	138.597
7 96	509983	19045.1	529028	115.111
7 97	490992	35848.6	526840	127.474
7 98	594615	43195.5	637810	137.317
7 99	462407	20547.4	482954	107.724
7 100	539069	18953.6	558023	115.645
7 101	501926	12676	514602	111.414
7 102	485123	15065.6	500189	102.713
7 103	633537	86255.8	719793	197.314
7 104	462731	31504.2	494235	110.268
7 105	511797	14888.9	526686	104.8
7 106	506523	22800.7	529324	122.445
7 107	499203	13493.8	512697	108.181
7 108	480509	27113.5	507623	115.512
7 109	497624	17316.9	514941	111.442
7 110	543491	35479.9	578971	164.86
7 111	498964	20940.9	519905	112.064
7 112	590064	54632.7	644697	177.848
7 113	514479	25091	539570	122.134
7 114	579717	59806.3	639523	251.463
7 115	1.01553e+06	60668.7	1.0762e+06	260.264
7 116	494633	34628.5	529261	133.96
7 117	532914	30075.1	562990	127.03
7 118	556631	34241.4	590872	158.462
7 119	517257	28489.9	545747	128.721
7 120	469725	63170	532895	144.913
7 121	524377	27408.4	551786	129.355
7 122	531934	23340.2	555274	128.661
7 123	540448	20274.5	560723	111.479
7 124	524885	25865.3	550750	126.876
7 125	472727	30834.5	503562	110.136
7 126	488679	14304.9	502984	111.538
7 127	503611	20504.3	524115	113.538
7 128	611846	58609.8	670456	166.111
7 129	455394	27000.2	482394	102.732
7 130	523684	19225.7	542910	110.743
7 131	466011	21634.8	487646	101.879
7 132	503984	18441.5	522425	105.881
7 133	511506	23521.9	535028	114.396
7 134	503989	19141.6	523131	115.171
7 135	483815	39769.5	523585	123.602
7 136	491281	16434.2	507715	114.369
7 137	498196	12861.7	511058	104.439
7 138	631248	38000.8	669249	142.961
7 139	555557	30445.6	586003	132.016
7 140	480942	14515.1	495457	103.002
7 141	489957	16700.2	506657	112.241
7 142	561160	31608.9	592769	134.458
7 143	572194	41146.9	613341	160.882
7 144	555175	38761.8	593937	146.802
7 145	510822	19968	530790	117.749
7 146	454722	24162.4	478885	102.81
7 147	522908	19311.4	542220	111.804
7 148	472154	22015.4	494170	110.017
7 149	1.00857e+06	68415.5	1.07699e+06	256.797
 1951.16, 36.0756, 10.0506, 0.984957, 0.411733, 0.243335, 0.160224, 0.113013,
8 1	520331	38618.3	558949	42.8373
8 2	859160	119961	979121	91.3421
8 3	464612	51087.4	515699	77.6256
8 4	519005	29682.1	548688	58.5259
8 5	457814	39696	497510	69.3662
8 6	541810	48826.1	590636	104.941
8 7	529635	86631.9	616267	64.5629
8 8	537257	47100.1	584357	48.0329
8 9	561284	85912	647196	124.898
8 10	526527	37137.4	563664	46.2731
8 11	530604	52630.4	583234	71.584
8 12	433109	40093.8	473202	44.0552
8 13	515451	35260.8	550711	48.1722
8 14	511839	35721.9	547561	41.9631
8 15	523769	75445.3	599214	65.8594
8 16	518534	36501.9	555036	150.002
8 17	479135	29008.8	508144	61.6957
8 18	544526	74989.5	619516	124.983
8 19	472499	55787.4	528286	71.9757
8 20	492346	24805.3	517151	91.8993
8 21	534511	42158.2	576670	48.2001
8 22	503537	30766.1	534303	190.212
8 23	517701	27603.8	545305	75.6333
8 24	465822	41843.7	507666	51.2146
8 25	518149	69208.8	587357	160.742
8 26	542107	84885.5	626993	102.853
8 27	482664	52506.4	535170	73.9646
8 28	502718	31036.2	533754	63.5266
8 29	502330	39806.8	542137	56.1296
8 30	437995	51128.2	489123	48.4914
8 31	477982	35945	513927	43.3365
8 32	494582	38039.4	532621	47.2787
8 33	493058	30905.3	523963	86.1875
8 34	502453	33790.7	536244	63.681
8 35	448515	29737.8	478253	42.2419
8 36	462100	28927.2	491027	41.6344
8 37	461200	46586.3	507786	48.4818
8 38	489527	42662.7	532189	41.4211
8 39	468532	24912.3	493444	90.2618
8 40	465873	25931.9	491805	87.366
8 41	533239	55218.7	588458	67.9466
8 42	462443	24133.6	486576	47.3227
8 43	505574	34584.9	540159	62.746
8 44	500388	31940	532328	39.2112
8 45	527709	27537.9	555247	74.5639
8 46	471410	33687.5	505097	47.795
8 47	458393	32714	491107	48.6899
8 48	498339	28224.2	526563	99.1605
8 49	445962	37690.8	483653	46.8514
8 50	446436	71694.7	518131	68.1809
8 51	488110	44000.3	532111	163.123
8 52	647644	49573.6	697218	76.1941
8 53	470060	49658.8	519718	74.303
8 54	445469	32561.6	478031	48.1182
8 55	455516	34232.6	489749	74.235
8 56	448860	37854	486714	46.6044
8 57	478495	24909.7	503404	57.6547
8 58	444891	35789.7	480681	46.8284
8 59	505062	36500.1	541563	41.9187
8 60	484039	35705.8	519745	48.1651
8 61	485023	48848.5	533871	53.4071
8 62	474547	29732.1	504279	88.7752
8 63	428284	28443	456727	50.5969
8 64	581101	138930	720032	141.913
8 65	476561	51890.4	528451	56.2521
8 66	496088	34294.4	530383	54.6542
8 67	453323	33566.8	486889	72.9929
8 68	515642	43979.7	559621	64.5232
8 69	466673	25678.6	492351	57.0293
8 70	484263	25338.5	509601	103.587
8 71	462705	30116	492821	58.8837
8 72	464795	31708.5	496504	55.6736
8 73	495101	44523.4	539625	83.7138
8 74	462603	30272	492876	52.1209
8 75	578373	57086.4	635459	149.995
8 76	474306	51335.9	525642	57.2745
8 77	466100	29168.8	495268	53.8715
8 78	490258	47734.5	537993	213.984
8 79	531365	44463.1	575828	48.1901
8 80	480589	31664.4	512253	120.967
8 81	495986	36076.9	532063	97.2023
8 82	511686	36526.9	548213	80.1877
8 83	443381	28837.6	472218	64.8829
8 84	463682	40565.3	504247	110.936
8 85	492112	49278.4	541390	197.341
8 86	479225	29753.6	508979	61.0506
8 87	438479	39290.6	477770	50.3267
8 88	520001	57289.6	577291	63.4537
8 89	490636	34142.4	524778	206.999
8 90	491215	27874.7	519089	53.4669
8 91	485043	36671.7	521715	49.8095
8 92	541893	69089.8	610982	51.5943
8 93	463113	19946.1	483059	44.7492
8 94	493483	42956.9	536440	92.1888
8 95	473183	56841.5	530025	179.544
8 96	485968	32359.9	518328	72.6203
8 97	465604	49605.1	515209	84.9335
8 98	562063	62115.3	624179	79.752
8 99	441636	31506.2	473142	61.4191
8 100	518746	31937.5	550683	43.7962
8 101	482279	24298.3	506578	67.2409
8 102	463246	25828.3	489074	39.1031
8 103	583573	114569	698143	134.221
8 104	438655	44363.3	483019	54.6894
8 105	491880	26333.2	518213	51.2396
8 106	477623	38878.3	516502	48.0745
8 107	476726	25307.4	502034	47.839
8 108	455268	42092.9	497361	40.15
8 109	474060	29927.1	503987	113.592
8 110	518771	49425.1	568196	43.7123
8 111	474374	34086.2	508460	61.396
8 112	540578	84199.3	624777	53.0185
8 113	484300	41363.1	525663	85.023
8 114	527622	86765.6	614387	233.167
8 115	927753	128693	1.05645e+06	104.135
8 116	467601	49096.6	516698	110.456
8 117	497521	49442.1	546963	71.8403
8 118	518418	56572.9	574991	87.5047
8 119	484531	48634.9	533166	46.0401
8 120	434964	82774.3	517738	74.6468
8 121	492305	45811.6	538116	138.093
8 122	506651	38470.9	545122	96.198
8 123	519405	33142.7	552548	39.2096
8 124	497872	43923.8	541796	48.2719
8 125	448121	44192.4	492313	58.9779
8 126	468780	25092.7	493873	49.2716
8 127	478936	34644.5	513581	39.2191
8 128	567394	83638.9	651033	58.3549
8 129	433333	38363.5	471696	63.8616
8 130	500649	32284	532933	46.5462
8 131	445390	32690.4	478080	46.7351
8 132	481120	30956.3	512076	43.5605
8 133	488291	36858.5	525150	102.521
8 134	480656	33324.4	513980	90.0342
8 135	453883	57285.1	511168	40.5798
8 136	467882	30189.8	498072	43.7945
8 137	477920	24649.8	502570	52.9746
8 138	601666	58318.8	659985	82.1295
8 139	523766	47583.9	571350	98.7576
8 140	459891	25349.4	485240	48.723
8 141	466813	28661.5	495474	67.3627
8 142	529687	49373.1	579061	48.3129
8 143	530699	65115.3	595815	65.4234
8 144	522284	57307.1	579591	61.814
8 145	491023	32526.3	523549	179.504
8 146	432851	35114.7	467965	40.1424
8 147	500168	32777.5	532945	39.9746
8 148	447302	35882.6	483185	41.5906
8 149	917013	139732	1.05675e+06	158.746
 1953.86, 35.8063, 9.87232, 0.978543, 0.41053, 0.242684, 0.159809, 0.11273,
9 1	515835	41707.2	557542	30.4538
9 2	845602	133531	979133	56.5604
9 3	461126	54587.8	515713	115.898
9 4	515288	32338.9	547627	36.4814
9 5	453802	42846	496648	51.8937
9 6	536651	53018.9	589670	50.6258
9 7	523116	91404.9	614521	30.8252
9 8	532881	50173.3	583055	36.5074
9 9	554235	90666.3	644901	39.556
9 10	522841	40173.8	563015	26.9481
9 11	525122	56221.4	581344	40.5811
9 12	429204	42868	472072	39.3596
9 13	511413	38166	549579	28.1786
9 14	507871	38911.2	546782	28.6933
9 15	517913	79460.5	597374	32.1875
9 16	513915	41227.4	555142	80.4394
9 17	475234	32123	507357	72.5137
9 18	537283	79807.3	617090	49.0917
9 19	467752	60285.1	528037	39.5955
9 20	488565	26959.6	515525	36.5361
9 21	530078	45583.3	575661	30.6491
9 22	497776	34396.7	532173	59.539
9 23	514395	29992.5	544387	52.6148
9 24	461571	45329.6	506900	34.0457
9 25	510779	74023.8	584803	97.6252
9 26	534822	90247.6	625070	92.0663
9 27	477626	57159.9	534786	41.3306
9 28	499049	34172.4	533222	39.9383
9 29	498185	43544	541729	36.6503
9 30	433611	54496.3	488108	30.2397
9 31	473656	39083.9	512740	29.2767
9 32	490446	40727.8	531174	33.3599
9 33	489219	33618.7	522837	46.321
9 34	498429	36963.5	535392	51.5285
9 35	444854	31901.8	476756	27.8592
9 36	458228	31589.2	489817	33.5227
9 37	457038	49906.9	506945	30.8702
9 38	485277	46508.9	531786	24.7323
9 39	464777	27333.7	492110	55.4172
9 40	462016	28427.7	490443	44.0301
9 41	527936	58844.9	586781	33.5078
9 42	458880	26293.8	485173	30.5118
9 43	501652	37611.1	539263	36.4341
9 44	496471	34461.5	530932	28.1407
9 45	524335	30247.6	554583	66.9736
9 46	467097	36805.9	503903	26.5125
9 47	454279	35152.6	489431	33.3337
9 48	494139	31188.7	525328	45.2369
9 49	442244	39958.2	482203	41.1107
9 50	441678	75879.9	517558	55.5449
9 51	482182	47879.1	530061	57.2429
9 52	643077	53939.8	697017	42.6564
9 53	465482	53392.1	518874	32.5447
9 54	441792	35221.7	477014	30.6603
9 55	451584	36528.3	488113	51.6279
9 56	445339	40010.7	485350	44.3278
9 57	475068	27477.5	502546	49.0019
9 58	441438	38156.7	479594	61.5376
9 59	500263	39681	539944	34.4716
9 60	479047	38951.3	517999	31.6211
9 61	480107	52818.5	532926	55.7891
9 62	470142	32822.8	502964	49.5266
9 63	424886	30643.3	455529	44.8757
9 64	567445	148315	715760	121.717
9 65	472081	55764.9	527846	32.7759
9 66	492020	36810.8	528831	33.4625
9 67	449401	36594.6	485995	45.2896
9 68	510874	48116.9	558991	63.3772
9 69	462998	28223.7	491222	37.1515
9 70	480431	27953.2	508384	55.618
9 71	458803	33090.7	491894	35.7594
9 72	461137	34838.8	495976	42.9199
9 73	488653	47272.2	535925	86.2795
9 74	458499	32906.4	491405	60.6369
9 75	566574	66071.7	632646	80.3227
9 76	469380	54812	524192	38.4279
9 77	462279	32106.6	494385	33.9206
9 78	482508	52030.1	534538	49.1776
9 79	525719	48254.4	573973	35.7215
9 80	475693	35234.7	510928	47.2786
9 81	491846	39164.4	531010	68.2887
9 82	507339	40197.5	547537	88.4218
9 83	439865	31026.2	470891	38.9509
9 84	459057	44282.8	503340	43.8333
9 85	484911	51545.9	536457	137.335
9 86	475360	32518.2	507879	46.961
9 87	434842	41647.2	476489	66.5888
9 88	513451	61737.1	575188	37.2697
9 89	484741	37344	522085	46.0837
9 90	487385	30203.5	517589	32.1665
9 91	480857	39657.8	520515	30.5878
9 92	536071	73323.8	609395	28.1148
9 93	459869	21882.4	481751	44.4007
9 94	488671	45960.1	534631	49.3268
9 95	466600	61338.3	527939	66.7664
9 96	482072	34876.7	516949	35.0971
9 97	461479	53320.7	514800	88.9164
9 98	555890	66416.7	622307	52.4318
9 99	437897	34105.6	472003	59.0765
9 100	515119	35200	550319	37.4773
9 101	478582	27033.4	505615	40.6238
9 102	459328	27976.4	487305	31.2796
9 103	574335	121522	695858	123.716
9 104	434701	47171	481872	57.362
9 105	488275	29081.9	517357	32.0676
9 106	472733	42021.1	514754	33.911
9 107	472831	27720.9	500552	45.0225
9 108	450721	45831.8	496552	29.993
9 109	469542	32731.5	502273	58.0516
9 110	514225	52821.4	567046	36.1869
9 111	469842	37380.5	507223	49.1995
9 112	533213	89427.6	622640	31.6047
9 113	479230	44613.5	523843	35.8232
9 114	517891	92820.5	610712	141.366
9 115	915880	141081	1.05696e+06	60.2533
9 116	462783	53547.9	516331	87.3774
9 117	491358	53143.6	544501	38.4838
9 118	511360	61370.7	572731	69.0414
9 119	479512	52822	532334	31.6644
9 120	429610	87129	516739	77.4236
9 121	485752	49947.1	535699	49.8467
9 122	501851	41741	543592	60.5341
9 123	515662	36129.1	551791	24.736
9 124	493368	48117.5	541486	30.2273
9 125	443880	47268.9	491149	32.79
9 126	465619	27364.1	492983	93.551
9 127	474954	37684	512638	25.3732
9 128	560838	88185.1	649023	46.8791
9 129	429641	40786.8	470428	44.6858
9 130	496602	35221.6	531823	35.9311
9 131	441773	35195	476968	31.5259
9 132	477367	33688	511055	32.4673
9 133	483966	39764.8	523731	53.474
9 134	476464	36801.6	513266	46.5438
9 135	449403	61038.8	510442	30.6192
9 136	463836	33104.2	496940	26.8633
9 137	474369	27245.3	501614	37.0335
9 138	597082	63064.5	660146	59.5194
9 139	518297	51038	569336	35.7249
9 140	456466	27561.2	484027	31.506
9 141	462995	30877.3	493872	47.4854
9 142	525004	52801.7	577806	29.5535
9 143	522350	70928	593278	51.9536
9 144	516238	61761.9	578000	60.4741
9 145	485792	36363.6	522156	47.2562
9 146	429313	37306.9	466619	28.9868
9 147	496378	35767.5	532146	26.2806
9 148	442947	39185.4	482132	29.6072
9 149	899522	155782	1.0553e+06	87.2587
 1954.58, 35.6746, 9.78332, 0.975176, 0.409829, 0.242298, 0.159563, 0.11256,
10 1	515200	21553.5	536753	93.5684
10 2	846471	69324.5	915796	208.204
10 3	461642	28361.7	490004	101.53
10 4	514827	16750.3	531578	98.9844
10 5	453919	22064.8	475984	101.493
10 6	537083	26887.6	563971	131.037
10 7	521785	46546.7	568332	104.882
10 8	532532	25752	558284	93.7889
10 9	553442	46231.2	599673	135.312
10 10	522686	20730.5	543417	95.4545
10 11	524155	28754.4	552910	114.068
10 12	429133	22002.9	451136	86.2103
10 13	511201	19670	530871	92.9662
10 14	507550	20249.6	527800	95.9734
10 15	517312	40505.8	557818	109.539
10 16	514501	20770.2	535271	171.643
10 17	474280	16696.5	490976	112.982
10 18	536328	40727.8	577056	152.603
10 19	468748	31002.7	499751	110.825
10 20	488335	13862.9	502198	127.829
10 21	529653	23577	553230	95.2303
10 22	500128	17069.4	517198	180.957
10 23	514183	15483.4	529667	114.196
10 24	461767	23357.1	485124	94.6545
10 25	511686	37619.4	549305	181.313
10 26	533539	45931.3	579470	133.623
10 27	477723	29448	507171	119.719
10 28	499041	17667.3	516708	107.214
10 29	497764	22593.4	520357	105.83
10 30	434113	27890.7	462003	89.7703
10 31	473051	20269.1	493320	93.168
10 32	489496	21092.6	510589	96.3648
10 33	489460	17219.4	506679	122.866
10 34	498270	19168.4	517439	105.839
10 35	444773	16367.3	461140	86.6364
10 36	457789	16394.1	474183	92.6571
10 37	457627	25701.7	483328	92.2286
10 38	485214	24165.6	509379	92.2284
10 39	464580	14066.8	478647	136.545
10 40	461935	14691.4	476627	127.788
10 41	527479	30082.1	557561	117.182
10 42	458235	13653.3	471888	93.2713
10 43	501273	19456.5	520729	104.782
10 44	495755	17843	513598	87.8909
10 45	524215	15655.5	539871	107.272
10 46	466298	19113.8	485412	95.6915
10 47	453860	18046.1	471906	91.7958
10 48	494218	16170.2	510389	141.221
10 49	442196	20463	462659	83.7512
10 50	443652	38669.6	482321	103.01
10 51	482433	24523.6	506957	177.372
10 52	643471	27780.8	671252	126.169
10 53	466023	27485.4	493509	111.401
10 54	441482	18151.7	459634	92.7392
10 55	451746	18688.3	470434	112.395
10 56	445584	20379.6	465964	87.3508
10 57	474551	14271.8	488823	101.986
10 58	441610	19467.3	461077	86.8783
10 59	499507	20507.5	520014	90.7183
10 60	478386	20204.7	498591	97.9933
10 61	480242	27226.6	507469	104.851
10 62	469849	16896.2	486746	126.262
10 63	424588	15744.8	440333	91.5156
10 64	563519	76090	639609	148.158
10 65	472517	28708.2	501225	97.6006
10 66	491317	18904.7	510222	100.124
10 67	449408	18854.6	468262	108.822
10 68	510365	24890.2	535255	121.043
10 69	462368	14687.5	477055	99.7089
10 70	480426	14414	494840	128.037
10 71	458332	17163.1	475495	97.9229
10 72	460797	18090.6	478888	100.769
10 73	488187	24318.9	512506	124.924
10 74	457659	16916.9	474576	99.9109
10 75	568542	33665.4	602208	187.379
10 76	469545	28028.4	497573	101.766
10 77	461936	16688.9	478625	99.9463
10 78	482492	26790.6	509283	162.174
10 79	524568	24818.3	549386	98.7133
10 80	476090	18086.2	494176	138.648
10 81	492489	20002.8	512492	134.42
10 82	507167	20784.5	527951	127.451
10 83	439773	15872	455645	102.702
10 84	460066	22623.8	482690	136.822
10 85	483009	26590.8	509599	124.415
10 86	474707	16928	491635	103.797
10 87	434772	21378.6	456151	88.158
10 88	511853	31742.2	543595	107.111
10 89	485424	19113.8	504538	167.364
10 90	486788	15607	502395	96.8159
10 91	480263	20435	500698	96.5976
10 92	535359	37449.1	572808	103.092
10 93	459184	11412.3	470596	93.088
10 94	488390	23415.1	511805	125.523
10 95	469602	30374.2	499976	180.023
10 96	481709	17941.3	499651	114.218
10 97	461891	27052.1	488943	112.205
10 98	554677	33953	588630	111.657
10 99	437751	17513.6	455265	98.7198
10 100	514789	18303.8	533093	98.4823
10 101	478146	14053	492199	113.794
10 102	458628	14435.1	473063	86.3536
10 103	571067	62148	633215	156.663
10 104	434972	24167.1	459139	89.1762
10 105	487832	15165.6	502997	95.4329
10 106	472399	21600.9	494000	101.025
10 107	472057	14428.9	486486	97.5216
10 108	450561	23762.1	474323	92.2732
10 109	469539	16766.2	486306	148.924
10 110	513994	27041.9	541036	94.1523
10 111	469441	19253.8	488695	99.2757
10 112	532888	45534.8	578422	118.689
10 113	478605	22926.8	501532	116.632
10 114	518659	47316.1	565975	205.508
10 115	917188	72894.6	990082	221.575
10 116	463542	26745.1	490288	140.689
10 117	490459	27294.3	517753	111.85
10 118	511218	31551.5	542769	139.668
10 119	478833	27451.1	506284	103.428
10 120	432233	44424	476657	110.938
10 121	485790	25624.2	511414	176.703
10 122	501612	21479.1	523091	132.162
10 123	515386	18692.2	534078	91.1799
10 124	492869	24906.6	517776	104.013
10 125	444344	24215.8	468560	92.921
10 126	465075	14373.6	479449	90.4154
10 127	474325	19537	493862	93.2783
10 128	560620	44970.2	605590	112.293
10 129	429911	20847.9	450759	94.9381
10 130	496256	18245.6	514502	95.41
10 131	441747	18118.8	459866	86.534
10 132	476961	17439.5	494401	89.2084
10 133	484463	20210.3	504674	133.236
10 134	476362	19072.3	495434	125.763
10 135	450422	31280	481702	91.9921
10 136	463237	17150.1	480387	99.2607
10 137	473679	14173.6	487853	98.5428
10 138	597317	32479.4	629796	130.639
10 139	517600	26285.7	543885	100.162
10 140	455883	14275.7	470159	92.391
10 141	462468	15844.1	478312	106.721
10 142	524307	27245.5	551553	103.621
10 143	520022	36552.2	556574	110.005
10 144	515250	31910.5	547160	105.024
10 145	486360	18577.9	504938	153.622
10 146	429311	19104.2	448415	82.6164
10 147	496056	18508.9	514565	93.1412
10 148	442723	20352.2	463075	91.8414
10 149	903832	80159	983991	240.908
 1974.39, 34.3711, 12.0225, 0.967632, 0.386948, 0.231268, 0.153496, 0.10883,
11 1	493128	34349	527477	40.2524
11 2	754605	136396	891001	86.4751
11 3	441400	41136.5	482537	63.5702
11 4	495293	28203.3	523496	42.268
11 5	434354	33824.4	468179	61.0955
11 6	514204	41157.1	555361	50.7182
11 7	497509	60237.2	557746	39.2086
11 8	511808	37852.3	549660	39.216
11 9	525537	62559.9	588097	43.3752
11 10	503914	32697.7	536611	40.4718
11 11	499978	42661.2	542640	40.6663
11 12	411054	32315.2	443369	37.9933
11 13	492060	31181.6	523242	37.4862
11 14	486585	33298.5	519884	38.8193
11 15	490964	55791	546755	39.8154
11 16	490595	37331	527926	76.4214
11 17	453494	29481.4	482976	49.3421
11 18	506431	58062.7	564494	45.0488
11 19	446611	45398.4	492010	44.231
11 20	469225	24540.3	493766	43.6622
11 21	508772	36177.8	544950	39.7988
11 22	478529	30808.4	509338	60.9205
11 23	495428	26709	522137	48.0188
11 24	441973	35422.2	477395	39.6341
11 25	480828	55492.5	536321	82.5014
11 26	505182	61555.2	566737	58.0542
11 27	453899	44955.2	498855	47.4622
11 28	479765	29798.3	509563	47.8447
11 29	475594	36953.7	512547	41.4391
11 30	414771	39364.6	454136	45.2797
11 31	450966	33074	484040	38.5672
11 32	466582	34203.5	500785	41.1296
11 33	470280	28896.8	499177	50.0161
11 34	477172	32201.3	509374	60.9484
11 35	426514	26411.6	452926	37.5465
11 36	436528	28836.7	465365	38.5373
11 37	436935	38161.5	475096	37.2485
11 38	464437	37616	502053	36.3328
11 39	444086	26076.4	470162	44.052
11 40	442782	25602.5	468385	45.272
11 41	503686	43920.9	547607	39.8718
11 42	439071	24361.4	463433	41.0268
11 43	480803	31787.5	512590	41.8339
11 44	475948	28880	504828	37.5729
11 45	506482	26731.7	533214	50.6191
11 46	444655	31824.4	476479	38.3375
11 47	433835	28918.9	462754	36.2418
11 48	474314	27959.6	502274	51.2295
11 49	425723	29516.9	455240	40.6491
11 50	421942	52433.2	474375	56.9866
11 51	457914	38923.6	496837	50.8769
11 52	613032	49709.8	662742	77.2521
11 53	443720	41134.1	484854	38.9393
11 54	423689	28499.5	452188	43.3662
11 55	432165	29768.1	461933	40.0954
11 56	427928	30166.4	458094	39.5238
11 57	456164	25390.9	481555	43.7409
11 58	423434	30052.6	453487	65.6859
11 59	478173	32495.5	510668	38.6219
11 60	454186	34015.9	488201	40.4233
11 61	456596	42004.2	498600	45.5491
11 62	447987	29849.5	477837	49.8931
11 63	406575	26007.2	432583	42.5232
11 64	518940	101144	620085	85.9264
11 65	450946	42224	493170	41.7273
11 66	470744	30320.1	501064	39.4582
11 67	430966	30122.7	461089	50.9553
11 68	484685	41809.9	526495	66.5371
11 69	443159	26042	469201	42.1331
11 70	461079	26071	487150	45.2317
11 71	439887	28152.1	468039	40.2011
11 72	442093	29969.7	472063	43.6525
11 73	462878	39308.1	502186	78.6001
11 74	437083	28792.9	465876	46.6494
11 75	532306	58193.7	590500	81.8023
11 76	447891	40671.4	488562	49.2295
11 77	442272	28486	470758	40.5436
11 78	455172	42185	497357	46.3036
11 79	499806	39139.1	538945	40.2333
11 80	455792	29925.3	485717	45.9098
11 81	472918	31944.2	504862	54.2697
11 82	484306	36062.2	520368	94.8328
11 83	422315	25710.5	448025	45.3133
11 84	440601	34694.7	475296	44.8563
11 85	457314	41181	498495	72.9174
11 86	454163	28812.2	482975	40.1549
11 87	416350	31669.8	448020	62.7017
11 88	484908	47238.9	532147	39.5089
11 89	463419	31975.1	495394	50.126
11 90	466524	27357.3	493881	38.1386
11 91	459550	32542.3	492092	38.007
11 92	510703	51815	562518	39.8643
11 93	441287	21498.5	462786	49.6283
11 94	466557	35504.1	502062	41.9921
11 95	445278	45056.4	490335	55.1858
11 96	460356	30422.3	490778	39.5875
11 97	442654	38769.4	481423	83.0558
11 98	529442	48995.3	578437	42.3487
11 99	419442	27923	447365	44.3081
11 100	495857	30727	526584	47.9987
11 101	458905	25822.6	484728	48.6217
11 102	439968	24501.3	464469	40.6645
11 103	537173	81468.2	618641	81.0636
11 104	416121	34726.9	450848	41.7447
11 105	469591	26075.4	495666	43.6473
11 106	448832	35315.2	484147	37.6221
11 107	451477	26182.6	477659	54.2929
11 108	429961	36084.6	466046	37.087
11 109	447795	28976.8	476772	49.2762
11 110	493792	39164.5	532957	36.1121
11 111	448271	31561.8	479833	43.2468
11 112	499676	65716.7	565392	40.8346
11 113	454747	36300.4	491047	45.7214
11 114	481542	69266.3	550808	94.5382
11 115	819716	144477	964193	89.8485
11 116	442300	40369.9	482670	62.1858
11 117	463660	42145.5	505806	40.9528
11 118	480462	49777.7	530240	51.3507
11 119	452338	43784.5	496122	42.3402
11 120	408040	58808.2	466849	62.8895
11 121	458713	40946	499659	46.8386
11 122	479671	34724.8	514396	65.9574
11 123	496682	30447.8	527130	37.1435
11 124	470549	39484.6	510034	40.1354
11 125	424903	35516.2	460420	44.9192
11 126	446802	24679.2	471481	87.9501
11 127	453430	31937.1	485367	37.1854
11 128	528868	63422.6	592291	47.1142
11 129	412064	30738.1	442802	39.4629
11 130	475608	30484.8	506093	42.4704
11 131	424336	28078.6	452415	35.5835
11 132	456897	29138.4	486036	48.3152
11 133	464787	31796.2	496583	42.9712
11 134	454412	32766.1	487178	45.8808
11 135	428669	44415.1	473084	35.474
11 136	441845	30283.1	472128	38.4244
11 137	454936	25622.4	480559	43.2109
11 138	571015	51053.5	622069	58.7666
11 139	491834	41017.2	532851	41.6989
11 140	437262	24735.5	461997	38.2653
11 141	442716	27019.5	469736	48.0553
11 142	497831	43008.7	540840	40.8488
11 143	488736	54605.1	543341	41.7237
11 144	489177	47175.5	536352	44.9628
11 145	466589	30997.8	497587	45.061
11 146	411703	28692.1	440396	36.7655
11 147	475663	31200.3	506863	51.502
11 148	421493	32692.9	454186	37.3049
11 149	797139	158251	955390	98.7612
 1975.7, 34.1174, 11.8459, 0.960709, 0.385645, 0.230565, 0.15305, 0.108524,
12 1	489250	36892.2	526142	30.7943
12 2	742522	145934	888456	51.0197
12 3	438005	44048.1	482053	77.0844
12 4	491714	30704.4	522418	46.532
12 5	431000	36426.9	467427	62.0055
12 6	510463	43603	554067	94.452
12 7	492755	63533.5	556289	40.6122
12 8	507941	40564.8	548506	29.7474
12 9	520926	65686.7	586613	51.0284
12 10	500381	35538.2	535919	28.9172
12 11	495802	45336.4	541138	64.4163
12 12	407946	34570.3	442516	55.0017
12 13	488551	33664.2	522215	30.152
12 14	482942	36180.1	519122	28.512
12 15	486777	58638.7	545416	43.2896
12 16	487173	38904	526077	124.862
12 17	450169	32114	482283	66.9252
12 18	501676	61023.5	562700	44.8187
12 19	443285	48363.1	491648	57.7733
12 20	466663	26399.5	493062	112.728
12 21	504718	39202.2	543921	29.7679
12 22	475805	30810.9	506616	110.163
12 23	492267	28924.1	521191	65.5076
12 24	438459	38156.7	476616	47.9573
12 25	476781	57981	534762	127.402
12 26	500094	64747.9	564842	55.7417
12 27	450095	47918.6	498014	45.8811
12 28	476593	32241.3	508834	44.273
12 29	471990	39959.4	511950	43.6652
12 30	411494	42072.8	453567	73.3132
12 31	447337	35661.4	482998	30.4739
12 32	462888	36726.5	499615	31.978
12 33	467220	30876.4	498096	65.9232
12 34	473359	34892.6	508251	44.3565
12 35	423344	28363.6	451708	28.5852
12 36	433074	31307.8	464381	28.4493
12 37	433369	40911.1	474280	32.4753
12 38	460704	40685.7	501390	27.1737
12 39	441277	28151.6	469429	97.3398
12 40	439440	27749.4	467190	54.7903
12 41	499503	46684.4	546188	31.6972
12 42	436011	26428.7	462440	44.5278
12 43	477471	34321.5	511792	50.0122
12 44	472306	31249.2	503555	29.4791
12 45	503666	28907.6	532574	67.1175
12 46	440896	34636	475532	29.1808
12 47	430696	30893.9	461589	62.3806
12 48	470942	30298.3	501241	79.0183
12 49	422929	31485.6	454414	56.1572
12 50	418470	55258.1	473729	67.8699
12 51	454136	41419.1	495555	108.869
12 52	608426	54215.6	662642	44.6186
12 53	440128	43974.2	484102	55.487
12 54	420516	30798.6	451314	38.2978
12 55	429131	31758	460889	72.1978
12 56	424962	32153.2	457116	54.8034
12 57	453251	27756.5	481008	72.08
12 58	420463	32171.5	452634	70.4497
12 59	474006	35294.3	509300	33.2893
12 60	450127	36719.4	486847	55.2618
12 61	452707	45224.1	497931	98.1279
12 62	444721	31815.4	476537	75.8212
12 63	403782	27999.2	431782	65.0858
12 64	509907	106509	616416	71.0096
12 65	447522	45032.5	492555	43.0749
12 66	467187	32588.1	499775	41.0561
12 67	427994	32439.1	460433	64.4374
12 68	480726	45075.2	525801	55.2225
12 69	439991	28308.4	468299	44.8561
12 70	458253	28289.6	486543	97.2602
12 71	436584	30653.4	467237	39.832
12 72	438715	32722	471437	46.6453
12 73	458199	42373.1	500572	51.6145
12 74	433945	30924	464868	50.5636
12 75	524005	58360.9	582365	84.7923
12 76	444152	43334.1	487486	48.1425
12 77	438869	31047	469916	44.3924
12 78	450965	44917.2	495882	100.786
12 79	496058	41823.7	537881	121.264
12 80	452742	32057.7	484800	96.8223
12 81	469963	34151.6	504115	93.7095
12 82	480217	39285.8	519503	88.5979
12 83	419464	27651.4	447116	55.8255
12 84	437575	37067.4	474642	90.0291
12 85	453103	43987.3	497090	84.1415
12 86	450627	31251	481878	52.2892
12 87	413364	33909.9	447274	60.1394
12 88	480615	50012.5	530628	46.9556
12 89	460564	33782.1	494347	109.529
12 90	463500	29418	492918	68.6518
12 91	455918	35102.8	491021	33.6877
12 92	506177	55076.8	561254	42.4178
12 93	438438	23459.7	461898	45.2629
12 94	463317	37452.6	500770	80.2247
12 95	443248	45521.7	488770	165.145
12 96	456917	32764	489681	64.673
12 97	438667	40903.3	479570	65.3825
12 98	524548	52296.8	576845	37.6666
12 99	416495	30112.3	446607	74.1891
12 100	492306	33750.6	526056	32.9812
12 101	455915	28185.3	484101	66.9539
12 102	436702	26453.4	463156	29.612
12 103	530758	85674.2	616432	64.9972
12 104	412939	37019.3	449958	60.3741
12 105	466297	28579.9	494877	43.8736
12 106	445070	37767.5	482837	42.5242
12 107	448154	28515.1	476669	83.0059
12 108	426114	39106.7	465221	28.8902
12 109	444584	30906.8	475491	91.677
12 110	489686	42171.8	531858	23.0232
12 111	444553	33989.2	478542	57.1757
12 112	495360	68326.9	563687	28.8437
12 113	450740	38944.7	489685	44.854
12 114	475277	72843.1	548120	122.792
12 115	808134	153996	962130	75.6496
12 116	438275	41575.9	479851	91.5399
12 117	459644	44437.1	504081	54.5324
12 118	475599	52872.6	528471	91.0571
12 119	448102	47131.5	495233	30.7826
12 120	404321	61834.4	466155	71.4402
12 121	454777	43541.6	498318	97.8415
12 122	475958	37336.4	513295	62.1147
12 123	493089	33211.4	526300	27.4455
12 124	466800	42677.1	509477	30.1564
12 125	421370	38131.2	459501	37.7375
12 126	443603	27067	470670	39.3266
12 127	449909	34640.3	484549	27.5027
12 128	524221	66436.2	590657	35.2797
12 129	409186	32949.8	442136	72.3496
12 130	472110	33020.8	505130	41.4211
12 131	421306	30302.1	451608	39.3776
12 132	453593	31709.1	485302	35.1592
12 133	462372	33603	495975	103.722
12 134	450954	35560.7	486515	74.3114
12 135	425278	47401.2	472679	51.8336
12 136	438243	32959.9	471203	40.2259
12 137	451899	27922.8	479821	47.2482
12 138	566836	54803.9	621640	67.1113
12 139	487623	43719.4	531342	32.5849
12 140	434149	26732.6	460881	34.2287
12 141	439577	29146.1	468723	61.5338
12 142	493624	46065.3	539690	29.706
12 143	483000	58185.3	541185	33.0626
12 144	484310	50671.6	534982	33.8145
12 145	463446	33692	497139	83.4235
12 146	408479	30829.3	439308	33.3474
12 147	471986	34072.6	506059	27.6408
12 148	417615	35594.4	453209	29.1919
12 149	785747	164964	950712	127.627
 1976.93, 34.0193, 11.7785, 0.958293, 0.385238, 0.230349, 0.152913, 0.108431,
13 1	488789	19158.1	507947	78.6395
13 2	738155	76961.3	815116	177.684
13 3	438419	22857.7	461277	94.0032
13 4	491392	16070.8	507463	79.0589
13 5	430671	18937.2	449608	84.9404
13 6	510088	22749.9	532838	83.9374
13 7	492417	32522.2	524940	75.924
13 8	507893	21006.4	528900	77.3975
13 9	520734	33650.2	554384	86.5408
13 10	500332	18507.5	518840	79.7994
13 11	495092	23325	518417	81.238
13 12	407680	17870.7	425551	72.1839
13 13	488498	17463.8	505961	75.4395
13 14	482855	18871.7	501727	80.7641
13 15	486731	30091.5	516823	83.6728
13 16	486804	20255.6	507059	107.89
13 17	449228	16760.3	465988	88.209
13 18	501170	31163.6	532333	95.3082
13 19	443682	25092.4	468775	80.247
13 20	465535	13741.2	479277	81.2797
13 21	504715	20401.3	525117	78.2518
13 22	475089	16006.4	491095	84.4129
13 23	491982	15108.7	507091	86.4637
13 24	438228	19867.6	458096	75.9434
13 25	476174	29472.8	505646	111.325
13 26	499475	33138.8	532614	85.7809
13 27	449818	24826.2	474644	88.6022
13 28	476356	16872.7	493229	87.629
13 29	471615	20825.1	492441	84.3204
13 30	411496	21659	433155	75.6909
13 31	446894	18554	465448	77.9625
13 32	462350	19126.1	481476	81.0321
13 33	466750	16140.1	482890	86.5112
13 34	473104	18207.6	491312	88.0003
13 35	423126	14691.3	437817	73.5341
13 36	432730	16355.5	449085	78.4684
13 37	433689	21202.5	454892	73.5741
13 38	460667	21188.6	481856	75.9742
13 39	440107	14673.5	454780	85.5238
13 40	438966	14449.6	453416	90.9444
13 41	499342	24019	523361	79.2593
13 42	435406	13756.1	449162	78.3568
13 43	476976	17931.1	494907	79.9769
13 44	471871	16262.6	488134	75.2414
13 45	503109	15146.3	518255	84.8873
13 46	440411	18088.3	458500	78.07
13 47	430321	15932.7	446254	75.6215
13 48	470149	15842.2	485991	79.6285
13 49	422767	16241	439008	71.4577
13 50	419210	28538.7	447749	81.215
13 51	452946	21550.5	474497	82.8553
13 52	608691	27905.9	636597	109.005
13 53	440215	22802.3	463017	80.3375
13 54	420043	16005	436048	76.2972
13 55	428870	16336.9	445207	80.6059
13 56	424691	16578.4	441269	72.5725
13 57	452538	14532.6	467070	82.8272
13 58	420158	16583.7	436742	86.3262
13 59	473373	18348.5	491721	76.2636
13 60	449568	19118.7	468687	82.9779
13 61	452116	23433.7	475550	88.8819
13 62	443870	16719	460589	86.5358
13 63	403257	14526.2	417783	79.3722
13 64	507408	54504.8	561913	103.34
13 65	447622	23324.3	470946	76.6536
13 66	466754	16834.8	483588	78.0938
13 67	427500	16907.9	444408	85.6062
13 68	480086	23430.8	503517	104.583
13 69	439260	14855	454115	79.0939
13 70	457219	14845.7	472065	81.933
13 71	436167	16017.9	452184	75.6519
13 72	438346	17084.2	455431	82.3741
13 73	457517	21928.9	479446	95.2379
13 74	433129	16005.2	449134	83.0718
13 75	524025	30526.9	554552	112.811
13 76	444107	22262	466369	81.6672
13 77	438365	16253.5	454619	78.6176
13 78	449841	23165.2	473006	82.3457
13 79	494960	21524.4	516485	86.9048
13 80	451920	16843.3	468764	75.6695
13 81	469608	17776.9	487385	85.812
13 82	479561	20361	499922	119.084
13 83	419014	14359.5	433373	75.0402
13 84	437283	19315.6	456599	77.0491
13 85	452439	22565.9	475005	104.74
13 86	450052	16304.1	466356	83.4616
13 87	412981	17407.8	430389	87.3709
13 88	479821	25634.5	505455	81.7247
13 89	459384	17590.1	476975	84.2916
13 90	462806	15293.5	478100	79.7039
13 91	455477	18227.4	473705	79.7264
13 92	505934	28356.9	534290	82.8958
13 93	437746	12231.2	449978	82.8556
13 94	462674	19331.5	482006	75.8684
13 95	442300	23435.2	465735	74.8847
13 96	456195	17064.3	473259	79.3064
13 97	439113	21036	460149	104.173
13 98	524087	26850.2	550937	84.8511
13 99	415970	15672.8	431643	77.935
13 100	492060	17623.1	509683	86.022
13 101	455171	14734.3	469905	88.5371
13 102	436222	13708.5	449931	73.9613
13 103	529281	43761.1	573042	100.838
13 104	412884	19157.7	432041	72.2261
13 105	465734	15002.7	480737	76.9133
13 106	444788	19439.3	464228	81.5502
13 107	447256	14877.8	462134	85.1586
13 108	425974	20321.2	446295	77.113
13 109	443436	16079.8	459516	82.5477
13 110	489786	21769.9	511556	76.9228
13 111	444084	17795.6	461880	78.9515
13 112	495613	34708.9	530322	91.476
13 113	450195	20045.2	470240	81.3
13 114	474627	37190.6	511818	109.895
13 115	805330	80583	885913	175.033
13 116	438509	21638.2	460148	84.4493
13 117	458840	22790.5	481631	82.836
13 118	474775	27203.9	501979	97.8226
13 119	447693	24543.8	472236	81.9162
13 120	405659	31870.7	437529	97.223
13 121	453530	22432.8	475963	83.4348
13 122	475425	19228.2	494653	91.7802
13 123	492755	17317.6	510072	76.5666
13 124	466381	22124.9	488506	85.8996
13 125	421692	19671.1	441364	72.7529
13 126	443058	14013.7	457072	106.514
13 127	449505	18054.4	467560	77.8568
13 128	524604	33942.9	558546	88.1333
13 129	408980	17065.6	426046	72.0563
13 130	471750	17187.7	488938	81.3505
13 131	421060	15756.8	436817	71.4163
13 132	453151	16502.8	469654	79.0013
13 133	461701	17357.6	479059	80.3501
13 134	450499	18624	469123	84.1219
13 135	425816	24452.7	450269	77.0581
13 136	437630	17135	454765	82.5684
13 137	451257	14583.1	465840	81.0416
13 138	566928	28463.3	595391	97.3704
13 139	487349	22594.8	509944	83.0488
13 140	433658	13931.8	447590	77.006
13 141	438965	15063.1	454028	82.5854
13 142	493233	23934.6	517168	84.7188
13 143	481332	29939.8	511272	81.084
13 144	483965	26206	510171	80.6743
13 145	462918	17672.4	480591	80.5553
13 146	408281	15945.6	424226	70.3653
13 147	471664	17754.3	489418	78.7627
13 148	417410	18589.1	435999	78.7352
13 149	779186	88362.5	867548	171.595
 1992.55, 32.6997, 14.6574, 1.00357, 0.369598, 0.221826, 0.148005, 0.105325,
14 1	470756	29936.9	500693	38.9003
14 2	652898	135620	788519	79.4313
14 3	422467	33047.8	455515	70.8438
14 4	474719	26335.4	501055	55.4492
14 5	414642	28678.4	443321	53.8324
14 6	491906	34065.5	525971	84.1232
14 7	474538	42709.1	517247	45.5239
14 8	490873	31369	522242	38.8177
14 9	500438	45819.4	546257	43.2424
14 10	483850	29087.4	512937	39.4353
14 11	476327	34440.5	510767	38.9647
14 12	393713	26210.6	419924	40.0489
14 13	472316	27409.8	499726	38.3517
14 14	465142	30175.7	495318	37.0025
14 15	466609	42047.8	508657	37.5486
14 16	467372	34034.9	501407	93.9716
14 17	432056	27518.7	459575	50.3583
14 18	480203	43646.2	523849	49.6508
14 19	427172	35637	462809	59.7055
14 20	449840	23469.8	473310	85.3435
14 21	487138	31226.1	518364	39.2542
14 22	459483	25890.5	485374	83.6914
14 23	475644	25420.2	501064	69.5592
14 24	422355	29554.8	451910	42.2537
14 25	455093	42068.8	497162	68.4672
14 26	479474	44510.2	523985	53.165
14 27	432150	36256.7	468406	53.7475
14 28	460130	27359.1	487489	50.451
14 29	453591	32565.2	486156	50.3035
14 30	396491	30665.6	427156	45.6664
14 31	429166	29289	458455	37.2711
14 32	443540	30423.1	473963	39.4418
14 33	450937	26282.6	477220	66.6712
14 34	454956	29554.7	484511	47.573
14 35	407878	23688.7	431566	35.6951
14 36	414693	27354.9	442048	37.1462
14 37	417345	31097.7	448443	36.444
14 38	443793	31819	475612	34.6766
14 39	423349	25055.7	448404	72.0644
14 40	422932	24426.1	447358	47.7808
14 41	480762	35215.2	515977	37.7737
14 42	419387	23492.2	442879	49.0178
14 43	459887	28349.5	488237	53.6855
14 44	455188	26090.5	481279	37.2107
14 45	488023	25119	513142	64.5061
14 46	422591	29002.8	451594	36.6175
14 47	414516	25137.4	439653	36.0728
14 48	454328	26201.2	480529	107.657
14 49	409494	24014.4	433509	37.4352
14 50	403070	38571.9	441642	57.2495
14 51	434646	32750.2	467396	68.5637
14 52	579369	48248.1	627617	62.7438
14 53	422945	33535.8	456481	59.7494
14 54	405803	24464.8	430268	41.4171
14 55	413149	26049	439198	47.005
14 56	410395	24945.9	435340	44.7722
14 57	436657	24537.9	461195	45.8172
14 58	405260	25594	430854	45.239
14 59	455896	28637.3	484533	37.0183
14 60	429770	30813.4	460583	40.3252
14 61	432824	35277.6	468101	46.2474
14 62	426124	27459.7	453583	66.9203
14 63	388377	23404.6	411781	40.8795
14 64	479200	70142.9	549342	69.7424
14 65	431569	33356.6	464926	46.7599
14 66	449916	26725.9	476642	43.8499
14 67	412543	26237.3	438780	55.7341
14 68	458845	37373.1	496218	56.1343
14 69	422815	24972.4	447788	46.516
14 70	440659	25314.2	465973	73.3658
14 71	420984	25253.1	446237	42.7173
14 72	422443	27106.5	449549	47.9197
14 73	437709	33979.3	471688	40.3613
14 74	416594	26098.7	442693	42.6148
14 75	499422	45278.1	544700	79.0399
14 76	427499	32340.3	459840	49.1016
14 77	421894	26353.4	448247	47.1146
14 78	430558	34769.4	465327	77.4374
14 79	475508	33256.9	508765	41.7874
14 80	436496	26434.3	462930	86.0337
14 81	453775	27701.7	481476	73.6372
14 82	459640	33324.5	492965	62.4368
14 83	404598	22986.2	427584	46.5357
14 84	422513	28865.7	451379	93.1635
14 85	433241	33956.1	467197	53.2366
14 86	432762	26820.6	459582	48.6577
14 87	398055	26288	424343	39.1635
14 88	460446	37332	497778	39.1107
14 89	442811	27832.4	470644	80.9467
14 90	445770	25762.4	471532	40.2317
14 91	438354	28566.8	466921	40.1315
14 92	486592	39806.7	526399	40.7835
14 93	422316	21588.4	443905	45.7348
14 94	445832	29217	475049	55.2185
14 95	427053	33236.3	460289	109.207
14 96	438554	27751.9	466306	54.6823
14 97	423785	30967.9	454753	65.5508
14 98	504382	38859.6	543241	43.3967
14 99	400952	24665.6	425617	53.0366
14 100	475074	28697.7	503772	41.0026
14 101	438629	25256.7	463886	52.0328
14 102	420782	22708.9	443490	36.1196
14 103	506739	56861.6	563601	47.7236
14 104	398143	27748.9	425892	42.6949
14 105	450146	24518.3	474664	48.7171
14 106	426288	30613.5	456901	36.659
14 107	429674	25490	455164	44.1372
14 108	409970	29986.5	439957	36.5764
14 109	426529	26202.5	452731	75.8476
14 110	473129	31829.6	504959	34.0772
14 111	426478	28366.3	454845	44.9599
14 112	472969	48615.7	521585	37.4956
14 113	431677	31021.9	462699	38.8682
14 114	450084	52189.7	502274	86.1951
14 115	713345	144331	857675	93.4739
14 116	423221	31564.6	454785	87.7906
14 117	439311	34324.6	473635	42.9027
14 118	450705	41725.7	492431	66.8527
14 119	427821	36838	464659	36.4241
14 120	388041	42309	430350	61.3629
14 121	434272	34188.8	468460	86.7392
14 122	458232	30015	488247	61.3686
14 123	476685	27530	504215	35.3141
14 124	448874	33301.6	482176	45.0849
14 125	406364	28961.9	435326	46.0088
14 126	427510	23692.4	451202	42.2728
14 127	432429	28473.1	460902	36.4898
14 128	501745	47498.2	549243	41.6448
14 129	394843	25491.4	420334	47.9779
14 130	454452	27880	482332	41.7983
14 131	406764	24390.6	431154	38.7621
14 132	436284	26830.9	463115	46.0354
14 133	446908	26593.7	473501	83.207
14 134	432109	30337.5	462446	65.5719
14 135	409580	34323	443904	33.075
14 136	419391	28526.6	447918	36.618
14 137	435261	24727.2	459988	44.4481
14 138	544349	44081.3	588430	66.0529
14 139	466889	34953.5	501842	40.1727
14 140	418062	23242.6	441304	39.5768
14 141	422473	25062.1	447535	51.5233
14 142	471636	37007.2	508643	39.9689
14 143	459576	42764.4	502340	39.4098
14 144	463949	38411.9	502361	38.857
14 145	446574	28323.5	474898	57.8243
14 146	393871	24357.4	418229	36.9469
14 147	453913	28968	482881	45.8061
14 148	400105	28914.7	429019	37.1394
14 149	685630	152601	838231	132.323
 1993.85, 32.5118, 14.5686, 0.999859, 0.36881, 0.221415, 0.147755, 0.105163,
15 1	467527	32261.4	499788	31.2136
15 2	641053	142398	783450	65.4004
15 3	419398	35579.9	454978	59.2901
15 4	471462	28908.1	500371	33.2232
15 5	411897	31009.5	442906	65.3313
15 6	487685	37396.2	525081	40.4333
15 7	470579	45544.3	516123	26.322
15 8	487453	33936	521389	30.9447
15 9	496527	48533	545060	30.5081
15 10	480576	31781.2	512358	35.9471
15 11	473176	36937.2	510113	81.8497
15 12	391409	28210.3	419620	65.8175
15 13	469260	29760.4	499020	38.8085
15 14	461977	32725.9	494703	28.734
15 15	462901	44954	507855	60.4538
15 16	463720	36717	500437	100.797
15 17	429106	29870	458976	43.7091
15 18	476403	46201.4	522605	36.9971
15 19	424126	38309.6	462435	33.579
15 20	447284	25481.2	472766	84.8055
15 21	483769	33883.9	517653	34.7712
15 22	456207	28141.2	484349	55.9831
15 23	472583	27737.5	500321	45.5267
15 24	419353	31921.4	451275	34.9423
15 25	451574	44474.8	496049	94.4291
15 26	475672	47138.4	522810	41.0858
15 27	428985	38670.7	467656	40.0651
15 28	457374	29619.8	486994	46.4678
15 29	450394	35174.9	485569	38.554
15 30	393445	33033.8	426479	33.9463
15 31	426344	31474	457818	31.4443
15 32	440357	32903.1	473260	34.7793
15 33	448116	28541.1	476657	50.0358
15 34	451740	31947.1	483687	44.2041
15 35	405174	25655.4	430830	31.692
15 36	411480	29856.1	441336	28.7084
15 37	414275	33536.5	447812	26.2502
15 38	440510	34416.2	474926	24.3102
15 39	420362	27219.6	447581	56.0884
15 40	420304	26478.5	446783	72.0846
15 41	477251	37873.7	515125	41.3237
15 42	416875	25425.4	442300	40.4015
15 43	456632	30852.6	487484	30.3228
15 44	452070	28378.1	480448	29.9659
15 45	484941	27533.7	512475	55.5463
15 46	419404	31708.1	451112	40.3778
15 47	412048	27087.1	439135	66.9992
15 48	450449	28826.8	479276	56.5676
15 49	406971	25971	432942	48.4798
15 50	400326	41250	441576	75.8198
15 51	431007	35599.4	466606	57.3559
15 52	574915	52117.1	627032	52.7561
15 53	419734	36071.1	455805	28.6319
15 54	403156	26531.8	429688	37.2729
15 55	410765	28006.5	438772	86.9791
15 56	407672	26974.9	434647	54.3495
15 57	434238	26727.6	460965	77.6694
15 58	402873	27738	430611	70.9568
15 59	453001	31174.2	484175	117.814
15 60	426379	33356.3	459736	37.1155
15 61	429236	38105.3	467342	59.8107
15 62	423022	30224.5	453246	59.1934
15 63	385986	25366.6	411353	54.9267
15 64	473232	73817.5	547050	72.9987
15 65	428645	35781.8	464426	32.7103
15 66	447073	28846.1	475919	42.0058
15 67	409762	28545.9	438308	51.8647
15 68	455485	40103.9	495589	60.9581
15 69	419855	27226.5	447081	34.8353
15 70	437454	27639.2	465093	46.5308
15 71	418104	27655.4	445760	31.9728
15 72	419388	29637.1	449025	44.6545
15 73	434193	36633.3	470826	65.4635
15 74	413982	28213.7	442196	60.0375
15 75	494571	48996.4	543568	127.28
15 76	424577	34749.5	459326	66.6999
15 77	418882	28652.8	447535	31.3667
15 78	427091	37202.9	464294	76.4068
15 79	472004	35669.5	507673	40.9913
15 80	432913	29362.8	462276	42.9747
15 81	450846	30296.9	481142	77.605
15 82	456544	36018.2	492562	91.9149
15 83	402100	25032.4	427133	56.6202
15 84	419081	31463.2	450544	44.7448
15 85	431219	35992.7	467212	157.659
15 86	429626	29106.7	458733	37.299
15 87	396029	28168.6	424197	93.8121
15 88	457141	39663.8	496805	35.0212
15 89	439745	30055.4	469800	74.3288
15 90	443044	27828.5	470873	34.3227
15 91	435380	30815.9	466196	31.6776
15 92	482817	42805.3	525622	70.065
15 93	419844	23508.4	443352	52.2235
15 94	442932	31372.1	474304	67.0731
15 95	423909	35601	459510	148.248
15 96	435345	30207.7	465553	57.3236
15 97	420680	32481.7	453161	67.93
15 98	500107	42064.4	542171	46.4535
15 99	398223	26885	425108	50.3125
15 100	471734	31403.6	503137	39.5674
15 101	436057	27348.6	463406	62.3841
15 102	418162	24673	442835	43.2214
15 103	502207	60017.6	562224	55.0542
15 104	395714	29778	425492	63.8144
15 105	447205	26868.9	474074	41.7199
15 106	423348	32795.9	456144	47.8942
15 107	426729	27715.7	454445	36.6363
15 108	407050	32311.8	439362	30.5756
15 109	423307	28434.9	451742	63.9771
15 110	469675	34552.4	504227	25.1421
15 111	423497	30772.8	454269	79.22
15 112	469954	50663.5	520618	79.4582
15 113	428725	33354.5	462079	96.575
15 114	448941	55009.8	503951	254.803
15 115	702049	150940	852988	67.2096
15 116	419097	34947.3	454045	61.417
15 117	436583	36270.6	472853	67.1213
15 118	445884	46041.2	491925	156.292
15 119	424612	39601.8	464214	30.0975
15 120	384689	45302.1	429991	74.139
15 121	430833	36517.7	467351	72.0968
15 122	455098	32320.9	487419	56.4165
15 123	473592	29927.1	503519	27.536
15 124	445878	35801	481679	35.4639
15 125	403335	31276.2	434611	29.2728
15 126	425137	25536.4	450674	82.2643
15 127	429723	30961.1	460684	66.6937
15 128	498063	50082.9	548146	36.56
15 129	392238	27692.2	419930	67.6078
15 130	451559	30107.5	481666	45.7869
15 131	404260	26398.9	430658	38.5431
15 132	433508	29275.9	462784	65.4087
15 133	444111	28705.6	472816	89.3574
15 134	428965	32879.4	461845	38.0355
15 135	406717	36845.6	443563	40.5536
15 136	416318	30986.8	447305	41.4231
15 137	432632	26828.8	459461	42.5062
15 138	540164	47810	587974	55.9976
15 139	463551	37373.6	500925	33.071
15 140	415454	25228.6	440683	32.733
15 141	419560	27357.6	446918	52.4007
15 142	467928	39796.5	507724	31.3514
15 143	455854	45537.9	501392	102.847
15 144	460236	41430.3	501666	83.1272
15 145	443244	31096.6	474341	56.308
15 146	391329	26319.9	417649	41.4366
15 147	450568	31563.7	482131	30.9692
15 148	396933	31372	428305	29.7873
15 149	670198	160907	831105	68.0168
 1994.93, 32.4085, 14.51, 0.997123, 0.368156, 0.221038, 0.147509, 0.104992,
16 1	466319	33575.1	499894	29.6879
16 2	631036	151209	782244	57.2889
16 3	418282	36921.7	455204	52.1853
16 4	470303	30208.7	500512	43.9891
16 5	410616	32265	442881	47.6684
16 6	486718	38449.8	525168	85.1403
16 7	469281	47005.6	516287	32.5502
16 8	486247	35383.6	521631	27.8813
16 9	495114	50092.2	545206	30.3751
16 10	479432	33243.8	512676	25.945
16 11	471506	38359.1	509865	39.1892
16 12	390303	29326.6	419629	41.9748
16 13	468139	31029.1	499168	27.3545
16 14	460856	34238.4	495095	26.5241
16 15	461444	46526.2	507970	33.17
16 16	461290	37589.3	498879	77.6749
16 17	427928	31174.6	459103	45.0647
16 18	474960	47439.3	522399	31.6688
16 19	423187	39615	462802	47.8927
16 20	446004	26539.9	472544	79.9338
16 21	482469	35452.5	517921	27.4984
16 22	455568	28903.9	484472	90.1522
16 23	471519	28879.9	500399	54.0843
16 24	418290	33204.3	451494	35.7932
16 25	450267	45537.1	495804	87.4886
16 26	474374	48521.2	522895	38.5837
16 27	427917	40060.2	467977	54.1165
16 28	456320	30926	487246	41.4411
16 29	449122	36685	485807	34.0978
16 30	392429	34314.1	426743	39.1931
16 31	425142	32875.5	458017	29.4964
16 32	438988	34452.9	473441	29.8584
16 33	447161	29489.6	476650	56.7034
16 34	450413	33359.8	483772	34.1304
16 35	404098	26759.2	430857	27.2799
16 36	410093	31337.9	441431	26.4297
16 37	413201	34955.4	448157	26.2652
16 38	439419	35816.2	475236	23.4721
16 39	419139	28318.5	447458	55.9445
16 40	418976	27885.1	446861	45.0182
16 41	475841	39331.4	515172	28.8385
16 42	415403	26633.7	442037	42.412
16 43	455524	32170.8	487694	44.9591
16 44	450815	29705	480520	28.3054
16 45	483809	28689.8	512499	46.6191
16 46	418041	33299.8	451341	28.1765
16 47	410849	28184.1	439033	32.3976
16 48	448865	29939	478804	55.4812
16 49	405990	27021.9	433011	35.8172
16 50	399297	42316.1	441613	53.7264
16 51	429659	36652.8	466312	65.0666
16 52	573419	54166.5	627585	42.7888
16 53	418733	37451.3	456184	49.1106
16 54	402044	27732.8	429777	32.7538
16 55	409397	29146.4	438544	47.9285
16 56	406552	27983.8	434536	42.8333
16 57	432867	28013.4	460881	48.2353
16 58	401546	28749.4	430295	39.0449
16 59	451219	32582	483801	41.9688
16 60	425015	34886.3	459902	34.7109
16 61	427869	39609.9	467479	52.7326
16 62	421643	31137.1	452780	59.8989
16 63	384811	26500.6	411312	41.2167
16 64	470716	75569.9	546286	56.406
16 65	427687	37085.8	464773	34.9955
16 66	445885	30046.5	475931	33.7796
16 67	408636	29716.3	438352	46.6866
16 68	453867	41888.2	495755	48.0418
16 69	418560	28622	447182	35.8957
16 70	436261	28897.8	465159	60.7305
16 71	416927	28955.4	445882	32.826
16 72	418141	30984.6	449125	38.0594
16 73	432605	38115.4	470720	33.6376
16 74	412566	29453.9	442020	35.7937
16 75	492411	50015.1	542426	79.5908
16 76	423268	36104.2	459372	42.7885
16 77	417744	29930.4	447674	38.5289
16 78	425668	38477.1	464145	60.9564
16 79	470584	37009.2	507593	34.2693
16 80	431824	30301.6	462126	69.2382
16 81	449698	31373.6	481071	69.1777
16 82	454649	37656.3	492305	54.9243
16 83	400918	26087.5	427005	38.3134
16 84	418199	32583.3	450782	77.1091
16 85	428744	37365.8	466110	52.8508
16 86	428290	30473.5	458763	38.1437
16 87	394361	29722.9	424083	40.2803
16 88	455777	40963.2	496740	30.2383
16 89	438562	31268.3	469830	66.4756
16 90	441851	29129.2	470980	34.4625
16 91	433899	32318.9	466218	28.3429
16 92	481329	44370.6	525700	36.966
16 93	418651	24714.6	443365	37.9314
16 94	441693	32412	474105	49.1777
16 95	423858	36129.3	459988	125.785
16 96	433918	31611.8	465529	51.1499
16 97	419516	33817.2	453333	53.2949
16 98	498489	43771.6	542261	31.0601
16 99	397119	28062.3	425181	49.4345
16 100	470509	32888.4	503397	29.4377
16 101	434960	28583.7	463544	46.9258
16 102	416941	25813.3	442755	29.6376
16 103	500487	61564.3	562051	41.7497
16 104	394534	31063.9	425598	40.9095
16 105	446046	28125.6	474172	38.7321
16 106	421971	34062.7	456034	30.55
16 107	425488	29095	454583	40.7737
16 108	405984	33679.4	439664	27.2165
16 109	421868	29646.9	451515	43.7059
16 110	468613	35946.9	504560	21.6002
16 111	421943	32194.4	454137	41.0501
16 112	468649	51801.6	520451	30.7749
16 113	427240	34625.8	461866	40.9101
16 114	448844	57806.7	506651	132.672
16 115	691416	160380	851796	74.8395
16 116	417616	35198.5	452814	67.5979
16 117	435185	37360.4	472546	39.4611
16 118	443318	47872.5	491191	77.0845
16 119	423217	41352.9	464570	25.5804
16 120	383867	46495.5	430363	57.7403
16 121	429190	37786.3	466976	44.8531
16 122	453892	33504.9	487397	41.5289
16 123	472483	31265.1	503748	24.5265
16 124	444733	37140.5	481873	28.9357
16 125	402279	32590.5	434869	33.8775
16 126	423692	27045.3	450737	36.5195
16 127	428378	32408.7	460786	34.823
16 128	496699	51626.1	548326	30.8042
16 129	391139	28888.9	420028	42.8079
16 130	450211	31553.6	481765	35.8965
16 131	403270	27582.6	430853	34.091
16 132	431975	30737.9	462713	36.1298
16 133	443245	29613.2	472858	81.6601
16 134	427572	34375.6	461947	49.8167
16 135	405826	38236.8	444063	32.2242
16 136	414986	32341.5	447328	27.4677
16 137	431414	28187.7	459601	34.4511
16 138	538861	49438.1	588299	52.8695
16 139	462207	38916.9	501123	31.3286
16 140	414269	26443.3	440712	29.3849
16 141	418257	28608.9	446865	39.8086
16 142	466418	41569.4	507987	29.8884
16 143	453925	46927.4	500852	37.3913
16 144	458624	43045.6	501670	34.2817
16 145	441989	32498.7	474487	46.6438
16 146	390117	27514.4	417631	30.1425
16 147	449307	33033.6	482340	28.4019
16 148	395628	32854	428482	27.5047
16 149	659468	168662	828130	115.276
 1994.19, 32.4069, 17.5205, 1.08026, 0.365219, 0.2187, 0.146174, 0.104162,
17 1	465696	33985.3	499681	28.4792
17 2	625951	155429	781380	58.1738
17 3	417422	37460.4	454882	53.0729
17 4	469665	30708.3	500374	31.4944
17 5	409908	32884	442792	51.0343
17 6	485506	39118.8	524624	28.1653
17 7	468455	47498.6	515953	20.6318
17 8	485529	35830.4	521359	25.9017
17 9	494233	50537.2	544770	23.5351
17 10	478747	33785.3	512532	29.3112
17 11	470717	38745.9	509463	31.2867
17 12	389647	29785.6	419433	28.5946
17 13	467477	31464.1	498942	22.0404
17 14	460303	34699.9	495003	25.1702
17 15	460671	47049.5	507720	24.253
17 16	460425	37861	498286	77.1626
17 17	427349	31636.8	458986	37.1633
17 18	474184	47756.4	521941	31.5729
17 19	422378	40359.6	462738	31.9202
17 20	445177	26853.1	472030	37.467
17 21	481791	35916.3	517708	25.2268
17 22	454620	29290.1	483910	51.7924
17 23	470930	29264.6	500195	40.5352
17 24	417536	33805.3	451342	26.0165
17 25	449511	45856.7	495368	62.9292
17 26	473696	48878.2	522574	39.1626
17 27	427236	40725	467961	33.7282
17 28	455789	31393.9	487183	38.9969
17 29	448436	37307.2	485743	27.478
17 30	391708	34859.8	426568	38.145
17 31	424691	33296.5	457987	28.6842
17 32	438502	34914.8	473417	28.6139
17 33	446435	30073.6	476509	42.7538
17 34	449790	33760.8	483551	37.8425
17 35	403630	27040.1	430670	31.0394
17 36	409526	31773.9	441300	25.1664
17 37	412505	35553.4	448059	21.8725
17 38	438660	36447.2	475107	19.693
17 39	418415	28705.5	447121	36.318
17 40	418411	28107.9	446519	58.8762
17 41	475118	39705.9	514823	24.1958
17 42	415004	26922.6	441926	35.8758
17 43	454862	32709.2	487571	27.0676
17 44	450269	30082.9	480352	27.3554
17 45	483399	29063.8	512463	53.4652
17 46	417539	33805.4	451345	24.756
17 47	410348	28468.3	438817	28.0247
17 48	448150	30368	478518	53.404
17 49	405314	27417	432731	33.764
17 50	398325	43236	441561	40.3878
17 51	428674	37272.6	465947	34.0845
17 52	572731	54886.2	627618	49.822
17 53	417989	38093.5	456083	25.9514
17 54	401520	28174.6	429694	34.4225
17 55	408693	29443.2	438137	33.5583
17 56	405823	28388.9	434212	33.8177
17 57	432207	28502.4	460710	35.6058
17 58	400886	29104.3	429990	51.7645
17 59	450433	33068.1	483501	28.8003
17 60	424517	35248.2	459765	31.5988
17 61	426979	40230.7	467210	35.7827
17 62	420940	31756	452696	36.1803
17 63	384338	26872.7	411211	40.106
17 64	469351	75900.7	545251	51.241
17 65	426932	37785.2	464717	27.8744
17 66	445393	30355.4	475748	29.9425
17 67	407980	30332.2	438312	43.8692
17 68	453325	42418.5	495743	52.788
17 69	417952	29072.1	447024	31.4639
17 70	435446	29400.7	464846	31.1981
17 71	416330	29526.3	445856	26.0926
17 72	417459	31551.1	449010	30.2954
17 73	431854	38594.7	470449	28.0707
17 74	411971	29834.9	441806	34.3691
17 75	491083	51051.2	542134	75.7117
17 76	422523	36500.6	459024	40.4103
17 77	417076	30459.7	447536	26.7681
17 78	424877	38856.9	463734	26.0396
17 79	470055	37252.3	507308	60.8771
17 80	431094	30881.1	461975	38.7358
17 81	448721	32019.8	480741	40.6295
17 82	454053	38025.2	492078	78.1571
17 83	400323	26509.6	426833	36.0098
17 84	417264	33300.1	450564	31.8916
17 85	428381	37447.8	465828	62.8703
17 86	427707	30892.6	458599	34.9936
17 87	393806	29755.6	423562	56.2228
17 88	455238	41135.6	496373	27.8158
17 89	437702	31685.3	469387	30.6876
17 90	441388	29464.9	470853	29.2795
17 91	433454	32614	466068	23.5489
17 92	480440	44924.4	525364	24.3179
17 93	418126	25033.2	443159	39.425
17 94	440987	32742.2	473729	31.509
17 95	421485	36966.9	458452	44.7376
17 96	433150	32076.1	465226	25.9698
17 97	419247	34019.1	453266	65.3904
17 98	497524	44358.3	541882	26.2201
17 99	396501	28509.8	425011	32.6402
17 100	469822	33432.9	503255	33.613
17 101	434428	28990.8	463419	44.6417
17 102	416424	26139	442563	26.4967
17 103	499468	61933.3	561401	27.1377
17 104	394101	31435.7	425537	35.5758
17 105	445384	28665.5	474050	32.3396
17 106	421325	34360.7	455686	24.7507
17 107	424988	29464.5	454453	34.0306
17 108	405328	34259.2	439587	24.4119
17 109	421260	29998.6	451258	33.3385
17 110	467964	36478.3	504443	18.5502
17 111	421292	32558.6	453851	29.7198
17 112	467980	51946.5	519927	24.3575
17 113	426624	34856.2	461480	31.1261
17 114	445760	57758.3	503519	86.9766
17 115	687032	163801	850833	60.503
17 116	416598	36162.6	452761	41.0182
17 117	434679	37499.8	472179	33.0822
17 118	442510	48777.3	491287	73.8308
17 119	422677	42018	464695	23.4283
17 120	382627	47542.1	430170	59.8092
17 121	428435	38107.8	466543	39.8866
17 122	453185	33789.5	486975	29.4933
17 123	471879	31734.4	503614	22.1134
17 124	444182	37684.1	481866	29.0451
17 125	401565	33108.5	434673	24.1191
17 126	423241	27174	450415	75.3036
17 127	427802	32981.5	460783	27.0791
17 128	496007	51920.5	547927	28.5919
17 129	390559	29336.8	419895	34.2609
17 130	449658	31906	481564	33.2357
17 131	402714	27994.4	430708	25.7709
17 132	431320	31196.5	462516	36.4796
17 133	442263	30015.3	472278	31.8757
17 134	426981	34960.6	461942	33.7635
17 135	405123	38897.6	444020	23.4225
17 136	414370	32849	447219	27.2005
17 137	430935	28590.7	459526	33.7074
17 138	537973	50288.8	588261	39.8045
17 139	461731	39164.8	500896	29.4296
17 140	413803	26831.7	440634	29.5534
17 141	417612	28909.3	446522	39.2793
17 142	465809	42008.9	507818	26.9044
17 143	453110	47226.6	500337	29.4657
17 144	457745	43572.9	501318	27.1856
17 145	441089	33179.4	474269	27.7524
17 146	389598	27882.2	417480	32.0741
17 147	448674	33526.9	482200	24.4644
17 148	395065	33364.8	428429	30.8587
17 149	653081	173212	826293	56.4667
 1994.03, 32.3713, 17.5036, 1.07927, 0.364934, 0.218522, 0.146049, 0.104071,
18 1	465220	34394	499614	27.4445
18 2	622229	158511	780740	50.4597
18 3	416943	38002.7	454946	58.9844
18 4	469248	31207.9	500456	43.5358
18 5	409539	33249.9	442789	50.01
18 6	486006	39493.1	525499	83.0476
18 7	467925	47970	515895	28.7649
18 8	485022	36285.6	521308	24.3073
18 9	493674	50969.5	544643	34.2163
18 10	478293	34319.6	512613	29.9856
18 11	470132	39186.5	509318	26.614
18 12	389232	30222.4	419455	31.0032
18 13	467051	31857.3	498908	23.6494
18 14	459846	35267.2	495114	24.1432
18 15	460153	47495.6	507649	24.5699
18 16	459977	38696.2	498673	70.4392
18 17	426954	32109.6	459064	43.9241
18 18	473767	48062.5	521830	36.6571
18 19	421964	40921.3	462886	44.4682
18 20	445015	27212.2	472228	71.2126
18 21	481162	36531.3	517694	24.3362
18 22	454656	29432	484088	75.8706
18 23	470612	29692.8	500305	55.32
18 24	417118	34261.9	451379	33.6313
18 25	449044	46274.4	495318	66.57
18 26	473238	49333.5	522571	37.9094
18 27	426858	41301.8	468159	46.7943
18 28	455446	31858.6	487305	45.9166
18 29	447979	37855.8	485835	37.1781
18 30	391235	35356.8	426592	38.0163
18 31	424177	33860.1	458037	27.9309
18 32	437960	35467.6	473427	27.0909
18 33	446204	30204.5	476408	58.6831
18 34	449271	34233.6	483504	31.7618
18 35	403168	27409.2	430577	25.9564
18 36	408929	32302.9	441232	24.0463
18 37	412022	36078.3	448101	21.7915
18 38	438188	36951.1	475139	19.7015
18 39	418095	29028.9	447124	51.4656
18 40	417880	28592.6	446473	32.5041
18 41	474530	40137.7	514667	24.6376
18 42	414511	27462.5	441974	41.6746
18 43	454493	33157.7	487650	45.8061
18 44	449758	30538.9	480297	26.1702
18 45	482883	29689.9	512573	46.5305
18 46	417038	34403.2	451441	23.7296
18 47	409953	28790.5	438743	26.4269
18 48	447762	30939.2	478701	71.8679
18 49	404948	27758	432706	33.5275
18 50	398108	43441.3	441549	51.319
18 51	428529	37453.6	465983	57.0425
18 52	572145	55530.6	627676	42.2586
18 53	417585	38613.6	456198	49.011
18 54	401029	28692.6	429722	31.2305
18 55	408272	29767	438039	39.3019
18 56	405470	28662.7	434133	44.0124
18 57	431808	28935.2	460743	39.2526
18 58	400416	29478.2	429894	35.1334
18 59	449994	33505.3	483499	25.3692
18 60	423974	35808.3	459782	31.772
18 61	426456	40776	467232	38.3707
18 62	420815	32078.5	452894	64.002
18 63	383939	27277.3	411216	39.1328
18 64	468439	76266.6	544705	55.8429
18 65	426528	38261.6	464790	35.593
18 66	444977	30741.8	475719	31.0446
18 67	407603	30733.2	438336	48.4639
18 68	452797	43115.4	495912	46.0473
18 69	417506	29548.7	447054	36.3428
18 70	435300	29783.7	465084	67.9312
18 71	415931	29986.2	445917	33.4036
18 72	417027	32061.1	449088	35.6086
18 73	431337	39073.4	470411	34.9892
18 74	411594	30211.7	441806	37.4831
18 75	491036	51235.4	542272	78.2666
18 76	422077	37069.3	459146	38.2862
18 77	416635	30902.4	447537	35.5238
18 78	424626	39244.8	463870	63.7873
18 79	469443	37619.7	507063	33.3622
18 80	430829	31365.1	462194	59.6887
18 81	448615	32337.6	480953	64.8723
18 82	453326	38597.8	491924	52.8558
18 83	399990	26863.8	426854	44.94
18 84	417193	33704.5	450897	79.2585
18 85	427613	37850.2	465463	37.1836
18 86	427223	31414.9	458637	39.8636
18 87	393289	30262.4	423551	37.8801
18 88	454708	41495.8	496204	29.9611
18 89	437567	32065.8	469632	72.0759
18 90	440889	29944.6	470834	30.8417
18 91	432834	33229	466063	26.1596
18 92	479941	45386.6	525327	27.9092
18 93	417797	25414.9	443212	38.2729
18 94	440657	32992.7	473650	46.0973
18 95	421963	36693.6	458656	110.756
18 96	432692	32542.7	465234	43.1026
18 97	418759	35317.5	454077	54.7549
18 98	496871	44919.9	541791	25.2442
18 99	396250	28918.6	425169	54.9274
18 100	469328	33965.3	503293	27.1589
18 101	434098	29392.8	463491	42.8191
18 102	415960	26528.8	442489	26.4707
18 103	498994	62224.1	561218	34.7424
18 104	393534	32001.3	425536	40.9896
18 105	444995	29105	474100	37.9055
18 106	420827	34744.7	455572	28.903
18 107	424513	29977.7	454491	35.9683
18 108	404875	34831.3	439707	24.1413
18 109	420804	30411.3	451215	40.6585
18 110	467541	36941.9	504482	17.6187
18 111	420793	33028.9	453822	39.5929
18 112	467526	52121.5	519647	22.94
18 113	426100	35214.6	461315	26.337
18 114	443383	57844.6	501227	87.8793
18 115	682857	167468	850325	63.4066
18 116	416881	36052.1	452933	83.3828
18 117	434269	37737.7	472007	40.3852
18 118	442364	49385.6	491750	72.7102
18 119	422114	42740	464854	22.7309
18 120	382376	47943.9	430319	57.0472
18 121	428028	38419.9	466447	47.1749
18 122	452934	34123.4	487058	45.2596
18 123	471439	32223.4	503662	22.0759
18 124	443703	38269.4	481972	26.9634
18 125	401048	33585.6	434634	36.3672
18 126	422638	27848.8	450487	35.1001
18 127	427335	33509.7	460845	25.6217
18 128	495414	52366.8	547781	27.468
18 129	390189	29739.2	419928	40.0846
18 130	449124	32459.3	481583	36.1652
18 131	402305	28438.6	430744	30.9799
18 132	430807	31762.3	462570	28.994
18 133	442313	30247.7	472560	76.0058
18 134	426433	35481.6	461915	53.8593
18 135	404742	39462.9	444205	29.6701
18 136	413967	33294.4	447262	26.9223
18 137	430526	29103.5	459630	32.8748
18 138	537642	50793.1	588435	55.8619
18 139	461157	39661.3	500819	29.424
18 140	413340	27316.3	440656	28.6281
18 141	417243	29310.9	446554	42.5423
18 142	465176	42652.1	507828	26.449
18 143	452579	47552.5	500132	27.6047
18 144	457102	44076.2	501178	26.4608
18 145	440750	33634.7	474384	43.0248
18 146	389123	28349.8	417473	28.9056
18 147	448164	34075.4	482239	29.7351
18 148	394490	34017.1	428507	27.1731
18 149	650281	175345	825627	110.415
 1994.06, 32.3781, 17.5192, 1.07983, 0.364996, 0.218551, 0.146066, 0.104083,
Done    'Run Dartel (create Templates)'
Running 'Make Directory'
Done    'Make Directory'
Running 'Move/Delete Files'
Done    'Move/Delete Files'
Done

