here1
_4d.nii
Making movies in /projects/dsnlab/tds/fMRI/subjects_tds2/104/cyb1/
Making movies in /projects/dsnlab/tds/fMRI/subjects_tds2/104/cyb2/
Making movies in /projects/dsnlab/tds/fMRI/subjects_tds2/104/stop3/
Making movies in /projects/dsnlab/tds/fMRI/subjects_tds2/104/stop4/
Making movies in /projects/dsnlab/tds/fMRI/subjects_tds2/104/stop5/
Making movies in /projects/dsnlab/tds/fMRI/subjects_tds2/104/stop6/
Making movies in /projects/dsnlab/tds/fMRI/subjects_tds2/104/stop7/
Making movies in /projects/dsnlab/tds/fMRI/subjects_tds2/104/stop8/
Making movies in /projects/dsnlab/tds/fMRI/subjects_tds2/104/vid1/
Making movies in /projects/dsnlab/tds/fMRI/subjects_tds2/104/vid2/
Making movies in /projects/dsnlab/tds/fMRI/subjects_tds2/105/cyb1/
Making movies in /projects/dsnlab/tds/fMRI/subjects_tds2/105/cyb2/
Making movies in /projects/dsnlab/tds/fMRI/subjects_tds2/105/stop3/
Making movies in /projects/dsnlab/tds/fMRI/subjects_tds2/105/stop4/
Making movies in /projects/dsnlab/tds/fMRI/subjects_tds2/105/stop5/
Making movies in /projects/dsnlab/tds/fMRI/subjects_tds2/105/stop6/
Making movies in /projects/dsnlab/tds/fMRI/subjects_tds2/105/stop7/
Making movies in /projects/dsnlab/tds/fMRI/subjects_tds2/105/stop8/
Making movies in /projects/dsnlab/tds/fMRI/subjects_tds2/105/vid1/
Making movies in /projects/dsnlab/tds/fMRI/subjects_tds2/105/vid2/
Making movies in /projects/dsnlab/tds/fMRI/subjects_tds2/106/cyb1/
Making movies in /projects/dsnlab/tds/fMRI/subjects_tds2/106/cyb2/
Making movies in /projects/dsnlab/tds/fMRI/subjects_tds2/106/stop3/
Making movies in /projects/dsnlab/tds/fMRI/subjects_tds2/106/stop4/
Making movies in /projects/dsnlab/tds/fMRI/subjects_tds2/106/stop5/
Making movies in /projects/dsnlab/tds/fMRI/subjects_tds2/106/stop6/
Making movies in /projects/dsnlab/tds/fMRI/subjects_tds2/106/stop7/
Making movies in /projects/dsnlab/tds/fMRI/subjects_tds2/106/stop8/
Making movies in /projects/dsnlab/tds/fMRI/subjects_tds2/106/vid1/
Making movies in /projects/dsnlab/tds/fMRI/subjects_tds2/106/vid2/
Making movies in /projects/dsnlab/tds/fMRI/subjects_tds2/108/cyb1/
Cannot open volume ru* for reading!
Making movies in /projects/dsnlab/tds/fMRI/subjects_tds2/108/cyb2/
Making movies in /projects/dsnlab/tds/fMRI/subjects_tds2/108/stop3/
Making movies in /projects/dsnlab/tds/fMRI/subjects_tds2/108/stop4/
Making movies in /projects/dsnlab/tds/fMRI/subjects_tds2/108/stop5/
Making movies in /projects/dsnlab/tds/fMRI/subjects_tds2/108/stop6/
Making movies in /projects/dsnlab/tds/fMRI/subjects_tds2/108/stop7/
Making movies in /projects/dsnlab/tds/fMRI/subjects_tds2/108/stop8/
Making movies in /projects/dsnlab/tds/fMRI/subjects_tds2/108/vid1/
Making movies in /projects/dsnlab/tds/fMRI/subjects_tds2/108/vid2/
Making movies in /projects/dsnlab/tds/fMRI/subjects_tds2/109/cyb1/
Making movies in /projects/dsnlab/tds/fMRI/subjects_tds2/109/cyb2/
Making movies in /projects/dsnlab/tds/fMRI/subjects_tds2/109/stop3/
Making movies in /projects/dsnlab/tds/fMRI/subjects_tds2/109/stop4/
Making movies in /projects/dsnlab/tds/fMRI/subjects_tds2/109/stop5/
Making movies in /projects/dsnlab/tds/fMRI/subjects_tds2/109/stop6/
Making movies in /projects/dsnlab/tds/fMRI/subjects_tds2/109/stop7/
Making movies in /projects/dsnlab/tds/fMRI/subjects_tds2/109/stop8/
Making movies in /projects/dsnlab/tds/fMRI/subjects_tds2/109/vid1/
Making movies in /projects/dsnlab/tds/fMRI/subjects_tds2/109/vid2/
Making movies in /projects/dsnlab/tds/fMRI/subjects_tds2/110/cyb1/
Making movies in /projects/dsnlab/tds/fMRI/subjects_tds2/110/cyb2/
Making movies in /projects/dsnlab/tds/fMRI/subjects_tds2/110/stop3/
Making movies in /projects/dsnlab/tds/fMRI/subjects_tds2/110/stop4/
Making movies in /projects/dsnlab/tds/fMRI/subjects_tds2/110/stop5/
Making movies in /projects/dsnlab/tds/fMRI/subjects_tds2/110/stop6/
Making movies in /projects/dsnlab/tds/fMRI/subjects_tds2/110/stop7/
Making movies in /projects/dsnlab/tds/fMRI/subjects_tds2/110/stop8/
Making movies in /projects/dsnlab/tds/fMRI/subjects_tds2/110/vid1/
Making movies in /projects/dsnlab/tds/fMRI/subjects_tds2/110/vid2/
Making movies in /projects/dsnlab/tds/fMRI/subjects_tds2/111/cyb1/
Making movies in /projects/dsnlab/tds/fMRI/subjects_tds2/111/cyb2/
Making movies in /projects/dsnlab/tds/fMRI/subjects_tds2/111/stop3/
Making movies in /projects/dsnlab/tds/fMRI/subjects_tds2/111/stop4/
Making movies in /projects/dsnlab/tds/fMRI/subjects_tds2/111/stop5/
Making movies in /projects/dsnlab/tds/fMRI/subjects_tds2/111/stop6/
Making movies in /projects/dsnlab/tds/fMRI/subjects_tds2/111/stop7/
Making movies in /projects/dsnlab/tds/fMRI/subjects_tds2/111/stop8/
Making movies in /projects/dsnlab/tds/fMRI/subjects_tds2/111/vid1/
Making movies in /projects/dsnlab/tds/fMRI/subjects_tds2/111/vid2/
Making movies in /projects/dsnlab/tds/fMRI/subjects_tds2/113/cyb1/
Making movies in /projects/dsnlab/tds/fMRI/subjects_tds2/113/cyb2/
Making movies in /projects/dsnlab/tds/fMRI/subjects_tds2/113/stop3/
Making movies in /projects/dsnlab/tds/fMRI/subjects_tds2/113/stop4/
Making movies in /projects/dsnlab/tds/fMRI/subjects_tds2/113/stop5/
Making movies in /projects/dsnlab/tds/fMRI/subjects_tds2/113/stop6/
Making movies in /projects/dsnlab/tds/fMRI/subjects_tds2/113/stop7/
Making movies in /projects/dsnlab/tds/fMRI/subjects_tds2/113/stop8/
Making movies in /projects/dsnlab/tds/fMRI/subjects_tds2/113/vid1/
Making movies in /projects/dsnlab/tds/fMRI/subjects_tds2/113/vid2/
Making movies in /projects/dsnlab/tds/fMRI/subjects_tds2/114/cyb1/
Making movies in /projects/dsnlab/tds/fMRI/subjects_tds2/114/cyb2/
Making movies in /projects/dsnlab/tds/fMRI/subjects_tds2/114/stop3/
Making movies in /projects/dsnlab/tds/fMRI/subjects_tds2/114/stop4/
Making movies in /projects/dsnlab/tds/fMRI/subjects_tds2/114/stop5/
Making movies in /projects/dsnlab/tds/fMRI/subjects_tds2/114/stop6/
Making movies in /projects/dsnlab/tds/fMRI/subjects_tds2/114/stop7/
Making movies in /projects/dsnlab/tds/fMRI/subjects_tds2/114/stop8/
Making movies in /projects/dsnlab/tds/fMRI/subjects_tds2/114/vid1/
Making movies in /projects/dsnlab/tds/fMRI/subjects_tds2/114/vid2/
Making movies in /projects/dsnlab/tds/fMRI/subjects_tds2/115/cyb1/
Making movies in /projects/dsnlab/tds/fMRI/subjects_tds2/115/cyb2/
Making movies in /projects/dsnlab/tds/fMRI/subjects_tds2/115/stop3/
Making movies in /projects/dsnlab/tds/fMRI/subjects_tds2/115/stop4/
Making movies in /projects/dsnlab/tds/fMRI/subjects_tds2/115/stop5/
Making movies in /projects/dsnlab/tds/fMRI/subjects_tds2/115/stop6/
Making movies in /projects/dsnlab/tds/fMRI/subjects_tds2/115/stop7/
Making movies in /projects/dsnlab/tds/fMRI/subjects_tds2/115/stop8/
Making movies in /projects/dsnlab/tds/fMRI/subjects_tds2/115/vid1/
Making movies in /projects/dsnlab/tds/fMRI/subjects_tds2/115/vid2/
Making movies in /projects/dsnlab/tds/fMRI/subjects_tds2/116/cyb1/
Making movies in /projects/dsnlab/tds/fMRI/subjects_tds2/116/cyb2/
Making movies in /projects/dsnlab/tds/fMRI/subjects_tds2/116/stop3/
Making movies in /projects/dsnlab/tds/fMRI/subjects_tds2/116/stop4/
Making movies in /projects/dsnlab/tds/fMRI/subjects_tds2/116/stop5/
Making movies in /projects/dsnlab/tds/fMRI/subjects_tds2/116/stop6/
Making movies in /projects/dsnlab/tds/fMRI/subjects_tds2/116/stop7/
Making movies in /projects/dsnlab/tds/fMRI/subjects_tds2/116/stop8/
Making movies in /projects/dsnlab/tds/fMRI/subjects_tds2/116/vid1/
Making movies in /projects/dsnlab/tds/fMRI/subjects_tds2/116/vid2/
Making movies in /projects/dsnlab/tds/fMRI/subjects_tds2/117/cyb1/
Making movies in /projects/dsnlab/tds/fMRI/subjects_tds2/117/cyb2/
Making movies in /projects/dsnlab/tds/fMRI/subjects_tds2/117/stop3/
Making movies in /projects/dsnlab/tds/fMRI/subjects_tds2/117/stop4/
Making movies in /projects/dsnlab/tds/fMRI/subjects_tds2/117/stop5/
Making movies in /projects/dsnlab/tds/fMRI/subjects_tds2/117/stop6/
Making movies in /projects/dsnlab/tds/fMRI/subjects_tds2/117/stop7/
Making movies in /projects/dsnlab/tds/fMRI/subjects_tds2/117/stop8/
Making movies in /projects/dsnlab/tds/fMRI/subjects_tds2/117/vid1/
Making movies in /projects/dsnlab/tds/fMRI/subjects_tds2/117/vid2/
Making movies in /projects/dsnlab/tds/fMRI/subjects_tds2/119/cyb1/
Making movies in /projects/dsnlab/tds/fMRI/subjects_tds2/119/cyb2/
Making movies in /projects/dsnlab/tds/fMRI/subjects_tds2/119/stop3/
Making movies in /projects/dsnlab/tds/fMRI/subjects_tds2/119/stop4/
Making movies in /projects/dsnlab/tds/fMRI/subjects_tds2/119/stop5/
Making movies in /projects/dsnlab/tds/fMRI/subjects_tds2/119/stop6/
Making movies in /projects/dsnlab/tds/fMRI/subjects_tds2/119/stop7/
Making movies in /projects/dsnlab/tds/fMRI/subjects_tds2/119/stop8/
Making movies in /projects/dsnlab/tds/fMRI/subjects_tds2/119/vid1/
Making movies in /projects/dsnlab/tds/fMRI/subjects_tds2/119/vid2/
Making movies in /projects/dsnlab/tds/fMRI/subjects_tds2/120/cyb1/
Making movies in /projects/dsnlab/tds/fMRI/subjects_tds2/120/cyb2/
Making movies in /projects/dsnlab/tds/fMRI/subjects_tds2/120/stop3/
Making movies in /projects/dsnlab/tds/fMRI/subjects_tds2/120/stop4/
Making movies in /projects/dsnlab/tds/fMRI/subjects_tds2/120/stop5/
Making movies in /projects/dsnlab/tds/fMRI/subjects_tds2/120/stop6/
Making movies in /projects/dsnlab/tds/fMRI/subjects_tds2/120/stop7/
Making movies in /projects/dsnlab/tds/fMRI/subjects_tds2/120/stop8/
Making movies in /projects/dsnlab/tds/fMRI/subjects_tds2/120/vid1/
Making movies in /projects/dsnlab/tds/fMRI/subjects_tds2/120/vid2/
Making movies in /projects/dsnlab/tds/fMRI/subjects_tds2/121/cyb1/
Making movies in /projects/dsnlab/tds/fMRI/subjects_tds2/121/cyb2/
Making movies in /projects/dsnlab/tds/fMRI/subjects_tds2/121/stop3/
Making movies in /projects/dsnlab/tds/fMRI/subjects_tds2/121/stop4/
Making movies in /projects/dsnlab/tds/fMRI/subjects_tds2/121/stop5/
Making movies in /projects/dsnlab/tds/fMRI/subjects_tds2/121/stop6/
Making movies in /projects/dsnlab/tds/fMRI/subjects_tds2/121/stop7/
Making movies in /projects/dsnlab/tds/fMRI/subjects_tds2/121/stop8/
Making movies in /projects/dsnlab/tds/fMRI/subjects_tds2/121/vid1/
Making movies in /projects/dsnlab/tds/fMRI/subjects_tds2/121/vid2/
Making movies in /projects/dsnlab/tds/fMRI/subjects_tds2/122/cyb1/
Making movies in /projects/dsnlab/tds/fMRI/subjects_tds2/122/cyb2/
Making movies in /projects/dsnlab/tds/fMRI/subjects_tds2/122/stop3/
Making movies in /projects/dsnlab/tds/fMRI/subjects_tds2/122/stop4/
Making movies in /projects/dsnlab/tds/fMRI/subjects_tds2/122/stop5/
Making movies in /projects/dsnlab/tds/fMRI/subjects_tds2/122/stop6/
Making movies in /projects/dsnlab/tds/fMRI/subjects_tds2/122/stop7/
Making movies in /projects/dsnlab/tds/fMRI/subjects_tds2/122/stop8/
Making movies in /projects/dsnlab/tds/fMRI/subjects_tds2/122/vid1/
Making movies in /projects/dsnlab/tds/fMRI/subjects_tds2/122/vid2/
Making movies in /projects/dsnlab/tds/fMRI/subjects_tds2/124/cyb1/
Making movies in /projects/dsnlab/tds/fMRI/subjects_tds2/124/cyb2/
Making movies in /projects/dsnlab/tds/fMRI/subjects_tds2/124/stop3/
Making movies in /projects/dsnlab/tds/fMRI/subjects_tds2/124/stop4/
Making movies in /projects/dsnlab/tds/fMRI/subjects_tds2/124/stop5/
Making movies in /projects/dsnlab/tds/fMRI/subjects_tds2/124/stop6/
Making movies in /projects/dsnlab/tds/fMRI/subjects_tds2/124/stop7/
Making movies in /projects/dsnlab/tds/fMRI/subjects_tds2/124/stop8/
Making movies in /projects/dsnlab/tds/fMRI/subjects_tds2/124/vid1/
Making movies in /projects/dsnlab/tds/fMRI/subjects_tds2/124/vid2/
Making movies in /projects/dsnlab/tds/fMRI/subjects_tds2/125/cyb1/
Making movies in /projects/dsnlab/tds/fMRI/subjects_tds2/125/cyb2/
Making movies in /projects/dsnlab/tds/fMRI/subjects_tds2/125/stop3/
Making movies in /projects/dsnlab/tds/fMRI/subjects_tds2/125/stop4/
Making movies in /projects/dsnlab/tds/fMRI/subjects_tds2/125/stop5/
Making movies in /projects/dsnlab/tds/fMRI/subjects_tds2/125/stop6/
Making movies in /projects/dsnlab/tds/fMRI/subjects_tds2/125/stop7/
Making movies in /projects/dsnlab/tds/fMRI/subjects_tds2/125/stop8/
Making movies in /projects/dsnlab/tds/fMRI/subjects_tds2/125/vid1/
Making movies in /projects/dsnlab/tds/fMRI/subjects_tds2/125/vid2/
Making movies in /projects/dsnlab/tds/fMRI/subjects_tds2/126/cyb1/
Making movies in /projects/dsnlab/tds/fMRI/subjects_tds2/126/cyb2/
Making movies in /projects/dsnlab/tds/fMRI/subjects_tds2/126/stop3/
Making movies in /projects/dsnlab/tds/fMRI/subjects_tds2/126/stop4/
Making movies in /projects/dsnlab/tds/fMRI/subjects_tds2/126/stop5/
Making movies in /projects/dsnlab/tds/fMRI/subjects_tds2/126/stop6/
Making movies in /projects/dsnlab/tds/fMRI/subjects_tds2/126/stop7/
Making movies in /projects/dsnlab/tds/fMRI/subjects_tds2/126/stop8/
Making movies in /projects/dsnlab/tds/fMRI/subjects_tds2/126/vid1/
Making movies in /projects/dsnlab/tds/fMRI/subjects_tds2/126/vid2/
Making movies in /projects/dsnlab/tds/fMRI/subjects_tds2/127/cyb1/
Making movies in /projects/dsnlab/tds/fMRI/subjects_tds2/127/cyb2/
Making movies in /projects/dsnlab/tds/fMRI/subjects_tds2/127/stop3/
Making movies in /projects/dsnlab/tds/fMRI/subjects_tds2/127/stop4/
Making movies in /projects/dsnlab/tds/fMRI/subjects_tds2/127/stop5/
Making movies in /projects/dsnlab/tds/fMRI/subjects_tds2/127/stop6/
Making movies in /projects/dsnlab/tds/fMRI/subjects_tds2/127/stop7/
Making movies in /projects/dsnlab/tds/fMRI/subjects_tds2/127/stop8/
Making movies in /projects/dsnlab/tds/fMRI/subjects_tds2/127/vid1/
Making movies in /projects/dsnlab/tds/fMRI/subjects_tds2/127/vid2/
Making movies in /projects/dsnlab/tds/fMRI/subjects_tds2/128/cyb1/
Making movies in /projects/dsnlab/tds/fMRI/subjects_tds2/128/cyb2/
Making movies in /projects/dsnlab/tds/fMRI/subjects_tds2/128/stop3/
Making movies in /projects/dsnlab/tds/fMRI/subjects_tds2/128/stop4/
Making movies in /projects/dsnlab/tds/fMRI/subjects_tds2/128/stop5/
Making movies in /projects/dsnlab/tds/fMRI/subjects_tds2/128/stop6/
Making movies in /projects/dsnlab/tds/fMRI/subjects_tds2/128/stop7/
Making movies in /projects/dsnlab/tds/fMRI/subjects_tds2/128/stop8/
Making movies in /projects/dsnlab/tds/fMRI/subjects_tds2/128/vid1/
Making movies in /projects/dsnlab/tds/fMRI/subjects_tds2/128/vid2/
Making movies in /projects/dsnlab/tds/fMRI/subjects_tds2/129/cyb1/
Making movies in /projects/dsnlab/tds/fMRI/subjects_tds2/129/cyb2/
Making movies in /projects/dsnlab/tds/fMRI/subjects_tds2/129/stop3/
Making movies in /projects/dsnlab/tds/fMRI/subjects_tds2/129/stop4/
Making movies in /projects/dsnlab/tds/fMRI/subjects_tds2/129/stop5/
Making movies in /projects/dsnlab/tds/fMRI/subjects_tds2/129/stop6/
Making movies in /projects/dsnlab/tds/fMRI/subjects_tds2/129/stop7/
Making movies in /projects/dsnlab/tds/fMRI/subjects_tds2/129/stop8/
Making movies in /projects/dsnlab/tds/fMRI/subjects_tds2/129/vid1/
Making movies in /projects/dsnlab/tds/fMRI/subjects_tds2/129/vid2/
Making movies in /projects/dsnlab/tds/fMRI/subjects_tds2/130/cyb1/
Making movies in /projects/dsnlab/tds/fMRI/subjects_tds2/130/cyb2/
Making movies in /projects/dsnlab/tds/fMRI/subjects_tds2/130/stop3/
Making movies in /projects/dsnlab/tds/fMRI/subjects_tds2/130/stop4/
Making movies in /projects/dsnlab/tds/fMRI/subjects_tds2/130/stop5/
Making movies in /projects/dsnlab/tds/fMRI/subjects_tds2/130/stop6/
Making movies in /projects/dsnlab/tds/fMRI/subjects_tds2/130/stop7/
Making movies in /projects/dsnlab/tds/fMRI/subjects_tds2/130/stop8/
Making movies in /projects/dsnlab/tds/fMRI/subjects_tds2/130/vid1/
Making movies in /projects/dsnlab/tds/fMRI/subjects_tds2/130/vid2/
Making movies in /projects/dsnlab/tds/fMRI/subjects_tds2/131/cyb1/
Making movies in /projects/dsnlab/tds/fMRI/subjects_tds2/131/cyb2/
Making movies in /projects/dsnlab/tds/fMRI/subjects_tds2/131/stop3/
Making movies in /projects/dsnlab/tds/fMRI/subjects_tds2/131/stop4/
Making movies in /projects/dsnlab/tds/fMRI/subjects_tds2/131/stop5/
Making movies in /projects/dsnlab/tds/fMRI/subjects_tds2/131/stop6/
Making movies in /projects/dsnlab/tds/fMRI/subjects_tds2/131/stop7/
Making movies in /projects/dsnlab/tds/fMRI/subjects_tds2/131/stop8/
Making movies in /projects/dsnlab/tds/fMRI/subjects_tds2/131/vid1/
Making movies in /projects/dsnlab/tds/fMRI/subjects_tds2/131/vid2/
Making movies in /projects/dsnlab/tds/fMRI/subjects_tds2/132/cyb1/
Making movies in /projects/dsnlab/tds/fMRI/subjects_tds2/132/cyb2/
Making movies in /projects/dsnlab/tds/fMRI/subjects_tds2/132/stop3/
Making movies in /projects/dsnlab/tds/fMRI/subjects_tds2/132/stop4/
Making movies in /projects/dsnlab/tds/fMRI/subjects_tds2/132/stop5/
Making movies in /projects/dsnlab/tds/fMRI/subjects_tds2/132/stop6/
Making movies in /projects/dsnlab/tds/fMRI/subjects_tds2/132/stop7/
Making movies in /projects/dsnlab/tds/fMRI/subjects_tds2/132/stop8/
Making movies in /projects/dsnlab/tds/fMRI/subjects_tds2/132/vid1/
Making movies in /projects/dsnlab/tds/fMRI/subjects_tds2/132/vid2/
Making movies in /projects/dsnlab/tds/fMRI/subjects_tds2/133/cyb1/
Making movies in /projects/dsnlab/tds/fMRI/subjects_tds2/133/cyb2/
Making movies in /projects/dsnlab/tds/fMRI/subjects_tds2/133/stop3/
Making movies in /projects/dsnlab/tds/fMRI/subjects_tds2/133/stop4/
Making movies in /projects/dsnlab/tds/fMRI/subjects_tds2/133/stop5/
Making movies in /projects/dsnlab/tds/fMRI/subjects_tds2/133/stop6/
Making movies in /projects/dsnlab/tds/fMRI/subjects_tds2/133/stop7/
Making movies in /projects/dsnlab/tds/fMRI/subjects_tds2/133/stop8/
Making movies in /projects/dsnlab/tds/fMRI/subjects_tds2/133/vid1/
Making movies in /projects/dsnlab/tds/fMRI/subjects_tds2/133/vid2/
Making movies in /projects/dsnlab/tds/fMRI/subjects_tds2/134/cyb1/
Making movies in /projects/dsnlab/tds/fMRI/subjects_tds2/134/cyb2/
Making movies in /projects/dsnlab/tds/fMRI/subjects_tds2/134/stop3/
Making movies in /projects/dsnlab/tds/fMRI/subjects_tds2/134/stop4/
Making movies in /projects/dsnlab/tds/fMRI/subjects_tds2/134/stop5/
Making movies in /projects/dsnlab/tds/fMRI/subjects_tds2/134/stop6/
Making movies in /projects/dsnlab/tds/fMRI/subjects_tds2/134/stop7/
Making movies in /projects/dsnlab/tds/fMRI/subjects_tds2/134/stop8/
Making movies in /projects/dsnlab/tds/fMRI/subjects_tds2/134/vid1/
Making movies in /projects/dsnlab/tds/fMRI/subjects_tds2/134/vid2/
Making movies in /projects/dsnlab/tds/fMRI/subjects_tds2/135/cyb1/
Making movies in /projects/dsnlab/tds/fMRI/subjects_tds2/135/cyb2/
Making movies in /projects/dsnlab/tds/fMRI/subjects_tds2/135/stop3/
Making movies in /projects/dsnlab/tds/fMRI/subjects_tds2/135/stop4/
Making movies in /projects/dsnlab/tds/fMRI/subjects_tds2/135/stop5/
Making movies in /projects/dsnlab/tds/fMRI/subjects_tds2/135/stop6/
Making movies in /projects/dsnlab/tds/fMRI/subjects_tds2/135/stop7/
Making movies in /projects/dsnlab/tds/fMRI/subjects_tds2/135/stop8/
Making movies in /projects/dsnlab/tds/fMRI/subjects_tds2/135/vid1/
Making movies in /projects/dsnlab/tds/fMRI/subjects_tds2/135/vid2/
Making movies in /projects/dsnlab/tds/fMRI/subjects_tds2/136/cyb1/
Making movies in /projects/dsnlab/tds/fMRI/subjects_tds2/136/cyb2/
Making movies in /projects/dsnlab/tds/fMRI/subjects_tds2/136/stop3/
Making movies in /projects/dsnlab/tds/fMRI/subjects_tds2/136/stop4/
Making movies in /projects/dsnlab/tds/fMRI/subjects_tds2/136/stop5/
Making movies in /projects/dsnlab/tds/fMRI/subjects_tds2/136/stop6/
Making movies in /projects/dsnlab/tds/fMRI/subjects_tds2/136/stop7/
Making movies in /projects/dsnlab/tds/fMRI/subjects_tds2/136/stop8/
Making movies in /projects/dsnlab/tds/fMRI/subjects_tds2/136/vid1/
Making movies in /projects/dsnlab/tds/fMRI/subjects_tds2/136/vid2/
Making movies in /projects/dsnlab/tds/fMRI/subjects_tds2/137/cyb1/
Making movies in /projects/dsnlab/tds/fMRI/subjects_tds2/137/cyb2/
Making movies in /projects/dsnlab/tds/fMRI/subjects_tds2/137/stop3/
Making movies in /projects/dsnlab/tds/fMRI/subjects_tds2/137/stop4/
Making movies in /projects/dsnlab/tds/fMRI/subjects_tds2/137/stop5/
Making movies in /projects/dsnlab/tds/fMRI/subjects_tds2/137/stop6/
Making movies in /projects/dsnlab/tds/fMRI/subjects_tds2/137/stop7/
Making movies in /projects/dsnlab/tds/fMRI/subjects_tds2/137/stop8/
Making movies in /projects/dsnlab/tds/fMRI/subjects_tds2/137/vid1/
Making movies in /projects/dsnlab/tds/fMRI/subjects_tds2/137/vid2/
Making movies in /projects/dsnlab/tds/fMRI/subjects_tds2/139/cyb1/
Making movies in /projects/dsnlab/tds/fMRI/subjects_tds2/139/cyb2/
Making movies in /projects/dsnlab/tds/fMRI/subjects_tds2/139/stop3/
Making movies in /projects/dsnlab/tds/fMRI/subjects_tds2/139/stop4/
Making movies in /projects/dsnlab/tds/fMRI/subjects_tds2/139/stop5/
Making movies in /projects/dsnlab/tds/fMRI/subjects_tds2/139/stop6/
Making movies in /projects/dsnlab/tds/fMRI/subjects_tds2/139/stop7/
Making movies in /projects/dsnlab/tds/fMRI/subjects_tds2/139/stop8/
Making movies in /projects/dsnlab/tds/fMRI/subjects_tds2/139/vid1/
Making movies in /projects/dsnlab/tds/fMRI/subjects_tds2/139/vid2/
Making movies in /projects/dsnlab/tds/fMRI/subjects_tds2/140/cyb1/
Making movies in /projects/dsnlab/tds/fMRI/subjects_tds2/140/cyb2/
Making movies in /projects/dsnlab/tds/fMRI/subjects_tds2/140/stop3/
Making movies in /projects/dsnlab/tds/fMRI/subjects_tds2/140/stop4/
Making movies in /projects/dsnlab/tds/fMRI/subjects_tds2/140/stop5/
Making movies in /projects/dsnlab/tds/fMRI/subjects_tds2/140/stop6/
Making movies in /projects/dsnlab/tds/fMRI/subjects_tds2/140/stop7/
Making movies in /projects/dsnlab/tds/fMRI/subjects_tds2/140/stop8/
Making movies in /projects/dsnlab/tds/fMRI/subjects_tds2/140/vid1/
Making movies in /projects/dsnlab/tds/fMRI/subjects_tds2/140/vid2/
Making movies in /projects/dsnlab/tds/fMRI/subjects_tds2/141/cyb1/
Making movies in /projects/dsnlab/tds/fMRI/subjects_tds2/141/cyb2/
Making movies in /projects/dsnlab/tds/fMRI/subjects_tds2/141/stop3/
Making movies in /projects/dsnlab/tds/fMRI/subjects_tds2/141/stop4/
Making movies in /projects/dsnlab/tds/fMRI/subjects_tds2/141/stop5/
Making movies in /projects/dsnlab/tds/fMRI/subjects_tds2/141/stop6/
Making movies in /projects/dsnlab/tds/fMRI/subjects_tds2/141/stop7/
Making movies in /projects/dsnlab/tds/fMRI/subjects_tds2/141/stop8/
Making movies in /projects/dsnlab/tds/fMRI/subjects_tds2/141/vid1/
Making movies in /projects/dsnlab/tds/fMRI/subjects_tds2/141/vid2/
Making movies in /projects/dsnlab/tds/fMRI/subjects_tds2/142/cyb1/
Making movies in /projects/dsnlab/tds/fMRI/subjects_tds2/142/cyb2/
Making movies in /projects/dsnlab/tds/fMRI/subjects_tds2/142/stop3/
Making movies in /projects/dsnlab/tds/fMRI/subjects_tds2/142/stop4/
Making movies in /projects/dsnlab/tds/fMRI/subjects_tds2/142/stop5/
Making movies in /projects/dsnlab/tds/fMRI/subjects_tds2/142/stop6/
Making movies in /projects/dsnlab/tds/fMRI/subjects_tds2/142/stop7/
Making movies in /projects/dsnlab/tds/fMRI/subjects_tds2/142/stop8/
Making movies in /projects/dsnlab/tds/fMRI/subjects_tds2/142/vid1/
Making movies in /projects/dsnlab/tds/fMRI/subjects_tds2/142/vid2/
Making movies in /projects/dsnlab/tds/fMRI/subjects_tds2/144/cyb1/
Making movies in /projects/dsnlab/tds/fMRI/subjects_tds2/144/cyb2/
Making movies in /projects/dsnlab/tds/fMRI/subjects_tds2/144/stop3/
Making movies in /projects/dsnlab/tds/fMRI/subjects_tds2/144/stop4/
Making movies in /projects/dsnlab/tds/fMRI/subjects_tds2/144/stop5/
Making movies in /projects/dsnlab/tds/fMRI/subjects_tds2/144/stop6/
Making movies in /projects/dsnlab/tds/fMRI/subjects_tds2/144/stop7/
Making movies in /projects/dsnlab/tds/fMRI/subjects_tds2/144/stop8/
Making movies in /projects/dsnlab/tds/fMRI/subjects_tds2/144/vid1/
Making movies in /projects/dsnlab/tds/fMRI/subjects_tds2/144/vid2/
Making movies in /projects/dsnlab/tds/fMRI/subjects_tds2/145/cyb1/
Making movies in /projects/dsnlab/tds/fMRI/subjects_tds2/145/cyb2/
Making movies in /projects/dsnlab/tds/fMRI/subjects_tds2/145/stop3/
Making movies in /projects/dsnlab/tds/fMRI/subjects_tds2/145/stop4/
Making movies in /projects/dsnlab/tds/fMRI/subjects_tds2/145/stop5/
Making movies in /projects/dsnlab/tds/fMRI/subjects_tds2/145/stop6/
Making movies in /projects/dsnlab/tds/fMRI/subjects_tds2/145/stop7/
Making movies in /projects/dsnlab/tds/fMRI/subjects_tds2/145/stop8/
Making movies in /projects/dsnlab/tds/fMRI/subjects_tds2/145/vid1/
Making movies in /projects/dsnlab/tds/fMRI/subjects_tds2/145/vid2/
Making movies in /projects/dsnlab/tds/fMRI/subjects_tds2/146/cyb1/
Making movies in /projects/dsnlab/tds/fMRI/subjects_tds2/146/cyb2/
Making movies in /projects/dsnlab/tds/fMRI/subjects_tds2/146/stop3/
Making movies in /projects/dsnlab/tds/fMRI/subjects_tds2/146/stop4/
Making movies in /projects/dsnlab/tds/fMRI/subjects_tds2/146/stop5/
Making movies in /projects/dsnlab/tds/fMRI/subjects_tds2/146/stop6/
Making movies in /projects/dsnlab/tds/fMRI/subjects_tds2/146/stop7/
Making movies in /projects/dsnlab/tds/fMRI/subjects_tds2/146/stop8/
Making movies in /projects/dsnlab/tds/fMRI/subjects_tds2/146/vid1/
Making movies in /projects/dsnlab/tds/fMRI/subjects_tds2/146/vid2/
Making movies in /projects/dsnlab/tds/fMRI/subjects_tds2/150/cyb1/
Making movies in /projects/dsnlab/tds/fMRI/subjects_tds2/150/cyb2/
Making movies in /projects/dsnlab/tds/fMRI/subjects_tds2/150/stop3/
Making movies in /projects/dsnlab/tds/fMRI/subjects_tds2/150/stop4/
Making movies in /projects/dsnlab/tds/fMRI/subjects_tds2/150/stop5/
Making movies in /projects/dsnlab/tds/fMRI/subjects_tds2/150/stop6/
Making movies in /projects/dsnlab/tds/fMRI/subjects_tds2/150/stop7/
Making movies in /projects/dsnlab/tds/fMRI/subjects_tds2/150/stop8/
Making movies in /projects/dsnlab/tds/fMRI/subjects_tds2/150/vid1/
Making movies in /projects/dsnlab/tds/fMRI/subjects_tds2/150/vid2/
Making movies in /projects/dsnlab/tds/fMRI/subjects_tds2/151/cyb1/
Making movies in /projects/dsnlab/tds/fMRI/subjects_tds2/151/cyb2/
Making movies in /projects/dsnlab/tds/fMRI/subjects_tds2/151/stop3/
Making movies in /projects/dsnlab/tds/fMRI/subjects_tds2/151/stop4/
Making movies in /projects/dsnlab/tds/fMRI/subjects_tds2/151/stop5/
Making movies in /projects/dsnlab/tds/fMRI/subjects_tds2/151/stop6/
Making movies in /projects/dsnlab/tds/fMRI/subjects_tds2/151/stop7/
Making movies in /projects/dsnlab/tds/fMRI/subjects_tds2/151/stop8/
Making movies in /projects/dsnlab/tds/fMRI/subjects_tds2/151/vid1/
Making movies in /projects/dsnlab/tds/fMRI/subjects_tds2/151/vid2/
Making movies in /projects/dsnlab/tds/fMRI/subjects_tds2/152/cyb1/
Making movies in /projects/dsnlab/tds/fMRI/subjects_tds2/152/cyb2/
Making movies in /projects/dsnlab/tds/fMRI/subjects_tds2/152/stop3/
Making movies in /projects/dsnlab/tds/fMRI/subjects_tds2/152/stop4/
Making movies in /projects/dsnlab/tds/fMRI/subjects_tds2/152/stop5/
Making movies in /projects/dsnlab/tds/fMRI/subjects_tds2/152/stop6/
Making movies in /projects/dsnlab/tds/fMRI/subjects_tds2/152/stop7/
Making movies in /projects/dsnlab/tds/fMRI/subjects_tds2/152/stop8/
Making movies in /projects/dsnlab/tds/fMRI/subjects_tds2/152/vid1/
Making movies in /projects/dsnlab/tds/fMRI/subjects_tds2/152/vid2/
Making movies in /projects/dsnlab/tds/fMRI/subjects_tds2/155/cyb1/
Making movies in /projects/dsnlab/tds/fMRI/subjects_tds2/155/cyb2/
Making movies in /projects/dsnlab/tds/fMRI/subjects_tds2/155/stop3/
Making movies in /projects/dsnlab/tds/fMRI/subjects_tds2/155/stop4/
Making movies in /projects/dsnlab/tds/fMRI/subjects_tds2/155/stop5/
Making movies in /projects/dsnlab/tds/fMRI/subjects_tds2/155/stop6/
Making movies in /projects/dsnlab/tds/fMRI/subjects_tds2/155/stop7/
Making movies in /projects/dsnlab/tds/fMRI/subjects_tds2/155/stop8/
Making movies in /projects/dsnlab/tds/fMRI/subjects_tds2/155/vid1/
Making movies in /projects/dsnlab/tds/fMRI/subjects_tds2/155/vid2/
Making movies in /projects/dsnlab/tds/fMRI/subjects_tds2/156/cyb1/
Making movies in /projects/dsnlab/tds/fMRI/subjects_tds2/156/cyb2/
Making movies in /projects/dsnlab/tds/fMRI/subjects_tds2/156/stop3/
Making movies in /projects/dsnlab/tds/fMRI/subjects_tds2/156/stop4/
Making movies in /projects/dsnlab/tds/fMRI/subjects_tds2/156/stop5/
Making movies in /projects/dsnlab/tds/fMRI/subjects_tds2/156/stop6/
Making movies in /projects/dsnlab/tds/fMRI/subjects_tds2/156/stop7/
Making movies in /projects/dsnlab/tds/fMRI/subjects_tds2/156/stop8/
Making movies in /projects/dsnlab/tds/fMRI/subjects_tds2/156/vid1/
Making movies in /projects/dsnlab/tds/fMRI/subjects_tds2/156/vid2/
Making movies in /projects/dsnlab/tds/fMRI/subjects_tds2/157/cyb1/
Making movies in /projects/dsnlab/tds/fMRI/subjects_tds2/157/cyb2/
Making movies in /projects/dsnlab/tds/fMRI/subjects_tds2/157/stop3/
Making movies in /projects/dsnlab/tds/fMRI/subjects_tds2/157/stop4/
Making movies in /projects/dsnlab/tds/fMRI/subjects_tds2/157/stop5/
Making movies in /projects/dsnlab/tds/fMRI/subjects_tds2/157/stop6/
Making movies in /projects/dsnlab/tds/fMRI/subjects_tds2/157/stop7/
Making movies in /projects/dsnlab/tds/fMRI/subjects_tds2/157/stop8/
Making movies in /projects/dsnlab/tds/fMRI/subjects_tds2/157/vid1/
Making movies in /projects/dsnlab/tds/fMRI/subjects_tds2/157/vid2/
Making movies in /projects/dsnlab/tds/fMRI/subjects_tds2/159/cyb1/
Making movies in /projects/dsnlab/tds/fMRI/subjects_tds2/159/cyb2/
Making movies in /projects/dsnlab/tds/fMRI/subjects_tds2/159/stop3/
Making movies in /projects/dsnlab/tds/fMRI/subjects_tds2/159/stop4/
Making movies in /projects/dsnlab/tds/fMRI/subjects_tds2/159/stop5/
Making movies in /projects/dsnlab/tds/fMRI/subjects_tds2/159/stop6/
Making movies in /projects/dsnlab/tds/fMRI/subjects_tds2/159/stop7/
Making movies in /projects/dsnlab/tds/fMRI/subjects_tds2/159/stop8/
Making movies in /projects/dsnlab/tds/fMRI/subjects_tds2/159/vid1/
Making movies in /projects/dsnlab/tds/fMRI/subjects_tds2/159/vid2/
Making movies in /projects/dsnlab/tds/fMRI/subjects_tds2/160/cyb1/
Making movies in /projects/dsnlab/tds/fMRI/subjects_tds2/160/cyb2/
Making movies in /projects/dsnlab/tds/fMRI/subjects_tds2/160/stop3/
Making movies in /projects/dsnlab/tds/fMRI/subjects_tds2/160/stop4/
Making movies in /projects/dsnlab/tds/fMRI/subjects_tds2/160/stop5/
Making movies in /projects/dsnlab/tds/fMRI/subjects_tds2/160/stop6/
Making movies in /projects/dsnlab/tds/fMRI/subjects_tds2/160/stop7/
Making movies in /projects/dsnlab/tds/fMRI/subjects_tds2/160/stop8/
Making movies in /projects/dsnlab/tds/fMRI/subjects_tds2/160/vid1/
Making movies in /projects/dsnlab/tds/fMRI/subjects_tds2/160/vid2/
Making movies in /projects/dsnlab/tds/fMRI/subjects_tds2/161/cyb1/
Making movies in /projects/dsnlab/tds/fMRI/subjects_tds2/161/cyb2/
Making movies in /projects/dsnlab/tds/fMRI/subjects_tds2/161/stop3/
Making movies in /projects/dsnlab/tds/fMRI/subjects_tds2/161/stop4/
Making movies in /projects/dsnlab/tds/fMRI/subjects_tds2/161/stop5/
Making movies in /projects/dsnlab/tds/fMRI/subjects_tds2/161/stop6/
Making movies in /projects/dsnlab/tds/fMRI/subjects_tds2/161/stop7/
Making movies in /projects/dsnlab/tds/fMRI/subjects_tds2/161/stop8/
Making movies in /projects/dsnlab/tds/fMRI/subjects_tds2/161/vid1/
Making movies in /projects/dsnlab/tds/fMRI/subjects_tds2/161/vid2/
Making movies in /projects/dsnlab/tds/fMRI/subjects_tds2/162/cyb1/
Making movies in /projects/dsnlab/tds/fMRI/subjects_tds2/162/cyb2/
Making movies in /projects/dsnlab/tds/fMRI/subjects_tds2/162/stop3/
Making movies in /projects/dsnlab/tds/fMRI/subjects_tds2/162/stop4/
Making movies in /projects/dsnlab/tds/fMRI/subjects_tds2/162/stop5/
Making movies in /projects/dsnlab/tds/fMRI/subjects_tds2/162/stop6/
Making movies in /projects/dsnlab/tds/fMRI/subjects_tds2/162/stop7/
Making movies in /projects/dsnlab/tds/fMRI/subjects_tds2/162/stop8/
Making movies in /projects/dsnlab/tds/fMRI/subjects_tds2/162/vid1/
Making movies in /projects/dsnlab/tds/fMRI/subjects_tds2/162/vid2/
Making movies in /projects/dsnlab/tds/fMRI/subjects_tds2/163/cyb1/
Making movies in /projects/dsnlab/tds/fMRI/subjects_tds2/163/cyb2/
Making movies in /projects/dsnlab/tds/fMRI/subjects_tds2/163/stop3/
Making movies in /projects/dsnlab/tds/fMRI/subjects_tds2/163/stop4/
Making movies in /projects/dsnlab/tds/fMRI/subjects_tds2/163/stop5/
Making movies in /projects/dsnlab/tds/fMRI/subjects_tds2/163/stop6/
Making movies in /projects/dsnlab/tds/fMRI/subjects_tds2/163/stop7/
Making movies in /projects/dsnlab/tds/fMRI/subjects_tds2/163/stop8/
Making movies in /projects/dsnlab/tds/fMRI/subjects_tds2/163/vid1/
Making movies in /projects/dsnlab/tds/fMRI/subjects_tds2/163/vid2/
Making movies in /projects/dsnlab/tds/fMRI/subjects_tds2/164/cyb1/
Making movies in /projects/dsnlab/tds/fMRI/subjects_tds2/164/cyb2/
Making movies in /projects/dsnlab/tds/fMRI/subjects_tds2/164/stop3/
Making movies in /projects/dsnlab/tds/fMRI/subjects_tds2/164/stop4/
Making movies in /projects/dsnlab/tds/fMRI/subjects_tds2/164/stop5/
Making movies in /projects/dsnlab/tds/fMRI/subjects_tds2/164/stop6/
Making movies in /projects/dsnlab/tds/fMRI/subjects_tds2/164/stop7/
Making movies in /projects/dsnlab/tds/fMRI/subjects_tds2/164/stop8/
Making movies in /projects/dsnlab/tds/fMRI/subjects_tds2/164/vid1/
Making movies in /projects/dsnlab/tds/fMRI/subjects_tds2/164/vid2/
Making movies in /projects/dsnlab/tds/fMRI/subjects_tds2/165/cyb1/
Making movies in /projects/dsnlab/tds/fMRI/subjects_tds2/165/cyb2/
Making movies in /projects/dsnlab/tds/fMRI/subjects_tds2/165/stop3/
Making movies in /projects/dsnlab/tds/fMRI/subjects_tds2/165/stop4/
Making movies in /projects/dsnlab/tds/fMRI/subjects_tds2/165/stop5/
Making movies in /projects/dsnlab/tds/fMRI/subjects_tds2/165/stop6/
Making movies in /projects/dsnlab/tds/fMRI/subjects_tds2/165/stop7/
Making movies in /projects/dsnlab/tds/fMRI/subjects_tds2/165/stop8/
Making movies in /projects/dsnlab/tds/fMRI/subjects_tds2/165/vid1/
Making movies in /projects/dsnlab/tds/fMRI/subjects_tds2/165/vid2/
Making movies in /projects/dsnlab/tds/fMRI/subjects_tds2/167/cyb1/
Making movies in /projects/dsnlab/tds/fMRI/subjects_tds2/167/cyb2/
Making movies in /projects/dsnlab/tds/fMRI/subjects_tds2/167/stop3/
Making movies in /projects/dsnlab/tds/fMRI/subjects_tds2/167/stop4/
Making movies in /projects/dsnlab/tds/fMRI/subjects_tds2/167/stop5/
Making movies in /projects/dsnlab/tds/fMRI/subjects_tds2/167/stop6/
Making movies in /projects/dsnlab/tds/fMRI/subjects_tds2/167/stop7/
Making movies in /projects/dsnlab/tds/fMRI/subjects_tds2/167/stop8/
Making movies in /projects/dsnlab/tds/fMRI/subjects_tds2/167/vid1/
Making movies in /projects/dsnlab/tds/fMRI/subjects_tds2/167/vid2/
Making movies in /projects/dsnlab/tds/fMRI/subjects_tds2/168/cyb1/
Making movies in /projects/dsnlab/tds/fMRI/subjects_tds2/168/cyb2/
Making movies in /projects/dsnlab/tds/fMRI/subjects_tds2/168/stop3/
Making movies in /projects/dsnlab/tds/fMRI/subjects_tds2/168/stop4/
Making movies in /projects/dsnlab/tds/fMRI/subjects_tds2/168/stop5/
Making movies in /projects/dsnlab/tds/fMRI/subjects_tds2/168/stop6/
Making movies in /projects/dsnlab/tds/fMRI/subjects_tds2/168/stop7/
Making movies in /projects/dsnlab/tds/fMRI/subjects_tds2/168/stop8/
Making movies in /projects/dsnlab/tds/fMRI/subjects_tds2/168/vid1/
Making movies in /projects/dsnlab/tds/fMRI/subjects_tds2/168/vid2/
Making movies in /projects/dsnlab/tds/fMRI/subjects_tds2/169/cyb1/
Making movies in /projects/dsnlab/tds/fMRI/subjects_tds2/169/cyb2/
Making movies in /projects/dsnlab/tds/fMRI/subjects_tds2/169/stop3/
Making movies in /projects/dsnlab/tds/fMRI/subjects_tds2/169/stop4/
Making movies in /projects/dsnlab/tds/fMRI/subjects_tds2/169/stop5/
Making movies in /projects/dsnlab/tds/fMRI/subjects_tds2/169/stop6/
Making movies in /projects/dsnlab/tds/fMRI/subjects_tds2/169/stop7/
Making movies in /projects/dsnlab/tds/fMRI/subjects_tds2/169/stop8/
Making movies in /projects/dsnlab/tds/fMRI/subjects_tds2/169/vid1/
Making movies in /projects/dsnlab/tds/fMRI/subjects_tds2/169/vid2/
Making movies in /projects/dsnlab/tds/fMRI/subjects_tds2/170/cyb1/
Making movies in /projects/dsnlab/tds/fMRI/subjects_tds2/170/cyb2/
Making movies in /projects/dsnlab/tds/fMRI/subjects_tds2/170/stop3/
Making movies in /projects/dsnlab/tds/fMRI/subjects_tds2/170/stop4/
Making movies in /projects/dsnlab/tds/fMRI/subjects_tds2/170/stop5/
Making movies in /projects/dsnlab/tds/fMRI/subjects_tds2/170/stop6/
Making movies in /projects/dsnlab/tds/fMRI/subjects_tds2/170/stop7/
Making movies in /projects/dsnlab/tds/fMRI/subjects_tds2/170/stop8/
Making movies in /projects/dsnlab/tds/fMRI/subjects_tds2/170/vid1/
Making movies in /projects/dsnlab/tds/fMRI/subjects_tds2/170/vid2/
Making movies in /projects/dsnlab/tds/fMRI/subjects_tds2/171/cyb1/
Making movies in /projects/dsnlab/tds/fMRI/subjects_tds2/171/cyb2/
Making movies in /projects/dsnlab/tds/fMRI/subjects_tds2/171/stop3/
Making movies in /projects/dsnlab/tds/fMRI/subjects_tds2/171/stop4/
Making movies in /projects/dsnlab/tds/fMRI/subjects_tds2/171/stop5/
Making movies in /projects/dsnlab/tds/fMRI/subjects_tds2/171/stop6/
Making movies in /projects/dsnlab/tds/fMRI/subjects_tds2/171/stop7/
Making movies in /projects/dsnlab/tds/fMRI/subjects_tds2/171/stop8/
Making movies in /projects/dsnlab/tds/fMRI/subjects_tds2/171/vid1/
Making movies in /projects/dsnlab/tds/fMRI/subjects_tds2/171/vid2/
Making movies in /projects/dsnlab/tds/fMRI/subjects_tds2/172/cyb1/
Making movies in /projects/dsnlab/tds/fMRI/subjects_tds2/172/cyb2/
Making movies in /projects/dsnlab/tds/fMRI/subjects_tds2/172/stop3/
Making movies in /projects/dsnlab/tds/fMRI/subjects_tds2/172/stop4/
Making movies in /projects/dsnlab/tds/fMRI/subjects_tds2/172/stop5/
Making movies in /projects/dsnlab/tds/fMRI/subjects_tds2/172/stop6/
Making movies in /projects/dsnlab/tds/fMRI/subjects_tds2/172/stop7/
Making movies in /projects/dsnlab/tds/fMRI/subjects_tds2/172/stop8/
Making movies in /projects/dsnlab/tds/fMRI/subjects_tds2/172/vid1/
Making movies in /projects/dsnlab/tds/fMRI/subjects_tds2/172/vid2/
Making movies in /projects/dsnlab/tds/fMRI/subjects_tds2/173/cyb1/
Making movies in /projects/dsnlab/tds/fMRI/subjects_tds2/173/cyb2/
Making movies in /projects/dsnlab/tds/fMRI/subjects_tds2/173/stop3/
Making movies in /projects/dsnlab/tds/fMRI/subjects_tds2/173/stop4/
Making movies in /projects/dsnlab/tds/fMRI/subjects_tds2/173/stop5/
Making movies in /projects/dsnlab/tds/fMRI/subjects_tds2/173/stop6/
Making movies in /projects/dsnlab/tds/fMRI/subjects_tds2/173/stop7/
Making movies in /projects/dsnlab/tds/fMRI/subjects_tds2/173/stop8/
Making movies in /projects/dsnlab/tds/fMRI/subjects_tds2/173/vid1/
Making movies in /projects/dsnlab/tds/fMRI/subjects_tds2/173/vid2/
Making movies in /projects/dsnlab/tds/fMRI/subjects_tds2/174/cyb1/
Making movies in /projects/dsnlab/tds/fMRI/subjects_tds2/174/cyb2/
Making movies in /projects/dsnlab/tds/fMRI/subjects_tds2/174/stop3/
Making movies in /projects/dsnlab/tds/fMRI/subjects_tds2/174/stop4/
Making movies in /projects/dsnlab/tds/fMRI/subjects_tds2/174/stop5/
Making movies in /projects/dsnlab/tds/fMRI/subjects_tds2/174/stop6/
Making movies in /projects/dsnlab/tds/fMRI/subjects_tds2/174/stop7/
Making movies in /projects/dsnlab/tds/fMRI/subjects_tds2/174/stop8/
Making movies in /projects/dsnlab/tds/fMRI/subjects_tds2/174/vid1/
Making movies in /projects/dsnlab/tds/fMRI/subjects_tds2/174/vid2/
Making movies in /projects/dsnlab/tds/fMRI/subjects_tds2/175/cyb1/
Making movies in /projects/dsnlab/tds/fMRI/subjects_tds2/175/cyb2/
Making movies in /projects/dsnlab/tds/fMRI/subjects_tds2/175/stop3/
Making movies in /projects/dsnlab/tds/fMRI/subjects_tds2/175/stop4/
Making movies in /projects/dsnlab/tds/fMRI/subjects_tds2/175/stop5/
Making movies in /projects/dsnlab/tds/fMRI/subjects_tds2/175/stop6/
Making movies in /projects/dsnlab/tds/fMRI/subjects_tds2/175/stop7/
Making movies in /projects/dsnlab/tds/fMRI/subjects_tds2/175/stop8/
Making movies in /projects/dsnlab/tds/fMRI/subjects_tds2/175/vid1/
Making movies in /projects/dsnlab/tds/fMRI/subjects_tds2/175/vid2/
Making movies in /projects/dsnlab/tds/fMRI/subjects_tds2/177/cyb1/
Making movies in /projects/dsnlab/tds/fMRI/subjects_tds2/177/cyb2/
Making movies in /projects/dsnlab/tds/fMRI/subjects_tds2/177/stop3/
Making movies in /projects/dsnlab/tds/fMRI/subjects_tds2/177/stop4/
Making movies in /projects/dsnlab/tds/fMRI/subjects_tds2/177/stop5/
Making movies in /projects/dsnlab/tds/fMRI/subjects_tds2/177/stop6/
Making movies in /projects/dsnlab/tds/fMRI/subjects_tds2/177/stop7/
Making movies in /projects/dsnlab/tds/fMRI/subjects_tds2/177/stop8/
Making movies in /projects/dsnlab/tds/fMRI/subjects_tds2/177/vid1/
Making movies in /projects/dsnlab/tds/fMRI/subjects_tds2/177/vid2/
Making movies in /projects/dsnlab/tds/fMRI/subjects_tds2/178/cyb1/
Cannot open volume ru* for reading!
Making movies in /projects/dsnlab/tds/fMRI/subjects_tds2/178/cyb2/
Making movies in /projects/dsnlab/tds/fMRI/subjects_tds2/178/stop3/
Making movies in /projects/dsnlab/tds/fMRI/subjects_tds2/178/stop4/
Making movies in /projects/dsnlab/tds/fMRI/subjects_tds2/178/stop5/
Making movies in /projects/dsnlab/tds/fMRI/subjects_tds2/178/stop6/
Making movies in /projects/dsnlab/tds/fMRI/subjects_tds2/178/stop7/
Making movies in /projects/dsnlab/tds/fMRI/subjects_tds2/178/stop8/
Making movies in /projects/dsnlab/tds/fMRI/subjects_tds2/178/vid1/
Making movies in /projects/dsnlab/tds/fMRI/subjects_tds2/178/vid2/
Making movies in /projects/dsnlab/tds/fMRI/subjects_tds2/179/cyb1/
Making movies in /projects/dsnlab/tds/fMRI/subjects_tds2/179/cyb2/
Making movies in /projects/dsnlab/tds/fMRI/subjects_tds2/179/stop3/
Making movies in /projects/dsnlab/tds/fMRI/subjects_tds2/179/stop4/
Making movies in /projects/dsnlab/tds/fMRI/subjects_tds2/179/stop5/
Making movies in /projects/dsnlab/tds/fMRI/subjects_tds2/179/stop6/
Making movies in /projects/dsnlab/tds/fMRI/subjects_tds2/179/stop7/
Making movies in /projects/dsnlab/tds/fMRI/subjects_tds2/179/stop8/
Making movies in /projects/dsnlab/tds/fMRI/subjects_tds2/179/vid1/
Making movies in /projects/dsnlab/tds/fMRI/subjects_tds2/179/vid2/
Cannot open volume ru* for reading!
Making movies in /projects/dsnlab/tds/fMRI/subjects_tds2/181/cyb1/
Making movies in /projects/dsnlab/tds/fMRI/subjects_tds2/181/cyb2/
Making movies in /projects/dsnlab/tds/fMRI/subjects_tds2/181/stop3/
Making movies in /projects/dsnlab/tds/fMRI/subjects_tds2/181/stop4/
Making movies in /projects/dsnlab/tds/fMRI/subjects_tds2/181/stop5/
Making movies in /projects/dsnlab/tds/fMRI/subjects_tds2/181/stop6/
Making movies in /projects/dsnlab/tds/fMRI/subjects_tds2/181/stop7/
Making movies in /projects/dsnlab/tds/fMRI/subjects_tds2/181/stop8/
Making movies in /projects/dsnlab/tds/fMRI/subjects_tds2/181/vid1/
Making movies in /projects/dsnlab/tds/fMRI/subjects_tds2/181/vid2/
Making movies in /projects/dsnlab/tds/fMRI/subjects_tds2/182/cyb1/
Making movies in /projects/dsnlab/tds/fMRI/subjects_tds2/182/cyb2/
Making movies in /projects/dsnlab/tds/fMRI/subjects_tds2/182/stop3/
Making movies in /projects/dsnlab/tds/fMRI/subjects_tds2/182/stop4/
Making movies in /projects/dsnlab/tds/fMRI/subjects_tds2/182/stop5/
Making movies in /projects/dsnlab/tds/fMRI/subjects_tds2/182/stop6/
Making movies in /projects/dsnlab/tds/fMRI/subjects_tds2/182/stop7/
Making movies in /projects/dsnlab/tds/fMRI/subjects_tds2/182/stop8/
Making movies in /projects/dsnlab/tds/fMRI/subjects_tds2/182/vid1/
Making movies in /projects/dsnlab/tds/fMRI/subjects_tds2/182/vid2/
Making movies in /projects/dsnlab/tds/fMRI/subjects_tds2/183/cyb1/
Making movies in /projects/dsnlab/tds/fMRI/subjects_tds2/183/cyb2/
Making movies in /projects/dsnlab/tds/fMRI/subjects_tds2/183/stop3/
Making movies in /projects/dsnlab/tds/fMRI/subjects_tds2/183/stop4/
Making movies in /projects/dsnlab/tds/fMRI/subjects_tds2/183/stop5/
Making movies in /projects/dsnlab/tds/fMRI/subjects_tds2/183/stop6/
Making movies in /projects/dsnlab/tds/fMRI/subjects_tds2/183/stop7/
Making movies in /projects/dsnlab/tds/fMRI/subjects_tds2/183/stop8/
Making movies in /projects/dsnlab/tds/fMRI/subjects_tds2/183/vid1/
Making movies in /projects/dsnlab/tds/fMRI/subjects_tds2/183/vid2/
Making movies in /projects/dsnlab/tds/fMRI/subjects_tds2/184/cyb1/
Making movies in /projects/dsnlab/tds/fMRI/subjects_tds2/184/cyb2/
Making movies in /projects/dsnlab/tds/fMRI/subjects_tds2/184/stop3/
Making movies in /projects/dsnlab/tds/fMRI/subjects_tds2/184/stop4/
Making movies in /projects/dsnlab/tds/fMRI/subjects_tds2/184/stop5/
Making movies in /projects/dsnlab/tds/fMRI/subjects_tds2/184/stop6/
Making movies in /projects/dsnlab/tds/fMRI/subjects_tds2/184/stop7/
Making movies in /projects/dsnlab/tds/fMRI/subjects_tds2/184/stop8/
Making movies in /projects/dsnlab/tds/fMRI/subjects_tds2/184/vid1/
Making movies in /projects/dsnlab/tds/fMRI/subjects_tds2/184/vid2/
Making movies in /projects/dsnlab/tds/fMRI/subjects_tds2/185/cyb1/
Making movies in /projects/dsnlab/tds/fMRI/subjects_tds2/185/cyb2/
Making movies in /projects/dsnlab/tds/fMRI/subjects_tds2/185/stop3/
Making movies in /projects/dsnlab/tds/fMRI/subjects_tds2/185/stop4/
Making movies in /projects/dsnlab/tds/fMRI/subjects_tds2/185/stop5/
Making movies in /projects/dsnlab/tds/fMRI/subjects_tds2/185/stop6/
Making movies in /projects/dsnlab/tds/fMRI/subjects_tds2/185/stop7/
Making movies in /projects/dsnlab/tds/fMRI/subjects_tds2/185/stop8/
Making movies in /projects/dsnlab/tds/fMRI/subjects_tds2/185/vid1/
Making movies in /projects/dsnlab/tds/fMRI/subjects_tds2/185/vid2/
Making movies in /projects/dsnlab/tds/fMRI/subjects_tds2/186/cyb1/
Making movies in /projects/dsnlab/tds/fMRI/subjects_tds2/186/cyb2/
Making movies in /projects/dsnlab/tds/fMRI/subjects_tds2/186/stop3/
Making movies in /projects/dsnlab/tds/fMRI/subjects_tds2/186/stop4/
Making movies in /projects/dsnlab/tds/fMRI/subjects_tds2/186/stop5/
Making movies in /projects/dsnlab/tds/fMRI/subjects_tds2/186/stop6/
Making movies in /projects/dsnlab/tds/fMRI/subjects_tds2/186/stop7/
Making movies in /projects/dsnlab/tds/fMRI/subjects_tds2/186/stop8/
Making movies in /projects/dsnlab/tds/fMRI/subjects_tds2/186/vid1/
Making movies in /projects/dsnlab/tds/fMRI/subjects_tds2/186/vid2/
Making movies in /projects/dsnlab/tds/fMRI/subjects_tds2/187/cyb1/
Making movies in /projects/dsnlab/tds/fMRI/subjects_tds2/187/cyb2/
Making movies in /projects/dsnlab/tds/fMRI/subjects_tds2/187/stop3/
Making movies in /projects/dsnlab/tds/fMRI/subjects_tds2/187/stop4/
Making movies in /projects/dsnlab/tds/fMRI/subjects_tds2/187/stop5/
Making movies in /projects/dsnlab/tds/fMRI/subjects_tds2/187/stop6/
Making movies in /projects/dsnlab/tds/fMRI/subjects_tds2/187/stop7/
Making movies in /projects/dsnlab/tds/fMRI/subjects_tds2/187/stop8/
Making movies in /projects/dsnlab/tds/fMRI/subjects_tds2/187/vid1/
Making movies in /projects/dsnlab/tds/fMRI/subjects_tds2/187/vid2/
Making movies in /projects/dsnlab/tds/fMRI/subjects_tds2/188/cyb1/
Making movies in /projects/dsnlab/tds/fMRI/subjects_tds2/188/cyb2/
Making movies in /projects/dsnlab/tds/fMRI/subjects_tds2/188/stop3/
Making movies in /projects/dsnlab/tds/fMRI/subjects_tds2/188/stop4/
Making movies in /projects/dsnlab/tds/fMRI/subjects_tds2/188/stop5/
Making movies in /projects/dsnlab/tds/fMRI/subjects_tds2/188/stop6/
Making movies in /projects/dsnlab/tds/fMRI/subjects_tds2/188/stop7/
Making movies in /projects/dsnlab/tds/fMRI/subjects_tds2/188/stop8/
Making movies in /projects/dsnlab/tds/fMRI/subjects_tds2/188/vid1/
Making movies in /projects/dsnlab/tds/fMRI/subjects_tds2/188/vid2/
Making movies in /projects/dsnlab/tds/fMRI/subjects_tds2/189/cyb1/
Making movies in /projects/dsnlab/tds/fMRI/subjects_tds2/189/cyb2/
Making movies in /projects/dsnlab/tds/fMRI/subjects_tds2/189/stop3/
Making movies in /projects/dsnlab/tds/fMRI/subjects_tds2/189/stop4/
Making movies in /projects/dsnlab/tds/fMRI/subjects_tds2/189/stop5/
Making movies in /projects/dsnlab/tds/fMRI/subjects_tds2/189/stop6/
Making movies in /projects/dsnlab/tds/fMRI/subjects_tds2/189/stop7/
Cannot open volume ru* for reading!
Making movies in /projects/dsnlab/tds/fMRI/subjects_tds2/189/stop8/
Cannot open volume ru* for reading!
Making movies in /projects/dsnlab/tds/fMRI/subjects_tds2/189/vid1/
Making movies in /projects/dsnlab/tds/fMRI/subjects_tds2/189/vid2/
Making movies in /projects/dsnlab/tds/fMRI/subjects_tds2/190/cyb1/
Making movies in /projects/dsnlab/tds/fMRI/subjects_tds2/190/cyb2/
Making movies in /projects/dsnlab/tds/fMRI/subjects_tds2/190/stop3/
Making movies in /projects/dsnlab/tds/fMRI/subjects_tds2/190/stop4/
Making movies in /projects/dsnlab/tds/fMRI/subjects_tds2/190/stop5/
Making movies in /projects/dsnlab/tds/fMRI/subjects_tds2/190/stop6/
Making movies in /projects/dsnlab/tds/fMRI/subjects_tds2/190/stop7/
Making movies in /projects/dsnlab/tds/fMRI/subjects_tds2/190/stop8/
Making movies in /projects/dsnlab/tds/fMRI/subjects_tds2/190/vid1/
Making movies in /projects/dsnlab/tds/fMRI/subjects_tds2/190/vid2/
Making movies in /projects/dsnlab/tds/fMRI/subjects_tds2/192/cyb1/
Making movies in /projects/dsnlab/tds/fMRI/subjects_tds2/192/cyb2/
Making movies in /projects/dsnlab/tds/fMRI/subjects_tds2/192/stop3/
Making movies in /projects/dsnlab/tds/fMRI/subjects_tds2/192/stop4/
Making movies in /projects/dsnlab/tds/fMRI/subjects_tds2/192/stop5/
Making movies in /projects/dsnlab/tds/fMRI/subjects_tds2/192/stop6/
Making movies in /projects/dsnlab/tds/fMRI/subjects_tds2/192/stop7/
Making movies in /projects/dsnlab/tds/fMRI/subjects_tds2/192/stop8/
Making movies in /projects/dsnlab/tds/fMRI/subjects_tds2/192/vid1/
Making movies in /projects/dsnlab/tds/fMRI/subjects_tds2/192/vid2/
Making movies in /projects/dsnlab/tds/fMRI/subjects_tds2/193/cyb1/
Making movies in /projects/dsnlab/tds/fMRI/subjects_tds2/193/cyb2/
Making movies in /projects/dsnlab/tds/fMRI/subjects_tds2/193/stop3/
Making movies in /projects/dsnlab/tds/fMRI/subjects_tds2/193/stop4/
Making movies in /projects/dsnlab/tds/fMRI/subjects_tds2/193/stop5/
Making movies in /projects/dsnlab/tds/fMRI/subjects_tds2/193/stop6/
Making movies in /projects/dsnlab/tds/fMRI/subjects_tds2/193/stop7/
Making movies in /projects/dsnlab/tds/fMRI/subjects_tds2/193/stop8/
Making movies in /projects/dsnlab/tds/fMRI/subjects_tds2/193/vid1/
Making movies in /projects/dsnlab/tds/fMRI/subjects_tds2/193/vid2/
Making movies in /projects/dsnlab/tds/fMRI/subjects_tds2/195/cyb1/
Making movies in /projects/dsnlab/tds/fMRI/subjects_tds2/195/cyb2/
Making movies in /projects/dsnlab/tds/fMRI/subjects_tds2/195/stop3/
Making movies in /projects/dsnlab/tds/fMRI/subjects_tds2/195/stop4/
Making movies in /projects/dsnlab/tds/fMRI/subjects_tds2/195/stop5/
Making movies in /projects/dsnlab/tds/fMRI/subjects_tds2/195/stop6/
Making movies in /projects/dsnlab/tds/fMRI/subjects_tds2/195/stop7/
Making movies in /projects/dsnlab/tds/fMRI/subjects_tds2/195/stop8/
Making movies in /projects/dsnlab/tds/fMRI/subjects_tds2/195/vid1/
Making movies in /projects/dsnlab/tds/fMRI/subjects_tds2/195/vid2/
Making movies in /projects/dsnlab/tds/fMRI/subjects_tds2/196/cyb1/
Making movies in /projects/dsnlab/tds/fMRI/subjects_tds2/196/cyb2/
Making movies in /projects/dsnlab/tds/fMRI/subjects_tds2/196/stop3/
Making movies in /projects/dsnlab/tds/fMRI/subjects_tds2/196/stop4/
Making movies in /projects/dsnlab/tds/fMRI/subjects_tds2/196/stop5/
Making movies in /projects/dsnlab/tds/fMRI/subjects_tds2/196/stop6/
Making movies in /projects/dsnlab/tds/fMRI/subjects_tds2/196/stop7/
Making movies in /projects/dsnlab/tds/fMRI/subjects_tds2/196/stop8/
Making movies in /projects/dsnlab/tds/fMRI/subjects_tds2/196/vid1/
Making movies in /projects/dsnlab/tds/fMRI/subjects_tds2/196/vid2/
Making movies in /projects/dsnlab/tds/fMRI/subjects_tds2/197/cyb1/
Making movies in /projects/dsnlab/tds/fMRI/subjects_tds2/197/cyb2/
Making movies in /projects/dsnlab/tds/fMRI/subjects_tds2/197/stop3/
Making movies in /projects/dsnlab/tds/fMRI/subjects_tds2/197/stop4/
Making movies in /projects/dsnlab/tds/fMRI/subjects_tds2/197/stop5/
Making movies in /projects/dsnlab/tds/fMRI/subjects_tds2/197/stop6/
Making movies in /projects/dsnlab/tds/fMRI/subjects_tds2/197/stop7/
Making movies in /projects/dsnlab/tds/fMRI/subjects_tds2/197/stop8/
Making movies in /projects/dsnlab/tds/fMRI/subjects_tds2/197/vid1/
Making movies in /projects/dsnlab/tds/fMRI/subjects_tds2/197/vid2/
