-------------------------------------------------------------------------------
157
Running /projects/dsnlab/tds/TDS_scripts/fMRI/fx/models/ylg/fx_ylg_alone.m
-------------------------------------------------------------------------------

                            < M A T L A B (R) >
                  Copyright 1984-2016 The MathWorks, Inc.
                   R2016b (9.1.0.441655) 64-bit (glnxa64)
                             September 7, 2016

 
To get started, type one of these: helpwin, helpdesk, or demo.
For product information, visit www.mathworks.com.
 


------------------------------------------------------------------------
Running job #1
------------------------------------------------------------------------
Running 'File Selector (Batch Mode)'
Done    'File Selector (Batch Mode)'
Running 'File Selector (Batch Mode)'
Done    'File Selector (Batch Mode)'
Running 'fMRI model specification'
Failed  'fMRI model specification'
Error using load
Unknown text on line number 79 of ASCII file /projects/dsnlab/tds/fMRI/analysis/fx/motion/auto-motion-output/rp_auto_txt/rp_157_alone.txt
"NA".
In file "/gpfs/projects/dsnlab/SPM12/config/spm_run_fmri_spec.m" (v6562), function "spm_run_fmri_spec" at line 298.

No executable modules, but still unresolved dependencies or incomplete module inputs.
The following modules did not run:
Failed: fMRI model specification
Skipped: Model estimation

{Error using MATLABbatch system
Job execution failed. The full log of this run can be found in MATLAB command
window, starting with the lines (look for the line showing the exact #job as
displayed in this error message)
------------------
Running job #1
------------------
} 
>> 