-------------------------------------------------------------------------------
304
Running /projects/dsnlab/shared/tds/TDS_scripts/fMRI/fx/models/ylg/fx_ylg_TDS1_I_nonorth_nopmod_redo.m
-------------------------------------------------------------------------------

                            < M A T L A B (R) >
                  Copyright 1984-2018 The MathWorks, Inc.
                   R2018b (9.5.0.944444) 64-bit (glnxa64)
                              August 28, 2018

 
To get started, type doc.
For product information, visit www.mathworks.com.
 


------------------------------------------------------------------------
Running job #1
------------------------------------------------------------------------
Running 'File Selector (Batch Mode)'
Done    'File Selector (Batch Mode)'
Running 'File Selector (Batch Mode)'
Done    'File Selector (Batch Mode)'
Running 'File Selector (Batch Mode)'
Done    'File Selector (Batch Mode)'
Running 'File Selector (Batch Mode)'
Done    'File Selector (Batch Mode)'
Running 'File Selector (Batch Mode)'
Done    'File Selector (Batch Mode)'
Running 'File Selector (Batch Mode)'
Done    'File Selector (Batch Mode)'
Running 'fMRI model specification'
Failed  'fMRI model specification'
Error using spm_run_fmri_spec (line 169)
MultiCond file: sess 3 cond 3 has no onset.
In file "/gpfs/projects/dsnlab/shared/SPM12/config/spm_run_fmri_spec.m" (v6562), function "spm_run_fmri_spec" at line 169.

No executable modules, but still unresolved dependencies or incomplete module inputs.
The following modules did not run:
Failed: fMRI model specification
Skipped: Model estimation

{Error using MATLABbatch system
Job execution failed. The full log of this run can be found in MATLAB command
window, starting with the lines (look for the line showing the exact #job as
displayed in this error message)
------------------
Running job #1
------------------
} 
