
Lmod is automatically replacing "intel/17" with "gcc/7.2"

running
  '/packages/R/3.4.2/lib64/R/bin/R --slave --no-restore --file=calculate_global_intensities.R'

Loading required package: devtools
Loading required package: RNifti
Loading required package: tidyverse
Loading tidyverse: ggplot2
Loading tidyverse: tibble
Loading tidyverse: tidyr
Loading tidyverse: readr
Loading tidyverse: purrr
Loading tidyverse: dplyr
Conflicts with tidy packages ---------------------------------------------------
filter(): dplyr, stats
lag():    dplyr, stats
Loading required package: parallel
Found 161 subject directories.
starting worker pid=158474 on localhost:11681 at 19:44:19.040
starting worker pid=158483 on localhost:11681 at 19:44:19.225
starting worker pid=158492 on localhost:11681 at 19:44:19.407
starting worker pid=158501 on localhost:11681 at 19:44:19.593
starting worker pid=158510 on localhost:11681 at 19:44:19.776
starting worker pid=158519 on localhost:11681 at 19:44:19.961
starting worker pid=158528 on localhost:11681 at 19:44:20.142
starting worker pid=158537 on localhost:11681 at 19:44:20.326
starting worker pid=158546 on localhost:11681 at 19:44:20.507
starting worker pid=158555 on localhost:11681 at 19:44:20.691
starting worker pid=158564 on localhost:11681 at 19:44:20.882
starting worker pid=158573 on localhost:11681 at 19:44:21.064
starting worker pid=158582 on localhost:11681 at 19:44:21.246
starting worker pid=158591 on localhost:11681 at 19:44:21.430
starting worker pid=158600 on localhost:11681 at 19:44:21.610
starting worker pid=158609 on localhost:11681 at 19:44:21.791
starting worker pid=158618 on localhost:11681 at 19:44:21.972
starting worker pid=158627 on localhost:11681 at 19:44:22.154
starting worker pid=158636 on localhost:11681 at 19:44:22.338
starting worker pid=158645 on localhost:11681 at 19:44:22.518
starting worker pid=158654 on localhost:11681 at 19:44:22.697
starting worker pid=158663 on localhost:11681 at 19:44:22.875
starting worker pid=158672 on localhost:11681 at 19:44:23.061
starting worker pid=158681 on localhost:11681 at 19:44:23.241
starting worker pid=158690 on localhost:11681 at 19:44:23.424
starting worker pid=158699 on localhost:11681 at 19:44:23.604
starting worker pid=158708 on localhost:11681 at 19:44:23.782
starting worker pid=158717 on localhost:11681 at 19:44:23.966
starting worker pid=158726 on localhost:11681 at 19:44:24.152
starting worker pid=158735 on localhost:11681 at 19:44:24.331
starting worker pid=158744 on localhost:11681 at 19:44:24.510
starting worker pid=158753 on localhost:11681 at 19:44:24.688
starting worker pid=158762 on localhost:11681 at 19:44:24.867
starting worker pid=158771 on localhost:11681 at 19:44:25.047
starting worker pid=158780 on localhost:11681 at 19:44:25.228
starting worker pid=158789 on localhost:11681 at 19:44:25.407
starting worker pid=158798 on localhost:11681 at 19:44:25.588
starting worker pid=158808 on localhost:11681 at 19:44:25.779
starting worker pid=158817 on localhost:11681 at 19:44:25.956
starting worker pid=158826 on localhost:11681 at 19:44:26.135
starting worker pid=158835 on localhost:11681 at 19:44:26.316
starting worker pid=158844 on localhost:11681 at 19:44:26.499
starting worker pid=158853 on localhost:11681 at 19:44:26.685
starting worker pid=158865 on localhost:11681 at 19:44:26.869
starting worker pid=158874 on localhost:11681 at 19:44:27.050
starting worker pid=158883 on localhost:11681 at 19:44:27.229
starting worker pid=158892 on localhost:11681 at 19:44:27.409
starting worker pid=158901 on localhost:11681 at 19:44:27.591
starting worker pid=158910 on localhost:11681 at 19:44:27.777
starting worker pid=158919 on localhost:11681 at 19:44:27.957
starting worker pid=158928 on localhost:11681 at 19:44:28.142
starting worker pid=158937 on localhost:11681 at 19:44:28.333
starting worker pid=158948 on localhost:11681 at 19:44:28.513
starting worker pid=158957 on localhost:11681 at 19:44:28.691
starting worker pid=158966 on localhost:11681 at 19:44:28.869
starting worker pid=158975 on localhost:11681 at 19:44:29.053
socket cluster with 56 nodes on host ‘localhost’
Subject 113, run cyb1: Found 69 files.
Subject 135, run cyb1: Found 66 files.
Subject 109, run cyb1: Found 66 files.
Subject 132, run cyb1: Found 69 files.
Subject 129, run cyb1: Found 65 files.
Subject 124, run cyb1: Found 66 files.
Subject 308, run cyb1: Found 63 files.
Subject 357, run cyb1: Found 63 files.
Subject 139, run cyb1: Found 69 files.
Subject 315, run cyb1: Found 63 files.
Subject 346, run cyb1: Found 68 files.
Subject 328, run cyb1: Found 67 files.
Subject 302, run cyb1: Found 69 files.
Subject 349, run cyb1: Found 59 files.
Subject 337, run cyb1: Found 63 files.
Subject 367, run cyb1: Found 63 files.
Subject 342, run cyb1: Found 74 files.
Subject 186, run cyb1: Found 63 files.
Subject 334, run cyb1: Found 76 files.
Subject 320, run cyb1: Found 67 files.
Subject 354, run cyb1: Found 70 files.
Subject 326, run cyb1: Found 69 files.
Subject 146, run cyb1: Found 63 files.
Subject 351, run cyb1: Found 71 files.
Subject 126, run cyb1: Found 70 files.
Subject 156, run cyb1: Found 63 files.
Subject 189, run cyb1: Found 60 files.
Subject 364, run cyb1: Found 58 files.
Subject 179, run cyb1: Found 68 files.
Subject 361, run cyb1: Found 63 files.
Subject 331, run cyb1: Found 73 files.
Subject 378, run cyb1: Found 64 files.
Subject 304, run cyb1: Found 68 files.
Subject 101, run cyb1: Found 72 files.
Subject 406, run cyb1: Found 69 files.
Subject 372, run cyb1: Found 63 files.
Subject 193, run cyb1: Found 72 files.
Subject 370, run cyb1: Found 65 files.
Subject 183, run cyb1: Found 65 files.
Subject 375, run cyb1: Found 67 files.
Subject 151, run cyb1: Found 64 files.
Subject 142, run cyb1: Found 62 files.
Subject 167, run cyb1: Found 66 files.
Subject 163, run cyb1: Found 67 files.
Subject 403, run cyb1: Found 68 files.
Subject 173, run cyb1: Found 62 files.
Subject 196, run cyb1: Found 77 files.
Subject 160, run cyb1: Found 68 files.
Subject 120, run cyb1: Found 65 files.
Subject 105, run cyb1: Found 75 files.
Subject 409, run cyb1: Found 72 files.
Subject 323, run cyb1: Found 73 files.
Subject 170, run cyb1: Found 63 files.
Subject 175, run cyb1: Found 63 files.
Subject 312, run cyb1: Found 65 files.
Subject 116, run cyb1: Found 64 files.
Subject 308, run cyb2: Found 68 files.
Subject 349, run cyb2: Found 66 files.
Subject 364, run cyb2: Found 68 files.
Subject 170, run cyb2: Found 72 files.
Subject 132, run cyb2: Found 72 files.
Subject 189, run cyb2: Found 69 files.
Subject 367, run cyb2: Found 73 files.
Subject 315, run cyb2: Found 64 files.
Subject 183, run cyb2: Found 77 files.
Subject 135, run cyb2: Found 71 files.
Subject 109, run cyb2: Found 71 files.
Subject 142, run cyb2: Found 63 files.
Subject 337, run cyb2: Found 70 files.
Subject 346, run cyb2: Found 68 files.
Subject 357, run cyb2: Found 71 files.
Subject 312, run cyb2: Found 71 files.
Subject 146, run cyb2: Found 72 files.
Subject 331, run cyb2: Found 66 files.
Subject 375, run cyb2: Found 68 files.
Subject 175, run cyb2: Found 69 files.
Subject 403, run cyb2: Found 70 files.
Subject 129, run cyb2: Found 67 files.
Subject 409, run cyb2: Found 71 files.
Subject 186, run cyb2: Found 67 files.
Subject 156, run cyb2: Found 73 files.
Subject 354, run cyb2: Found 74 files.
Subject 302, run cyb2: Found 72 files.
Subject 173, run cyb2: Found 70 files.
Subject 116, run cyb2: Found 73 files.
Subject 326, run cyb2: Found 71 files.
Subject 124, run cyb2: Found 76 files.
Subject 361, run cyb2: Found 73 files.
Subject 370, run cyb2: Found 71 files.
Subject 139, run cyb2: Found 73 files.
Subject 378, run cyb2: Found 82 files.
Subject 323, run cyb2: Found 65 files.
Subject 304, run cyb2: Found 63 files.
Subject 406, run cyb2: Found 71 files.
Subject 160, run cyb2: Found 72 files.
Subject 120, run cyb2: Found 73 files.
Subject 351, run cyb2: Found 70 files.
Subject 328, run cyb2: Found 68 files.
Subject 193, run cyb2: Found 73 files.
Subject 151, run cyb2: Found 63 files.
Subject 167, run cyb2: Found 70 files.
Subject 196, run cyb2: Found 67 files.
Subject 163, run cyb2: Found 67 files.
Subject 320, run cyb2: Found 68 files.
Subject 126, run cyb2: Found 72 files.
Subject 113, run cyb2: Found 73 files.
Subject 372, run cyb2: Found 71 files.
Subject 342, run cyb2: Found 67 files.
Subject 334, run cyb2: Found 70 files.
Subject 105, run cyb2: Found 84 files.
Subject 101, run cyb2: Found 70 files.
Subject 179, run cyb2: Found 71 files.
Subject 142, run stop3: Found 71 files.
Subject 315, run stop3: Found 80 files.
Subject 364, run stop3: Found 80 files.
Subject 129, run stop3: Found 74 files.
Subject 308, run stop3: Found 80 files.
Subject 189, run stop3: Found 80 files.
Subject 349, run stop3: Found 82 files.
Subject 132, run stop3: Found 78 files.
Subject 337, run stop3: Found 74 files.
Subject 183, run stop3: Found 78 files.
Subject 146, run stop3: Found 76 files.
Subject 403, run stop3: Found 80 files.
Subject 186, run stop3: Found 77 files.
Subject 135, run stop3: Found 77 files.
Subject 312, run stop3: Found 77 files.
Subject 331, run stop3: Found 83 files.
Subject 124, run stop3: Found 78 files.
Subject 323, run stop3: Found 82 files.
Subject 409, run stop3: Found 79 files.
Subject 175, run stop3: Found 79 files.
Subject 346, run stop3: Found 75 files.
Subject 375, run stop3: Found 79 files.
Subject 170, run stop3: Found 74 files.
Subject 173, run stop3: Found 72 files.
Subject 116, run stop3: Found 80 files.
Subject 406, run stop3: Found 81 files.
Subject 109, run stop3: Found 77 files.
Subject 351, run stop3: Found 79 files.
Subject 326, run stop3: Found 72 files.
Subject 302, run stop3: Found 80 files.
Subject 120, run stop3: Found 80 files.
Subject 367, run stop3: Found 79 files.
Subject 193, run stop3: Found 74 files.
Subject 370, run stop3: Found 71 files.
Subject 361, run stop3: Found 80 files.
Subject 160, run stop3: Found 75 files.
Subject 354, run stop3: Found 75 files.
Subject 196, run stop3: Found 77 files.
Subject 139, run stop3: Found 69 files.
Subject 151, run stop3: Found 79 files.
Subject 378, run stop3: Found 65 files.
Subject 357, run stop3: Found 80 files.
Subject 304, run stop3: Found 82 files.
Subject 167, run stop3: Found 76 files.
Subject 156, run stop3: Found 84 files.
Subject 179, run stop3: Found 84 files.
Subject 334, run stop3: Found 90 files.
Subject 328, run stop3: Found 73 files.
Subject 342, run stop3: Found 83 files.
Subject 320, run stop3: Found 84 files.
Subject 163, run stop3: Found 78 files.
Subject 126, run stop3: Found 73 files.
Subject 315, run stop4: Found 77 files.
Subject 129, run stop4: Found 84 files.
Subject 372, run stop3: Found 70 files.
Subject 113, run stop3: Found 72 files.
Subject 142, run stop4: Found 78 files.
Subject 101, run stop3: Found 80 files.
Subject 105, run stop3: Found 75 files.
Subject 189, run stop4: Found 85 files.
Subject 403, run stop4: Found 76 files.
Subject 183, run stop4: Found 76 files.
Subject 186, run stop4: Found 77 files.
Subject 124, run stop4: Found 81 files.
Subject 312, run stop4: Found 70 files.
Subject 337, run stop4: Found 73 files.
Subject 132, run stop4: Found 74 files.
Subject 146, run stop4: Found 71 files.
Subject 323, run stop4: Found 80 files.
Subject 308, run stop4: Found 68 files.
Subject 135, run stop4: Found 80 files.
Subject 364, run stop4: Found 82 files.
Subject 409, run stop4: Found 87 files.
Subject 193, run stop4: Found 75 files.
Subject 351, run stop4: Found 80 files.
Subject 349, run stop4: Found 80 files.
Subject 361, run stop4: Found 90 files.
Subject 346, run stop4: Found 73 files.
Subject 175, run stop4: Found 79 files.
Subject 326, run stop4: Found 78 files.
Subject 120, run stop4: Found 82 files.
Subject 370, run stop4: Found 79 files.
Subject 160, run stop4: Found 72 files.
Subject 116, run stop4: Found 71 files.
Subject 109, run stop4: Found 81 files.
Subject 378, run stop4: Found 90 files.
Subject 139, run stop4: Found 84 files.
Subject 173, run stop4: Found 76 files.
Subject 406, run stop4: Found 83 files.
Subject 331, run stop4: Found 77 files.
Subject 302, run stop4: Found 79 files.
Subject 354, run stop4: Found 79 files.
Subject 367, run stop4: Found 72 files.
Subject 151, run stop4: Found 81 files.
Subject 196, run stop4: Found 77 files.
Subject 170, run stop4: Found 83 files.
Subject 375, run stop4: Found 84 files.
Subject 304, run stop4: Found 79 files.
Subject 167, run stop4: Found 74 files.
Subject 179, run stop4: Found 77 files.
Subject 183, run stop5: Found 75 files.
Subject 357, run stop4: Found 81 files.
Subject 315, run stop5: Found 78 files.
Subject 403, run stop5: Found 77 files.
Subject 186, run stop5: Found 79 files.
Subject 129, run stop5: Found 74 files.
Subject 308, run stop5: Found 80 files.
Subject 132, run stop5: Found 73 files.
Subject 142, run stop5: Found 78 files.
Subject 337, run stop5: Found 81 files.
Subject 334, run stop4: Found 74 files.
Subject 312, run stop5: Found 72 files.
Subject 328, run stop4: Found 73 files.
Subject 124, run stop5: Found 76 files.
Subject 189, run stop5: Found 79 files.
Subject 193, run stop5: Found 80 files.
Subject 146, run stop5: Found 78 files.
Subject 135, run stop5: Found 80 files.
Subject 175, run stop5: Found 78 files.
Subject 323, run stop5: Found 73 files.
Subject 342, run stop4: Found 83 files.
Subject 349, run stop5: Found 78 files.
Subject 346, run stop5: Found 78 files.
Subject 105, run stop4: Found 90 files.
Subject 364, run stop5: Found 78 files.
Subject 372, run stop4: Found 79 files.
Subject 120, run stop5: Found 67 files.
Subject 320, run stop4: Found 75 files.
Subject 156, run stop4: Found 78 files.
Subject 160, run stop5: Found 87 files.
Subject 126, run stop4: Found 78 files.
Subject 326, run stop5: Found 72 files.
Subject 113, run stop4: Found 78 files.
Subject 163, run stop4: Found 79 files.
Subject 361, run stop5: Found 73 files.
Subject 351, run stop5: Found 76 files.
Subject 367, run stop5: Found 71 files.
Subject 409, run stop5: Found 83 files.
Subject 196, run stop5: Found 76 files.
Subject 101, run stop4: Found 77 files.
Subject 378, run stop5: Found 81 files.
Subject 116, run stop5: Found 69 files.
Subject 173, run stop5: Found 70 files.
Subject 331, run stop5: Found 78 files.
Subject 109, run stop5: Found 74 files.
Subject 370, run stop5: Found 82 files.
Subject 406, run stop5: Found 78 files.
Subject 139, run stop5: Found 79 files.
Subject 354, run stop5: Found 80 files.
Subject 151, run stop5: Found 77 files.
Subject 302, run stop5: Found 80 files.
Subject 183, run stop6: Found 74 files.
Subject 132, run stop6: Found 78 files.
Subject 167, run stop5: Found 80 files.
Subject 304, run stop5: Found 78 files.
Subject 403, run stop6: Found 73 files.
Subject 189, run stop6: Found 74 files.
Subject 129, run stop6: Found 74 files.
Subject 315, run stop6: Found 81 files.
Subject 186, run stop6: Found 73 files.
Subject 334, run stop5: Found 77 files.
Subject 170, run stop5: Found 87 files.
Subject 337, run stop6: Found 80 files.
Subject 312, run stop6: Found 77 files.
Subject 179, run stop5: Found 71 files.
Subject 124, run stop6: Found 78 files.
Subject 308, run stop6: Found 83 files.
Subject 142, run stop6: Found 78 files.
Subject 193, run stop6: Found 72 files.
Subject 323, run stop6: Found 74 files.
Subject 120, run stop6: Found 79 files.
Subject 364, run stop6: Found 79 files.
Subject 357, run stop5: Found 79 files.
Subject 135, run stop6: Found 74 files.
Subject 175, run stop6: Found 84 files.
Subject 328, run stop5: Found 73 files.
Subject 346, run stop6: Found 74 files.
Subject 326, run stop6: Found 70 files.
Subject 146, run stop6: Found 76 files.
Subject 375, run stop5: Found 80 files.
Subject 361, run stop6: Found 76 files.
Subject 367, run stop6: Found 72 files.
Subject 349, run stop6: Found 82 files.
Subject 160, run stop6: Found 81 files.
Subject 126, run stop5: Found 77 files.
Subject 173, run stop6: Found 71 files.
Subject 378, run stop6: Found 78 files.
Subject 320, run stop5: Found 76 files.
Subject 116, run stop6: Found 73 files.
Subject 351, run stop6: Found 85 files.
Subject 196, run stop6: Found 69 files.
Subject 409, run stop6: Found 75 files.
Subject 109, run stop6: Found 82 files.
Subject 156, run stop5: Found 80 files.
Subject 183, run stop7: Found 72 files.
Subject 370, run stop6: Found 78 files.
Subject 342, run stop5: Found 90 files.
Subject 406, run stop6: Found 77 files.
Subject 139, run stop6: Found 78 files.
Subject 331, run stop6: Found 77 files.
Subject 193, run stop7: Found 75 files.
Subject 189, run stop7: Found 0 files.
Subject 163, run stop5: Found 76 files.
Subject 189, run stop8: Found 0 files.
Subject 189, run vid1: Found 63 files.
Subject 151, run stop6: Found 77 files.
Subject 372, run stop5: Found 83 files.
Subject 354, run stop6: Found 68 files.
Subject 312, run stop7: Found 75 files.
Subject 132, run stop7: Found 75 files.
Subject 186, run stop7: Found 78 files.
Subject 167, run stop6: Found 77 files.
Subject 105, run stop5: Found 80 files.
Subject 113, run stop5: Found 69 files.
Subject 179, run stop6: Found 80 files.
Subject 308, run stop7: Found 76 files.
Subject 403, run stop7: Found 75 files.
Subject 129, run stop7: Found 78 files.
Subject 124, run stop7: Found 77 files.
Subject 302, run stop6: Found 78 files.
Subject 315, run stop7: Found 82 files.
Subject 101, run stop5: Found 80 files.
Subject 323, run stop7: Found 77 files.
Subject 337, run stop7: Found 80 files.
Subject 334, run stop6: Found 85 files.
Subject 364, run stop7: Found 77 files.
Subject 304, run stop6: Found 88 files.
Subject 142, run stop7: Found 71 files.
Subject 135, run stop7: Found 71 files.
Subject 120, run stop7: Found 78 files.
Subject 146, run stop7: Found 71 files.
Subject 326, run stop7: Found 80 files.
Subject 175, run stop7: Found 74 files.
Subject 367, run stop7: Found 70 files.
Subject 346, run stop7: Found 76 files.
Subject 170, run stop6: Found 79 files.
Subject 361, run stop7: Found 90 files.
Subject 160, run stop7: Found 81 files.
Subject 116, run stop7: Found 79 files.
Subject 196, run stop7: Found 70 files.
Subject 328, run stop6: Found 79 files.
Subject 173, run stop7: Found 67 files.
Subject 183, run stop8: Found 73 files.
Subject 357, run stop6: Found 77 files.
Subject 409, run stop7: Found 81 files.
Subject 193, run stop8: Found 68 files.
Subject 189, run vid2: Found 78 files.
Subject 375, run stop6: Found 74 files.
Subject 308, run stop8: Found 75 files.
Subject 370, run stop7: Found 15 files.
Subject 126, run stop6: Found 73 files.
Subject 124, run stop8: Found 74 files.
Subject 312, run stop8: Found 81 files.
Subject 378, run stop7: Found 79 files.
Subject 349, run stop7: Found 83 files.
Subject 139, run stop7: Found 77 files.
Subject 186, run stop8: Found 75 files.
Subject 167, run stop7: Found 74 files.
Subject 323, run stop8: Found 77 files.
Subject 354, run stop7: Found 76 files.
Subject 406, run stop7: Found 78 files.
Subject 151, run stop7: Found 75 files.
Subject 351, run stop7: Found 75 files.
Subject 331, run stop7: Found 75 files.
Subject 132, run stop8: Found 73 files.
Subject 142, run stop8: Found 73 files.
Subject 179, run stop7: Found 72 files.
Subject 320, run stop6: Found 77 files.
Subject 370, run stop8: Found 75 files.
Subject 129, run stop8: Found 69 files.
Subject 109, run stop7: Found 72 files.
Subject 337, run stop8: Found 68 files.
Subject 315, run stop8: Found 79 files.
Subject 113, run stop6: Found 75 files.
Subject 403, run stop8: Found 79 files.
Subject 135, run stop8: Found 79 files.
Subject 156, run stop6: Found 72 files.
Subject 364, run stop8: Found 76 files.
Subject 120, run stop8: Found 72 files.
Subject 367, run stop8: Found 68 files.
Subject 146, run stop8: Found 75 files.
Subject 334, run stop7: Found 75 files.
Subject 342, run stop6: Found 83 files.
Subject 302, run stop7: Found 71 files.
Subject 163, run stop6: Found 74 files.
Subject 175, run stop8: Found 83 files.
Subject 326, run stop8: Found 75 files.
Subject 105, run stop6: Found 72 files.
Subject 101, run stop6: Found 79 files.
Subject 372, run stop6: Found 73 files.
Subject 346, run stop8: Found 79 files.
Subject 304, run stop7: Found 86 files.
Subject 193, run vid1: Found 63 files.
Subject 183, run vid1: Found 64 files.
Subject 160, run stop8: Found 74 files.
Subject 124, run vid1: Found 64 files.
Subject 173, run stop8: Found 72 files.
Subject 196, run stop8: Found 83 files.
Subject 308, run vid1: Found 64 files.
Subject 186, run vid1: Found 73 files.
Subject 190, run cyb1: Found 61 files.
Subject 409, run stop8: Found 0 files.
Subject 409, run vid1: Found 64 files.
Subject 116, run stop8: Found 76 files.
Subject 167, run stop8: Found 70 files.
Subject 312, run vid1: Found 64 files.
Subject 323, run vid1: Found 64 files.
Subject 132, run vid1: Found 63 files.
Subject 361, run stop8: Found 77 files.
Subject 331, run stop8: Found 70 files.
Subject 351, run stop8: Found 80 files.
Subject 170, run stop7: Found 79 files.
Subject 357, run stop7: Found 76 files.
Subject 337, run vid1: Found 63 files.
Subject 142, run vid1: Found 63 files.
Subject 139, run stop8: Found 78 files.
Subject 406, run stop8: Found 68 files.
Subject 354, run stop8: Found 78 files.
Subject 179, run stop8: Found 76 files.
Subject 378, run stop8: Found 81 files.
Subject 129, run vid1: Found 62 files.
Subject 375, run stop7: Found 80 files.
Subject 370, run vid1: Found 64 files.
Subject 126, run stop7: Found 71 files.
Subject 151, run stop8: Found 76 files.
Subject 328, run stop7: Found 77 files.
Subject 320, run stop7: Found 77 files.
Subject 367, run vid1: Found 65 files.
Subject 135, run vid1: Found 62 files.
Subject 315, run vid1: Found 65 files.
Subject 109, run stop8: Found 76 files.
Subject 120, run vid1: Found 62 files.
Subject 349, run stop8: Found 85 files.
Subject 403, run vid1: Found 63 files.
Subject 364, run vid1: Found 63 files.
Subject 193, run vid2: Found 79 files.
Subject 326, run vid1: Found 63 files.
Subject 146, run vid1: Found 63 files.
Subject 190, run cyb2: Found 68 files.
Subject 156, run stop7: Found 77 files.
Subject 124, run vid2: Found 77 files.
Subject 334, run stop8: Found 82 files.
Subject 175, run vid1: Found 64 files.
Subject 308, run vid2: Found 78 files.
Subject 346, run vid1: Found 63 files.
Subject 101, run stop7: Found 78 files.
Subject 183, run vid2: Found 78 files.
Subject 160, run vid1: Found 62 files.
Subject 186, run vid2: Found 79 files.
Subject 132, run vid2: Found 78 files.
Subject 167, run vid1: Found 63 files.
Subject 312, run vid2: Found 79 files.
Subject 323, run vid2: Found 79 files.
Subject 409, run vid2: Found 78 files.
Subject 302, run stop8: Found 79 files.
Subject 113, run stop7: Found 79 files.
Subject 372, run stop7: Found 74 files.
Subject 337, run vid2: Found 78 files.
Subject 142, run vid2: Found 77 files.
Subject 163, run stop7: Found 71 files.
Subject 196, run vid1: Found 63 files.
Subject 129, run vid2: Found 77 files.
Subject 342, run stop7: Found 77 files.
Subject 173, run vid1: Found 63 files.
Subject 105, run stop7: Found 72 files.
Subject 331, run vid1: Found 64 files.
Subject 361, run vid1: Found 64 files.
Subject 406, run vid1: Found 62 files.
Subject 351, run vid1: Found 64 files.
Subject 179, run vid1: Found 64 files.
Subject 116, run vid1: Found 64 files.
Subject 135, run vid2: Found 77 files.
Subject 139, run vid1: Found 62 files.
Subject 315, run vid2: Found 78 files.
Subject 304, run stop8: Found 81 files.
Subject 367, run vid2: Found 78 files.
Subject 120, run vid2: Found 79 files.
Subject 354, run vid1: Found 64 files.
Subject 364, run vid2: Found 78 files.
Subject 326, run vid2: Found 77 files.
Subject 151, run vid1: Found 62 files.
Subject 126, run stop8: Found 72 files.
Subject 370, run vid2: Found 78 files.
Subject 378, run vid1: Found 64 files.
Subject 320, run stop8: Found 69 files.
Subject 403, run vid2: Found 78 files.
Subject 190, run stop3: Found 79 files.
Subject 357, run stop8: Found 78 files.
Subject 175, run vid2: Found 79 files.
Subject 375, run stop8: Found 75 files.
Subject 170, run stop8: Found 71 files.
Subject 125, run cyb1: Found 69 files.
Subject 109, run vid1: Found 63 files.
Subject 146, run vid2: Found 77 files.
Subject 167, run vid2: Found 79 files.
Subject 346, run vid2: Found 78 files.
Subject 160, run vid2: Found 77 files.
Subject 194, run cyb1: Found 61 files.
Subject 349, run vid1: Found 62 files.
Subject 196, run vid2: Found 79 files.
Subject 184, run cyb1: Found 69 files.
Subject 187, run cyb1: Found 61 files.
Subject 334, run vid1: Found 64 files.
Subject 313, run cyb1: Found 68 files.
Subject 144, run cyb1: Found 70 files.
Subject 328, run stop8: Found 75 files.
Subject 324, run cyb1: Found 63 files.
Subject 133, run cyb1: Found 60 files.
Subject 410, run cyb1: Found 64 files.
Subject 173, run vid2: Found 78 files.
Subject 130, run cyb1: Found 63 files.
Subject 309, run cyb1: Found 62 files.
Subject 340, run cyb1: Found 68 files.
Subject 139, run vid2: Found 78 files.
Subject 101, run stop8: Found 77 files.
Subject 406, run vid2: Found 79 files.
Subject 361, run vid2: Found 78 files.
Subject 351, run vid2: Found 78 files.
Subject 179, run vid2: Found 0 files.
Subject 181, run cyb1: Found 63 files.
Subject 151, run vid2: Found 77 files.
Subject 331, run vid2: Found 78 files.
Subject 372, run stop8: Found 77 files.
Subject 354, run vid2: Found 78 files.
Subject 156, run stop8: Found 86 files.
Subject 116, run vid2: Found 77 files.
Subject 378, run vid2: Found 81 files.
Subject 327, run cyb1: Found 63 files.
Subject 302, run vid1: Found 63 files.
Subject 316, run cyb1: Found 66 files.
Subject 368, run cyb1: Found 77 files.
Subject 136, run cyb1: Found 68 files.
Subject 163, run stop8: Found 77 files.
Subject 126, run vid1: Found 90 files.
Subject 342, run stop8: Found 85 files.
Subject 320, run vid1: Found 62 files.
Subject 113, run stop8: Found 72 files.
Subject 190, run stop4: Found 76 files.
Subject 121, run cyb1: Found 67 files.
Subject 105, run stop8: Found 82 files.
Subject 177, run cyb1: Found 69 files.
Subject 365, run cyb1: Found 69 files.
Subject 125, run cyb2: Found 73 files.
Subject 371, run cyb1: Found 62 files.
Subject 161, run cyb1: Found 65 files.
Subject 404, run cyb1: Found 64 files.
Subject 194, run cyb2: Found 81 files.
Subject 184, run cyb2: Found 67 files.
Subject 304, run vid1: Found 63 files.
Subject 109, run vid2: Found 78 files.
Subject 349, run vid2: Found 78 files.
Subject 187, run cyb2: Found 71 files.
Subject 357, run vid1: Found 63 files.
Subject 347, run cyb1: Found 72 files.
Subject 133, run cyb2: Found 69 files.
Subject 334, run vid2: Found 79 files.
Subject 324, run cyb2: Found 67 files.
Subject 144, run cyb2: Found 68 files.
Subject 197, run cyb1: Found 73 files.
Subject 375, run vid1: Found 64 files.
Subject 150, run cyb1: Found 63 files.
Subject 309, run cyb2: Found 69 files.
Subject 168, run cyb1: Found 68 files.
Subject 340, run cyb2: Found 75 files.
Subject 313, run cyb2: Found 68 files.
Subject 181, run cyb2: Found 70 files.
Subject 410, run cyb2: Found 65 files.
Subject 130, run cyb2: Found 73 files.
Subject 170, run vid1: Found 64 files.
Subject 328, run vid1: Found 63 files.
Subject 362, run cyb1: Found 65 files.
Subject 407, run cyb1: Found 65 files.
Subject 140, run cyb1: Found 66 files.
Subject 101, run vid1: Found 74 files.
Subject 368, run cyb2: Found 74 files.
Subject 372, run vid1: Found 63 files.
Subject 174, run cyb1: Found 69 files.
Subject 302, run vid2: Found 79 files.
Subject 352, run cyb1: Found 72 files.
Subject 136, run cyb2: Found 72 files.
Subject 332, run cyb1: Found 63 files.
Subject 327, run cyb2: Found 69 files.
Subject 316, run cyb2: Found 76 files.
Subject 152, run cyb1: Found 63 files.
Subject 355, run cyb1: Found 68 files.
Subject 125, run stop3: Found 74 files.
Subject 117, run cyb1: Found 67 files.
Subject 320, run vid2: Found 77 files.
Subject 401, run cyb1: Found 63 files.
Subject 126, run vid2: Found 77 files.
Subject 184, run stop3: Found 76 files.
Subject 371, run cyb2: Found 73 files.
Subject 177, run cyb2: Found 70 files.
Subject 404, run cyb2: Found 69 files.
Subject 121, run cyb2: Found 73 files.
Subject 161, run cyb2: Found 71 files.
Subject 190, run stop5: Found 74 files.
Subject 365, run cyb2: Found 73 files.
Subject 304, run vid2: Found 78 files.
Subject 144, run stop3: Found 71 files.
Subject 133, run stop3: Found 76 files.
Subject 347, run cyb2: Found 72 files.
Subject 194, run stop3: Found 76 files.
Subject 163, run vid1: Found 62 files.
Subject 357, run vid2: Found 79 files.
Subject 187, run stop3: Found 75 files.
Subject 150, run cyb2: Found 66 files.
Subject 113, run vid1: Found 63 files.
Subject 324, run stop3: Found 80 files.
Subject 156, run vid1: Found 62 files.
Subject 181, run stop3: Found 79 files.
Subject 197, run cyb2: Found 84 files.
Subject 350, run cyb1: Found 69 files.
Subject 168, run cyb2: Found 68 files.
Subject 313, run stop3: Found 71 files.
Subject 362, run cyb2: Found 74 files.
Subject 309, run stop3: Found 78 files.
Subject 375, run vid2: Found 79 files.
Subject 410, run stop3: Found 75 files.
Subject 130, run stop3: Found 79 files.
Subject 340, run stop3: Found 79 files.
Subject 342, run vid1: Found 63 files.
Subject 101, run vid2: Found 79 files.
Subject 140, run cyb2: Found 73 files.
Subject 332, run cyb2: Found 75 files.
Subject 407, run cyb2: Found 68 files.
Subject 110, run cyb1: Found 69 files.
Subject 368, run stop3: Found 66 files.
Subject 335, run cyb1: Found 61 files.
Subject 105, run vid1: Found 77 files.
Subject 152, run cyb2: Found 70 files.
Subject 352, run cyb2: Found 74 files.
Subject 372, run vid2: Found 78 files.
Subject 170, run vid2: Found 77 files.
Subject 328, run vid2: Found 79 files.
Subject 401, run cyb2: Found 83 files.
Subject 136, run stop3: Found 82 files.
Subject 174, run cyb2: Found 71 files.
Subject 125, run stop4: Found 79 files.
Subject 355, run cyb2: Found 73 files.
Subject 117, run cyb2: Found 69 files.
Subject 316, run stop3: Found 85 files.
Subject 321, run cyb1: Found 64 files.
Subject 327, run stop3: Found 74 files.
Subject 161, run stop3: Found 77 files.
Subject 303, run cyb1: Found 64 files.
Subject 404, run stop3: Found 75 files.
Subject 121, run stop3: Found 77 files.
Subject 177, run stop3: Found 74 files.
Subject 144, run stop4: Found 76 files.
Subject 190, run stop6: Found 79 files.
Subject 127, run cyb1: Found 66 files.
Subject 150, run stop3: Found 75 files.
Subject 347, run stop3: Found 90 files.
Subject 371, run stop3: Found 77 files.
Subject 184, run stop4: Found 81 files.
Subject 365, run stop3: Found 74 files.
Subject 194, run stop4: Found 81 files.
Subject 350, run cyb2: Found 73 files.
Subject 181, run stop4: Found 77 files.
Subject 133, run stop4: Found 83 files.
Subject 168, run stop3: Found 78 files.
Subject 407, run stop3: Found 77 files.
Subject 340, run stop4: Found 74 files.
Subject 306, run cyb1: Found 67 files.
Subject 187, run stop4: Found 80 files.
Subject 324, run stop4: Found 86 files.
Subject 197, run stop3: Found 90 files.
Subject 335, run cyb2: Found 74 files.
Subject 163, run vid2: Found 78 files.
Subject 102, run cyb1: Found 84 files.
Subject 156, run vid2: Found 78 files.
Subject 362, run stop3: Found 80 files.
Subject 368, run stop4: Found 85 files.
Subject 313, run stop4: Found 72 files.
Subject 342, run vid2: Found 79 files.
Subject 113, run vid2: Found 78 files.
Subject 152, run stop3: Found 82 files.
Subject 352, run stop3: Found 86 files.
Subject 140, run stop3: Found 78 files.
Subject 309, run stop4: Found 75 files.
Subject 332, run stop3: Found 90 files.
Subject 373, run cyb1: Found 67 files.
Subject 410, run stop4: Found 68 files.
Subject 110, run cyb2: Found 69 files.
Subject 359, run cyb1: Found 66 files.
Subject 130, run stop4: Found 82 files.
Subject 321, run cyb2: Found 68 files.
Subject 355, run stop3: Found 71 files.
Subject 136, run stop4: Found 67 files.
Subject 376, run cyb1: Found 63 files.
Subject 401, run stop3: Found 75 files.
Subject 117, run stop3: Found 75 files.
Subject 125, run stop5: Found 71 files.
Subject 127, run cyb2: Found 74 files.
Subject 174, run stop3: Found 72 files.
Subject 404, run stop4: Found 79 files.
Subject 144, run stop5: Found 80 files.
Subject 150, run stop4: Found 81 files.
Subject 329, run cyb1: Found 69 files.
Subject 105, run vid2: Found 90 files.
Subject 177, run stop4: Found 82 files.
Subject 190, run stop7: Found 78 files.
Subject 121, run stop4: Found 79 files.
Subject 327, run stop4: Found 74 files.
Subject 303, run cyb2: Found 72 files.
Subject 161, run stop4: Found 83 files.
Subject 316, run stop4: Found 90 files.
Subject 371, run stop4: Found 76 files.
Subject 171, run cyb1: Found 69 files.
Subject 347, run stop4: Found 81 files.
Subject 350, run stop3: Found 69 files.
Subject 365, run stop4: Found 70 files.
Subject 184, run stop5: Found 79 files.
Subject 340, run stop5: Found 79 files.
Subject 181, run stop5: Found 74 files.
Subject 306, run cyb2: Found 92 files.
Subject 335, run stop3: Found 77 files.
Subject 168, run stop4: Found 77 files.
Subject 313, run stop5: Found 76 files.
Subject 194, run stop5: Found 78 files.
Subject 407, run stop4: Found 79 files.
Subject 373, run cyb2: Found 67 files.
Subject 133, run stop5: Found 74 files.
Subject 102, run cyb2: Found 90 files.
Subject 359, run cyb2: Found 71 files.
Subject 321, run stop3: Found 85 files.
Subject 197, run stop4: Found 85 files.
Subject 187, run stop5: Found 74 files.
Subject 324, run stop5: Found 84 files.
Subject 368, run stop5: Found 81 files.
Subject 152, run stop4: Found 80 files.
Subject 125, run stop6: Found 73 files.
Subject 410, run stop5: Found 77 files.
Subject 362, run stop4: Found 78 files.
Subject 352, run stop4: Found 78 files.
Subject 140, run stop4: Found 79 files.
Subject 110, run stop3: Found 72 files.
Subject 309, run stop5: Found 75 files.
Subject 376, run cyb2: Found 79 files.
Subject 355, run stop4: Found 79 files.
Subject 332, run stop4: Found 84 files.
Subject 150, run stop5: Found 80 files.
Subject 164, run cyb1: Found 67 files.
Subject 401, run stop4: Found 81 files.
Subject 127, run stop3: Found 77 files.
Subject 174, run stop4: Found 73 files.
Subject 136, run stop5: Found 71 files.
Subject 157, run cyb1: Found 69 files.
Subject 117, run stop4: Found 85 files.
Subject 343, run cyb1: Found 69 files.
Subject 130, run stop5: Found 75 files.
Subject 329, run cyb2: Found 70 files.
Subject 404, run stop5: Found 75 files.
Subject 144, run stop6: Found 83 files.
Subject 190, run stop8: Found 76 files.
Subject 327, run stop5: Found 77 files.
Subject 177, run stop5: Found 76 files.
Subject 303, run stop3: Found 71 files.
Subject 161, run stop5: Found 77 files.
Subject 114, run cyb1: Found 65 files.
Subject 340, run stop6: Found 72 files.
Subject 121, run stop5: Found 77 files.
Subject 347, run stop5: Found 76 files.
Subject 168, run stop5: Found 75 files.
Subject 365, run stop5: Found 76 files.
Subject 373, run stop3: Found 76 files.
Subject 181, run stop6: Found 77 files.
Subject 133, run stop6: Found 73 files.
Subject 350, run stop4: Found 78 files.
Subject 335, run stop4: Found 82 files.
Subject 171, run cyb2: Found 70 files.
Subject 184, run stop6: Found 77 files.
Subject 316, run stop5: Found 77 files.
Subject 306, run stop3: Found 81 files.
Subject 371, run stop5: Found 80 files.
Subject 194, run stop6: Found 76 files.
Subject 407, run stop5: Found 77 files.
Subject 359, run stop3: Found 66 files.
Subject 187, run stop6: Found 82 files.
Subject 321, run stop4: Found 83 files.
Subject 368, run stop6: Found 75 files.
Subject 313, run stop6: Found 71 files.
Subject 102, run stop3: Found 90 files.
Subject 125, run stop7: Found 81 files.
Subject 152, run stop5: Found 79 files.
Subject 106, run cyb1: Found 82 files.
Subject 164, run cyb2: Found 73 files.
Subject 410, run stop6: Found 77 files.
Subject 197, run stop5: Found 85 files.
Subject 309, run stop6: Found 75 files.
Subject 352, run stop5: Found 79 files.
Subject 157, run cyb2: Found 65 files.
Subject 110, run stop4: Found 81 files.
Subject 355, run stop5: Found 72 files.
Subject 324, run stop6: Found 74 files.
Subject 136, run stop6: Found 76 files.
Subject 329, run stop3: Found 81 files.
Subject 140, run stop5: Found 79 files.
Subject 343, run cyb2: Found 68 files.
Subject 150, run stop6: Found 85 files.
Subject 127, run stop4: Found 67 files.
Subject 362, run stop5: Found 78 files.
Subject 332, run stop5: Found 79 files.
Subject 376, run stop3: Found 84 files.
Subject 190, run vid1: Found 73 files.
Subject 174, run stop5: Found 74 files.
Subject 401, run stop5: Found 76 files.
Subject 130, run stop6: Found 78 files.
Subject 404, run stop6: Found 86 files.
Subject 117, run stop5: Found 73 files.
Subject 340, run stop7: Found 80 files.
Subject 144, run stop7: Found 83 files.
Subject 347, run stop6: Found 82 files.
Subject 161, run stop6: Found 76 files.
Subject 121, run stop6: Found 70 files.
Subject 177, run stop6: Found 69 files.
Subject 327, run stop6: Found 74 files.
Subject 168, run stop6: Found 75 files.
Subject 133, run stop7: Found 77 files.
Subject 373, run stop4: Found 75 files.
Subject 303, run stop4: Found 79 files.
Subject 359, run stop4: Found 81 files.
Subject 181, run stop7: Found 77 files.
Subject 171, run stop3: Found 76 files.
Subject 365, run stop6: Found 75 files.
Subject 306, run stop4: Found 81 files.
Subject 335, run stop5: Found 79 files.
Subject 114, run cyb2: Found 67 files.
Subject 313, run stop7: Found 77 files.
Subject 407, run stop6: Found 83 files.
Subject 368, run stop7: Found 74 files.
Subject 184, run stop7: Found 78 files.
Subject 350, run stop5: Found 78 files.
Subject 157, run stop3: Found 79 files.
Subject 321, run stop5: Found 67 files.
Subject 164, run stop3: Found 75 files.
Subject 194, run stop7: Found 79 files.
Subject 316, run stop6: Found 84 files.
Subject 125, run stop8: Found 78 files.
Subject 102, run stop4: Found 90 files.
Subject 187, run stop7: Found 68 files.
Subject 324, run stop7: Found 72 files.
Subject 309, run stop7: Found 73 files.
Subject 197, run stop6: Found 78 files.
Subject 371, run stop6: Found 74 files.
Subject 106, run cyb2: Found 73 files.
Subject 410, run stop7: Found 84 files.
Subject 127, run stop5: Found 77 files.
Subject 329, run stop4: Found 73 files.
Subject 343, run stop3: Found 71 files.
Subject 352, run stop6: Found 83 files.
Subject 152, run stop6: Found 78 files.
Subject 190, run vid2: Found 79 files.
Subject 355, run stop6: Found 70 files.
Subject 136, run stop7: Found 78 files.
Subject 150, run stop7: Found 77 files.
Subject 110, run stop5: Found 75 files.
Subject 401, run stop6: Found 80 files.
Subject 140, run stop6: Found 79 files.
Subject 332, run stop6: Found 76 files.
Subject 174, run stop6: Found 72 files.
Subject 130, run stop7: Found 82 files.
Subject 362, run stop6: Found 72 files.
Subject 376, run stop4: Found 79 files.
Subject 177, run stop7: Found 76 files.
Subject 168, run stop7: Found 82 files.
Subject 340, run stop8: Found 67 files.
Subject 161, run stop7: Found 80 files.
Subject 347, run stop7: Found 76 files.
Subject 121, run stop7: Found 79 files.
Subject 117, run stop6: Found 79 files.
Subject 181, run stop8: Found 73 files.
Subject 144, run stop8: Found 78 files.
Subject 404, run stop7: Found 80 files.
Subject 368, run stop8: Found 75 files.
Subject 327, run stop7: Found 71 files.
Subject 373, run stop5: Found 66 files.
Subject 306, run stop5: Found 83 files.
Subject 133, run stop8: Found 76 files.
Subject 321, run stop6: Found 76 files.
Subject 359, run stop5: Found 80 files.
Subject 335, run stop6: Found 81 files.
Subject 164, run stop4: Found 75 files.
Subject 365, run stop7: Found 79 files.
Subject 171, run stop4: Found 83 files.
Subject 114, run stop3: Found 75 files.
Subject 157, run stop4: Found 77 files.
Subject 350, run stop6: Found 68 files.
Subject 313, run stop8: Found 75 files.
Subject 197, run stop7: Found 84 files.
Subject 407, run stop7: Found 80 files.
Subject 303, run stop5: Found 78 files.
Subject 324, run stop8: Found 70 files.
Subject 343, run stop4: Found 81 files.
Subject 309, run stop8: Found 78 files.
Subject 194, run stop8: Found 78 files.
Subject 106, run stop3: Found 74 files.
Subject 187, run stop8: Found 77 files.
Subject 316, run stop7: Found 77 files.
Subject 127, run stop6: Found 77 files.
Subject 102, run stop5: Found 83 files.
Subject 184, run stop8: Found 71 files.
Subject 125, run vid1: Found 78 files.
Subject 329, run stop5: Found 80 files.
Subject 371, run stop7: Found 73 files.
Subject 192, run cyb1: Found 66 files.
Subject 150, run stop8: Found 74 files.
Subject 152, run stop7: Found 74 files.
Subject 352, run stop7: Found 83 files.
Subject 332, run stop7: Found 84 files.
Subject 410, run stop8: Found 70 files.
Subject 110, run stop6: Found 70 files.
Subject 136, run stop8: Found 81 files.
Subject 355, run stop7: Found 74 files.
Subject 140, run stop7: Found 77 files.
Subject 340, run vid1: Found 64 files.
Subject 347, run stop8: Found 75 files.
Subject 362, run stop7: Found 82 files.
Subject 174, run stop7: Found 76 files.
Subject 401, run stop7: Found 76 files.
Subject 161, run stop8: Found 78 files.
Subject 130, run stop8: Found 75 files.
Subject 177, run stop8: Found 73 files.
Subject 181, run vid1: Found 64 files.
Subject 121, run stop8: Found 75 files.
Subject 168, run stop8: Found 69 files.
Subject 373, run stop6: Found 74 files.
Subject 376, run stop5: Found 78 files.
Subject 368, run vid1: Found 65 files.
Subject 144, run vid1: Found 63 files.
Subject 117, run stop7: Found 72 files.
Subject 327, run stop8: Found 77 files.
Subject 306, run stop6: Found 71 files.
Subject 335, run stop7: Found 79 files.
Subject 404, run stop8: Found 75 files.
Subject 313, run vid1: Found 63 files.
Subject 164, run stop5: Found 80 files.
Subject 133, run vid1: Found 63 files.
Subject 321, run stop7: Found 72 files.
Subject 157, run stop5: Found 78 files.
Subject 350, run stop7: Found 0 files.
Subject 350, run stop8: Found 0 files.
Subject 350, run vid1: Found 62 files.
Subject 316, run stop8: Found 74 files.
Subject 359, run stop6: Found 81 files.
Subject 407, run stop8: Found 70 files.
Subject 343, run stop5: Found 72 files.
Subject 365, run stop8: Found 78 files.
Subject 194, run vid1: Found 63 files.
Subject 309, run vid1: Found 63 files.
Subject 197, run stop8: Found 78 files.
Subject 106, run stop4: Found 74 files.
Subject 102, run stop6: Found 80 files.
Subject 150, run vid1: Found 62 files.
Subject 192, run cyb2: Found 69 files.
Subject 324, run vid1: Found 64 files.
Subject 127, run stop7: Found 78 files.
Subject 114, run stop4: Found 83 files.
Subject 125, run vid2: Found 63 files.
Subject 171, run stop5: Found 75 files.
Subject 303, run stop6: Found 81 files.
Subject 184, run vid1: Found 63 files.
Subject 329, run stop6: Found 81 files.
Subject 340, run vid2: Found 78 files.
Subject 187, run vid1: Found 63 files.
Subject 152, run stop8: Found 75 files.
Subject 410, run vid1: Found 62 files.
Subject 371, run stop8: Found 86 files.
Subject 168, run vid1: Found 64 files.
Subject 181, run vid2: Found 79 files.
Subject 362, run stop8: Found 73 files.
Subject 332, run stop8: Found 78 files.
Subject 347, run vid1: Found 63 files.
Subject 177, run vid1: Found 63 files.
Subject 130, run vid1: Found 64 files.
Subject 136, run vid1: Found 63 files.
Subject 352, run stop8: Found 75 files.
Subject 144, run vid2: Found 78 files.
Subject 368, run vid2: Found 78 files.
Subject 110, run stop7: Found 72 files.
Subject 140, run stop8: Found 76 files.
Subject 306, run stop7: Found 74 files.
Subject 401, run stop8: Found 79 files.
Subject 121, run vid1: Found 63 files.
Subject 161, run vid1: Found 62 files.
Subject 133, run vid2: Found 78 files.
Subject 373, run stop7: Found 80 files.
Subject 174, run stop8: Found 76 files.
Subject 313, run vid2: Found 78 files.
Subject 376, run stop6: Found 83 files.
Subject 355, run stop8: Found 78 files.
Subject 309, run vid2: Found 78 files.
Subject 350, run vid2: Found 78 files.
Subject 150, run vid2: Found 78 files.
Subject 117, run stop8: Found 82 files.
Subject 335, run stop8: Found 75 files.
Subject 192, run stop3: Found 84 files.
Subject 316, run vid1: Found 63 files.
Subject 164, run stop6: Found 75 files.
Subject 321, run stop8: Found 80 files.
Subject 407, run vid1: Found 63 files.
Subject 194, run vid2: Found 79 files.
Subject 404, run vid1: Found 64 files.
Subject 197, run vid1: Found 63 files.
Subject 157, run stop6: Found 73 files.
Subject 102, run stop7: Found 73 files.
Subject 327, run vid1: Found 63 files.
Subject 343, run stop6: Found 74 files.
Subject 106, run stop5: Found 79 files.
Subject 359, run stop7: Found 75 files.
Subject 324, run vid2: Found 79 files.
Subject 410, run vid2: Found 77 files.
Subject 365, run vid1: Found 63 files.
Subject 127, run stop8: Found 73 files.
Subject 347, run vid2: Found 78 files.
Subject 168, run vid2: Found 78 files.
Subject 184, run vid2: Found 78 files.
Subject 114, run stop5: Found 78 files.
Subject 177, run vid2: Found 78 files.
Subject 152, run vid1: Found 63 files.
Subject 362, run vid1: Found 63 files.
Subject 341, run cyb1: Found 75 files.
Subject 171, run stop6: Found 74 files.
Subject 332, run vid1: Found 64 files.
Subject 136, run vid2: Found 78 files.
Subject 182, run cyb1: Found 65 files.
Subject 187, run vid2: Found 79 files.
Subject 130, run vid2: Found 77 files.
Subject 329, run stop7: Found 82 files.
Subject 352, run vid1: Found 64 files.
Subject 140, run vid1: Found 62 files.
Subject 161, run vid2: Found 79 files.
Subject 145, run cyb1: Found 65 files.
Subject 121, run vid2: Found 77 files.
Subject 303, run stop7: Found 82 files.
Subject 316, run vid2: Found 79 files.
Subject 306, run stop8: Found 75 files.
Subject 369, run cyb1: Found 64 files.
Subject 371, run vid1: Found 63 files.
Subject 310, run cyb1: Found 67 files.
Subject 134, run cyb1: Found 67 files.
Subject 110, run stop8: Found 71 files.
Subject 401, run vid1: Found 64 files.
Subject 407, run vid2: Found 78 files.
Subject 174, run vid1: Found 64 files.
Subject 197, run vid2: Found 78 files.
Subject 373, run stop8: Found 83 files.
Subject 335, run vid1: Found 63 files.
Subject 404, run vid2: Found 78 files.
Subject 164, run stop7: Found 75 files.
Subject 327, run vid2: Found 78 files.
Subject 314, run cyb1: Found 65 files.
Subject 157, run stop7: Found 75 files.
Subject 359, run stop8: Found 72 files.
Subject 321, run vid1: Found 63 files.
Subject 102, run stop8: Found 78 files.
Subject 376, run stop7: Found 79 files.
Subject 192, run stop4: Found 76 files.
Subject 355, run vid1: Found 64 files.
Subject 127, run vid1: Found 62 files.
Subject 117, run vid1: Found 63 files.
Subject 343, run stop7: Found 75 files.
Subject 325, run cyb1: Found 58 files.
Subject 411, run cyb1: Found 68 files.
Subject 152, run vid2: Found 78 files.
Subject 195, run cyb1: Found 61 files.
Subject 106, run stop6: Found 77 files.
Subject 365, run vid2: Found 79 files.
Subject 362, run vid2: Found 78 files.
Subject 332, run vid2: Found 78 files.
Subject 348, run cyb1: Found 67 files.
Subject 114, run stop6: Found 71 files.
Subject 169, run cyb1: Found 67 files.
Subject 341, run cyb2: Found 74 files.
Subject 352, run vid2: Found 79 files.
Subject 185, run cyb1: Found 79 files.
Subject 369, run cyb2: Found 70 files.
Subject 137, run cyb1: Found 63 files.
Subject 178, run cyb1: Found 0 files.
Subject 178, run cyb2: Found 74 files.
Subject 140, run vid2: Found 77 files.
Subject 131, run cyb1: Found 67 files.
Subject 171, run stop7: Found 82 files.
Subject 310, run cyb2: Found 67 files.
Subject 182, run cyb2: Found 67 files.
Subject 329, run stop8: Found 77 files.
Subject 145, run cyb2: Found 70 files.
Subject 306, run vid1: Found 63 files.
Subject 401, run vid2: Found 80 files.
Subject 188, run cyb1: Found 65 files.
Subject 317, run cyb1: Found 65 files.
Subject 371, run vid2: Found 78 files.
Subject 162, run cyb1: Found 64 files.
Subject 335, run vid2: Found 78 files.
Subject 122, run cyb1: Found 62 files.
Subject 134, run cyb2: Found 72 files.
Subject 303, run stop8: Found 81 files.
Subject 110, run vid1: Found 60 files.
Subject 321, run vid2: Found 78 files.
Subject 408, run cyb1: Found 72 files.
Subject 127, run vid2: Found 78 files.
Subject 325, run cyb2: Found 82 files.
Subject 174, run vid2: Found 79 files.
Subject 192, run stop5: Found 69 files.
Subject 164, run stop8: Found 76 files.
Subject 359, run vid1: Found 64 files.
Subject 301, run cyb1: Found 63 files.
Subject 102, run vid1: Found 82 files.
Subject 314, run cyb2: Found 80 files.
Subject 348, run cyb2: Found 63 files.
Subject 195, run cyb2: Found 67 files.
Subject 117, run vid2: Found 77 files.
Subject 405, run cyb1: Found 65 files.
Subject 411, run cyb2: Found 66 files.
Subject 106, run stop7: Found 80 files.
Subject 157, run stop8: Found 72 files.
Subject 343, run stop8: Found 74 files.
Subject 376, run stop8: Found 79 files.
Subject 373, run vid1: Found 63 files.
Subject 355, run vid2: Found 79 files.
Subject 169, run cyb2: Found 74 files.
Subject 137, run cyb2: Found 71 files.
Subject 310, run stop3: Found 87 files.
Subject 114, run stop7: Found 70 files.
Subject 333, run cyb1: Found 65 files.
Subject 363, run cyb1: Found 61 files.
Subject 306, run vid2: Found 78 files.
Subject 317, run cyb2: Found 73 files.
Subject 369, run stop3: Found 67 files.
Subject 155, run cyb1: Found 64 files.
Subject 341, run stop3: Found 90 files.
Subject 178, run stop3: Found 85 files.
Subject 185, run cyb2: Found 69 files.
Subject 131, run cyb2: Found 71 files.
Subject 182, run stop3: Found 78 files.
Subject 188, run cyb2: Found 72 files.
Subject 162, run cyb2: Found 65 files.
Subject 366, run cyb1: Found 68 files.
Subject 141, run cyb1: Found 63 files.
Subject 145, run stop3: Found 75 files.
Subject 353, run cyb1: Found 66 files.
Subject 122, run cyb2: Found 73 files.
Subject 329, run vid1: Found 62 files.
Subject 110, run vid2: Found 72 files.
Subject 301, run cyb2: Found 73 files.
Subject 402, run cyb1: Found 59 files.
Subject 134, run stop3: Found 77 files.
Subject 359, run vid2: Found 83 files.
Subject 336, run cyb1: Found 70 files.
Subject 325, run stop3: Found 77 files.
Subject 192, run stop6: Found 79 files.
Subject 164, run vid1: Found 63 files.
Subject 348, run stop3: Found 76 files.
Subject 322, run cyb1: Found 72 files.
Subject 102, run vid2: Found 81 files.
Subject 303, run vid1: Found 74 files.
Subject 171, run stop8: Found 79 files.
Subject 195, run stop3: Found 86 files.
Subject 408, run cyb2: Found 73 files.
Subject 405, run cyb2: Found 71 files.
Subject 128, run cyb1: Found 63 files.
Subject 411, run stop3: Found 74 files.
Subject 373, run vid2: Found 78 files.
Subject 343, run vid1: Found 63 files.
Subject 363, run cyb2: Found 73 files.
Subject 157, run vid1: Found 62 files.
Subject 106, run stop8: Found 84 files.
Subject 169, run stop3: Found 71 files.
Subject 317, run stop3: Found 90 files.
Subject 314, run stop3: Found 90 files.
Subject 137, run stop3: Found 82 files.
Subject 119, run cyb1: Found 64 files.
Subject 307, run cyb1: Found 63 files.
Subject 114, run stop8: Found 68 files.
Subject 376, run vid1: Found 66 files.
Subject 141, run cyb2: Found 75 files.
Subject 369, run stop4: Found 69 files.
Subject 155, run cyb2: Found 74 files.
Subject 131, run stop3: Found 74 files.
Subject 333, run cyb2: Found 75 files.
Subject 162, run stop3: Found 74 files.
Subject 185, run stop3: Found 74 files.
Subject 366, run cyb2: Found 71 files.
Subject 356, run cyb1: Found 66 files.
Subject 402, run cyb2: Found 69 files.
Subject 178, run stop4: Found 83 files.
Subject 310, run stop4: Found 71 files.
Subject 188, run stop3: Found 79 files.
Subject 329, run vid2: Found 77 files.
Subject 353, run cyb2: Found 70 files.
Subject 341, run stop4: Found 84 files.
Subject 145, run stop4: Found 85 files.
Subject 164, run vid2: Found 78 files.
Subject 301, run stop3: Found 80 files.
Subject 182, run stop4: Found 77 files.
Subject 122, run stop3: Found 77 files.
Subject 336, run cyb2: Found 74 files.
Subject 325, run stop4: Found 79 files.
Subject 104, run cyb1: Found 61 files.
Subject 111, run cyb1: Found 69 files.
Subject 405, run stop3: Found 85 files.
Subject 128, run cyb2: Found 68 files.
Subject 303, run vid2: Found 80 files.
Subject 348, run stop4: Found 90 files.
Subject 134, run stop4: Found 74 files.
Subject 157, run vid2: Found 78 files.
Subject 322, run cyb2: Found 72 files.
Subject 192, run stop7: Found 74 files.
Subject 360, run cyb1: Found 66 files.
Subject 343, run vid2: Found 78 files.
Subject 411, run stop4: Found 81 files.
Subject 408, run stop3: Found 77 files.
Subject 363, run stop3: Found 82 files.
Subject 169, run stop4: Found 75 files.
Subject 195, run stop4: Found 77 files.
Subject 171, run vid1: Found 63 files.
Subject 307, run cyb2: Found 68 files.
Subject 114, run vid1: Found 63 files.
Subject 317, run stop4: Found 82 files.
Subject 374, run cyb1: Found 0 files.
Subject 374, run cyb2: Found 0 files.
Subject 376, run vid2: Found 82 files.
Subject 374, run stop3: Found 0 files.
Subject 374, run stop4: Found 0 files.
Subject 374, run stop5: Found 0 files.
Subject 374, run stop6: Found 0 files.
Subject 119, run cyb2: Found 79 files.
Subject 374, run stop7: Found 0 files.
Subject 374, run stop8: Found 0 files.
Subject 374, run vid1: Found 0 files.
Subject 374, run vid2: Found 0 files.
Subject 369, run stop5: Found 78 files.
Subject 131, run stop4: Found 79 files.
Subject 356, run cyb2: Found 0 files.
Subject 356, run stop3: Found 90 files.
Subject 162, run stop4: Found 76 files.
Subject 106, run vid1: Found 78 files.
Subject 141, run stop3: Found 73 files.
Subject 185, run stop4: Found 74 files.
Subject 402, run stop3: Found 73 files.
Subject 366, run stop3: Found 81 files.
Subject 155, run stop3: Found 74 files.
Subject 137, run stop4: Found 77 files.
Subject 104, run cyb2: Found 60 files.
Subject 353, run stop3: Found 74 files.
Subject 333, run stop3: Found 83 files.
Subject 178, run stop5: Found 79 files.
Subject 330, run cyb1: Found 67 files.
Subject 314, run stop4: Found 78 files.
Subject 341, run stop5: Found 77 files.
Subject 165, run cyb1: Found 61 files.
Subject 301, run stop4: Found 79 files.
Subject 310, run stop5: Found 78 files.
Subject 182, run stop5: Found 72 files.
Subject 128, run stop3: Found 72 files.
Subject 325, run stop5: Found 82 files.
Subject 188, run stop4: Found 78 files.
Subject 336, run stop3: Found 78 files.
Subject 145, run stop5: Found 82 files.
Subject 122, run stop4: Found 77 files.
Subject 192, run stop8: Found 72 files.
Subject 111, run cyb2: Found 82 files.
Subject 134, run stop5: Found 70 files.
Subject 405, run stop4: Found 77 files.
Subject 307, run stop3: Found 81 files.
Subject 159, run cyb1: Found 65 files.
Subject 322, run stop3: Found 78 files.
Subject 195, run stop5: Found 73 files.
Subject 169, run stop5: Found 77 files.
Subject 344, run cyb1: Found 84 files.
Subject 360, run cyb2: Found 75 files.
Subject 411, run stop5: Found 76 files.
Subject 348, run stop5: Found 77 files.
Subject 408, run stop4: Found 74 files.
Subject 114, run vid2: Found 78 files.
Subject 363, run stop4: Found 90 files.
Subject 171, run vid2: Found 79 files.
Subject 317, run stop5: Found 83 files.
Subject 104, run stop3: Found 80 files.
Subject 162, run stop5: Found 80 files.
Subject 369, run stop6: Found 73 files.
Subject 377, run cyb1: Found 63 files.
Subject 106, run vid2: Found 90 files.
Subject 119, run stop3: Found 79 files.
Subject 131, run stop5: Found 77 files.
Subject 356, run stop4: Found 90 files.
Subject 402, run stop4: Found 73 files.
Subject 155, run stop4: Found 78 files.
Subject 141, run stop4: Found 73 files.
Subject 165, run cyb2: Found 71 files.
Subject 185, run stop5: Found 77 files.
Subject 353, run stop4: Found 84 files.
Subject 330, run cyb2: Found 67 files.
Subject 137, run stop5: Found 80 files.
Subject 178, run stop6: Found 78 files.
Subject 301, run stop5: Found 77 files.
Subject 366, run stop4: Found 90 files.
Subject 341, run stop6: Found 81 files.
Subject 128, run stop4: Found 84 files.
Subject 310, run stop6: Found 79 files.
Subject 333, run stop4: Found 78 files.
Subject 182, run stop6: Found 79 files.
Subject 325, run stop6: Found 74 files.
Subject 134, run stop6: Found 87 files.
Subject 405, run stop5: Found 70 files.
Subject 159, run cyb2: Found 87 files.
Subject 314, run stop5: Found 70 files.
Subject 188, run stop5: Found 76 files.
Subject 192, run vid1: Found 63 files.
Subject 169, run stop6: Found 71 files.
Subject 408, run stop5: Found 79 files.
Subject 348, run stop6: Found 82 files.
Subject 145, run stop6: Found 71 files.
Subject 307, run stop4: Found 75 files.
Subject 336, run stop4: Found 77 files.
Subject 122, run stop5: Found 73 files.
Subject 115, run cyb1: Found 73 files.
Subject 411, run stop6: Found 82 files.
Subject 317, run stop6: Found 74 files.
Subject 195, run stop6: Found 78 files.
Subject 104, run stop4: Found 85 files.
Subject 360, run stop3: Found 87 files.
Subject 377, run cyb2: Found 71 files.
Subject 111, run stop3: Found 85 files.
Subject 369, run stop7: Found 74 files.
Subject 344, run cyb2: Found 75 files.
Subject 322, run stop4: Found 76 files.
Subject 162, run stop6: Found 77 files.
Subject 402, run stop5: Found 79 files.
Subject 363, run stop5: Found 78 files.
Subject 172, run cyb1: Found 69 files.
Subject 155, run stop5: Found 67 files.
Subject 165, run stop3: Found 74 files.
Subject 141, run stop5: Found 79 files.
Subject 108, run cyb1: Found 0 files.
Subject 108, run cyb2: Found 70 files.
Subject 185, run stop6: Found 81 files.
Subject 131, run stop6: Found 76 files.
Subject 330, run stop3: Found 76 files.
Subject 178, run stop7: Found 83 files.
Subject 301, run stop6: Found 79 files.
Subject 353, run stop5: Found 73 files.
Subject 356, run stop5: Found 75 files.
Subject 119, run stop4: Found 75 files.
Subject 341, run stop7: Found 82 files.
Subject 128, run stop5: Found 73 files.
Subject 405, run stop6: Found 77 files.
Subject 192, run vid2: Found 77 files.
Subject 137, run stop6: Found 78 files.
Subject 169, run stop7: Found 90 files.
Subject 145, run stop7: Found 74 files.
Subject 325, run stop7: Found 74 files.
Subject 310, run stop7: Found 81 files.
Subject 307, run stop5: Found 80 files.
Subject 317, run stop7: Found 76 files.
Subject 333, run stop5: Found 77 files.
Subject 188, run stop6: Found 75 files.
Subject 348, run stop7: Found 76 files.
Subject 134, run stop7: Found 76 files.
Subject 408, run stop6: Found 75 files.
Subject 314, run stop6: Found 81 files.
Subject 366, run stop5: Found 73 files.
Subject 104, run stop5: Found 86 files.
Subject 159, run stop3: Found 78 files.
Subject 182, run stop7: Found 77 files.
Subject 377, run stop3: Found 75 files.
Subject 115, run cyb2: Found 74 files.
Subject 411, run stop7: Found 79 files.
Subject 336, run stop5: Found 84 files.
Subject 195, run stop7: Found 79 files.
Subject 369, run stop8: Found 69 files.
Subject 122, run stop6: Found 79 files.
Subject 344, run stop3: Found 90 files.
Subject 162, run stop7: Found 74 files.
Subject 363, run stop6: Found 73 files.
Subject 165, run stop4: Found 74 files.
Subject 322, run stop5: Found 71 files.
Subject 141, run stop6: Found 74 files.
Subject 172, run cyb2: Found 70 files.
Subject 155, run stop6: Found 78 files.
Subject 108, run stop3: Found 83 files.
Subject 360, run stop4: Found 80 files.
Subject 402, run stop6: Found 75 files.
Subject 131, run stop7: Found 77 files.
Subject 111, run stop4: Found 72 files.
Subject 301, run stop7: Found 72 files.
Subject 356, run stop6: Found 66 files.
Subject 353, run stop6: Found 86 files.
Subject 178, run stop8: Found 83 files.
Subject 330, run stop4: Found 80 files.
Subject 128, run stop6: Found 73 files.
Subject 185, run stop7: Found 79 files.
Subject 341, run stop8: Found 77 files.
Subject 119, run stop5: Found 79 files.
Subject 405, run stop7: Found 78 files.
Subject 325, run stop8: Found 75 files.
Subject 137, run stop7: Found 76 files.
Subject 408, run stop7: Found 80 files.
Subject 169, run stop8: Found 88 files.
Subject 377, run stop4: Found 86 files.
Subject 145, run stop8: Found 75 files.
Subject 348, run stop8: Found 84 files.
Subject 317, run stop8: Found 85 files.
Subject 310, run stop8: Found 78 files.
Subject 134, run stop8: Found 79 files.
Subject 333, run stop6: Found 78 files.
Subject 104, run stop6: Found 90 files.
Subject 188, run stop7: Found 73 files.
Subject 115, run stop3: Found 82 files.
Subject 307, run stop6: Found 78 files.
Subject 369, run vid1: Found 63 files.
Subject 366, run stop6: Found 81 files.
Subject 159, run stop4: Found 74 files.
Subject 162, run stop8: Found 76 files.
Subject 182, run stop8: Found 79 files.
Subject 314, run stop7: Found 75 files.
Subject 322, run stop6: Found 80 files.
Subject 411, run stop8: Found 78 files.
Subject 363, run stop7: Found 87 files.
Subject 172, run stop3: Found 76 files.
Subject 165, run stop5: Found 73 files.
Subject 301, run stop8: Found 73 files.
Subject 195, run stop8: Found 76 files.
Subject 141, run stop7: Found 76 files.
Subject 344, run stop4: Found 80 files.
Subject 122, run stop7: Found 74 files.
Subject 356, run stop7: Found 0 files.
Subject 356, run stop8: Found 0 files.
Subject 356, run vid1: Found 73 files.
Subject 131, run stop8: Found 78 files.
Subject 155, run stop7: Found 74 files.
Subject 402, run stop7: Found 70 files.
Subject 336, run stop6: Found 81 files.
Subject 128, run stop7: Found 76 files.
Subject 111, run stop5: Found 79 files.
Subject 360, run stop5: Found 76 files.
Subject 108, run stop4: Found 75 files.
Subject 178, run vid1: Found 64 files.
Subject 341, run vid1: Found 65 files.
Subject 353, run stop7: Found 75 files.
Subject 330, run stop5: Found 76 files.
Subject 325, run vid1: Found 63 files.
Subject 185, run stop8: Found 77 files.
Subject 405, run stop8: Found 72 files.
Subject 408, run stop8: Found 70 files.
Subject 377, run stop5: Found 75 files.
Subject 145, run vid1: Found 62 files.
Subject 137, run stop8: Found 86 files.
Subject 119, run stop6: Found 78 files.
Subject 369, run vid2: Found 79 files.
Subject 317, run vid1: Found 64 files.
Subject 348, run vid1: Found 63 files.
Subject 169, run vid1: Found 64 files.
Subject 104, run stop7: Found 86 files.
Subject 310, run vid1: Found 63 files.
Subject 162, run vid1: Found 63 files.
Subject 134, run vid1: Found 63 files.
Subject 115, run stop4: Found 69 files.
Subject 188, run stop8: Found 71 files.
Subject 333, run stop7: Found 77 files.
Subject 159, run stop5: Found 72 files.
Subject 307, run stop7: Found 82 files.
Subject 301, run vid1: Found 77 files.
Subject 366, run stop7: Found 67 files.
Subject 165, run stop6: Found 80 files.
Subject 314, run stop8: Found 80 files.
Subject 402, run stop8: Found 75 files.
Subject 322, run stop7: Found 75 files.
Subject 141, run stop8: Found 68 files.
Subject 411, run vid1: Found 64 files.
Subject 172, run stop4: Found 76 files.
Subject 195, run vid1: Found 64 files.
Subject 363, run stop8: Found 83 files.
Subject 356, run vid2: Found 78 files.
Subject 182, run vid1: Found 64 files.
Subject 344, run stop5: Found 80 files.
Subject 155, run stop8: Found 71 files.
Subject 128, run stop8: Found 77 files.
Subject 122, run stop8: Found 77 files.
Subject 131, run vid1: Found 63 files.
Subject 325, run vid2: Found 78 files.
Subject 178, run vid2: Found 78 files.
Subject 341, run vid2: Found 78 files.
Subject 108, run stop5: Found 73 files.
Subject 336, run stop7: Found 84 files.
Subject 317, run vid2: Found 79 files.
Subject 353, run stop8: Found 67 files.
Subject 408, run vid1: Found 63 files.
Subject 185, run vid1: Found 64 files.
Subject 405, run vid1: Found 63 files.
Subject 360, run stop6: Found 76 files.
Subject 348, run vid2: Found 79 files.
Subject 145, run vid2: Found 77 files.
Subject 111, run stop6: Found 79 files.
Subject 162, run vid2: Found 78 files.
Subject 330, run stop6: Found 71 files.
Subject 377, run stop6: Found 80 files.
Subject 169, run vid2: Found 79 files.
Subject 134, run vid2: Found 77 files.
Subject 115, run stop5: Found 78 files.
Subject 310, run vid2: Found 78 files.
Subject 104, run stop8: Found 83 files.
Subject 188, run vid1: Found 64 files.
Subject 137, run vid1: Found 63 files.
Subject 159, run stop6: Found 71 files.
Subject 301, run vid2: Found 78 files.
Subject 119, run stop7: Found 75 files.
Subject 141, run vid1: Found 63 files.
Subject 307, run stop8: Found 73 files.
Subject 402, run vid1: Found 62 files.
Subject 411, run vid2: Found 81 files.
Subject 195, run vid2: Found 80 files.
Subject 333, run stop8: Found 69 files.
Subject 366, run stop8: Found 81 files.
Subject 131, run vid2: Found 77 files.
Subject 322, run stop8: Found 76 files.
Subject 165, run stop7: Found 74 files.
Subject 182, run vid2: Found 77 files.
Subject 128, run vid1: Found 62 files.
Subject 155, run vid1: Found 63 files.
Subject 408, run vid2: Found 80 files.
Subject 344, run stop6: Found 79 files.
Subject 363, run vid1: Found 63 files.
Subject 185, run vid2: Found 77 files.
Subject 314, run vid1: Found 64 files.
Subject 172, run stop5: Found 83 files.
Subject 405, run vid2: Found 79 files.
Subject 353, run vid1: Found 64 files.
Subject 108, run stop6: Found 74 files.
Subject 122, run vid1: Found 68 files.
Subject 377, run stop7: Found 79 files.
Subject 336, run stop8: Found 80 files.
Subject 330, run stop7: Found 83 files.
Subject 360, run stop7: Found 75 files.
Subject 141, run vid2: Found 78 files.
Subject 402, run vid2: Found 78 files.
Subject 137, run vid2: Found 77 files.
Subject 111, run stop7: Found 74 files.
Subject 188, run vid2: Found 78 files.
Subject 104, run vid1: Found 65 files.
Subject 159, run stop7: Found 76 files.
Subject 307, run vid1: Found 63 files.
Subject 115, run stop6: Found 68 files.
Subject 128, run vid2: Found 77 files.
Subject 119, run stop8: Found 67 files.
Subject 165, run stop8: Found 68 files.
Subject 155, run vid2: Found 78 files.
Subject 333, run vid1: Found 63 files.
Subject 363, run vid2: Found 78 files.
Subject 366, run vid1: Found 62 files.
Subject 353, run vid2: Found 78 files.
Subject 322, run vid1: Found 63 files.
Subject 314, run vid2: Found 79 files.
Subject 344, run stop7: Found 83 files.
Subject 108, run stop7: Found 67 files.
Subject 172, run stop6: Found 73 files.
Subject 122, run vid2: Found 77 files.
Subject 377, run stop8: Found 84 files.
Subject 336, run vid1: Found 65 files.
Subject 115, run stop7: Found 81 files.
Subject 360, run stop8: Found 77 files.
Subject 104, run vid2: Found 76 files.
Subject 307, run vid2: Found 79 files.
Subject 330, run stop8: Found 73 files.
Subject 159, run stop8: Found 84 files.
Subject 165, run vid1: Found 64 files.
Subject 333, run vid2: Found 78 files.
Subject 111, run stop8: Found 77 files.
Subject 366, run vid2: Found 78 files.
Subject 119, run vid1: Found 62 files.
Subject 322, run vid2: Found 77 files.
Subject 344, run stop8: Found 79 files.
Subject 108, run stop8: Found 79 files.
Subject 336, run vid2: Found 80 files.
Subject 172, run stop7: Found 77 files.
Subject 330, run vid1: Found 63 files.
Subject 115, run stop8: Found 79 files.
Subject 377, run vid1: Found 63 files.
Subject 360, run vid1: Found 63 files.
Subject 165, run vid2: Found 78 files.
Subject 159, run vid1: Found 62 files.
Subject 119, run vid2: Found 77 files.
Subject 111, run vid1: Found 61 files.
Subject 344, run vid1: Found 63 files.
Subject 108, run vid1: Found 61 files.
Subject 330, run vid2: Found 78 files.
Subject 377, run vid2: Found 78 files.
Subject 172, run stop8: Found 78 files.
Subject 360, run vid2: Found 78 files.
Subject 115, run vid1: Found 63 files.
Subject 159, run vid2: Found 78 files.
Subject 111, run vid2: Found 73 files.
Subject 108, run vid2: Found 72 files.
Subject 344, run vid2: Found 79 files.
Subject 115, run vid2: Found 77 files.
Subject 172, run vid1: Found 64 files.
Subject 172, run vid2: Found 79 files.
There were 50 or more warnings (use warnings() to see the first 50)
There were 50 or more warnings (use warnings() to see the first 50)
There were 50 or more warnings (use warnings() to see the first 50)
There were 50 or more warnings (use warnings() to see the first 50)
There were 50 or more warnings (use warnings() to see the first 50)
There were 50 or more warnings (use warnings() to see the first 50)
There were 50 or more warnings (use warnings() to see the first 50)
There were 50 or more warnings (use warnings() to see the first 50)
There were 50 or more warnings (use warnings() to see the first 50)
There were 50 or more warnings (use warnings() to see the first 50)
There were 50 or more warnings (use warnings() to see the first 50)
There were 50 or more warnings (use warnings() to see the first 50)
For 161 participant IDs, the system logged this much time: 

Shutting down cluster...   user  system elapsed 
  0.236   0.276 330.783 
There were 50 or more warnings (use warnings() to see the first 50)
There were 50 or more warnings (use warnings() to see the first 50)
There were 50 or more warnings (use warnings() to see the first 50)
There were 50 or more warnings (use warnings() to see the first 50)
There were 50 or more warnings (use warnings() to see the first 50)
There were 50 or more warnings (use warnings() to see the first 50)
There were 50 or more warnings (use warnings() to see the first 50)
There were 50 or more warnings (use warnings() to see the first 50)
There were 50 or more warnings (use warnings() to see the first 50)
There were 50 or more warnings (use warnings() to see the first 50)
There were 50 or more warnings (use warnings() to see the first 50)There were 50 or more warnings (use warnings() to see the first 50)

There were 50 or more warnings (use warnings() to see the first 50)
There were 50 or more warnings (use warnings() to see the first 50)
There were 50 or more warnings (use warnings() to see the first 50)
There were 50 or more warnings (use warnings() to see the first 50)
There were 50 or more warnings (use warnings() to see the first 50)
There were 50 or more warnings (use warnings() to see the first 50)
There were 50 or more warnings (use warnings() to see the first 50)
There were 50 or more warnings (use warnings() to see the first 50)
There were 50 or more warnings (use warnings() to see the first 50)
There were 50 or more warnings (use warnings() to see the first 50)
There were 50 or more warnings (use warnings() to see the first 50)
There were 50 or more warnings (use warnings() to see the first 50)There were 50 or more warnings (use warnings() to see the first 50)

There were 50 or more warnings (use warnings() to see the first 50)
There were 50 or more warnings (use warnings() to see the first 50)
There were 50 or more warnings (use warnings() to see the first 50)
There were 50 or more warnings (use warnings() to see the first 50)
There were 50 or more warnings (use warnings() to see the first 50)
There were 50 or more warnings (use warnings() to see the first 50)
There were 50 or more warnings (use warnings() to see the first 50)
There were 50 or more warnings (use warnings() to see the first 50)
There were 50 or more warnings (use warnings() to see the first 50)
There were 50 or more warnings (use warnings() to see the first 50)
There were 50 or more warnings (use warnings() to see the first 50)
There were 50 or more warnings (use warnings() to see the first 50)
There were 50 or more warnings (use warnings() to see the first 50)
There were 50 or more warnings (use warnings() to see the first 50)
There were 50 or more warnings (use warnings() to see the first 50)
There were 50 or more warnings (use warnings() to see the first 50)
There were 50 or more warnings (use warnings() to see the first 50)
There were 50 or more warnings (use warnings() to see the first 50)
There were 50 or more warnings (use warnings() to see the first 50)
There were 50 or more warnings (use warnings() to see the first 50)
