-------------------------------------------------------------------------------
168
Running /projects/dsnlab/tds/TDS_scripts/fMRI/ppc/spm/tds2/ppc1_tds2_job.m
-------------------------------------------------------------------------------

                            < M A T L A B (R) >
                  Copyright 1984-2016 The MathWorks, Inc.
                   R2016b (9.1.0.441655) 64-bit (glnxa64)
                             September 7, 2016

 
To get started, type one of these: helpwin, helpdesk, or demo.
For product information, visit www.mathworks.com.
 


------------------------------------------------------------------------
Running job #1
------------------------------------------------------------------------
Running 'Coregister: Estimate'

SPM12: spm_coreg (v6435)                           16:05:57 - 07/06/2017
========================================================================
Completed                               :          16:06:26 - 07/06/2017
Done    'Coregister: Estimate'
Running 'Calculate VDM'
Segmenting and extracting brain...

Matching session 1...


SPM12: spm_coreg (v6435)                           16:06:43 - 07/06/2017
========================================================================
Completed                               :          16:06:51 - 07/06/2017

Matching session 2...


SPM12: spm_coreg (v6435)                           16:06:51 - 07/06/2017
========================================================================
Completed                               :          16:06:59 - 07/06/2017

Matching session 3...


SPM12: spm_coreg (v6435)                           16:07:00 - 07/06/2017
========================================================================
Completed                               :          16:07:05 - 07/06/2017

Matching session 4...


SPM12: spm_coreg (v6435)                           16:07:06 - 07/06/2017
========================================================================
Completed                               :          16:07:14 - 07/06/2017

Matching session 5...


SPM12: spm_coreg (v6435)                           16:07:14 - 07/06/2017
========================================================================
Completed                               :          16:07:22 - 07/06/2017

Matching session 6...


SPM12: spm_coreg (v6435)                           16:07:22 - 07/06/2017
========================================================================
Completed                               :          16:07:30 - 07/06/2017

Matching session 7...


SPM12: spm_coreg (v6435)                           16:07:31 - 07/06/2017
========================================================================
Completed                               :          16:07:39 - 07/06/2017

Matching session 8...


SPM12: spm_coreg (v6435)                           16:07:40 - 07/06/2017
========================================================================
Completed                               :          16:07:47 - 07/06/2017

Matching session 9...


SPM12: spm_coreg (v6435)                           16:07:47 - 07/06/2017
========================================================================
Completed                               :          16:07:54 - 07/06/2017

Matching session 10...


SPM12: spm_coreg (v6435)                           16:07:55 - 07/06/2017
========================================================================
Completed                               :          16:08:02 - 07/06/2017
Done    'Calculate VDM'
Running 'File Selector (Batch Mode)'
Done    'File Selector (Batch Mode)'
Running 'File Selector (Batch Mode)'
Done    'File Selector (Batch Mode)'
Running 'File Selector (Batch Mode)'
Done    'File Selector (Batch Mode)'
Running 'File Selector (Batch Mode)'
Done    'File Selector (Batch Mode)'
Running 'File Selector (Batch Mode)'
Done    'File Selector (Batch Mode)'
Running 'File Selector (Batch Mode)'
Done    'File Selector (Batch Mode)'
Running 'File Selector (Batch Mode)'
Done    'File Selector (Batch Mode)'
Running 'File Selector (Batch Mode)'
Done    'File Selector (Batch Mode)'
Running 'File Selector (Batch Mode)'
Done    'File Selector (Batch Mode)'
Running 'File Selector (Batch Mode)'
Done    'File Selector (Batch Mode)'
Running 'Realign & Unwarp'

SPM12: spm_realign (v6070)                         16:08:06 - 07/06/2017
========================================================================
