-------------------------------------------------------------------------------
188
Running /projects/dsnlab/tds/TDS_scripts/fMRI/ppc/spm/tds2/ppc2_tds2_job.m
-------------------------------------------------------------------------------

                            < M A T L A B (R) >
                  Copyright 1984-2016 The MathWorks, Inc.
                   R2016b (9.1.0.441655) 64-bit (glnxa64)
                             September 7, 2016

 
To get started, type one of these: helpwin, helpdesk, or demo.
For product information, visit www.mathworks.com.
 


------------------------------------------------------------------------
Running job #1
------------------------------------------------------------------------
Running 'Normalise to MNI Space'
** Affine registering "tds2_template_6" with MNI space **
  1          3.24198         0.108686
  2          2.56675        0.0661484
  3          1.81804        0.0412217
  4          1.09814        0.0314352
  5         0.557255        0.0288369
  6          0.25753        0.0283544
  7         0.115285        0.0283038
  8        0.0511556        0.0283142
  9        0.0226421        0.0283248
 10        0.0100132        0.0283305
 11       0.00442762        0.0283332
 12       0.00195694        0.0283345
 13       0.00086442         0.028335
 14      0.000382344        0.0283352
 15      0.000168224        0.0283353

** "u_rc1mprage_tds2_template" **
Failed  'Normalise to MNI Space'
Error using read_hdr (line 32)
Error reading header file "/projects/dsnlab/tds/fMRI/subjects_tds2/188/structurals/u_rc1mprage_tds2_template.nii".
In file "/projects/dsnlab/SPM12/@nifti/private/read_hdr.m" (v4967), function "read_hdr" at line 32.
In file "/projects/dsnlab/SPM12/@nifti/nifti.m" (v4986), function "nifti" at line 26.
In file "/gpfs/projects/dsnlab/SPM12/toolbox/DARTEL/spm_dartel_norm_fun.m" (v5668), function "deal_with_subject" at line 155.
In file "/gpfs/projects/dsnlab/SPM12/toolbox/DARTEL/spm_dartel_norm_fun.m" (v5668), function "spm_dartel_norm_fun" at line 132.

Running 'Make Directory'
Done    'Make Directory'
No executable modules, but still unresolved dependencies or incomplete module inputs.
The following modules did not run:
Failed: Normalise to MNI Space
Skipped: Move/Delete Files
Skipped: Normalise to MNI Space
Skipped: Make Directory
Skipped: Move/Delete Files
Skipped: File Selector (Batch Mode)
Skipped: Normalise to MNI Space

{Error using MATLABbatch system
Job execution failed. The full log of this run can be found in MATLAB command
window, starting with the lines (look for the line showing the exact #job as
displayed in this error message)
------------------
Running job #1
------------------
} 
>> 