-------------------------------------------------------------------------------
tds2
Running /projects/dsnlab/tds/TDS_scripts/fMRI/ppc/spm/tds2/tds_dartel_tds2_job.m
-------------------------------------------------------------------------------

                            < M A T L A B (R) >
                  Copyright 1984-2016 The MathWorks, Inc.
                   R2016b (9.1.0.441655) 64-bit (glnxa64)
                             September 7, 2016

 
To get started, type one of these: helpwin, helpdesk, or demo.
For product information, visit www.mathworks.com.
 


------------------------------------------------------------------------
Running job #1
------------------------------------------------------------------------
Running 'File Selector (Batch Mode)'
Done    'File Selector (Batch Mode)'
Running 'File Selector (Batch Mode)'
Done    'File Selector (Batch Mode)'
Running 'File Selector (Batch Mode)'
Done    'File Selector (Batch Mode)'
Running 'File Selector (Batch Mode)'
Done    'File Selector (Batch Mode)'
Running 'File Selector (Batch Mode)'
Done    'File Selector (Batch Mode)'
Running 'File Selector (Batch Mode)'
Done    'File Selector (Batch Mode)'
Running 'Run Dartel (create Templates)'
Continuing registration from pre-existing parameters (/projects/dsnlab/tds/fMRI/subjects_tds2/101/structurals/u_rc1mprage_tds2_template.nii)
Continuing registration from pre-existing parameters (/projects/dsnlab/tds/fMRI/subjects_tds2/102/structurals/u_rc1mprage_tds2_template.nii)
Continuing registration from pre-existing parameters (/projects/dsnlab/tds/fMRI/subjects_tds2/105/structurals/u_rc1mprage_tds2_template.nii)
Continuing registration from pre-existing parameters (/projects/dsnlab/tds/fMRI/subjects_tds2/106/structurals/u_rc1mprage_tds2_template.nii)
Continuing registration from pre-existing parameters (/projects/dsnlab/tds/fMRI/subjects_tds2/108/structurals/u_rc1mprage_tds2_template.nii)
Continuing registration from pre-existing parameters (/projects/dsnlab/tds/fMRI/subjects_tds2/109/structurals/u_rc1mprage_tds2_template.nii)
Continuing registration from pre-existing parameters (/projects/dsnlab/tds/fMRI/subjects_tds2/110/structurals/u_rc1mprage_tds2_template.nii)
Continuing registration from pre-existing parameters (/projects/dsnlab/tds/fMRI/subjects_tds2/111/structurals/u_rc1mprage_tds2_template.nii)
Continuing registration from pre-existing parameters (/projects/dsnlab/tds/fMRI/subjects_tds2/113/structurals/u_rc1mprage_tds2_template.nii)
Continuing registration from pre-existing parameters (/projects/dsnlab/tds/fMRI/subjects_tds2/115/structurals/u_rc1mprage_tds2_template.nii)
Continuing registration from pre-existing parameters (/projects/dsnlab/tds/fMRI/subjects_tds2/116/structurals/u_rc1mprage_tds2_template.nii)
Continuing registration from pre-existing parameters (/projects/dsnlab/tds/fMRI/subjects_tds2/117/structurals/u_rc1mprage_tds2_template.nii)
Continuing registration from pre-existing parameters (/projects/dsnlab/tds/fMRI/subjects_tds2/119/structurals/u_rc1mprage_tds2_template.nii)
Continuing registration from pre-existing parameters (/projects/dsnlab/tds/fMRI/subjects_tds2/120/structurals/u_rc1mprage_tds2_template.nii)
Continuing registration from pre-existing parameters (/projects/dsnlab/tds/fMRI/subjects_tds2/121/structurals/u_rc1mprage_tds2_template.nii)
Continuing registration from pre-existing parameters (/projects/dsnlab/tds/fMRI/subjects_tds2/122/structurals/u_rc1mprage_tds2_template.nii)
Continuing registration from pre-existing parameters (/projects/dsnlab/tds/fMRI/subjects_tds2/124/structurals/u_rc1mprage_tds2_template.nii)
Continuing registration from pre-existing parameters (/projects/dsnlab/tds/fMRI/subjects_tds2/125/structurals/u_rc1mprage_tds2_template.nii)
Continuing registration from pre-existing parameters (/projects/dsnlab/tds/fMRI/subjects_tds2/126/structurals/u_rc1mprage_tds2_template.nii)
Continuing registration from pre-existing parameters (/projects/dsnlab/tds/fMRI/subjects_tds2/127/structurals/u_rc1mprage_tds2_template.nii)
Continuing registration from pre-existing parameters (/projects/dsnlab/tds/fMRI/subjects_tds2/128/structurals/u_rc1mprage_tds2_template.nii)
Continuing registration from pre-existing parameters (/projects/dsnlab/tds/fMRI/subjects_tds2/129/structurals/u_rc1mprage_tds2_template.nii)
Continuing registration from pre-existing parameters (/projects/dsnlab/tds/fMRI/subjects_tds2/130/structurals/u_rc1mprage_tds2_template.nii)
Continuing registration from pre-existing parameters (/projects/dsnlab/tds/fMRI/subjects_tds2/131/structurals/u_rc1mprage_tds2_template.nii)
Continuing registration from pre-existing parameters (/projects/dsnlab/tds/fMRI/subjects_tds2/132/structurals/u_rc1mprage_tds2_template.nii)
Continuing registration from pre-existing parameters (/projects/dsnlab/tds/fMRI/subjects_tds2/133/structurals/u_rc1mprage_tds2_template.nii)
Continuing registration from pre-existing parameters (/projects/dsnlab/tds/fMRI/subjects_tds2/134/structurals/u_rc1mprage_tds2_template.nii)
Continuing registration from pre-existing parameters (/projects/dsnlab/tds/fMRI/subjects_tds2/135/structurals/u_rc1mprage_tds2_template.nii)
Continuing registration from pre-existing parameters (/projects/dsnlab/tds/fMRI/subjects_tds2/136/structurals/u_rc1mprage_tds2_template.nii)
Continuing registration from pre-existing parameters (/projects/dsnlab/tds/fMRI/subjects_tds2/137/structurals/u_rc1mprage_tds2_template.nii)
Continuing registration from pre-existing parameters (/projects/dsnlab/tds/fMRI/subjects_tds2/139/structurals/u_rc1mprage_tds2_template.nii)
Continuing registration from pre-existing parameters (/projects/dsnlab/tds/fMRI/subjects_tds2/140/structurals/u_rc1mprage_tds2_template.nii)
Continuing registration from pre-existing parameters (/projects/dsnlab/tds/fMRI/subjects_tds2/141/structurals/u_rc1mprage_tds2_template.nii)
Continuing registration from pre-existing parameters (/projects/dsnlab/tds/fMRI/subjects_tds2/142/structurals/u_rc1mprage_tds2_template.nii)
Continuing registration from pre-existing parameters (/projects/dsnlab/tds/fMRI/subjects_tds2/144/structurals/u_rc1mprage_tds2_template.nii)
Continuing registration from pre-existing parameters (/projects/dsnlab/tds/fMRI/subjects_tds2/145/structurals/u_rc1mprage_tds2_template.nii)
Continuing registration from pre-existing parameters (/projects/dsnlab/tds/fMRI/subjects_tds2/146/structurals/u_rc1mprage_tds2_template.nii)
Continuing registration from pre-existing parameters (/projects/dsnlab/tds/fMRI/subjects_tds2/150/structurals/u_rc1mprage_tds2_template.nii)
Continuing registration from pre-existing parameters (/projects/dsnlab/tds/fMRI/subjects_tds2/151/structurals/u_rc1mprage_tds2_template.nii)
Continuing registration from pre-existing parameters (/projects/dsnlab/tds/fMRI/subjects_tds2/152/structurals/u_rc1mprage_tds2_template.nii)
Continuing registration from pre-existing parameters (/projects/dsnlab/tds/fMRI/subjects_tds2/155/structurals/u_rc1mprage_tds2_template.nii)
Continuing registration from pre-existing parameters (/projects/dsnlab/tds/fMRI/subjects_tds2/156/structurals/u_rc1mprage_tds2_template.nii)
Continuing registration from pre-existing parameters (/projects/dsnlab/tds/fMRI/subjects_tds2/157/structurals/u_rc1mprage_tds2_template.nii)
Continuing registration from pre-existing parameters (/projects/dsnlab/tds/fMRI/subjects_tds2/159/structurals/u_rc1mprage_tds2_template.nii)
Continuing registration from pre-existing parameters (/projects/dsnlab/tds/fMRI/subjects_tds2/160/structurals/u_rc1mprage_tds2_template.nii)
Continuing registration from pre-existing parameters (/projects/dsnlab/tds/fMRI/subjects_tds2/161/structurals/u_rc1mprage_tds2_template.nii)
Continuing registration from pre-existing parameters (/projects/dsnlab/tds/fMRI/subjects_tds2/162/structurals/u_rc1mprage_tds2_template.nii)
Continuing registration from pre-existing parameters (/projects/dsnlab/tds/fMRI/subjects_tds2/163/structurals/u_rc1mprage_tds2_template.nii)
Continuing registration from pre-existing parameters (/projects/dsnlab/tds/fMRI/subjects_tds2/164/structurals/u_rc1mprage_tds2_template.nii)
Continuing registration from pre-existing parameters (/projects/dsnlab/tds/fMRI/subjects_tds2/165/structurals/u_rc1mprage_tds2_template.nii)
Continuing registration from pre-existing parameters (/projects/dsnlab/tds/fMRI/subjects_tds2/167/structurals/u_rc1mprage_tds2_template.nii)
Continuing registration from pre-existing parameters (/projects/dsnlab/tds/fMRI/subjects_tds2/168/structurals/u_rc1mprage_tds2_template.nii)
Continuing registration from pre-existing parameters (/projects/dsnlab/tds/fMRI/subjects_tds2/169/structurals/u_rc1mprage_tds2_template.nii)
Continuing registration from pre-existing parameters (/projects/dsnlab/tds/fMRI/subjects_tds2/170/structurals/u_rc1mprage_tds2_template.nii)
Continuing registration from pre-existing parameters (/projects/dsnlab/tds/fMRI/subjects_tds2/171/structurals/u_rc1mprage_tds2_template.nii)
Continuing registration from pre-existing parameters (/projects/dsnlab/tds/fMRI/subjects_tds2/172/structurals/u_rc1mprage_tds2_template.nii)
Continuing registration from pre-existing parameters (/projects/dsnlab/tds/fMRI/subjects_tds2/173/structurals/u_rc1mprage_tds2_template.nii)
Continuing registration from pre-existing parameters (/projects/dsnlab/tds/fMRI/subjects_tds2/174/structurals/u_rc1mprage_tds2_template.nii)
Continuing registration from pre-existing parameters (/projects/dsnlab/tds/fMRI/subjects_tds2/175/structurals/u_rc1mprage_tds2_template.nii)
Continuing registration from pre-existing parameters (/projects/dsnlab/tds/fMRI/subjects_tds2/177/structurals/u_rc1mprage_tds2_template.nii)
Continuing registration from pre-existing parameters (/projects/dsnlab/tds/fMRI/subjects_tds2/179/structurals/u_rc1mprage_tds2_template.nii)
Continuing registration from pre-existing parameters (/projects/dsnlab/tds/fMRI/subjects_tds2/181/structurals/u_rc1mprage_tds2_template.nii)
Continuing registration from pre-existing parameters (/projects/dsnlab/tds/fMRI/subjects_tds2/182/structurals/u_rc1mprage_tds2_template.nii)
Continuing registration from pre-existing parameters (/projects/dsnlab/tds/fMRI/subjects_tds2/183/structurals/u_rc1mprage_tds2_template.nii)
Continuing registration from pre-existing parameters (/projects/dsnlab/tds/fMRI/subjects_tds2/184/structurals/u_rc1mprage_tds2_template.nii)
Continuing registration from pre-existing parameters (/projects/dsnlab/tds/fMRI/subjects_tds2/185/structurals/u_rc1mprage_tds2_template.nii)
Continuing registration from pre-existing parameters (/projects/dsnlab/tds/fMRI/subjects_tds2/186/structurals/u_rc1mprage_tds2_template.nii)
Continuing registration from pre-existing parameters (/projects/dsnlab/tds/fMRI/subjects_tds2/187/structurals/u_rc1mprage_tds2_template.nii)
Continuing registration from pre-existing parameters (/projects/dsnlab/tds/fMRI/subjects_tds2/188/structurals/u_rc1mprage_tds2_template.nii)
Continuing registration from pre-existing parameters (/projects/dsnlab/tds/fMRI/subjects_tds2/190/structurals/u_rc1mprage_tds2_template.nii)
Continuing registration from pre-existing parameters (/projects/dsnlab/tds/fMRI/subjects_tds2/193/structurals/u_rc1mprage_tds2_template.nii)
Continuing registration from pre-existing parameters (/projects/dsnlab/tds/fMRI/subjects_tds2/194/structurals/u_rc1mprage_tds2_template.nii)
Continuing registration from pre-existing parameters (/projects/dsnlab/tds/fMRI/subjects_tds2/195/structurals/u_rc1mprage_tds2_template.nii)
Continuing registration from pre-existing parameters (/projects/dsnlab/tds/fMRI/subjects_tds2/196/structurals/u_rc1mprage_tds2_template.nii)
Continuing registration from pre-existing parameters (/projects/dsnlab/tds/fMRI/subjects_tds2/197/structurals/u_rc1mprage_tds2_template.nii)
 531.93, 9.18147, 1.82282, 0.343055, 0.138578, 0.0750094, 0.0480025, 0.0334206,
1 1	490351	560007	1.05036e+06	1835.19
1 2	694236	2.57117e+06	3.26541e+06	3670.22
1 3	989099	0	989099	573.808
1 4	490684	490928	981613	1854.61
1 5	428014	522500	950514	1683.14
1 6	510480	622694	1.13317e+06	1916.23
1 7	510153	767452	1.27761e+06	1716.4
1 8	511022	584007	1.09503e+06	1829.71
1 9	535059	821565	1.35662e+06	1864.48
1 10	497633	534856	1.03249e+06	1903.62
1 11	1.05716e+06	0	1.05716e+06	590.393
1 12	407858	484069	891928	1605.05
1 13	489469	513171	1.00264e+06	1800.76
1 14	480553	550556	1.03111e+06	1909.48
1 15	502193	760664	1.26286e+06	1916.02
1 16	479600	606188	1.08579e+06	1986.29
1 17	443392	512418	955810	1908.25
1 18	508752	778808	1.28756e+06	1924.51
1 19	436829	633784	1.07061e+06	1721.43
1 20	463688	440546	904234	1845.82
1 21	505297	565896	1.07119e+06	1814.89
1 22	471212	480432	951643	1891.18
1 23	489360	482974	972335	1930.47
1 24	435691	537812	973503	1676.17
1 25	479501	746480	1.22598e+06	1863.2
1 26	515235	799670	1.31491e+06	1778.65
1 27	441409	649202	1.09061e+06	1793.54
1 28	471251	496945	968196	1853.7
1 29	465159	585190	1.05035e+06	1891.08
1 30	411580	560715	972295	1577.36
1 31	445157	523970	969127	1789.28
1 32	466040	563363	1.0294e+06	1881.2
1 33	466725	488985	955710	1847.09
1 34	470255	539017	1.00927e+06	1941.72
1 35	424703	433669	858372	1758.73
1 36	431526	510756	942283	1871.45
1 37	434618	572102	1.00672e+06	1657.72
1 38	455736	569112	1.02485e+06	1748.7
1 39	436065	470804	906869	1892.76
1 40	438657	461778	900434	1845.4
1 41	503691	646301	1.14999e+06	1882.52
1 42	435333	430993	866326	1766.13
1 43	476338	525346	1.00168e+06	1843.96
1 44	474586	486689	961276	1800.65
1 45	498693	472493	971186	1830.99
1 46	441158	551994	993152	1846.17
1 47	433538	467241	900779	1743.22
1 48	467172	499515	966687	1818.82
1 49	425724	447405	873130	1558.03
1 50	417970	693290	1.11126e+06	1585.12
1 51	451090	627054	1.07814e+06	1834.18
1 52	594683	887204	1.48189e+06	2425.15
1 53	435889	605247	1.04114e+06	1751.94
1 54	417192	455073	872265	1638.6
1 55	430320	485379	915699	1777.07
1 56	427416	477726	905142	1616.22
1 57	448816	459189	908005	1861.59
1 58	418891	472203	891094	1682.25
1 59	475649	547789	1.02344e+06	1786.99
1 60	450791	577623	1.02841e+06	1858.97
1 61	444517	646514	1.09103e+06	1873.83
1 62	441703	517929	959632	1901.45
1 63	699186	0	699186	480.259
1 64	549402	1.24177e+06	1.79117e+06	1960.69
1 65	444255	601054	1.04531e+06	1644.46
1 66	469316	482676	951992	1821.33
1 67	423776	491932	915707	1757.7
1 68	471133	688500	1.15963e+06	2061.39
1 69	437279	471960	909239	1824.81
1 70	452778	476687	929466	1866.57
1 71	434437	478893	913330	1744.77
1 72	432212	500766	932977	1843.88
1 73	432834	509810	942645	1836.82
1 74	922754	0	922754	485.224
1 75	447189	603591	1.05078e+06	1681.73
1 76	435286	488927	924212	1801.43
1 77	450043	649201	1.09924e+06	1874.26
1 78	494851	614321	1.10917e+06	1914.09
1 79	451750	497225	948975	1746.87
 509.062, 10.4153, 2.26625, 0.340357, 0.136189, 0.0752779, 0.0485863, 0.0339333,
2 1	575776	74079	649855	163.04
2 2	1.01631e+06	121230	1.13754e+06	499.146
2 3	578149	62378.5	640527	370.574
2 4	561826	53675.8	615502	160.661
2 5	502951	70539.6	573490	175.151
2 6	595016	97192.7	692209	218.403
2 7	621891	216152	838043	554.679
2 8	596982	100207	697189	328.662
2 9	651138	195280	846418	342.634
2 10	567626	70924.6	638550	162.361
2 11	651063	69544.1	720607	370.646
2 12	480612	78660.6	559273	183.474
2 13	561493	68228.6	629721	166.952
2 14	556331	59149.4	615480	167.336
2 15	612034	163169	775203	425.565
2 16	564862	50730	615592	273.388
2 17	523482	37729	561211	172.449
2 18	642827	131832	774659	409.16
2 19	526869	95843.8	622713	196.955
2 20	538126	35077.8	573203	216.628
2 21	580955	87069.3	668025	169.795
2 22	550466	43573.8	594040	260.712
2 23	562483	45466.5	607950	178.296
2 24	512766	75246.6	588013	212.112
2 25	609865	123047	732912	418.249
2 26	632185	200524	832709	253.018
2 27	540995	80895.1	621890	193.324
2 28	542918	45066.5	587985	165.536
2 29	550161	57563.5	607725	166.8
2 30	490491	101913	592403	153.084
2 31	527757	51357	579114	158.249
2 32	553097	65471	618568	171.479
2 33	536654	49829.3	586483	174.414
2 34	548366	51730.2	600097	189.726
2 35	494765	45778.8	540544	151.286
2 36	510485	39266	549751	158.757
2 37	513878	88621.6	602500	212.112
2 38	533658	72364.5	606023	259.928
2 39	513981	29989.4	543970	200.591
2 40	511959	35852.5	547811	186.935
2 41	603069	107840	710909	220.87
2 42	504406	31544.8	535951	145.509
2 43	552201	63251.5	615453	177.151
2 44	547782	61891.9	609674	148.604
2 45	566698	43432.1	610130	184.703
2 46	526289	53632	579921	282.419
2 47	513578	50966.6	564544	197.469
2 48	541754	43674.1	585428	274.277
2 49	490659	77719.7	568379	156.773
2 50	506645	158003	664648	211.864
2 51	556210	70060.3	626270	370.912
2 52	704440	75141.3	779582	217.015
2 53	523584	87070.8	610654	233.382
2 54	489033	53338.3	542372	240.263
2 55	510459	49848.4	560308	194.482
2 56	501549	74435.2	575984	158.173
2 57	517823	34941.9	552765	184.795
2 58	491097	64310.9	555408	154.734
2 59	559964	71648.3	631612	329.453
2 60	539977	57247.4	597225	187.129
2 61	535963	84622.8	620585	201.526
2 62	521049	42125.7	563175	181.528
2 63	495604	33435.4	529039	223.903
2 64	732693	301279	1.03397e+06	573.778
2 65	529875	91977	621852	168.426
2 66	546263	59048.1	605311	171.39
2 67	495453	55327.7	550780	174.677
2 68	573278	59104.9	632383	185.117
2 69	508205	35954.3	544160	159.09
2 70	524741	34221.2	558963	230.027
2 71	508891	47276.1	556168	350.082
2 72	505755	45490	551245	174.705
2 73	518961	45476.6	564438	174.778
2 74	712428	42193.1	754621	612.526
2 75	536366	102379	638745	300.623
2 76	508786	42221.7	551007	179.629
2 77	563757	75360.2	639117	391.163
2 78	598269	75658.9	673928	180.974
2 79	524011	52670.7	576681	207.488
 509.354, 10.5115, 2.31249, 0.343014, 0.136752, 0.0754941, 0.0488044, 0.0340762,
3 1	581650	62748.4	644398	40.276
3 2	1.00494e+06	96041.7	1.10098e+06	253.121
3 3	522754	77658.6	600412	124.751
3 4	565154	45640.2	610794	52.9566
3 5	507534	59674.6	567209	53.5282
3 6	598066	86900.8	684967	86.8345
3 7	629793	206837	836630	329.758
3 8	601485	89583.6	691068	71.1304
3 9	660549	177034	837583	89.551
3 10	571992	60407.5	632400	40.4941
3 11	612563	81743	694306	88.3009
3 12	484773	68932.9	553706	55.817
3 13	566674	58702.1	625377	42.7449
3 14	560996	46906.9	607903	39.6229
3 15	618278	149793	768071	108.784
3 16	569159	38675.4	607835	106.245
3 17	527301	27958.8	555260	53.6581
3 18	652083	115733	767816	119.819
3 19	530064	82596.5	612661	66.9255
3 20	541832	29106.6	570938	62.2132
3 21	585832	74792.4	660624	44.9728
3 22	552875	38084.8	590959	124.648
3 23	565680	39265.3	604945	77.4476
3 24	517112	62694.6	579806	55.2269
3 25	615747	110368	726114	185.107
3 26	644630	181190	825820	142.317
3 27	545306	65978.5	611284	57.4772
3 28	546967	34527.4	581495	61.4522
3 29	554259	45044.3	599303	41.6837
3 30	495775	90822.6	586597	35.8244
3 31	532758	40088.3	572846	36.5992
3 32	556762	56619.8	613381	51.7296
3 33	540158	42294.7	582453	61.0528
3 34	552554	41758.7	594312	53.6115
3 35	498205	39804.4	538010	41.258
3 36	514102	31685.1	545787	40.1556
3 37	517566	77450.9	595016	55.0822
3 38	538794	56801.4	595595	51.6588
3 39	517211	23827.7	541039	70.7769
3 40	515826	29127.7	544954	68.5824
3 41	610084	97083.5	707168	86.3425
3 42	508321	24721	533042	35.6542
3 43	555426	53496.8	608923	55.6941
3 44	552715	52406.4	605121	35.4026
3 45	569194	35679	604873	66.7397
3 46	529457	43273.5	572730	60.8509
3 47	517881	44875.6	562756	49.5452
3 48	545485	33198.5	578684	85.9706
3 49	494728	69988.7	564717	43.695
3 50	510426	144827	655252	78.8262
3 51	560088	58770.6	618859	114.311
3 52	708577	63302.5	771879	75.9144
3 53	527552	74315.5	601867	57.129
3 54	493038	43638.8	536676	53.8716
3 55	514050	45829.4	559880	68.1167
3 56	505274	68266.7	573541	40.8809
3 57	521365	26490.6	547855	54.3143
3 58	494805	57870.6	552676	36.4214
3 59	564282	61379.9	625662	67.1114
3 60	545456	46975.4	592431	44.0821
3 61	540794	72416.7	613211	57.2214
3 62	525236	33231.7	558467	71.2721
3 63	478114	37546.9	515661	56.7909
3 64	750925	263390	1.01431e+06	358.886
3 65	535111	78071.4	613182	45.4277
3 66	551257	50959.9	602217	53.5324
3 67	499247	45215.9	544463	61.8989
3 68	576754	47760.7	624515	46.6223
3 69	511951	27318.8	539270	46.0776
3 70	527466	27320.9	554787	72.3641
3 71	511109	36884.4	547994	66.9451
3 72	509609	35004.3	544614	48.8041
3 73	524052	36779.4	560832	48.6162
3 74	689497	65067.4	754565	389.388
3 75	541190	91017.5	632208	62.1244
3 76	512695	31775.1	544470	50.5294
3 77	568680	61914.2	630594	94.75
3 78	606243	64278.8	670522	42.3014
3 79	528212	41056.4	569268	82.5762
 509.061, 10.5408, 2.32561, 0.34381, 0.136967, 0.0755664, 0.048869, 0.0341088,
4 1	583611	29813.6	613424	133.594
4 2	1.00556e+06	44304.3	1.04987e+06	287.312
4 3	518761	39030.7	557791	144.066
4 4	566244	21771.3	588015	133.657
4 5	508884	28935.3	537820	140.517
4 6	600471	41382.4	641854	182.366
4 7	628476	97984.6	726460	325.697
4 8	603141	43499.9	646641	153.741
4 9	664244	86157	750401	202.499
4 10	573018	28987.2	602006	132.001
4 11	610233	41936	652169	201.923
4 12	486080	33700.5	519780	131.894
4 13	568164	28275.3	596439	135.428
4 14	562397	21974.9	584372	129.607
4 15	621425	73094.3	694519	228.811
4 16	571683	17953.7	589637	208.783
4 17	528617	12878.5	541495	146.582
4 18	656786	56050.2	712837	274.267
4 19	531706	39571.1	571277	150.826
4 20	543329	14095.6	557425	157.223
4 21	587370	35683.6	623053	134.171
4 22	555756	18000.8	573757	222.503
4 23	566745	19047.6	585793	157.326
4 24	518565	30057.4	548623	138.144
4 25	623662	51232.4	674895	334.442
4 26	649553	88043.9	737597	221.599
4 27	547071	31102.4	578174	162.134
4 28	548165	16195.5	564360	132.603
4 29	555439	21012.8	576452	138.09
4 30	497370	44471.9	541842	134.491
4 31	534366	18697.1	553063	126.521
4 32	558119	27097.8	585217	144.784
4 33	541596	20546.7	562143	153.52
4 34	553989	19790.7	573779	147.759
4 35	499512	19493.5	519006	127.809
4 36	515372	15028	530400	130.375
4 37	518962	37546.2	556508	133.083
4 38	540596	26483.7	567080	131.412
4 39	518561	11429	529990	159.841
4 40	517282	14191.1	531473	152.905
4 41	612455	47286.5	659741	182.274
4 42	509552	11843.2	521395	118.221
4 43	556822	25320.4	582142	144.635
4 44	554196	24958.9	579155	124.771
4 45	570365	16935	587300	142.117
4 46	530820	20232.9	551053	149.328
4 47	519434	22038.9	541473	143.431
4 48	546845	15511.7	562356	143.318
4 49	496233	34380.3	530613	130.696
4 50	512047	71276.5	583324	156.843
4 51	565644	27505.6	593149	282.418
4 52	709790	30379.6	740170	158.353
4 53	529382	35558.7	564941	151.848
4 54	494423	20859.2	515282	138.345
4 55	515412	23132.5	538545	166.87
4 56	506616	33924.5	540541	132.731
4 57	522594	12416.6	535010	134.004
4 58	495875	28756.6	524632	130.339
4 59	566537	29208.9	595746	147.417
4 60	547512	22143.6	569656	133.736
4 61	542258	35045.8	577303	147.488
4 62	526794	15599.6	542393	160.379
4 63	477197	19238.6	496436	128.204
4 64	763294	123376	886670	399.251
4 65	536853	37494.8	574348	139.025
4 66	552762	24568.2	577330	138.905
4 67	500424	21687	522111	139.769
4 68	577930	22577.7	600507	154.298
4 69	513149	12798.4	525947	127.802
4 70	528895	13150.1	542045	166.186
4 71	512733	17112.4	529845	174.912
4 72	510814	16341.8	527156	133.412
4 73	526177	17528	543705	146.165
4 74	671537	29876.4	701414	268.483
4 75	543285	44528.1	587813	149.142
4 76	513983	14715.5	528699	132.253
4 77	573081	29134.3	602215	245.778
4 78	608910	30866.2	639776	149.362
4 79	530007	19111.9	549119	160.096
 514.73, 10.0595, 2.32493, 0.311067, 0.127616, 0.0725344, 0.0469418, 0.0329838,
5 1	553143	46254.7	599398	50.4832
5 2	947292	98061	1.04535e+06	145.81
5 3	488900	58662.6	547562	145.468
5 4	542007	33501.9	575509	61.4118
5 5	480907	44659	525566	57.0804
5 6	568250	60700	628950	81.1768
5 7	574858	130020	704878	136.699
5 8	568883	62540.2	631423	61.572
5 9	610544	120162	730706	92.0082
5 10	548202	43369.5	591571	50.3761
5 11	570301	65287.6	635589	65.3992
5 12	457530	49127.4	506657	48.6966
5 13	541785	43003.3	584789	50.255
5 14	536766	36169.1	572935	48.2194
5 15	569774	104679	674454	74.1671
5 16	545583	34833	580416	112.234
5 17	504960	25955.3	530916	63.9
5 18	601411	91334.5	692745	112.559
5 19	498471	62068.8	560540	66.2068
5 20	518569	26092.8	544662	52.6655
5 21	559121	51320.4	610441	50.9172
5 22	528600	33765.6	562366	109.835
5 23	542521	31424.8	573945	77.7608
5 24	490142	46572.9	536715	53.4586
5 25	569557	87201.4	656758	146.361
5 26	595263	122179	717442	190.937
5 27	513059	54079.1	567138	61.1804
5 28	525041	28990.4	554032	72.9686
5 29	528182	37584.7	565767	53.7867
5 30	464365	63970.2	528335	46.0538
5 31	506195	33739.5	539934	49.3433
5 32	526340	43077.5	569418	57.1309
5 33	517308	33389	550697	64.6313
5 34	528175	34097.5	562272	60.9293
5 35	473562	31776.3	505338	45.5329
5 36	489100	27316.4	516416	50.0557
5 37	487581	56041.1	543622	51.8608
5 38	513840	43589.7	557430	47.3217
5 39	494926	23300.9	518227	70.8205
5 40	492809	26026.1	518836	77.8671
5 41	573341	70816	644157	120.054
5 42	486189	22239.7	508429	45.5309
5 43	530778	39532.7	570310	58.9491
5 44	527447	37872.7	565320	47.5969
5 45	548605	28793.3	577398	68.3299
5 46	501809	35109.7	536919	51.8997
5 47	489400	37014.1	526414	56.2386
5 48	523785	27766.9	551552	97.4265
5 49	468543	48611	517154	50.151
5 50	473095	96608	569703	71.0328
5 51	527539	51627.4	579167	114.983
5 52	680707	51185	731893	93.0245
5 53	497666	55142.6	552809	53.6896
5 54	469140	34459.2	503599	45.5938
5 55	485465	38761	524226	89.1921
5 56	476342	49888.2	526231	51.5328
5 57	501048	23239.5	524288	54.9252
5 58	469089	42964.8	512054	48.5472
5 59	536804	44779.9	581584	58.9729
5 60	517333	38059.3	555393	53.2977
5 61	511941	54703	566644	59.3151
5 62	501190	28477.6	529668	75.1894
5 63	452485	31391.2	483876	56.8605
5 64	671464	186939	858403	281.112
5 65	503955	58563.6	562519	52.6524
5 66	524620	38589.6	563209	58.3502
5 67	475888	35399.8	511288	58.6153
5 68	547615	42348.6	589964	67.4678
5 69	490514	23701.2	514215	50.1269
5 70	506512	24406.5	530918	64.756
5 71	487592	30390.7	517982	57.0061
5 72	487559	29635.7	517194	53.2328
5 73	497171	33148.1	530319	82.2373
5 74	626481	55417	681898	154.501
5 75	506914	65854.2	572768	51.4525
5 76	490410	26904.5	517315	52.9727
5 77	533836	52429.4	586266	83.0005
5 78	573198	51503.8	624702	53.2666
5 79	505060	32202.4	537263	84.8761
 515.352, 9.97456, 2.30498, 0.310215, 0.127376, 0.072379, 0.0468253, 0.0328911,
6 1	547769	49886.2	597655	30.7217
6 2	935383	111464	1.04685e+06	108.522
6 3	483417	63597.4	547014	88.1483
6 4	538331	35521.9	573853	63.2812
6 5	476606	47930.4	524537	73.401
6 6	563752	63868.3	627620	128.374
6 7	565574	136716	702290	158.686
6 8	563064	66678	629742	62.965
6 9	600810	128382	729192	128.386
6 10	544241	46127.1	590368	34.952
6 11	563448	70502.1	633950	131.489
6 12	453036	52326.4	505362	43.6227
6 13	537253	46168.9	583422	46.1931
6 14	532502	39238.9	571741	26.3057
6 15	561635	111204	672839	129.186
6 16	541551	38017.2	579568	181.154
6 17	500797	29053.1	529850	87.6389
6 18	591580	99897.4	691477	168.59
6 19	493277	66834.5	560112	67.4027
6 20	515034	28624.7	543659	136.298
6 21	554398	54564.9	608963	38.7511
6 22	525844	35871	561715	190.507
6 23	538843	33851.2	572694	93.5385
6 24	485590	50149.4	535739	56.4687
6 25	563119	91255.8	654375	277.391
6 26	585340	130082	715422	137.559
6 27	507509	58965.5	566475	79.2462
6 28	521194	31807.5	553002	62.7954
6 29	523366	41362.1	564728	50.2883
6 30	458907	68205.1	527112	26.6727
6 31	501305	37068.7	538374	30.2976
6 32	521364	45888.2	567252	49.8577
6 33	513579	36180.7	549760	98.4568
6 34	523862	37402.2	561264	71.8626
6 35	469509	34343.2	503853	34.797
6 36	484852	29774.2	514626	41.3358
6 37	482458	59983.2	542441	33.6873
6 38	509132	47497.9	556630	29.2957
6 39	491359	25859.4	517218	120.752
6 40	488753	28789	517542	110.121
6 41	565850	76534.4	642385	92.1277
6 42	482347	24467.4	506814	30.458
6 43	526953	42022.6	568975	69.6118
6 44	523069	40350.6	563419	28.8478
6 45	545376	31288.5	576665	99.5585
6 46	496830	38071.2	534901	50.6116
6 47	484317	40461	524778	67.3518
6 48	519947	30595.3	550542	101.409
6 49	464145	51585.9	515731	47.8884
6 50	467336	101871	569207	67.3668
6 51	522394	54685	577079	246.281
6 52	675992	55560.3	731553	43.8972
6 53	492705	59179.6	551884	71.2735
6 54	464773	37381.3	502155	43.4532
6 55	480729	42255.9	522985	116.395
6 56	471734	53202.3	524936	46.2484
6 57	497541	25667.2	523208	79.7595
6 58	464975	45926.8	510902	36.962
6 59	531403	48387.1	579790	38.6438
6 60	511564	41845.8	553410	41.1189
6 61	506504	59188.7	565693	57.1554
6 62	497103	31042.8	528145	106.794
6 63	448543	33848.5	482391	51.9212
6 64	655083	200669	855752	300.119
6 65	498418	63229.9	561648	44.6363
6 66	520010	41451.9	561462	63.4168
6 67	472104	38182.2	510286	72.4285
6 68	542120	46760	588880	47.6722
6 69	486781	25986.1	512767	52.3441
6 70	503793	26579.6	530372	148.271
6 71	483502	33077.7	516580	80.6561
6 72	483374	32707	516081	55.3347
6 73	492109	36796.7	528906	81.2906
6 74	616011	63009.5	679021	166.563
6 75	500757	70759.2	571516	63.2989
6 76	486415	29574.4	515990	59.3584
6 77	527665	57791.4	585456	184.017
6 78	566365	56933.9	623299	51.5817
6 79	501310	35005.5	536315	121.278
 515.551, 9.95285, 2.30068, 0.310143, 0.127363, 0.0723524, 0.0468102, 0.0328725,
7 1	547924	25543.7	573468	112.925
7 2	943543	57659.6	1.0012e+06	253.929
7 3	486009	32185.4	518195	120.889
7 4	538378	18166.7	556545	105.574
7 5	478013	24547	502560	110.159
7 6	563702	32919.3	596621	128.073
7 7	564589	69460.2	634049	147.825
7 8	563610	33960.4	597571	119.721
7 9	599679	65501.4	665180	153.75
7 10	545093	23480.9	568574	111.336
7 11	562504	36172.1	598676	124.317
7 12	454820	26693.2	481513	104.946
7 13	537881	23605.9	561487	110.836
7 14	533171	20163	553334	112.879
7 15	562202	56710.7	618912	151.954
7 16	541418	20170.2	561588	133.302
7 17	500184	14977.9	515162	119.035
7 18	590601	51308	641909	160.566
7 19	497031	34295.6	531327	126.638
7 20	514347	14814.7	529162	104.045
7 21	554946	27818.3	582764	112.14
7 22	524940	19201.4	544141	133.038
7 23	538975	17346.6	556322	119.865
7 24	487295	25695.2	512990	110.208
7 25	561521	48659.1	610180	165.621
7 26	584518	66415.2	650933	169.89
7 27	508819	30346.3	539165	129.445
7 28	521609	16453	538062	113.162
7 29	523716	21244.9	544960	118.121
7 30	461918	34754	496672	111.177
7 31	501471	19150.8	520621	108.673
7 32	521199	23430.7	544629	117.26
7 33	514331	18701.7	533033	111.455
7 34	524529	19329	543858	116.119
7 35	470537	17662.3	488200	104.401
7 36	485189	15375.3	500564	108.925
7 37	485818	30625.3	516443	112.678
7 38	510536	24456.1	534992	110.368
7 39	490872	13373.2	504245	119.093
7 40	488862	14916.3	503778	118.749
7 41	566134	39149.9	605284	145.782
7 42	482424	12639.8	495063	99.3885
7 43	527082	21525.8	548608	114.904
7 44	523090	20626.8	543717	104.645
7 45	545493	16076.3	561569	109.853
7 46	496689	19513.2	516202	110.16
7 47	484944	20872.9	505817	112.902
7 48	519609	15791.9	535401	121.422
7 49	465990	26313.9	492304	102.367
7 50	474306	51850.1	526156	128.318
7 51	521154	29234.2	550388	129.983
7 52	677350	28401.8	705752	151.942
7 53	495241	30352.3	525594	118.024
7 54	465326	19140.2	484466	103.53
7 55	482204	21765.6	503969	129.157
7 56	473746	27190.4	500937	107.455
7 57	497277	13287	510564	104.62
7 58	466909	23481	490390	107.46
7 59	531397	24844.7	556242	113.882
7 60	511938	21598.4	533536	116.533
7 61	509335	30314.4	539650	126.213
7 62	496889	16109.7	512999	120.593
7 63	449361	17333.4	466695	105.504
7 64	655957	103639	759595	253.891
7 65	501208	32362.6	533571	117.929
7 66	519621	21234.4	540855	112.63
7 67	472874	19596.9	492471	112.19
7 68	542574	24020.8	566595	139.958
7 69	486742	13400.7	500142	104.473
7 70	503299	13867.1	517166	108.052
7 71	483520	17053.1	500573	106.629
7 72	483721	16841.7	500563	110.234
7 73	491545	19133.9	510679	117.966
7 74	615762	35071.2	650833	167.334
7 75	503217	36208.8	539425	116.262
7 76	486537	15261.4	501799	107.283
7 77	526474	30465.1	556939	132.612
7 78	565576	29411.8	594988	120.434
7 79	501199	18100.3	519299	116.465
 521.132, 9.61393, 2.30124, 0.278669, 0.118441, 0.0693203, 0.0449334, 0.0317946,
8 1	521855	39717.7	561573	41.0586
8 2	860087	121621	981708	96.4673
8 3	462437	47156.5	509593	116.224
8 4	517627	28985.3	546613	58.6628
8 5	455450	37340.4	492790	71.6471
8 6	539019	46873.5	585893	99.5666
8 7	530142	87931.2	618073	79.1423
8 8	537315	48020.5	585335	43.8418
8 9	561389	87230.9	648620	76.3947
8 10	524584	35483.3	560067	42.8457
8 11	531012	53426.8	584439	66.6034
8 12	432499	38628.8	471128	45.9522
8 13	515687	35997.7	551684	47.273
8 14	510398	33358.2	543756	39.9615
8 15	525169	76808.4	601978	69.2051
8 16	517715	35329.4	553044	156.035
8 17	477781	28247	506028	61.4373
8 18	546727	76499.4	623227	104.182
8 19	469600	51607.6	521208	67.6488
8 20	492803	25923.9	518727	95.6649
8 21	532047	40476.9	572524	46.2159
8 22	503155	31561.8	534717	143.035
8 23	518301	28650.6	546951	76.8441
8 24	464251	38990.7	503241	51.5027
8 25	521177	71135.8	592312	189.89
8 26	544679	87685.5	632364	96.1628
8 27	479968	48851.1	528819	74.5916
8 28	501002	28425.7	529428	60.3216
8 29	499199	36488.2	535688	54.4869
8 30	436980	48767.6	485748	41.7223
8 31	476310	32886.3	509196	40.0235
8 32	494735	37265.6	532001	44.6726
8 33	493571	30191.2	523762	92.8772
8 34	501541	32536.9	534078	64.7663
8 35	448980	28314.3	477294	40.3932
8 36	461708	27650.7	489359	39.7734
8 37	460296	45159.3	505455	42.2071
8 38	487118	39205.7	526323	40.7701
8 39	468809	25629.2	494438	82.4923
8 40	467124	26301.6	493425	76.6461
8 41	534381	56685.7	591067	63.5062
8 42	461461	23141.8	484602	39.8832
8 43	504918	34029.9	538948	64.9627
8 44	500555	31934.9	532490	38.8879
8 45	526678	27038.3	553716	77.2485
8 46	471537	33234.5	504772	45.9147
8 47	459772	33457.3	493230	46.1243
8 48	498567	27755	526322	85.8979
8 49	445206	36699.4	481905	46.3193
8 50	444969	69249.7	514219	65.876
8 51	491522	46198	537720	192.41
8 52	647255	49579.8	696835	61.0498
8 53	468925	45980.1	514905	73.2792
8 54	444263	30754.5	475018	45.7198
8 55	457382	34884	492266	78.3379
8 56	450610	39112.7	489723	43.5167
8 57	477815	24112	501927	61.359
8 58	444806	35216.6	480023	43.0723
8 59	506218	38041.8	544260	39.5547
8 60	484408	36517.8	520925	47.6189
8 61	482678	46750	529428	50.6645
8 62	473812	28604	502416	85.5415
8 63	428526	28233.2	456759	47.9954
8 64	584801	143339	728140	152.142
8 65	474236	48773	523009	54.7848
8 66	495485	33449.7	528934	54.5014
8 67	452193	31536.9	483730	73.0901
8 68	514198	42370.2	556568	58.7661
8 69	466134	24530.5	490665	54.5104
8 70	483779	24856.6	508636	101.15
8 71	462372	28874.3	491247	60.9165
8 72	463059	29284.7	492344	53.7763
8 73	465575	33328.2	498904	57.1371
8 74	576767	56845.7	633612	147.031
8 75	474613	51980	526593	58.2608
8 76	465273	27214.4	492487	57.3051
8 77	493206	49463.6	542670	139.146
8 78	533632	47144	580776	45.907
8 79	479641	30057.6	509699	95.5023
 521.883, 9.55031, 2.28296, 0.277392, 0.118155, 0.0691375, 0.0448199, 0.0317091,
9 1	517298	42949.8	560248	28.917
9 2	847243	134319	981562	64.5887
9 3	458475	51005.5	509481	65.1758
9 4	513990	31502.3	545492	41.664
9 5	451653	40245.7	491899	48.5423
9 6	534037	50857.7	584894	50.7284
9 7	523578	92728.6	616307	32.7537
9 8	532992	51107.7	584100	35.5929
9 9	554742	92023.7	646766	46.2089
9 10	521013	38324.9	559337	25.9203
9 11	525542	57015	582557	36.1202
9 12	428705	41305.8	470010	37.7843
9 13	511682	38910	550592	27.6069
9 14	506634	36374.8	543008	28.0096
9 15	519273	80894.1	600167	34.2235
9 16	513009	40409.2	553418	97.8605
9 17	473794	31301	505095	58.8379
9 18	539695	81297.1	620992	65.0257
9 19	465104	55751.5	520856	42.3961
9 20	488955	28130.4	517085	36.3841
9 21	527934	43599.3	571534	28.4559
9 22	498082	34881.4	532963	82.3806
9 23	514978	30935.8	545914	58.5656
9 24	460148	42317.9	502466	34.0828
9 25	512102	77252.1	589354	95.2794
9 26	537422	93111.6	630534	115.735
9 27	475147	53201.6	528349	40.4262
9 28	497527	31309.8	528836	54.0526
9 29	495265	39936.3	535201	38.3363
9 30	432779	51941.1	484721	33.3912
9 31	472244	35809.4	508053	28.1963
9 32	490735	39895.6	530630	33.7842
9 33	489737	32892.5	522630	45.5646
9 34	497665	35599.8	533265	53.1877
9 35	445458	30386.2	475844	26.8673
9 36	458106	30113.6	488220	32.0691
9 37	456345	48280.4	504625	31.6045
9 38	483079	42784.8	525863	24.0784
9 39	465216	27990.6	493207	68.6403
9 40	463365	28805.8	492171	70.1647
9 41	529216	60326.6	589543	64.8299
9 42	458031	25222.5	483254	37.8271
9 43	501085	36960.5	538045	35.2425
9 44	496773	34350.5	531123	27.9087
9 45	523291	29506.4	552798	53.9087
9 46	467486	36181.2	503667	26.0199
9 47	455675	35953.3	491628	30.0178
9 48	494741	30627.2	525368	87.975
9 49	441821	38880.3	480701	40.337
9 50	440320	73289.5	513610	56.5466
9 51	484621	50754.4	535375	60.6238
9 52	643171	53567.8	696738	68.6049
9 53	464581	49484.5	514066	30.1722
9 54	440700	33290.5	473991	26.5363
9 55	453430	37188.1	490618	55.8163
9 56	447046	41372.6	488418	39.5523
9 57	474419	26586.4	501006	46.1436
9 58	441544	37465.6	479010	63.952
9 59	501483	41288.6	542772	49.2696
9 60	479532	39770.3	519303	30.3686
9 61	477964	50593.2	528557	61.4246
9 62	469559	31632.4	501191	61.1833
9 63	425193	30392.1	455586	41.2922
9 64	570718	153094	723813	119.393
9 65	470004	52375.3	522379	35.0471
9 66	491522	35873	527395	39.2314
9 67	448478	34445.3	482924	50.7505
9 68	509500	46462.5	555962	67.4226
9 69	462544	26992.5	489536	35.0688
9 70	480003	27406.5	507409	50.8005
9 71	458599	31727.8	490327	34.076
9 72	459572	32188.8	491761	38.6233
9 73	461348	36089.9	497437	65.3061
9 74	565536	65762.7	631298	101.66
9 75	469790	55471.6	525262	32.0375
9 76	461541	29993.6	491535	34.4167
9 77	485946	54360.9	540307	54.7942
9 78	527690	51152	578842	31.7471
9 79	475616	33017	508633	73.0574
 522.173, 9.51835, 2.27424, 0.276611, 0.117989, 0.069041, 0.0447528, 0.0316634,
10 1	516723	22166.8	538890	92.7469
10 2	848074	69626	917700	211.266
10 3	458927	26060.9	484988	108.666
10 4	513648	16290.3	529938	97.2411
10 5	451788	20706.2	472494	103.876
10 6	534697	25767.4	560464	133.856
10 7	522277	47176.1	569454	108.583
10 8	532747	26177.4	558924	91.6511
10 9	553774	46927.5	600702	121.445
10 10	520864	19768.2	540632	92.7923
10 11	524511	29135.4	553646	105.487
10 12	428687	21185	449872	86.2239
10 13	511582	20001.6	531584	92.1594
10 14	506317	18940.6	525258	94.8845
10 15	518776	41216.2	559992	110.783
10 16	512586	20097.3	532683	146.492
10 17	472979	16285.8	489265	110.754
10 18	538677	41427.6	580105	136.549
10 19	466027	28658.3	494685	106.543
10 20	488887	14451.5	503339	136.405
10 21	527601	22506.5	550108	92.6524
10 22	499319	17450.3	516770	162.404
10 23	514763	15987.5	530751	112.483
10 24	460329	21797.4	482127	94.1099
10 25	513536	38649.2	552185	197.677
10 26	535933	47423.5	583357	123.806
10 27	475202	27403.3	502605	118.533
10 28	497393	16214.3	513607	101.113
10 29	494840	20744.5	515584	103.232
10 30	433249	26572.1	459821	84.1657
10 31	471664	18575.5	490239	91.4887
10 32	489911	20641.5	510553	95.4169
10 33	489946	16820.9	506767	119.16
10 34	497514	18403.3	515917	102.082
10 35	445355	15587.6	460943	86.0284
10 36	457720	15621.3	473341	92.0946
10 37	457022	24835.8	481857	87.5847
10 38	483051	22204.6	505256	90.4655
10 39	464672	14437.9	479110	121.491
10 40	462954	14861.3	477815	108.144
10 41	528698	30814.1	559512	108.267
10 42	457441	13095.9	470536	88.3276
10 43	500877	19067.3	519945	105.726
10 44	496125	17761.1	513887	87.3583
10 45	523395	15282.7	538678	112.058
10 46	466795	18791.3	485586	93.4501
10 47	455406	18434.2	473840	91.0277
10 48	494306	15945.8	510252	124.149
10 49	441971	19864.5	461836	83.9663
10 50	442267	37313.5	479581	100.334
10 51	484978	25797.2	510776	200.341
10 52	643570	27572.9	671143	123.29
10 53	465021	25468.3	490489	108.36
10 54	440387	17156.6	457544	90.7503
10 55	453593	18985.2	472578	113.405
10 56	447301	21101.2	468402	85.2327
10 57	474049	13783.3	487833	104.671
10 58	441591	19123.2	460715	87.448
10 59	500749	21303	522052	89.6694
10 60	479001	20607.9	499609	97.0056
10 61	478245	26021	504266	103.306
10 62	469114	16252.5	485367	119.388
10 63	425036	15589.3	440625	90.9491
10 64	567043	78378	645421	148.68
10 65	470467	26959.3	497426	94.2934
10 66	490873	18391.1	509264	97.6404
10 67	448398	17718.5	466116	106.165
10 68	508926	24024.7	532950	116.849
10 69	461940	14050.3	475990	97.728
10 70	480251	14090.7	494342	136.765
10 71	458209	16454.2	474664	98.0662
10 72	459264	16708.5	475972	99.3746
10 73	460491	18546.1	479037	101.889
10 74	566119	33427.7	599547	175.483
10 75	470084	28344.4	498428	99.2202
10 76	461240	15575.5	476815	100.441
10 77	486058	27813.2	513871	168.345
10 78	526541	26277.7	552819	97.8348
10 79	475352	17203.5	492555	121.979
 527.831, 9.27465, 2.47169, 0.257003, 0.110563, 0.0657514, 0.0429368, 0.030639,
11 1	494081	35097.2	529178	40.4306
11 2	754000	138139	892140	87.0692
11 3	439964	38449	478413	89.5418
11 4	494074	27384.1	521458	45.6286
11 5	432488	31931.7	464420	57.455
11 6	511967	39550.3	551518	50.595
11 7	497405	60942.9	558348	39.2293
11 8	511471	38365.1	549836	41.0154
11 9	525509	63337.3	588847	42.4995
11 10	502035	31392.2	533427	37.4406
11 11	499719	43160.2	542880	41.9164
11 12	410619	31308.3	441928	40.2243
11 13	492063	31522.9	523586	36.7805
11 14	485391	31699.7	517091	39.0678
11 15	491943	56598.4	548541	40.8268
11 16	490096	35358.5	525454	112.394
11 17	452124	28823.1	480947	49.8142
11 18	507968	59217	567185	56.589
11 19	444585	42301.9	486887	46.2738
11 20	469161	25146.3	494308	42.4719
11 21	506875	34625.1	541500	39.2429
11 22	478327	29947.6	508275	69.3526
11 23	495560	27235.4	522796	59.0224
11 24	440836	33403.7	474239	40.2266
11 25	481047	57300.6	538347	69.3896
11 26	506684	63341.1	570025	65.3538
11 27	452006	42103.4	494109	45.8392
11 28	478352	27805.8	506157	54.4056
11 29	473166	34368	507534	44.1078
11 30	414147	37698.8	451846	50.8783
11 31	449837	30914.9	480752	38.6443
11 32	466853	33648.2	500501	41.6767
11 33	470659	28318.4	498978	48.7889
11 34	476327	31211.5	507539	57.2735
11 35	426883	25578.4	452461	36.311
11 36	436527	27808.3	464336	38.2495
11 37	436624	36865.7	473490	39.9145
11 38	462922	34927.3	497850	35.689
11 39	444098	26405.5	470503	58.386
11 40	443444	25878.9	469323	64.1182
11 41	504295	44858.1	549153	38.8489
11 42	438201	23545.6	461746	51.0163
11 43	480375	31136.4	511512	41.5159
11 44	476092	28659.7	504752	37.9937
11 45	505674	26154	531828	56.0094
11 46	445029	31391.7	476420	38.2823
11 47	434963	29376.5	464339	36.0375
11 48	474257	27664.7	501922	70.6998
11 49	425417	28799.1	454216	38.8129
11 50	420788	50601	471389	53.7966
11 51	459388	40448.3	499836	50.9236
11 52	612760	49551.5	662312	83.4145
11 53	443132	38674.1	481806	40.0465
11 54	422618	27259.2	449877	40.9964
11 55	433399	30375.2	463774	48.9661
11 56	428937	31185.7	460123	42.1318
11 57	455570	24666	480236	45.6323
11 58	423244	29645.7	452890	61.66
11 59	478819	33448.4	512268	38.0112
11 60	454527	34413.3	488940	40.8222
11 61	455028	40333.6	495361	43.4953
11 62	447388	28876.7	476265	56.8419
11 63	406806	25820.4	432626	48.1654
11 64	520756	104400	625156	77.3062
11 65	449470	39796.2	489266	42.1068
11 66	470034	29689.9	499724	45.5928
11 67	430052	28699	458751	53.7096
11 68	483255	40693.2	523949	68.698
11 69	442513	25271.7	467785	43.4581
11 70	460531	25645.2	486176	47.5859
11 71	439682	27272.1	466954	39.771
11 72	440750	28147.7	468898	42.4066
11 73	438852	30921.8	469774	46.9256
11 74	531367	55364.3	586732	80.6893
11 75	448205	40948.6	489154	54.3823
11 76	441578	27094	468671	41.3611
11 77	457378	43996.2	501374	46.8696
11 78	500584	41031.5	541616	40.461
11 79	455689	28365	484054	65.9502
 528.429, 9.21486, 2.42384, 0.255255, 0.11026, 0.0655754, 0.0428239, 0.03056,
12 1	490184	37758.5	527943	31.0573
12 2	742978	146444	889422	56.0438
12 3	436391	41566.5	477958	65.0244
12 4	490629	29850.6	520479	46.1269
12 5	429251	34414.3	463665	65.7294
12 6	508189	41897.1	550086	88.8966
12 7	492636	64268.3	556904	41.153
12 8	507594	41119.3	548713	29.6695
12 9	520733	66626.2	587359	47.4606
12 10	498513	34166.3	532680	27.3946
12 11	495422	45884.8	541307	45.0618
12 12	407644	33452.9	441097	55.6596
12 13	488584	33976.3	522560	30.397
12 14	481849	34511	516360	28.9697
12 15	487590	59617.3	547207	39.9954
12 16	486491	38834	525325	118.872
12 17	449014	31441.4	480456	89.5916
12 18	503222	62230.5	565453	41.582
12 19	441361	45203.1	486564	56.4725
12 20	466454	27071.1	493525	103.115
12 21	502777	37623.1	540400	32.2175
12 22	475814	31188.9	507003	124.47
12 23	492432	29555.8	521988	65.9923
12 24	437428	36027.8	473456	47.4675
12 25	477339	59376.7	536715	134.152
12 26	501376	66746.4	568123	56.4802
12 27	448222	45174.5	493396	53.1294
12 28	475196	30339.6	505536	50.5772
12 29	469655	37323.2	506978	47.3657
12 30	410894	40352.3	451246	74.8383
12 31	446306	33390.3	479696	30.6202
12 32	463247	36119.7	499367	31.7974
12 33	467949	30341.9	498291	80.047
12 34	472574	33882.8	506457	44.4099
12 35	423715	27499.7	451215	27.4412
12 36	433159	30241.2	463400	29.5358
12 37	433097	39574.7	472672	28.3345
12 38	459280	37885.9	497166	25.1882
12 39	441079	28613.3	469692	89.4172
12 40	440127	28203.7	468330	57.5332
12 41	500131	47696.9	547828	34.071
12 42	435047	25581.5	460629	36.4402
12 43	477119	33607.4	510727	53.2934
12 44	472481	31034.8	503516	29.7792
12 45	502473	28542.7	531015	57.2812
12 46	441283	34245	475528	28.5601
12 47	431685	31433.4	463119	41.4881
12 48	470875	30088.1	500963	75.491
12 49	422567	30761.8	453329	48.2551
12 50	417357	53363.4	470720	59.4923
12 51	455255	43193.4	498448	94.6322
12 52	608291	54047.5	662339	47.3455
12 53	439579	41517.5	481097	62.0091
12 54	419421	29559.3	448981	36.2161
12 55	430225	32602.6	462828	62.5188
12 56	425881	33260.3	459141	59.4169
12 57	452621	26986.1	479607	74.8219
12 58	420224	31807.8	452031	55.0115
12 59	474642	36298.5	510941	32.9692
12 60	450444	37173	487617	60.6907
12 61	450964	43475.2	494439	65.7062
12 62	444147	30975.7	475123	77.6166
12 63	403986	27794.2	431781	65.1194
12 64	511715	109910	621626	54.8185
12 65	446055	42598.8	488654	40.2891
12 66	466478	31928	498406	38.9353
12 67	427186	30989.5	458175	65.0988
12 68	479184	43960.9	523145	48.0736
12 69	439342	27540.7	466883	45.0286
12 70	457742	27804.9	485547	100.705
12 71	436473	29734.9	466207	44.5323
12 72	437457	30824.1	468281	47.0165
12 73	435521	33150.8	468671	51.2648
12 74	524047	57565.9	581613	108.195
12 75	444579	43624.2	488203	45.2882
12 76	438253	29602.1	467856	46.833
12 77	453040	46760.4	499800	103.461
12 78	496458	43807.9	540266	91.5663
12 79	452365	30912.4	483278	84.5416
 528.842, 9.19254, 2.40699, 0.254612, 0.110152, 0.0655112, 0.0427806, 0.0305311,
13 1	489740	19607.8	509348	78.6203
13 2	738500	77227	815727	180.007
13 3	436621	21412.1	458033	91.0162
13 4	490270	15614	505884	80.6201
13 5	428883	17900.9	446784	81.5589
13 6	507781	21839.7	529621	82.457
13 7	492219	32893.6	525113	75.113
13 8	507588	21266.5	528854	77.0298
13 9	520489	34133.8	554622	83.4426
13 10	498451	17791.1	516242	78.9176
13 11	494733	23585	518317	78.974
13 12	407407	17279.8	424687	72.5973
13 13	488586	17616.2	506202	75.4555
13 14	481758	18003.8	499762	80.9377
13 15	487657	30583.4	518241	83.6916
13 16	485060	19846.2	504906	101.664
13 17	447921	16381.5	464302	90.6839
13 18	502724	31801.3	534525	98.1664
13 19	441677	23436.1	465113	80.5951
13 20	465485	14049	479534	79.5572
13 21	502653	19583.9	522237	77.1674
13 22	474917	16243.5	491161	94.062
13 23	492086	15430.7	507517	89.0773
13 24	437251	18745.7	455997	75.3696
13 25	476255	30326.7	506582	98.0571
13 26	500571	34169.6	534740	81.0562
13 27	447851	23446.9	471298	88.4938
13 28	474939	15851.2	490790	85.9997
13 29	469202	19452.1	488654	84.0936
13 30	410906	20748.1	431654	77.5098
13 31	445814	17413.6	463228	77.4804
13 32	462724	18835.8	481560	80.9295
13 33	467279	15949.1	483228	80.2179
13 34	472377	17653.7	490031	86.5225
13 35	423442	14249	437691	73.2035
13 36	432805	15803	448608	78.7484
13 37	433510	20491.6	454001	73.2298
13 38	459211	19736.5	478948	74.9336
13 39	440093	14849.9	454943	93.2708
13 40	439657	14667.7	454324	92.9586
13 41	500031	24511.2	524542	79.6251
13 42	434522	13314.9	447837	83.1738
13 43	476624	17562	494186	79.0301
13 44	472063	16150.1	488214	75.4423
13 45	502105	14810.2	516915	88.9736
13 46	440878	17864.8	458743	77.995
13 47	431437	16207.9	447645	73.7896
13 48	470259	15715.9	485975	99.9592
13 49	422479	15862.3	438341	69.6448
13 50	418037	27569.6	445606	81.9669
13 51	454249	22416.5	476666	82.4982
13 52	608637	27718.6	636356	109.409
13 53	439555	21524.5	461079	77.1287
13 54	418974	15341	434315	74.2356
13 55	430012	16684.9	446696	75.5911
13 56	425700	17106.4	442807	73.536
13 57	451947	14104.7	466052	82.4761
13 58	420053	16303	436356	81.6488
13 59	474017	18851.8	492869	75.7854
13 60	449926	19343.3	469270	82.7126
13 61	450689	22511	473200	86.4761
13 62	443326	16274.4	459601	87.0691
13 63	403457	14411.8	417869	78.2757
13 64	509398	56246.9	565645	95.6556
13 65	446160	22055.5	468216	76.7871
13 66	466079	16482.6	482562	79.8534
13 67	426634	16209.7	442844	82.9225
13 68	478601	22823.4	501425	105.81
13 69	438656	14423.9	453080	79.5584
13 70	456701	14586.6	471288	82.8862
13 71	436090	15540.8	451631	75.2175
13 72	437055	16105.7	453160	80.5351
13 73	434763	17122.6	451886	82.1391
13 74	523547	30345.2	553893	112.819
13 75	444630	22371.9	467002	73.9238
13 76	437750	15476.6	453227	79.1539
13 77	451756	24130.4	475887	83.3466
13 78	495426	22535.5	517962	85.3704
13 79	452000	16155.3	468155	93.6437
 534.078, 8.94301, 3.06104, 0.255091, 0.104434, 0.0626468, 0.0410887, 0.029551,
14 1	471341	30506.1	501847	39.3795
14 2	651693	137132	788826	82.4857
14 3	420866	31309.6	452176	70.0668
14 4	473526	25721.2	499247	51.3501
14 5	413085	27357.9	440443	60.7609
14 6	490009	32876.3	522886	95.3236
14 7	474029	43076.7	517106	45.1188
14 8	490177	31691.9	521869	37.657
14 9	499935	46293.7	546229	42.9265
14 10	481875	28238	510113	39.7887
14 11	475562	34735.1	510297	38.6125
14 12	393354	25559.7	418914	41.5036
14 13	472173	27536.2	499709	37.4775
14 14	463976	29212.1	493188	37.8424
14 15	467231	42616.7	509847	38.4938
14 16	464584	32764.6	497349	79.9281
14 17	430519	27071.6	457591	44.8314
14 18	481157	44601.6	525758	46.3916
14 19	425386	33670.3	459056	54.9218
14 20	449503	23748.2	473251	93.1343
14 21	484994	30201.5	515196	39.8132
14 22	459130	26037.3	485168	98.3914
14 23	475306	25772.9	501079	65.0229
14 24	421421	28254	449675	43.4659
14 25	455249	42839.3	498088	82.4875
14 26	479926	45634.7	525561	54.28
14 27	430354	34444.7	464798	51.8861
14 28	458657	26168.4	484826	51.2494
14 29	451329	30834.4	482163	48.4356
14 30	395872	29623	425495	35.6509
14 31	428213	27891.6	456104	37.7524
14 32	443788	30115.4	473903	39.6037
14 33	451301	25933.4	477234	68.814
14 34	454009	28965.4	482975	45.6872
14 35	407888	23303.1	431191	36.2036
14 36	414656	26798.5	441455	37.8862
14 37	417239	30231.5	447471	35.5169
14 38	442600	30045.2	472646	33.9923
14 39	422745	25291.2	448037	48.1513
14 40	423112	24562.4	447675	52.2048
14 41	481007	35878.2	516885	38.7508
14 42	418325	22869	441194	39.9555
14 43	459474	27857.2	487331	57.4003
14 44	455105	25981.8	481087	37.9953
14 45	486565	24787.5	511352	54.5885
14 46	422823	28825.7	451649	37.193
14 47	415334	25476.1	440810	35.0665
14 48	453573	26097	479670	88.771
14 49	409049	23627.1	432676	36.7297
14 50	402100	37407.6	439507	58.0993
14 51	435336	33823.1	469160	75.7295
14 52	578794	48180.3	626975	50.1095
14 53	422206	32177.4	454383	57.5275
14 54	404652	23715.8	428367	39.9088
14 55	413857	26465.6	440322	47.0971
14 56	410920	25653.6	436573	42.3848
14 57	435917	24022.4	459939	50.2351
14 58	404878	25303.9	430182	43.6741
14 59	456166	29200.5	485367	37.4007
14 60	429903	31027.5	460930	40.6252
14 61	431613	34099.2	465712	42.4144
14 62	425390	26966.7	452356	66.2484
14 63	388364	23333.4	411697	44.6593
14 64	480413	72290	552703	53.8261
14 65	430188	31827.5	462016	41.1488
14 66	449014	26336.7	475351	41.5412
14 67	411595	25424.2	437020	58.5151
14 68	457264	36604.7	493869	50.7186
14 69	422045	24513.2	446559	45.6256
14 70	439996	24976.3	464973	77.2479
14 71	420869	24772.6	445641	43.4397
14 72	421261	25848.4	447110	47.7017
14 73	417768	27423.7	445191	42.5613
14 74	499092	44801.6	543894	93.6974
14 75	427837	32353.8	460191	48.7284
14 76	421171	25530.2	446702	49.0529
14 77	431904	36137.4	468041	93.8338
14 78	475358	34416.3	509774	41.0696
14 79	435714	25879.1	461593	67.2736
 534.733, 8.89347, 3.02775, 0.253906, 0.104219, 0.0625263, 0.0410279, 0.0295001,
15 1	468068	32901.2	500969	32.2019
15 2	641806	142107	783913	68.3504
15 3	417782	33730.1	451513	58.8117
15 4	470376	28156	498532	39.1428
15 5	410375	29562.9	439938	60.9304
15 6	485623	36097	521720	40.1353
15 7	470114	45877.3	515991	25.3714
15 8	486711	34310.1	521021	30.8833
15 9	495962	49058	545020	30.2693
15 10	478695	30780.5	509475	30.5737
15 11	472506	37188.7	509694	106.618
15 12	390997	27538.9	418536	56.3621
15 13	469025	29923.6	498949	34.2516
15 14	460840	31717.3	492557	29.0933
15 15	463473	45525	508998	55.8927
15 16	461969	34990.5	496960	106.153
15 17	427682	29321.5	457004	50.9842
15 18	477271	47202.7	524473	42.8006
15 19	422487	36119.9	458607	39.6333
15 20	446911	25657.1	472568	87.8285
15 21	481689	32743.1	514433	34.7171
15 22	455668	28273.1	483941	60.5869
15 23	472277	28099.1	500376	52.7914
15 24	418474	30557.9	449032	35.357
15 25	451330	45373.9	496704	81.4125
15 26	475990	48359.2	524349	51.263
15 27	427233	36943.9	464176	43.4846
15 28	456006	28284.9	484291	48.1249
15 29	448153	33355.6	481508	39.4591
15 30	392962	31911.7	424874	43.5776
15 31	425471	30021.5	455493	31.7294
15 32	440644	32619.7	473264	35.7438
15 33	448308	28282	476590	40.9896
15 34	450864	31250.3	482114	44.7832
15 35	405176	25272.9	430449	34.4743
15 36	411499	29295	440794	29.3418
15 37	414143	32641.7	446784	26.5703
15 38	439444	32559.4	472004	24.5884
15 39	420197	27298.8	447496	81.5178
15 40	420292	26773.8	447066	70.5672
15 41	477463	38553	516016	42.0191
15 42	415949	24730.3	440679	51.3708
15 43	456166	30365.8	486532	29.4903
15 44	451958	28263.3	480221	30.4196
15 45	483846	26935.1	510781	62.8141
15 46	419577	31523.4	451100	39.525
15 47	412835	27489.5	440325	74.8613
15 48	450266	28427.2	478693	73.8095
15 49	406654	25572.2	432226	60.2999
15 50	399189	39832.1	439021	70.9677
15 51	431543	36629.4	468173	49.0911
15 52	574462	51862.6	626325	60.0137
15 53	419180	34583.5	453763	33.8154
15 54	402031	25746	427777	36.3215
15 55	411390	28536.2	439926	77.3963
15 56	408185	27691.5	435877	54.4041
15 57	433363	26128.6	459491	55.9389
15 58	402487	27230	429717	65.782
15 59	452969	31789.9	484759	86.8624
15 60	426415	33604.5	460019	36.8767
15 61	428418	36810.9	465229	95.0434
15 62	422431	29606.6	452038	62.2612
15 63	385876	25274.3	411150	48.5167
15 64	474647	76001	550648	44.374
15 65	427331	34177.8	461508	38.2249
15 66	446274	28366.3	474640	47.8388
15 67	409002	27642.5	436644	57.4537
15 68	454035	39304	493339	65.7718
15 69	419102	26722.1	445824	35.2591
15 70	436811	27218	464029	48.0948
15 71	418100	27093.2	445194	34.7444
15 72	418237	28283	446520	39.7919
15 73	415036	29596	444632	53.6086
15 74	493693	48813.3	542507	92.194
15 75	424741	34840	459581	52.7414
15 76	418185	27748.1	445933	32.6489
15 77	427999	38693	466692	55.8412
15 78	471854	36837.5	508692	42.9392
15 79	432748	28142.8	460891	61.8285
 535.223, 8.86692, 3.00948, 0.253197, 0.104075, 0.0624434, 0.0409748, 0.0294577,
16 1	466953	34207.3	501160	30.5305
16 2	630805	151752	782557	57.731
16 3	416725	34988	451713	61.6389
16 4	469336	29489	498825	42.8255
16 5	409144	30902.5	440047	53.1134
16 6	484915	37100.9	522016	82.6207
16 7	468941	47292.6	516233	32.0112
16 8	485569	35728.1	521297	27.5032
16 9	494640	50576.9	545217	26.9257
16 10	477662	32193.7	509856	29.0342
16 11	470799	38523.6	509323	43.5395
16 12	389934	28643.8	418577	39.5343
16 13	468003	31172.6	499175	29.7251
16 14	459745	33182.5	492927	27.4256
16 15	462079	47109.2	509188	33.0807
16 16	460293	36786.6	497080	83.9257
16 17	426471	30603.8	457075	39.79
16 18	475948	48566.1	524514	32.4431
16 19	421579	37483	459062	48.0933
16 20	445702	26777.3	472479	84.0306
16 21	480429	34244.7	514674	29.6705
16 22	455358	28988.4	484347	102.96
16 23	471352	29332.1	500684	58.0369
16 24	417445	31789.5	449234	37.9691
16 25	450739	46320.6	497060	106.725
16 26	474625	49795.2	524420	42.2102
16 27	426125	38282.2	464408	43.3813
16 28	454963	29612.8	484575	43.9822
16 29	447105	34769.6	481874	44.3673
16 30	391931	33188.6	425120	37.314
16 31	424410	31314.8	455725	30.2933
16 32	439321	34165.4	473486	30.4233
16 33	447517	29220.4	476737	63.5798
16 34	449683	32709.4	482392	37.6712
16 35	404145	26335.3	430480	28.2167
16 36	410190	30754.2	440945	28.1864
16 37	413048	34054.9	447103	26.5198
16 38	438363	33914.7	472278	22.1213
16 39	418826	28417	447243	49.1991
16 40	419047	27983.2	447030	47.6768
16 41	476131	39990.4	516122	31.0398
16 42	414550	25956.1	440506	34.5747
16 43	455137	31627.1	486764	48.0985
16 44	450723	29591.5	480314	28.7058
16 45	482583	28276.5	510860	47.7251
16 46	418226	33120.1	451347	28.2767
16 47	411631	28599.8	440231	34.7919
16 48	448784	29673.1	478457	64.1442
16 49	405562	26619.9	432182	35.2377
16 50	398309	40968.3	439277	55.4804
16 51	430265	37807	468072	58.1418
16 52	573016	54041	627057	41.2486
16 53	418234	35970.1	454204	55.5202
16 54	400938	26905	427843	31.8045
16 55	410068	29660.7	439729	44.0058
16 56	406989	28783.6	435773	39.6636
16 57	432115	27384.6	459500	46.135
16 58	401310	28337.8	429648	44.6836
16 59	451393	33189.5	484583	37.7463
16 60	425080	35099	460179	35.1914
16 61	426686	38304.4	464990	40.0847
16 62	421165	30575.8	451741	63.6034
16 63	384812	26346.7	411159	40.8439
16 64	472458	77808.7	550267	31.5702
16 65	426427	35485.7	461912	35.9169
16 66	445085	29534	474619	34.4083
16 67	407933	28825.4	436758	48.0318
16 68	452419	41010.6	493429	41.1769
16 69	417870	28047.2	445917	37.6739
16 70	435673	28436.7	464110	62.1097
16 71	416797	28389.3	445186	32.0059
16 72	417126	29554.2	446680	41.1094
16 73	413662	30843.2	444506	34.6879
16 74	492425	49683.1	542108	95.7105
16 75	423599	36108.9	459708	37.141
16 76	417061	29043.7	446105	39.795
16 77	426750	39983.7	466733	70.761
16 78	470550	38116.3	508666	33.6573
16 79	431602	29476.5	461078	58.7861
 535.208, 8.89391, 4.044, 0.275907, 0.101766, 0.0611646, 0.0402388, 0.0290211,
17 1	466116	34602.9	500719	29.6021
17 2	626620	154799	781419	57.2857
17 3	415763	35573.5	451336	60.7584
17 4	468495	29947.4	498443	37.9446
17 5	408308	31291.1	439599	45.6144
17 6	483383	37869.7	521253	30.9478
17 7	467983	47725.2	515708	20.3285
17 8	484643	36167.5	520811	25.4941
17 9	493620	50989.5	544610	25.0763
17 10	476870	32673.8	509544	25.5863
17 11	469751	38900.4	508652	29.2464
17 12	389075	29070.3	418145	30.4033
17 13	467096	31630.8	498727	23.4302
17 14	458960	33644.1	492605	25.9341
17 15	461126	47560.1	508686	25.2439
17 16	458901	37238	496139	61.1577
17 17	425789	30991.3	456781	39.7307
17 18	474915	48871	523786	30.9242
17 19	420611	38135.5	458746	31.6406
17 20	444632	27048.5	471680	37.6257
17 21	479614	34606	514220	25.6954
17 22	453999	29432.2	483431	54.5861
17 23	470492	29771.9	500263	48.0085
17 24	416558	32331.9	448890	27.8133
17 25	449140	46841.8	495981	61.5929
17 26	473535	50141.4	523677	31.206
17 27	425314	38885.7	464200	41.1934
17 28	454267	30024.2	484291	44.9476
17 29	446209	35340.8	481549	29.0176
17 30	391052	33683.2	424736	40.0068
17 31	423735	31739.2	455474	29.437
17 32	438599	34642.1	473241	29.3481
17 33	446490	29851.6	476342	37.9834
17 34	448844	33051.2	481895	39.035
17 35	403420	26599.3	430019	28.1862
17 36	409448	31210.1	440658	27.0408
17 37	412191	34580.6	446771	23.1826
17 38	437507	34495.7	472003	19.3059
17 39	418041	28744.8	446786	50.3537
17 40	418272	28338.4	446610	43.5621
17 41	475140	40358.2	515498	27.5739
17 42	414061	26177.3	440239	45.8938
17 43	454303	32145.3	486448	25.647
17 44	449921	29937.7	479859	27.3896
17 45	481910	28568.6	510479	53.9245
17 46	417483	33634	451117	25.025
17 47	410876	28897.7	439774	26.6465
17 48	448079	30093.3	478172	68.4697
17 49	404692	27006.4	431698	30.8937
17 50	397376	41812.9	439189	37.1381
17 51	429216	38489.6	467705	38.1715
17 52	572214	54589.4	626803	58.3009
17 53	417355	36566.4	453921	26.3177
17 54	400250	27335.8	427586	32.0471
17 55	409197	29963	439160	30.1403
17 56	406147	29127	435274	34.9318
17 57	431340	27782	459122	37.7518
17 58	400564	28733.6	429297	51.3548
17 59	450453	33614	484067	26.88
17 60	424301	35481.8	459783	31.5371
17 61	425752	38876.6	464628	32.2555
17 62	420247	31212	451459	36.9651
17 63	384092	26723.1	410815	35.0162
17 64	471067	78165	549232	23.8249
17 65	425538	36066	461605	30.7001
17 66	444398	29788.3	474186	34.3042
17 67	407062	29448.6	436511	43.9378
17 68	451735	41495.1	493230	55.8533
17 69	417068	28465	445533	32.5466
17 70	434632	28891.3	463524	33.2319
17 71	416148	28892.3	445040	27.186
17 72	416272	30100.4	446372	28.6089
17 73	412882	31174.4	444056	33.4139
17 74	490118	51133.4	541251	37.873
17 75	422631	36613.2	459244	34.9569
17 76	416242	29487.3	445730	28.6112
17 77	425731	40348.2	466079	28.6989
17 78	469721	38309.1	508030	34.6877
17 79	431243	29997	461240	62.1032
 535.299, 8.88738, 4.04011, 0.275726, 0.101695, 0.061122, 0.0402088, 0.0289956,
18 1	465676	35001	500677	28.1501
18 2	621452	159243	780695	47.8694
18 3	415178	36101.2	451279	58.9269
18 4	468061	30402.2	498463	41.6006
18 5	407845	31898.1	439743	53.3442
18 6	483909	38088	521997	87.4993
18 7	467517	48156.5	515674	28.9078
18 8	484121	36633.3	520754	23.9885
18 9	493058	51420	544478	24.0837
18 10	476444	33183.1	509627	26.9615
18 11	469193	39298.9	508492	28.3767
18 12	388684	29546.5	418230	36.0444
18 13	466680	32018.4	498699	24.437
18 14	458476	34196.9	492673	25.4097
18 15	460532	48055.3	508587	24.8746
18 16	458167	37458.6	495626	75
18 17	425388	31469.8	456858	42.1061
18 18	474379	49211.1	523590	25.8036
18 19	420248	38690.2	458938	47.8022
18 20	444454	27414.7	471868	81.7236
18 21	478993	35207	514200	26.7479
18 22	454091	29529	483620	86.2791
18 23	470075	30149.8	500224	56.1316
18 24	416120	32792.9	448913	36.5212
18 25	448882	46947.8	495830	71.6252
18 26	473090	50478.4	523568	36.2874
18 27	424974	39433.2	464407	45.0484
18 28	453813	30543.9	484357	43.3937
18 29	445744	35847.6	481592	33.8343
18 30	390517	34156.8	424673	25.9677
18 31	423273	32237.1	455510	29.0344
18 32	438100	35181.7	473282	27.721
18 33	446255	29952	476207	62.2183
18 34	448353	33526.1	481879	32.9661
18 35	402939	26961.4	429901	27.3659
18 36	408866	31721.4	440588	26.2572
18 37	411659	35135	446794	22.4636
18 38	437035	34977.6	472013	18.5647
18 39	417533	29118.3	446651	42.4797
18 40	417844	28719.4	446563	48.2191
18 41	474623	40781.1	515405	27.92
18 42	413376	26639.5	440015	33.9799
18 43	453963	32575.7	486539	49.6212
18 44	449381	30397.4	479779	26.712
18 45	481361	29240.9	510602	47.2033
18 46	416962	34245.9	451208	24.2104
18 47	410421	29253.8	439675	26.3279
18 48	447809	30682.8	478492	87.5363
18 49	404332	27339.7	431672	32.9973
18 50	396906	42084.8	438991	53.2766
18 51	428912	38772.6	467685	55.4016
18 52	571365	55379.9	626745	39.4107
18 53	416938	37083.6	454022	47.3473
18 54	399795	27793.4	427589	30.3403
18 55	408751	30272.2	439023	37.9839
18 56	405730	29471.8	435202	40.1998
18 57	430911	28221.1	459132	43.5725
18 58	400121	29081.7	429203	39.8997
18 59	449923	34133.7	484057	26.7973
18 60	423775	36005.6	459780	31.8676
18 61	425246	39414.4	464660	40.033
18 62	419942	31536.1	451478	60.6787
18 63	383753	27068.4	410822	37.2372
18 64	470273	78564.3	548838	26.332
18 65	425076	36579.4	461655	32.4415
18 66	443903	30237.2	474140	31.5308
18 67	406744	29796.8	436540	49.2808
18 68	451141	42225.4	493366	45.2867
18 69	416604	28943.1	445547	35.8398
18 70	434500	29270.2	463771	72.5569
18 71	415576	29423.9	445000	33.1598
18 72	415870	30540.8	446411	38.0162
18 73	412432	31582.6	444015	37.9147
18 74	490300	50711.5	541011	95.1011
18 75	422275	37040.6	459315	36.5426
18 76	415810	29975.8	445786	37.5304
18 77	425507	40775.9	466283	71.5229
18 78	469142	38702.8	507845	30.4642
18 79	430426	30795.5	461222	56.8103
 535.369, 8.89042, 4.04246, 0.275827, 0.101698, 0.0611296, 0.0402161, 0.0289988,
Done    'Run Dartel (create Templates)'
Running 'Make Directory'
Done    'Make Directory'
Running 'Move/Delete Files'
Done    'Move/Delete Files'
Done

