-------------------------------------------------------------------------------
tds2
Running /projects/dsnlab/tds/TDS_scripts/fMRI/ppc/spm/tds2/tds_dartel_tds2_job.m
-------------------------------------------------------------------------------

                            < M A T L A B (R) >
                  Copyright 1984-2016 The MathWorks, Inc.
                   R2016b (9.1.0.441655) 64-bit (glnxa64)
                             September 7, 2016

 
To get started, type one of these: helpwin, helpdesk, or demo.
For product information, visit www.mathworks.com.
 


------------------------------------------------------------------------
Running job #1
------------------------------------------------------------------------
Running 'File Selector (Batch Mode)'
Done    'File Selector (Batch Mode)'
Running 'File Selector (Batch Mode)'
Done    'File Selector (Batch Mode)'
Running 'File Selector (Batch Mode)'
Done    'File Selector (Batch Mode)'
Running 'File Selector (Batch Mode)'
Done    'File Selector (Batch Mode)'
Running 'File Selector (Batch Mode)'
Done    'File Selector (Batch Mode)'
Running 'File Selector (Batch Mode)'
Done    'File Selector (Batch Mode)'
Running 'Run Dartel (create Templates)'
 481.624, 14.1275, 2.56429, 0.367376, 0.148493, 0.0826523, 0.0530862, 0.0367582,
1 1	806592	0	806592	266.123
1 2	1.15856e+06	0	1.15856e+06	328.358
1 3	806309	0	806309	300.038
1 4	756744	0	756744	243.625
1 5	752011	0	752011	277.681
1 6	880461	0	880461	304.434
1 7	1.23483e+06	0	1.23483e+06	396.276
1 8	906635	0	906635	293.821
1 9	1.17879e+06	0	1.17879e+06	373.304
1 10	789087	0	789087	259.791
1 11	880389	0	880389	293.321
1 12	762310	0	762310	294.965
1 13	787047	0	787047	261.238
1 14	745568	0	745568	238.693
1 15	1.0586e+06	0	1.0586e+06	357.404
1 16	706894	0	706894	218.669
1 17	652677	0	652677	205.91
1 18	959374	0	959374	307.501
1 19	800580	0	800580	292.789
1 20	693079	0	693079	215.239
1 21	836890	0	836890	281.551
1 22	708954	0	708954	229.413
1 23	736649	0	736649	232.244
1 24	758160	0	758160	277.576
1 25	922672	0	922672	297.844
1 26	1.18984e+06	0	1.18984e+06	385.271
1 27	744027	0	744027	261.444
1 28	702169	0	702169	217.901
1 29	710706	0	710706	232.157
1 30	845161	0	845161	331.214
1 31	703012	0	703012	228.303
1 32	769874	0	769874	252.418
1 33	733401	0	733401	234.296
1 34	715723	0	715723	235.418
1 35	702083	0	702083	251.75
1 36	681523	0	681523	219.327
1 37	801248	0	801248	286.549
1 38	756699	0	756699	261.322
1 39	642651	0	642651	197.775
1 40	673058	0	673058	225.754
1 41	920926	0	920926	308.541
1 42	663383	0	663383	214.589
1 43	764196	0	764196	254.696
1 44	764244	0	764244	248.194
1 45	729382	0	729382	225.676
1 46	1.07204e+06	0	1.07204e+06	343.221
1 47	701137	0	701137	232.458
1 48	717013	0	717013	238.69
1 49	694706	0	694706	215.864
1 50	790796	0	790796	299.801
1 51	983648	0	983648	356.549
1 52	753582	0	753582	247.503
1 53	896808	0	896808	261.93
1 54	792482	0	792482	298.91
1 55	676841	0	676841	240.11
1 56	715027	0	715027	256.269
1 57	787091	0	787091	286.144
1 58	658591	0	658591	204.219
1 59	736564	0	736564	282.4
1 60	796361	0	796361	261.967
1 61	725991	0	725991	238.852
1 62	781054	0	781054	280.104
1 63	675192	0	675192	220.331
1 64	669129	0	669129	239.838
1 65	1.41028e+06	0	1.41028e+06	405.257
1 66	799643	0	799643	281.841
1 67	752781	0	752781	244.117
1 68	694257	0	694257	254.669
1 69	724571	0	724571	244.855
1 70	659225	0	659225	216.319
1 71	670920	0	670920	214.785
1 72	667115	0	667115	221.598
1 73	656345	0	656345	220.709
1 74	685119	0	685119	217.989
1 75	856604	0	856604	249.873
1 76	854344	0	854344	291.739
1 77	661253	0	661253	217.339
1 78	769998	0	769998	256.211
1 79	819251	0	819251	256.141
1 80	714961	0	714961	237.623
 515.604, 11.6184, 2.48012, 0.351999, 0.140893, 0.0781614, 0.0507875, 0.0352911,
2 1	630458	29490	659948	184.155
2 2	1.03713e+06	42804.8	1.07993e+06	349.813
2 3	576425	47297.6	623723	245.225
2 4	602360	22946.7	625306	159.638
2 5	555228	35914.5	591142	165.879
2 6	660153	42755.6	702908	261.843
2 7	792364	94782.1	887147	633.591
2 8	682316	41148.5	723464	623.123
2 9	816068	81365.7	897434	681.198
2 10	616281	28754.9	645036	160.557
2 11	667678	43251.6	710929	388.458
2 12	544230	41058.6	585288	178.94
2 13	614862	28116.4	642978	236.077
2 14	596659	22819.9	619479	132.247
2 15	733181	72389.6	805570	581.532
2 16	607728	16579.2	624308	347.296
2 17	557640	13005.7	570646	196.267
2 18	744028	52302	796330	698.294
2 19	585461	44526.3	629988	191.98
2 20	578511	15649.1	594160	378.712
2 21	638861	36608.6	675469	156.685
2 22	594753	18271.6	613025	403.217
2 23	600437	19150.4	619588	170.153
2 24	567437	35261.3	602698	213.836
2 25	698075	49790.5	747866	519.131
2 26	768194	92238.9	860433	419.192
2 27	590305	33529.2	623834	214.25
2 28	577917	18098.9	596016	161.437
2 29	590196	20510.2	610706	188.919
2 30	567848	54163.5	622012	182.899
2 31	570324	19759.1	590083	131.168
2 32	606320	26630.2	632950	193.556
2 33	584475	22170.7	606646	164.971
2 34	586953	19810.1	606763	143.313
2 35	538940	24069	563009	132.143
2 36	551124	15319.6	566443	153.828
2 37	582986	40652.5	623638	164.236
2 38	581150	29156.3	610307	221.062
2 39	548791	10794.8	559586	233.111
2 40	552312	16082.7	568395	291.008
2 41	674511	48944.1	723455	274.788
2 42	541940	14134.5	556075	124.695
2 43	597929	26264	624193	190.591
2 44	597785	24425	622210	137.192
2 45	605508	17510.1	623019	310.353
2 46	767961	68253.2	836215	348.961
2 47	568296	19820.4	588117	144.163
2 48	566091	22229.4	588320	308.717
2 49	579439	15831	595270	217.03
2 50	559741	41184.4	600925	165.243
2 51	644946	72979.3	717925	232.118
2 52	621587	25887.9	647475	545.046
2 53	741598	31162.5	772761	178.73
2 54	577024	43319.7	620344	215.406
2 55	534279	23210.7	557490	181.02
2 56	561703	26794.1	588497	311.547
2 57	570837	39113.7	609950	161.782
2 58	552789	13169.5	565958	248.002
2 59	545457	34999.8	580456	187.958
2 60	623963	28986.9	652950	578.886
2 61	591192	20579.2	611771	203.715
2 62	601606	36674.8	638281	185.627
2 63	561647	16003.7	577651	234.635
2 64	519467	22889.8	542357	158.162
2 65	934485	122823	1.05731e+06	751.26
2 66	591975	42000.8	633976	171.674
2 67	594156	25080.6	619237	149.367
2 68	537721	26664.3	564385	143.708
2 69	613310	22776.3	636086	159.235
2 70	543727	14630	558357	134.459
2 71	561035	14966.7	576002	266.494
2 72	546881	17575	564456	206.577
2 73	542412	17364.4	559777	150.278
2 74	564135	18552.5	582687	256.209
2 75	728373	26727	755100	538.288
2 76	633793	43648.4	677442	393.55
2 77	544917	15878.3	560795	138.537
2 78	626702	26936.5	653639	528.918
2 79	656630	29348.6	685978	202.735
2 80	570526	20735.1	591262	319.455
 523.103, 11.0467, 2.42321, 0.353648, 0.14075, 0.0776402, 0.0504491, 0.0351616,
3 1	594927	46945.3	641872	65.6575
3 2	1.01523e+06	72773.6	1.08801e+06	180.782
3 3	531515	73181.9	604697	104.864
3 4	573708	35183.3	608892	61.1214
3 5	520335	54119.6	574455	56.6435
3 6	613315	67429.6	680745	100.664
3 7	660180	162062	822242	190.737
3 8	618452	76046.9	694499	183.033
3 9	702825	141380	844205	197.889
3 10	582204	46008.1	628212	61.0107
3 11	622866	68450	691316	103.679
3 12	499185	63865.4	563051	59.974
3 13	578801	45573.6	624374	69.2435
3 14	570444	35249.1	605693	54.3249
3 15	646201	122102	768303	213.918
3 16	580358	31219.1	611578	139.675
3 17	537801	20647.1	558448	66.283
3 18	680713	96044.7	776757	284.629
3 19	545015	69570.8	614585	84.1062
3 20	551353	25050	576403	95.3502
3 21	599365	56850.9	656216	59.6769
3 22	564489	33497.5	597986	149.12
3 23	573919	30663	604582	65.393
3 24	530662	54765.5	585427	71.3224
3 25	640504	87316.6	727820	241.794
3 26	673452	145987	819439	148.667
3 27	559048	54144.1	613192	98.7142
3 28	555697	28315.7	584013	67.8021
3 29	564963	33841.1	598804	65.5295
3 30	513871	83269.7	597141	67.4463
3 31	544517	31250.9	575768	56.5603
3 32	569018	43393.3	612411	70.2928
3 33	552045	36572.6	588618	71.7904
3 34	562155	31642	593797	61.5705
3 35	508765	36447.9	545213	50.6675
3 36	524612	24480.6	549092	63.1194
3 37	534636	66181.2	600817	73.0829
3 38	551252	44206.8	595458	108.573
3 39	526744	18516.3	545260	72.1538
3 40	525677	25998	551675	84.5596
3 41	627452	75871.9	703323	91.5996
3 42	517830	22024.5	539855	43.6732
3 43	565958	40728.6	606686	68.9952
3 44	563810	39161.1	602972	54.0899
3 45	578535	28614.1	607149	94.6918
3 46	697432	111800	809232	98.0029
3 47	540660	31284	571944	52.278
3 48	530664	37269.6	567934	73.9836
3 49	555728	25425.6	581153	78.9513
3 50	510832	64149.1	574981	61.0919
3 51	546552	123290	669842	119.183
3 52	580007	51059.9	631067	221.693
3 53	716048	48430.9	764479	72.7666
3 54	541471	63614.5	605086	73.5839
3 55	504944	37194.6	542139	55.7204
3 56	526091	43322.6	569414	85.9232
3 57	520545	63635.4	584181	61.5549
3 58	530240	21121.2	551362	69.1825
3 59	507249	53938.5	561188	66.9239
3 60	583167	49373.7	632541	227.998
3 61	560036	33730.2	593766	67.8959
3 62	558990	61150.2	620140	72.6831
3 63	535859	26205.4	562064	81.6817
3 64	486905	36645.3	523550	56.3748
3 65	810802	207819	1.01862e+06	481.433
3 66	550898	67007.5	617905	66.2855
3 67	562774	39250.4	602024	56.4156
3 68	510169	40392.7	550562	57.4871
3 69	588270	38084	626354	66.3873
3 70	521394	22574.2	543968	52.567
3 71	536375	24125.1	560500	82.2019
3 72	521697	27917.9	549615	66.5749
3 73	519792	27725.3	547517	59.7423
3 74	536757	29581.9	566339	73.3058
3 75	691322	56630.4	747952	388.348
3 76	566195	76384.4	642579	98.4925
3 77	522394	24992.8	547386	58.0275
3 78	585549	47771.2	633320	134.238
3 79	621325	47734.2	669060	65.4522
3 80	539668	33020.6	572689	102.142
 524.801, 10.8993, 2.39821, 0.353183, 0.140529, 0.0774135, 0.0502892, 0.0350484,
4 1	587466	25801.9	613268	144.659
4 2	1.00778e+06	41442.4	1.04922e+06	285.473
4 3	522435	39895.6	562331	155.387
4 4	568621	18878.6	587499	142.909
4 5	513569	29539.2	543109	141.419
4 6	605469	36494.4	641963	203.243
4 7	638783	87738.6	726522	443.282
4 8	611775	37966.4	649742	457.5
4 9	686041	76448	762489	577.612
4 10	575840	25227.1	601067	141.955
4 11	613501	37906.2	651407	215.362
4 12	490808	34861.8	525670	136.038
4 13	571435	25209.3	596644	141.885
4 14	565176	19299.2	584475	134.018
4 15	628791	66142.2	694933	327.495
4 16	574580	16325.7	590906	183.91
4 17	532993	11570.1	544563	149.176
4 18	666670	50138.3	716808	374.422
4 19	537054	38413.2	575467	159.842
4 20	546324	13655	559979	160.242
4 21	591354	31219	622573	142.714
4 22	561999	16960.9	578959	330.694
4 23	568604	16836	585440	163.206
4 24	523411	30077.9	553489	148.99
4 25	631653	44972	676625	399.138
4 26	656811	79192.1	736003	244.415
4 27	552013	30235.5	582249	170.613
4 28	551139	15608.9	566748	141.139
4 29	559375	18960.9	578336	145.47
4 30	503207	45607.2	548814	141.225
4 31	538564	17460.2	556024	133.785
4 32	561297	23911.2	585208	155.742
4 33	545621	20310.8	565932	147.938
4 34	556900	17628.6	574529	150.499
4 35	502633	19990.9	522624	132.26
4 36	518733	13642.6	532375	138.545
4 37	524224	36931.2	561155	141.703
4 38	544910	24373.8	569284	142.909
4 39	522342	10431.4	532773	170.404
4 40	520469	14252	534721	172.399
4 41	616730	41906.4	658636	202.451
4 42	512956	12099.4	525055	121.382
4 43	560227	21959.6	582187	154.294
4 44	557465	21340.6	578805	129.193
4 45	573855	15579.7	589435	163.508
4 46	679943	63288.2	743232	233.849
4 47	534437	17268.6	551705	139.091
4 48	523065	20975.2	544040	159.997
4 49	550628	14030	564658	154.153
4 50	501485	35143	536628	134.347
4 51	521844	70623	592467	163.528
4 52	571007	25692.7	596700	282.041
4 53	710783	26634.2	737417	160.642
4 54	534171	34725.1	568896	163.029
4 55	498691	20643.5	519335	134.147
4 56	519023	23983.3	543006	182.104
4 57	511145	35118.5	546264	137.657
4 58	525865	11711.3	537576	140.669
4 59	499861	29544.4	529405	133.651
4 60	572510	26238.8	598749	242.644
4 61	552527	19095.3	571622	143.58
4 62	549051	34665.6	583717	154.904
4 63	530505	14580.7	545086	172.185
4 64	480675	20146.2	500821	130.607
4 65	780720	109841	890561	440.356
4 66	542247	37209.2	579456	143.959
4 67	556056	21717.6	577774	144.154
4 68	504645	22133.6	526779	143.7
4 69	582179	21477.3	603657	159.471
4 70	516614	12439	529053	131.715
4 71	532139	13229.5	545368	184.653
4 72	516220	15465.9	531686	140.633
4 73	514856	15407.7	530264	140.872
4 74	530786	16579	547365	147.413
4 75	674002	28822	702824	322.568
4 76	551457	43437.8	594895	174.614
4 77	517485	13876.1	531361	136.931
4 78	581853	25780.8	607633	413.989
4 79	613042	26975.2	640018	157.177
4 80	535368	17549	552917	215.234
 532.266, 10.3585, 2.38801, 0.319755, 0.130843, 0.0741603, 0.0482689, 0.0338402,
5 1	554679	42837	597516	58.2958
5 2	948635	96325.7	1.04496e+06	159.835
5 3	489650	60797.4	550448	120.517
5 4	542863	30939.2	573803	58.6415
5 5	482962	46366.8	529329	56.2445
5 6	570329	56727	627056	84.1626
5 7	576697	124565	701262	119.886
5 8	569814	58545.7	628360	75.0331
5 9	614388	116804	731192	118.876
5 10	549390	40117.1	589508	54.0792
5 11	571192	61833.1	633025	67.7067
5 12	459313	51406.5	510720	49.7671
5 13	542872	40539.3	583411	54.5021
5 14	537914	33943.5	571858	51.9314
5 15	571209	99098.4	670307	107.779
5 16	547263	33354.9	580618	114.918
5 17	507273	25321	532594	62.6988
5 18	604144	87322.7	691467	177.372
5 19	500559	62512.9	563072	69.9033
5 20	519539	26049.4	545588	52.6455
5 21	560850	47588.4	608439	55.6257
5 22	530677	35287.6	565965	116.019
5 23	542862	29514	572376	60.2519
5 24	492186	47735.6	539922	63.8122
5 25	571833	81203.6	653036	147.432
5 26	596789	115420	712209	179.049
5 27	515185	54629.3	569815	64.7764
5 28	526121	29123.4	555244	60.6017
5 29	530057	36375.9	566433	57.7119
5 30	466543	66598	533141	54.4382
5 31	508002	33308.8	541311	52.8386
5 32	527270	40339.9	567610	58.8634
5 33	518970	33873.8	552843	66.209
5 34	529444	32366.2	561811	62.3394
5 35	474540	32797.5	507338	47.3872
5 36	490454	26304.5	516758	50.9703
5 37	489474	56754.6	546229	59.527
5 38	515765	42486.5	558251	62.1188
5 39	496655	22785.4	519440	57.2791
5 40	494040	26463.9	520504	60.1611
5 41	574055	66409.9	640465	84.9086
5 42	487699	22924.6	510624	48.3083
5 43	532219	36718	568937	60.8921
5 44	528763	34680.5	563443	50.7163
5 45	550206	28087.2	578294	80.7723
5 46	614405	102947	717352	94.764
5 47	503316	32631.1	535947	54.5333
5 48	490395	36504.1	526899	50.5843
5 49	525464	26814	552278	61.778
5 50	470905	50349.1	521254	52.6949
5 51	476062	98829.2	574891	74.361
5 52	530103	49291.7	579395	111.995
5 53	681110	47867.7	728978	105.557
5 54	499426	55649.9	555076	59.6173
5 55	470963	35156	506119	47.8612
5 56	486447	40172.9	526620	67.1261
5 57	477768	52076.8	529845	54.1269
5 58	502560	23027.8	525588	56.8016
5 59	470769	44471.1	515240	59.1769
5 60	539053	42532.6	581586	111.08
5 61	519514	35732.6	555246	56.5375
5 62	515343	55771.6	571115	66.436
5 63	502738	28063.7	530802	68.0878
5 64	453972	32862.5	486834	57.7035
5 65	678798	176493	855290	336.64
5 66	506077	59829.5	565906	53.5098
5 67	525691	36290	561981	53.3165
5 68	478008	36673.5	514682	56.452
5 69	549782	42142.9	591925	70.1872
5 70	492275	23787.7	516063	54.9058
5 71	507744	24990.2	532734	66.0673
5 72	489252	29307.7	518559	56.4432
5 73	489653	29394.2	519048	57.1632
5 74	499094	32967.1	532061	75.8589
5 75	627343	55615.2	682958	220.105
5 76	510082	66612.2	576694	58.9979
5 77	492046	26681.3	518728	56.4661
5 78	536172	51303	587475	120.695
5 79	574405	48377.4	622782	54.9218
5 80	507071	31958.6	539029	79.9435
 533.636, 10.2492, 2.35022, 0.318369, 0.130491, 0.0739707, 0.0481089, 0.0337161,
6 1	548236	47132.9	595368	38.6559
6 2	935469	111189	1.04666e+06	114.639
6 3	483964	65928.3	549892	91.6934
6 4	538645	33270.6	571916	69.8162
6 5	477905	50030.7	527936	80.315
6 6	564868	60609	625477	131.103
6 7	566473	130603	697076	227.539
6 8	564256	62738	626994	234.739
6 9	604252	123707	727959	315.589
6 10	544839	43333.9	588173	40.5951
6 11	563498	67531.3	631029	132.654
6 12	454096	54921.1	509017	49.4332
6 13	537607	44087.6	581695	49.9327
6 14	532900	37530.1	570430	28.5895
6 15	561336	106538	667874	150.621
6 16	542646	37386	580032	170.571
6 17	502280	28783.1	531063	78.4545
6 18	592917	96185.4	689102	229.084
6 19	494569	67992.2	562561	76.0633
6 20	515232	28752.3	543984	118.33
6 21	555235	51472.6	606707	45.8923
6 22	528907	35615.2	564522	282.327
6 23	538730	32076.8	570807	102.218
6 24	486718	51860.6	538579	65.5536
6 25	565119	87961	653080	311.416
6 26	585536	124381	709917	145.039
6 27	508942	60155.7	569097	80.485
6 28	521762	32276.2	554038	77.2192
6 29	524520	40703.6	565223	55.8562
6 30	460150	71319.9	531469	35.5171
6 31	502257	37129.5	539387	35.4082
6 32	521283	43730.1	565013	59.5248
6 33	514415	37035.2	551450	93.1631
6 34	524463	36153.7	560617	74.7996
6 35	469880	35536.7	505416	41.748
6 36	485364	29136.7	514501	53.5093
6 37	483419	61244.9	544664	44.5257
6 38	510191	47036.3	557227	39.0668
6 39	492722	25533	518255	138.99
6 40	489589	29380.1	518969	138.394
6 41	565840	72726.9	638567	122.501
6 42	483093	25398.6	508492	34.7054
6 43	527613	39731	567344	75.6937
6 44	523468	37712.4	561181	30.425
6 45	546325	30976.2	577301	98.7505
6 46	601275	112851	714126	65.4299
6 47	497393	36158.6	533552	46.8505
6 48	484610	40203.3	524813	94.5115
6 49	521192	29968.8	551161	121.681
6 50	465577	53618.1	519195	47.7682
6 51	468812	105075	573887	78.8765
6 52	525036	54445.6	579481	249.616
6 53	675779	52942	728721	53.1516
6 54	493696	60207.2	553903	80.373
6 55	465852	38464.8	504317	45.8511
6 56	481228	43942	525170	141.977
6 57	472343	55641	527984	47.2733
6 58	498441	25778.5	524219	78.8006
6 59	465943	47698.1	513641	45.7729
6 60	532431	46456.6	578888	71.8174
6 61	512516	40169.6	552685	52.3952
6 62	508608	61101.5	569709	71.3571
6 63	498151	30961.3	529113	125.246
6 64	449475	35484.8	484960	61.7734
6 65	657369	193698	851067	288.297
6 66	499598	65175.9	564774	46.1344
6 67	520381	39525.4	559906	69.1976
6 68	473613	39857.1	513470	79.3326
6 69	543541	47124.2	590665	49.4977
6 70	487854	26402.8	514256	55.7735
6 71	504354	27319.1	531673	137.665
6 72	484301	32497.4	516798	70.3309
6 73	484720	32891	517611	58.9032
6 74	493164	36969	530133	78.0307
6 75	616480	62876.2	679356	215.675
6 76	502485	72168.5	574654	79.3102
6 77	487409	29735.3	517144	62.8443
6 78	530724	56073.8	586798	327.789
6 79	566477	54473.8	620951	63.2897
6 80	503393	34597	537990	166.749
 534.069, 10.2239, 2.34228, 0.318207, 0.130457, 0.0739436, 0.0480858, 0.0336905,
7 1	548059	24293.3	572353	114.101
7 2	943372	57796.6	1.00117e+06	251.502
7 3	486874	33553.8	520428	135.87
7 4	538448	17176.4	555624	104.347
7 5	479143	25677.9	504821	110.085
7 6	564348	31470.1	595818	127.896
7 7	564566	66667.4	631233	150.669
7 8	563331	32218.4	595550	123.091
7 9	600220	63663.5	663884	153.723
7 10	545487	22220.4	567707	111.536
7 11	562291	34820.7	597111	124.148
7 12	455827	28027.7	483855	105.274
7 13	537939	22655.6	560595	110.834
7 14	533312	19452.8	552764	112.997
7 15	561273	54558.5	615831	152.108
7 16	542298	20464.9	562763	133.29
7 17	501383	14951.9	516335	118.079
7 18	590358	50169.4	640527	155.265
7 19	498136	35056.6	533192	125.538
7 20	514553	14872.9	529426	103.55
7 21	555405	26457.8	581863	112.026
7 22	525789	20350.8	546139	128.658
7 23	538591	16588.3	555179	110.163
7 24	488240	26651.5	514892	111.158
7 25	562147	48025.7	610173	170.545
7 26	584137	63876.4	648013	170.856
7 27	510155	31097.1	541252	130.429
7 28	521982	16825.5	538808	107.448
7 29	524608	21069.6	545677	117.96
7 30	463140	36356.2	499496	112.247
7 31	502143	19293	521436	108.387
7 32	520808	22445.1	543253	115.622
7 33	514847	19161.7	534009	112.537
7 34	524883	18823.7	543706	115.045
7 35	470722	18311.2	489033	104.037
7 36	485408	15129.9	500538	106.989
7 37	486647	31333	517980	112.096
7 38	511326	24387.9	535714	111.421
7 39	491622	13324.5	504946	112.741
7 40	489230	15306.7	504536	105.546
7 41	565511	37451.7	602963	140.432
7 42	482930	13147.3	496077	98.7823
7 43	527410	20502.5	547912	114.673
7 44	523189	19432	542621	104.77
7 45	546048	16072.2	562121	113.636
7 46	604157	58080.8	662238	168.099
7 47	496858	18696.7	515555	110.173
7 48	484911	20769	505680	109.892
7 49	520221	15674.3	535896	106.145
7 50	467138	27386.1	494524	102.931
7 51	475661	53553.2	529214	127.367
7 52	522660	30622.7	553282	141.203
7 53	676615	27167.8	703783	147.495
7 54	495948	31023.9	526972	118.526
7 55	466261	19754.1	486015	104.248
7 56	482383	22545.5	504928	114.98
7 57	474264	28389.1	502654	107.157
7 58	497976	13403.4	511380	105.171
7 59	467817	24383.3	492200	109.629
7 60	531865	23981.3	555847	112.265
7 61	512348	20890.6	533239	116.269
7 62	511137	31400.1	542537	128.447
7 63	497469	16205.4	513674	116.057
7 64	450181	18151.1	468332	105.7
7 65	656430	100379	756809	257.211
7 66	502307	33463.5	535771	116.977
7 67	519665	20366.9	540032	109.899
7 68	474209	20505.6	494715	110.899
7 69	543808	24320.9	568129	140.673
7 70	487588	13687	501275	105.048
7 71	503778	14270.6	518049	107.013
7 72	484042	16877.8	500920	106.306
7 73	484716	17069.5	501785	111.065
7 74	492262	19290	511552	114.811
7 75	615669	35114.6	650783	163.645
7 76	504539	37011.3	541550	119.987
7 77	487312	15444.6	502756	107.487
7 78	526885	30359.4	557244	138.553
7 79	565248	28301.8	593550	119.924
7 80	501960	18403.1	520363	107.831
 539.836, 9.8641, 2.34368, 0.286448, 0.121187, 0.0707996, 0.0461678, 0.0325648,
8 1	521804	38551.5	560356	43.5428
8 2	860442	121457	981899	106.981
8 3	462549	48944	511493	82.2801
8 4	517599	28024.4	545623	61.4079
8 5	456165	38655.3	494821	71.8871
8 6	539584	45579.3	585163	107.316
8 7	529959	85175.5	615135	62.9493
8 8	537097	46158.8	583256	51.5668
8 9	562019	85378.9	647398	115.366
8 10	524909	34283.5	559192	44.2923
8 11	530793	52025.1	582818	68.8908
8 12	433035	40159.2	473194	48.3555
8 13	515675	35055.4	550730	48.3944
8 14	510454	32684.7	543139	41.2239
8 15	524474	74470.6	598945	78.5463
8 16	517707	35296.4	553003	151.434
8 17	478602	28449.4	507051	61.8505
8 18	546586	74840.4	621427	129.212
8 19	470375	52537.5	522913	72.3767
8 20	492913	25985.8	518899	94.9219
8 21	532348	39206.6	571555	47.8403
8 22	504506	31497.2	536003	197.741
8 23	517938	27731.8	545670	76.9514
8 24	464843	40138.1	504981	52.1904
8 25	520052	69880.5	589932	165.229
8 26	544233	85002.5	629236	101.94
8 27	480894	49844	530738	73.0695
8 28	501230	28827.9	530057	66.0274
8 29	499809	36478	536287	57.1284
8 30	437695	50581.4	488276	44.6477
8 31	476681	33173.6	509854	42.0986
8 32	494351	36217.6	530569	47.3445
8 33	493773	30765.2	524538	85.8121
8 34	501759	32061.7	533820	61.0409
8 35	449010	28944.3	477954	42.0879
8 36	461796	27412.3	489209	43.685
8 37	460786	46011.7	506797	48.1048
8 38	487571	39318.7	526890	41.7175
8 39	469472	25617.6	495090	95.1098
8 40	467325	26656.2	493982	98.4114
8 41	533768	54886.8	588655	63.8049
8 42	461761	23700.7	485462	46.0538
8 43	505053	33135	538188	66.3772
8 44	500511	30793.3	531304	39.7295
8 45	527161	27040.9	554202	75.3781
8 46	555628	84624.7	640253	51.8672
8 47	471560	32465.9	504026	50.3442
8 48	459592	33325.9	492918	49.0131
8 49	499117	27671.2	526788	104.578
8 50	445851	37935.8	483786	46.0285
8 51	445807	71204	517011	69.5103
8 52	490695	46597	537292	154.245
8 53	646857	48304.9	695162	71.3403
8 54	469347	46774.3	516121	75.6491
8 55	444845	31537.7	476383	46.2726
8 56	457383	35546.8	492930	82.6778
8 57	450840	40391.5	491232	45.8697
8 58	478249	24376	502625	60.4133
8 59	445347	36224.6	481571	46.3342
8 60	506454	37298	543752	64.454
8 61	484579	35916	520495	50.3885
8 62	483941	48142.3	532083	52.7356
8 63	474196	28736.8	502933	93.0734
8 64	428993	29163.2	458156	48.0033
8 65	585477	139858	725335	168.221
8 66	474846	50121.2	524967	52.2482
8 67	495405	32622.2	528027	53.0145
8 68	453158	32636.6	485794	76.634
8 69	515123	42889.6	558012	62.7287
8 70	466694	24957.7	491652	56.9077
8 71	484198	25324.9	509523	110.946
8 72	462661	28804.9	491465	61.3709
8 73	463631	29757	493388	54.2344
8 74	466027	33565.7	499593	56.4459
8 75	576450	56513.6	632964	142.78
8 76	475370	53023.4	528393	51.8567
8 77	465742	27558	493300	59.1609
8 78	494314	48805.8	543120	224.064
8 79	533241	46009	579250	45.9033
8 80	480726	30068	510794	129.558
 540.689, 9.79546, 2.31523, 0.285031, 0.12087, 0.0706591, 0.0460461, 0.0324732,
9 1	517150	41785.7	558936	30.2592
9 2	847282	134366	981649	65.5667
9 3	459070	52284.2	511354	110.229
9 4	513946	30577.7	544524	35.9907
9 5	452186	41650.6	493837	44.4347
9 6	534419	49722.3	584141	50.2921
9 7	523399	89993.8	613393	29.8693
9 8	532556	49337.1	581893	31.0832
9 9	554726	90408.9	645135	35.7277
9 10	521280	37190.7	558471	27.409
9 11	525308	55556.9	580865	41.9565
9 12	429132	42859.3	471991	40.1221
9 13	511598	37977	549575	29.2606
9 14	506626	35740.8	542367	29.6602
9 15	518476	78575.1	597051	34.9514
9 16	513025	39952.8	552978	88.54
9 17	474481	31575.6	506056	58.569
9 18	539199	79679.9	618879	59.2571
9 19	465710	56831.1	522541	39.8221
9 20	488945	28207.5	517153	38.2664
9 21	528124	42433.1	570557	29.7279
9 22	498262	35321.6	533584	66.2618
9 23	514592	30109.9	544702	52.6067
9 24	460610	43543.3	504154	34.3324
9 25	512159	75169.2	587328	91.9625
9 26	536779	90544.8	627323	100.368
9 27	475936	54340.7	530277	40.2834
9 28	497664	31792.6	529456	42.4419
9 29	495726	40072.2	535798	36.9581
9 30	433311	53838.7	487149	33.0263
9 31	472475	36164.4	508639	29.2569
9 32	490274	38896.6	529170	33.7063
9 33	489934	33420	523354	48.5401
9 34	497847	35141.5	532989	54.6029
9 35	445402	31017.4	476419	27.5582
9 36	458038	29954.3	487992	29.3629
9 37	456668	49208.2	505876	28.3959
9 38	483454	42961.3	526416	25.002
9 39	465501	28119.6	493621	54.42
9 40	463290	29191.3	492481	41.8138
9 41	528496	58512.9	587009	40.8145
9 42	458215	25794.2	484009	29.9589
9 43	501127	36119.6	537247	35.1069
9 44	496669	33230.2	529899	28.9943
9 45	523779	29753.4	553533	72.3321
9 46	548796	89085.2	637881	30.5207
9 47	467370	35506	502877	27.3532
9 48	455431	35771.2	491203	31.5902
9 49	494770	30654.2	525424	48.6655
9 50	442214	40155.2	482369	38.2054
9 51	440969	75304.1	516273	53.8484
9 52	484828	50498.1	535326	71.2656
9 53	642556	52358	694914	54.6085
9 54	464871	50372.5	515243	32.3743
9 55	441176	34131.8	475308	29.0122
9 56	453406	37888.6	491295	53.8748
9 57	447163	42635.8	489798	41.1606
9 58	474811	26884.8	501696	49.2722
9 59	441881	38491.7	480373	60.0315
9 60	501496	40570	542066	29.6301
9 61	479547	39235.5	518782	31.2013
9 62	479051	52017	531068	51.8803
9 63	469793	31787.9	501580	47.2016
9 64	425532	31349.9	456882	39.8929
9 65	570960	150048	721008	129.438
9 66	470507	53840	524347	36.135
9 67	491402	35039	526441	32.7219
9 68	449268	35588.4	484857	45.1165
9 69	510338	47047.6	557386	70.7958
9 70	463017	27458.2	490475	36.3326
9 71	480206	27918.8	508125	51.0188
9 72	458793	31728.7	490522	34.5891
9 73	460067	32718.1	492785	37.7389
9 74	461635	36359.7	497995	60.379
9 75	565421	65267.3	630688	94.4151
9 76	470355	56547	526902	57.9135
9 77	461889	30441.3	492330	33.8068
9 78	485710	53770.6	539480	53.2235
9 79	527239	50012.4	577251	32.6039
9 80	475762	33593	509355	49.2966
 541.007, 9.75973, 2.30189, 0.284166, 0.12068, 0.0705894, 0.0459685, 0.0324206,
10 1	516513	21607.1	538120	93.8518
10 2	848214	69668.3	917883	210.521
10 3	459594	27123.3	486718	103.091
10 4	513534	15850.4	529384	100.734
10 5	452366	21415	473781	104.375
10 6	534932	25214.1	560146	132.454
10 7	522031	45874.5	567906	103.603
10 8	532231	25328.6	557560	93.0643
10 9	553995	46086.4	600081	138.244
10 10	521062	19234.6	540297	93.9348
10 11	524313	28429.1	552743	111.123
10 12	429131	21964.6	451096	88.3454
10 13	511411	19559	530970	92.6498
10 14	506222	18653.3	524875	95.2833
10 15	517951	40067.7	558019	115.55
10 16	513679	20134.2	533813	179.687
10 17	473598	16433.1	490031	111.798
10 18	538313	40714.7	579028	149.808
10 19	466675	29203.3	495879	109.93
10 20	488814	14488.6	503302	130.903
10 21	527702	21959.9	549661	94.4253
10 22	501033	17437	518470	186.893
10 23	514398	15554.8	529953	115.66
10 24	460784	22423	483207	94.287
10 25	513125	38066.4	551191	184.543
10 26	535409	46131	581540	129.285
10 27	476085	28001.1	504086	119.286
10 28	497604	16444.7	514049	106.191
10 29	495301	20824.1	516125	105.917
10 30	433844	27515.3	461359	85.7111
10 31	471799	18787.9	490587	92.185
10 32	489367	20163.3	509531	95.9011
10 33	490059	17127.4	507187	117.724
10 34	497672	18200.8	515873	104.485
10 35	445286	15892.4	461178	86.0085
10 36	457587	15551.3	473138	93.1894
10 37	457358	25298	482656	90.8582
10 38	483364	22328	505691	90.839
10 39	465423	14433.4	479856	141.233
10 40	463118	15036.4	478154	126.628
10 41	527987	29922.6	557910	107.218
10 42	457596	13388	470984	91.5927
10 43	500850	18671.5	519522	106.469
10 44	495923	17227.8	513151	87.9131
10 45	523680	15402.8	539083	107.728
10 46	549080	45556.4	594637	115.161
10 47	466624	18464.5	485088	96.2874
10 48	455089	18339.4	473428	91.4921
10 49	494782	15913.7	510696	139.01
10 50	442287	20516.8	462804	83.455
10 51	442971	38330.9	481302	102.869
10 52	485239	25901.6	511140	183.061
10 53	642948	27021.2	669969	125.53
10 54	465353	25923.6	491276	112.087
10 55	440866	17588.6	458454	91.6686
10 56	453583	19384	472967	117.136
10 57	447453	21712.2	469165	85.7036
10 58	474377	13937.5	488315	103.562
10 59	442034	19619.4	461653	86.538
10 60	500735	20968.9	521704	92.8323
10 61	478906	20355.8	499262	98.4171
10 62	479349	26759.3	506108	103.417
10 63	469595	16348.5	485943	129.575
10 64	425362	16066.8	441428	90.9585
10 65	567694	76743.8	644437	177.298
10 66	470966	27704.8	498671	95.2534
10 67	490688	17998.8	508687	99.38
10 68	449297	18318.4	467616	110.485
10 69	509713	24358.1	534071	117.362
10 70	462374	14292.3	476666	99.6617
10 71	480441	14339	494780	135.806
10 72	458354	16468.4	474822	98.9937
10 73	459742	16983	476725	100.023
10 74	460797	18660.6	479458	101.747
10 75	566807	33263.4	600071	183.101
10 76	470731	28911.2	499643	98.4432
10 77	461583	15801.7	477385	102.314
10 78	486703	27489.3	514193	201.649
10 79	526024	25706.3	551730	97.4986
10 80	476238	17233.9	493472	143.619
 545.903, 9.50246, 2.53982, 0.265087, 0.113088, 0.0673081, 0.0441294, 0.0313544,
11 1	493882	34567.5	528450	41.9668
11 2	754236	138044	892279	84.7179
11 3	439905	39372.7	479278	70.8459
11 4	493925	27032.5	520957	43.5476
11 5	432872	32728	465601	49.9209
11 6	512090	39142.5	551232	50.8267
11 7	497240	59672.8	556912	39.2039
11 8	511083	37470.4	548554	39.9179
11 9	525519	62548.5	588068	43.5239
11 10	502196	30941.4	533138	38.8141
11 11	499499	42449.1	541948	40.9317
11 12	410892	32164.2	443056	38.3969
11 13	491943	31060	523003	37.6421
11 14	485271	31430.6	516702	39.5915
11 15	491254	55364.6	546619	40.6311
11 16	489819	36748.3	526567	79.6691
11 17	452538	29136	481674	51.9654
11 18	507539	58289.7	565829	47.5671
11 19	445019	43010.7	488030	44.1922
11 20	469130	25212.6	494342	44.6073
11 21	506914	34179.9	541094	39.9996
11 22	478426	31348.2	509774	65.2385
11 23	495150	26839	521989	51.5969
11 24	441156	34131.4	475287	40.7336
11 25	481101	56539.2	537640	78.4417
11 26	506243	62039.4	568282	65.6814
11 27	452619	42993.9	495613	47.2394
11 28	478505	28146.6	506651	54.6141
11 29	473482	34617.1	508099	41.9402
11 30	414504	38748.5	453253	47.3044
11 31	449927	31190.5	481117	39.0079
11 32	466443	33132	499575	41.8108
11 33	470743	28583	499326	50.1305
11 34	476462	31119	507581	62.6072
11 35	426826	25852	452678	37.8601
11 36	436414	27761.1	464175	38.4454
11 37	436804	37415.1	474219	37.9089
11 38	463172	35129.3	498302	36.3552
11 39	444238	26639.8	470877	44.4959
11 40	443430	26082.1	469512	44.0738
11 41	503807	43867.1	547674	40.6121
11 42	438262	23854.2	462116	41.4871
11 43	480284	30821.6	511106	41.898
11 44	475914	28160.1	504074	38.7567
11 45	505622	26371	531993	51.8077
11 46	514324	65175.4	579500	44.4012
11 47	444834	31118.4	475952	39.285
11 48	434713	29227.5	463941	36.0035
11 49	474336	27854.1	502191	50.2706
11 50	425606	29504.5	455110	38.9623
11 51	421278	51754.1	473032	53.9558
11 52	459598	40764.1	500362	56.6936
11 53	611865	48984.6	660849	71.18
11 54	443298	39230.9	482528	39.6927
11 55	422929	27794.1	450723	43.9862
11 56	433379	30623.1	464002	38.7154
11 57	429034	31787.8	460821	43.8387
11 58	455824	24908.8	480733	45.3314
11 59	423609	30159.2	453768	65.5976
11 60	478746	33176.8	511923	38.9261
11 61	454405	34214.4	488619	41.4888
11 62	455925	41224	497149	45.0479
11 63	447521	29247.4	476768	50.0783
11 64	407030	26349.8	433379	45.4284
11 65	521016	102837	623853	94.3959
11 66	449783	40688.2	490471	41.2981
11 67	469823	29320.9	499144	40.6119
11 68	430673	29497.9	460171	51.5615
11 69	483916	41154.6	525071	70.7511
11 70	442854	25608	468462	43.9601
11 71	460666	25939.9	486606	47.9578
11 72	439745	27369.3	467114	40.188
11 73	441115	28573.9	469689	43.5045
11 74	439085	31091.7	470177	51.0359
11 75	531385	56459.7	587844	77.1252
11 76	448536	41595.1	490131	50.6542
11 77	441754	27472.7	469227	40.9247
11 78	457223	44440.8	501663	55.9017
11 79	500079	40462.6	540542	40.8868
11 80	455702	28991.9	484694	46.6327
 546.455, 9.4394, 2.48991, 0.263275, 0.112742, 0.0671141, 0.0440006, 0.0312659,
12 1	489852	37271.7	527124	31.4894
12 2	742969	146523	889492	52.7345
12 3	436487	42327	478814	76.2648
12 4	490412	29523.6	519935	46.367
12 5	429574	35286.8	464861	66.8517
12 6	508464	41484.5	549949	97.0454
12 7	492457	62998.8	555456	41.4441
12 8	507108	40282.3	547391	30.5573
12 9	520804	65828.2	586632	62.76
12 10	498613	33758.3	532372	28.6977
12 11	495113	45146.3	540259	43.8878
12 12	407811	34349.3	442161	56.8944
12 13	488438	33540.4	521978	32.193
12 14	481638	34296.7	515935	29.6881
12 15	486911	58353.1	545264	40.3158
12 16	485839	37752.5	523592	111.787
12 17	449162	31793	480955	64.3574
12 18	502753	61317.6	564071	47.9741
12 19	441712	45920	487632	57.3653
12 20	466518	27087	493605	116.383
12 21	502769	37212.7	539981	31.6514
12 22	475669	31316.7	506985	117.234
12 23	491939	29112.6	521052	65.0275
12 24	437709	36775.6	474485	47.5056
12 25	477130	58763.7	535893	134.548
12 26	500875	65401.1	566276	51.194
12 27	448727	46024.7	494752	51.9821
12 28	475259	30648.9	505908	44.8275
12 29	469896	37571.6	507468	43.9093
12 30	411120	41469.2	452589	62.3072
12 31	446323	33716.4	480039	32.0317
12 32	462832	35612.3	498444	32.457
12 33	467769	30706.7	498475	75.9536
12 34	472629	33750.8	506380	39.9883
12 35	423631	27747.1	451378	28.6001
12 36	433028	30172.8	463201	30.15
12 37	433226	40149.9	473376	33.4959
12 38	459446	38147.9	497594	25.9857
12 39	441251	28709.7	469961	88.7073
12 40	439996	28288.8	468285	56.1956
12 41	499632	46697.6	546330	34.6423
12 42	435121	25910	461030	44.8243
12 43	477016	33298.5	510314	53.2359
12 44	472230	30557.6	502788	30.3148
12 45	502720	28556.8	531277	67.4935
12 46	509193	68133.9	577327	34.2093
12 47	441050	33965.8	475016	33.7873
12 48	431356	31266	462622	37.3523
12 49	471082	30184.7	501267	90.5113
12 50	422716	31488.7	454205	51.2909
12 51	417876	54514.8	472391	62.8296
12 52	455374	43358.3	498732	103.327
12 53	607504	53174.9	660679	44.1061
12 54	439668	42063.2	481731	56.7188
12 55	419688	30124.6	449813	36.7638
12 56	430165	32657.7	462823	62.6517
12 57	425865	33865.7	459730	47.0559
12 58	452908	27231.8	480140	83.5809
12 59	420539	32233.6	452773	60.2695
12 60	474546	36022.1	510568	37.1516
12 61	450225	37002.4	487228	55.8172
12 62	452072	44428.4	496501	96.4513
12 63	444123	31213.2	475336	73.3076
12 64	404094	28332	432426	52.2016
12 65	512043	108047	620090	91.7915
12 66	446336	43520.7	489857	46.669
12 67	466241	31589.5	497831	39.9885
12 68	427631	31793.6	459425	61.9723
12 69	479798	44528.9	524327	51.6708
12 70	439619	27906	467525	46.6621
12 71	457856	28143.1	485999	104.546
12 72	436511	29839.7	466350	45.3601
12 73	437785	31265.7	469051	48.0345
12 74	435685	33328.8	469014	51.0933
12 75	523735	57470.7	581206	101.386
12 76	444858	44242.5	489100	41.4402
12 77	438404	29963.5	468368	48.2765
12 78	452534	46414.9	498949	98.3076
12 79	495994	43181.3	539175	88.566
12 80	452698	31068.3	483766	103.763
 546.9, 9.41601, 2.4705, 0.262619, 0.112629, 0.0670445, 0.0439528, 0.0312352,
13 1	489421	19350.6	508772	79.0996
13 2	738523	77302.5	815825	179.391
13 3	436810	21930.9	458741	94.5632
13 4	490058	15449.9	505508	80.9666
13 5	429233	18340.1	447574	80.9071
13 6	507949	21667.2	529616	83.3955
13 7	492051	32270	524321	75.4742
13 8	507088	20840.9	527929	77.3998
13 9	520474	33750.9	554225	85.776
13 10	498528	17597	516125	80.4233
13 11	494455	23220	517675	80.8225
13 12	407577	17734.5	425312	71.9515
13 13	488409	17406.9	505816	75.6649
13 14	481507	17908.8	499416	81.2842
13 15	486964	29953	516917	83.7414
13 16	485413	19676.2	505089	114.71
13 17	448239	16560.3	464799	89.3721
13 18	502235	31326	533561	101.368
13 19	442071	23816	465886	80.8307
13 20	465393	14058.4	479452	80.7148
13 21	502613	19394.5	522008	78.9101
13 22	474941	16242	491183	87.7988
13 23	491615	15203.7	506819	88.4482
13 24	437531	19137.4	456668	75.9969
13 25	476394	29912.8	506307	108.264
13 26	500167	33491.2	533658	86.936
13 27	448427	23871.9	472299	91.5364
13 28	475024	16044.4	491068	92.18
13 29	469449	19601.1	489050	83.9576
13 30	411167	21308.2	432475	74.9345
13 31	445811	17584.8	463395	77.9538
13 32	462278	18582.3	480861	81.0978
13 33	467298	16053.9	483352	81.7841
13 34	472376	17584.4	489960	89.7289
13 35	423329	14375.8	437705	73.9293
13 36	432675	15765.8	448441	78.9917
13 37	433643	20785.8	454429	73.2616
13 38	459361	19879.9	479241	75.4867
13 39	440131	14937.3	455068	83.976
13 40	439480	14720.1	454200	87.6501
13 41	499488	24016.1	523504	80.1412
13 42	434527	13479	448006	77.5893
13 43	476467	17419.8	493886	79.7047
13 44	471795	15917.6	487713	75.9299
13 45	502267	14947.5	517215	86.4242
13 46	509657	34962	544619	91.2254
13 47	440563	17745.8	458309	78.5205
13 48	431098	16112.8	447211	73.1733
13 49	470203	15757.4	485960	79.819
13 50	422592	16236.4	438828	69.8084
13 51	418408	28167.1	446575	78.9448
13 52	454274	22477.3	476752	87.8054
13 53	608113	27388.7	635501	116.575
13 54	439689	21817	461506	80.3568
13 55	419213	15644.1	434857	76.3394
13 56	429962	16791.5	446754	76.3484
13 57	425739	17406.8	443146	72.1325
13 58	452177	14234.4	466411	83.8302
13 59	420325	16577.9	436903	88.0318
13 60	473872	18726.6	492598	76.5361
13 61	449712	19244.6	468957	82.9836
13 62	451520	23024.1	474544	87.4625
13 63	443362	16355.2	459717	87.5639
13 64	403655	14681.9	418337	76.6792
13 65	509601	55321.5	564922	100.87
13 66	446429	22537.5	468967	76.8805
13 67	465825	16308.2	482134	78.6042
13 68	427168	16571.1	443739	85.3956
13 69	479197	23109.9	502307	107.077
13 70	438943	14609.1	453552	80.5593
13 71	456778	14755.5	471534	82.8792
13 72	436084	15615.2	451699	75.6084
13 73	437357	16330.9	453688	81.8236
13 74	434917	17213.3	452131	83.7342
13 75	523259	30123.2	553382	103.895
13 76	445014	22723.3	467738	87.2054
13 77	437872	15687.8	453560	78.8455
13 78	451374	23929.1	475303	83.2391
13 79	494920	22235.6	517155	85.6297
13 80	451765	16343.9	468109	75.4535
 550.689, 9.14347, 3.14906, 0.26384, 0.106745, 0.0640797, 0.0422481, 0.0302309,
14 1	471045	30311	501356	44.4655
14 2	651628	137294	788921	84.6574
14 3	420998	31822.3	452820	75.7082
14 4	473305	25642.9	498947	52.2448
14 5	413368	27854.6	441223	62.1119
14 6	489909	32798.9	522707	87.9283
14 7	473846	42500.9	516347	45.9983
14 8	489663	31315.3	520979	39.9927
14 9	499903	45957.2	545860	46.9805
14 10	481857	28132.9	509990	39.6825
14 11	475306	34400.7	509707	39.3237
14 12	393464	26033.2	419497	42.7591
14 13	472007	27336.2	499343	40.105
14 14	463668	29146.4	492814	38.0818
14 15	466601	41951.5	508552	38.9631
14 16	465400	33351.2	498752	112.341
14 17	430761	27362.3	458123	47.3392
14 18	480761	44122.6	524883	45.5913
14 19	425794	34119.8	459914	59.1689
14 20	449418	23766.7	473185	87.4516
14 21	484878	30111.5	514989	40.1602
14 22	459087	26165.8	485253	89.3944
14 23	474944	25588.3	500533	69.1857
14 24	421629	28697.3	450327	43.1533
14 25	454910	42694.7	497604	74.357
14 26	479475	45078.6	524554	52.5426
14 27	430767	35070	465837	51.7184
14 28	458742	26376.5	485118	50.1546
14 29	451553	31054.5	482608	49.8678
14 30	396042	30238.3	426281	43.5365
14 31	428131	28132.8	456264	38.5094
14 32	443347	29873.2	473220	39.9689
14 33	451221	26138.6	477360	68.3974
14 34	453992	28954.5	482947	44.4019
14 35	407826	23379.1	431205	37.2601
14 36	414557	26759.1	441317	38.5326
14 37	417342	30544.3	447886	37.6212
14 38	442648	30265	472913	34.4319
14 39	423141	25397.2	448538	75.8267
14 40	423068	24659.6	447728	51.8452
14 41	480519	35370.3	515890	39.2116
14 42	418431	23046.9	441477	50.0774
14 43	459259	27783.7	487043	57.9435
14 44	454777	25803.2	480580	38.2958
14 45	486949	24945.1	511894	66.0378
14 46	484550	49315.6	533866	42.0717
14 47	422481	28747.7	451229	37.9522
14 48	415073	25336.5	440410	35.7196
14 49	454098	26224.7	480323	104.536
14 50	409111	24021.3	433132	37.6647
14 51	402622	38001.2	440624	60.5849
14 52	435366	33944.2	469310	65.2446
14 53	578352	48070.5	626423	55.5299
14 54	422372	32502.9	454875	64.4205
14 55	404816	24065.8	428882	40.1399
14 56	413944	26522.6	440466	51.3071
14 57	410966	25937.5	436903	43.6587
14 58	436044	24216	460260	49.134
14 59	405126	25630.5	430757	40.0727
14 60	455969	29145.1	485114	38.0889
14 61	429617	31000.6	460617	40.7837
14 62	432273	34723.5	466996	48.8891
14 63	425510	27135.7	452645	67.9211
14 64	388495	23608.9	412104	43.8336
14 65	480662	71286.5	551949	59.7139
14 66	430386	32355	462741	44.1019
14 67	448717	26214.7	474932	44.7348
14 68	412033	25897.2	437930	59.4317
14 69	457753	37030	494783	50.9192
14 70	422269	24783.3	447053	48.9288
14 71	439980	25181.7	465162	71.0741
14 72	420796	24858.4	445654	44.0844
14 73	421470	26229.6	447700	49.1123
14 74	417814	27537.1	445351	43.1779
14 75	498983	44640	543623	84.4001
14 76	428119	32970.5	461089	40.696
14 77	421297	25761.9	447059	51.9073
14 78	431365	35921.1	467286	75.1955
14 79	474840	34117.9	508958	41.7014
14 80	436228	25924.6	462153	88.8139
 551.104, 9.09562, 3.11828, 0.262746, 0.10654, 0.063959, 0.0421772, 0.0301784,
15 1	467786	32734.5	500521	33.1082
15 2	641645	142275	783920	64.7927
15 3	417897	34321.7	452218	61.9461
15 4	470175	28100	498275	40.6172
15 5	410561	30106.1	440667	55.3543
15 6	485620	36104.5	521724	39.8876
15 7	469873	45358.2	515231	26.054
15 8	486204	33914.8	520119	31.307
15 9	495927	48743	544670	30.7065
15 10	478733	30690.5	509423	36.2189
15 11	472291	36838.4	509129	114.899
15 12	391111	28034.1	419145	61.3017
15 13	468842	29740.7	498583	31.7912
15 14	460538	31669.7	492208	29.6709
15 15	462834	44882.4	507716	53.2134
15 16	461929	35760.3	497689	97.9611
15 17	427870	29630.1	457500	48.0011
15 18	476891	46672.3	523563	45.3292
15 19	422800	36652.1	459452	34.1515
15 20	446794	25705.4	472499	77.5947
15 21	481552	32683	514235	35.6049
15 22	455829	28411.6	484241	64.8599
15 23	471850	27945.7	499796	50.0776
15 24	418655	31042.2	449697	36.4549
15 25	451164	44983.1	496147	86.9836
15 26	475502	47695.9	523198	44.8194
15 27	427575	37537.2	465112	39.8861
15 28	456100	28562.8	484663	54.4608
15 29	448374	33640.3	482015	39.3262
15 30	393062	32539.1	425601	38.2729
15 31	425420	30262.3	455682	32.5054
15 32	440210	32382.4	472593	35.9571
15 33	448329	28377.4	476706	48.8897
15 34	450871	31257.9	482129	48.0127
15 35	405082	25342.7	430425	32.6354
15 36	411393	29289.6	440683	30.3655
15 37	414258	32973.8	447232	27.1695
15 38	439489	32788.7	472277	25.1757
15 39	420144	27534.1	447678	59.7421
15 40	420269	26864.2	447134	71.5395
15 41	476977	38035	515012	37.4863
15 42	415937	24934.2	440871	42.5243
15 43	455941	30297.3	486238	30.4166
15 44	451686	28088.3	479774	30.899
15 45	483816	27308.2	511124	50.0494
15 46	480751	51789.7	532541	33.7932
15 47	419236	31484.6	450720	35.981
15 48	412633	27349.7	439983	84.4726
15 49	450428	28794.8	479223	62.6847
15 50	406621	25991.3	432612	57.5635
15 51	399588	40621.3	440209	74.4912
15 52	431607	36850.9	468458	51.6086
15 53	573841	51633.4	625474	57.7789
15 54	419245	34960.8	454205	29.2285
15 55	402207	26116.6	428324	39.5903
15 56	411439	28601	440040	75.7563
15 57	408295	27978.6	436274	69.99
15 58	433549	26340	459889	66.5209
15 59	402926	27508.2	430434	79.4509
15 60	452728	31715.9	484444	77.9849
15 61	426184	33551.3	459736	37.9781
15 62	428813	37502.2	466315	77.9668
15 63	422471	29896.8	452368	70.1501
15 64	386145	25582.8	411727	78.1197
15 65	474618	74988.1	549606	58.2782
15 66	427450	34767.7	462218	35.4635
15 67	445962	28231.8	474194	45.6228
15 68	409335	28170.8	437505	53.7699
15 69	454494	39740.9	494235	66.8946
15 70	419306	27026.2	446332	37.5864
15 71	436831	27462.7	464294	48.5666
15 72	417965	27252.3	445217	34.9702
15 73	418423	28698.7	447121	39.9322
15 74	415106	29723	444829	73.1627
15 75	493725	48861.5	542586	100.418
15 76	425012	35207.7	460220	53.785
15 77	418262	28081.6	446344	32.0965
15 78	427730	38428.3	466158	59.2123
15 79	471349	36544	507893	43.9775
15 80	432685	28873	461558	44.8577
 551.457, 9.06765, 3.09966, 0.262042, 0.106396, 0.0638649, 0.0421154, 0.0301332,
16 1	466633	34024.5	500657	30.396
16 2	630621	151891	782513	60.7662
16 3	416741	35583.3	452324	50.2842
16 4	469067	29458.3	498525	41.1322
16 5	409359	31404.3	440763	53.6593
16 6	484846	37095.3	521942	89.7168
16 7	468675	46784.6	515459	33.2113
16 8	484992	35388.7	520381	27.9506
16 9	494639	50264.9	544904	37.1018
16 10	477643	32108.2	509751	26.1556
16 11	470487	38200	508687	44.4876
16 12	390025	29142.2	419167	43.2699
16 13	467798	30988.7	498787	28.4512
16 14	459482	33127.5	492610	28.0489
16 15	461448	46433.7	507882	32.6631
16 16	459880	36690.1	496570	74.2594
16 17	426663	30907.8	457571	39.2589
16 18	475500	47972.6	523473	30.9009
16 19	421825	37987.6	459812	46.7279
16 20	445649	26821.4	472471	89.1987
16 21	480289	34197.7	514487	30.6013
16 22	455168	29109.7	484278	92.695
16 23	470775	29124.5	499899	53.271
16 24	417619	32281.2	449900	36.4636
16 25	450317	45986.6	496303	95.9107
16 26	474091	49079.6	523171	37.3319
16 27	426499	38886.7	465386	47.5977
16 28	454949	29880.4	484829	38.2478
16 29	447205	35095.5	482301	38.1467
16 30	392064	33825.8	425890	42.7129
16 31	424290	31610.3	455900	30.8481
16 32	438869	33938.1	472807	30.4381
16 33	447380	29453.3	476833	57.2547
16 34	449540	32685.7	482226	32.7717
16 35	404056	26377.2	430433	29.8744
16 36	410060	30755.7	440815	28.6726
16 37	413195	34383.3	447578	27.605
16 38	438395	34173.4	472568	23.0093
16 39	418838	28577.1	447415	49.5917
16 40	418939	28053.7	446992	47.4396
16 41	475683	39462.6	515145	30.2546
16 42	414581	26144.1	440725	44.8197
16 43	454886	31601	486487	48.5473
16 44	450431	29426.3	479857	29.0429
16 45	482846	28453.9	511300	55.6758
16 46	479306	53403.4	532710	32.7452
16 47	417876	33098	450974	28.1367
16 48	411351	28449.8	439801	35.6993
16 49	448911	29854.7	478766	68.9863
16 50	405544	27042.6	432587	35.6505
16 51	399057	41676.8	440734	56.7138
16 52	430236	37903.6	468139	61.7166
16 53	572365	53727.3	626092	44.7404
16 54	418220	36321.1	454541	47.5512
16 55	401077	27306.5	428383	32.6179
16 56	410075	29666.4	439742	42.0641
16 57	406975	29068.6	436043	36.4204
16 58	432252	27608.7	459861	47.7977
16 59	401600	28736.3	430336	47.7578
16 60	451152	33140.1	484293	36.7005
16 61	424765	35068.4	459833	33.7792
16 62	427207	39012.9	466220	40.0001
16 63	421027	30794.7	451822	57.9837
16 64	384879	26674.1	411553	40.0864
16 65	472176	76803.7	548980	57.6727
16 66	426523	36060.5	462584	35.1071
16 67	444737	29435.2	474173	35.812
16 68	408224	29344.4	437569	47.1828
16 69	452836	41510.7	494347	42.8111
16 70	418023	28370	446393	36.9967
16 71	435721	28663.6	464384	64.1037
16 72	416702	28527.4	445229	32.0556
16 73	417276	29994.4	447271	39.0295
16 74	413645	30967.1	444612	38.0027
16 75	491838	49724.6	541562	87.5522
16 76	423925	36543.4	460468	35.0448
16 77	417117	29326	446443	37.1258
16 78	426518	39707.5	466225	72.1227
16 79	470022	37809.2	507831	34.4598
16 80	431639	29732.7	461372	70.8201
 551.299, 9.09404, 4.15661, 0.285123, 0.104083, 0.0625506, 0.0413728, 0.0296899,
17 1	465828	34398.6	500227	29.4492
17 2	626312	154966	781278	55.1854
17 3	415827	36181.5	452009	65.6212
17 4	468286	29889.1	498175	38.2878
17 5	408495	31882.3	440377	44.652
17 6	483349	37825.2	521174	30.8796
17 7	467738	47237.5	514976	20.9169
17 8	484097	35823.1	519920	25.9492
17 9	493550	50715.9	544266	24.701
17 10	476862	32609	509471	29.0687
17 11	469447	38559.3	508006	30.3151
17 12	389128	29582.6	418710	29.3179
17 13	466942	31455.4	498397	23.1073
17 14	458680	33628.1	492308	26.6401
17 15	460497	46896.2	507393	25.4304
17 16	458700	37086.3	495786	64.2017
17 17	426045	31324.5	457370	48.8894
17 18	474473	48258.2	522731	31.827
17 19	420923	38648.5	459572	32.0043
17 20	444565	27082.7	471647	38.1205
17 21	479440	34606.5	514047	26.1305
17 22	454116	29469.1	483585	58.9033
17 23	469959	29501.5	499461	44.1847
17 24	416717	32848.5	449565	28.5347
17 25	448940	46466.3	495407	52.4767
17 26	473108	49449.1	522557	35.8041
17 27	425712	39574.5	465287	40.6713
17 28	454289	30304	484593	53.2696
17 29	446352	35674.6	482027	29.3204
17 30	391128	34310.3	425439	33.6357
17 31	423636	32013.8	455650	29.6879
17 32	438143	34437.5	472581	29.2684
17 33	446531	29932.6	476463	47.6642
17 34	448799	33038.9	481838	42.4711
17 35	403332	26666.4	429999	31.0479
17 36	409309	31215.7	440524	27.7434
17 37	412289	34937.3	447226	23.2046
17 38	437531	34764.9	472296	20.1748
17 39	417965	28908.4	446874	40.1825
17 40	418184	28363.7	446547	45.1639
17 41	474675	39853.1	514528	26.7573
17 42	413980	26395.3	440375	34.6838
17 43	454061	32104.5	486166	26.5707
17 44	449654	29790	479444	27.9319
17 45	481811	28994.4	510805	41.7544
17 46	478227	53742.5	531969	29.0725
17 47	417139	33633.2	450773	25.7553
17 48	410567	28756.7	439323	26.3123
17 49	447990	30255.1	478245	46.7674
17 50	404652	27435.5	432088	32.5879
17 51	397475	42560.4	440036	39.9426
17 52	429127	38471.8	467599	35.9074
17 53	571447	54350.4	625797	57.4263
17 54	417407	36926.2	454333	30.7812
17 55	400400	27742.7	428143	36.2074
17 56	409184	29961.9	439146	29.1548
17 57	406137	29406.9	435544	36.3244
17 58	431424	28035.3	459459	37.6143
17 59	400731	28981.3	429713	49.4827
17 60	450207	33589	483796	26.7466
17 61	424028	35435.9	459464	31.5387
17 62	426294	39602	465896	41.6608
17 63	420254	31340.6	451594	43.4369
17 64	384179	27040.5	411220	34.9303
17 65	470564	77144.8	547709	42.6228
17 66	425629	36692.6	462321	30.4602
17 67	444062	29681.9	473744	31.6471
17 68	407401	29946.2	437348	45.1704
17 69	452155	42042.4	494198	56.536
17 70	417200	28789.1	445990	34.5508
17 71	434657	29132.4	463790	33.0916
17 72	415984	29121.2	445106	27.4924
17 73	416465	30526.3	446992	28.34
17 74	412864	31336.7	444201	37.5805
17 75	490312	50686.4	540998	80.2639
17 76	423037	37030.7	460068	47.9245
17 77	416289	29831.3	446120	28.0456
17 78	425491	40050.9	465542	27.7298
17 79	469225	38000.9	507226	34.5497
17 80	430695	30279.8	460975	37.6369
 551.368, 9.08702, 4.15225, 0.284926, 0.104007, 0.0625082, 0.0413379, 0.0296639,
18 1	465367	34861	500228	29.2189
18 2	621296	159275	780571	52.0772
18 3	415359	36758.8	452118	58.0647
18 4	467818	30458.8	498277	41.8642
18 5	408053	32380.1	440433	56.4656
18 6	483984	38131.2	522115	84.031
18 7	467263	47704.3	514968	30.2091
18 8	483551	36327.5	519878	24.6104
18 9	493010	51145.9	544156	29.0168
18 10	476418	33142.8	509561	26.8833
18 11	468844	38987.3	507831	28.6542
18 12	388713	30051.6	418764	36.845
18 13	466536	31845.8	498382	28.7734
18 14	458198	34183.1	492381	25.9259
18 15	459904	47372.1	507276	24.8757
18 16	458212	37686.9	495899	73.2236
18 17	425581	31811.6	457393	42.1744
18 18	473944	48608.4	522553	28.9659
18 19	420476	39255.7	459732	47.4354
18 20	444351	27487.3	471838	79.1204
18 21	478808	35235.8	514044	27.5009
18 22	454188	29647.6	483836	84.704
18 23	469679	29952	499631	57.1479
18 24	416269	33310.1	449579	34.9607
18 25	448696	46590.2	495286	69.5307
18 26	472650	49855.5	522505	36.2473
18 27	425386	40128	465514	50.8158
18 28	453813	30814.6	484628	42.7602
18 29	445925	36232.6	482157	39.2049
18 30	390662	34804	425466	37.1834
18 31	423118	32573.8	455692	29.315
18 32	437628	34996.8	472625	27.8169
18 33	446190	30188.6	476379	58.2852
18 34	448214	33520.4	481735	32.054
18 35	402835	27015.7	429850	27.1624
18 36	408714	31744.3	440458	26.6382
18 37	411719	35498.4	447217	24.3572
18 38	437045	35277.5	472323	19.8483
18 39	417586	29257.2	446844	49.1959
18 40	417715	28774.5	446490	44.8842
18 41	474125	40282	514407	28.316
18 42	413412	26882.3	440294	45.8106
18 43	453724	32576.5	486300	50.248
18 44	449115	30254.1	479369	26.9273
18 45	481453	29321.8	510775	53.8699
18 46	477567	54193.5	531760	28.149
18 47	416615	34261.7	450877	24.3443
18 48	410124	29104.3	439228	27.4582
18 49	447867	30848.2	478715	79.3658
18 50	404230	27799	432029	30.6945
18 51	397247	42772.8	440020	52.6496
18 52	428887	38777.9	467665	55.6763
18 53	570782	55129.7	625911	47.7076
18 54	417017	37483.5	454501	54.5542
18 55	399916	28234	428150	30.3484
18 56	408741	30275.9	439017	36.6621
18 57	405729	29744.7	435474	45.1992
18 58	430992	28491.9	459484	43.4477
18 59	400238	29324	429562	33.4737
18 60	449723	34074.2	483797	28.8208
18 61	423489	35977.5	459466	32.0822
18 62	425667	40162.7	465829	34.9298
18 63	420062	31774.3	451837	59.0747
18 64	383769	27417.1	411186	35.6543
18 65	469682	77527.7	547210	37.5568
18 66	425199	37204.3	462404	34.0184
18 67	443586	30119.8	473706	34.337
18 68	407082	30361.1	437443	49.4246
18 69	451547	42791.3	494338	46.1237
18 70	416682	29286.9	445969	37.8308
18 71	434486	29502.6	463988	68.5197
18 72	415506	29630.6	445137	31.5284
18 73	416095	31017.1	447112	41.5297
18 74	412429	31700.6	444129	37.7821
18 75	490398	50707.9	541106	81.3121
18 76	422523	37531.3	460054	33.1145
18 77	415830	30302.1	446132	36.8482
18 78	425209	40480.1	465689	61.2859
18 79	468687	38373	507060	32.2865
18 80	430427	30761.4	461188	60.9919
 551.44, 9.0915, 4.15654, 0.285041, 0.104016, 0.062518, 0.041346, 0.029669,
Done    'Run Dartel (create Templates)'
Running 'Make Directory'
Done    'Make Directory'
Running 'Move/Delete Files'
Done    'Move/Delete Files'
Done

