-------------------------------------------------------------------------------
339
Running /projects/dsnlab/tds/TDS_scripts/fMRI/templates/masks/spm/tds1_tds2/tds1_tds2_gw_join_smooth_job.m
-------------------------------------------------------------------------------

                            < M A T L A B (R) >
                  Copyright 1984-2016 The MathWorks, Inc.
                   R2016b (9.1.0.441655) 64-bit (glnxa64)
                             September 7, 2016

 
To get started, type one of these: helpwin, helpdesk, or demo.
For product information, visit www.mathworks.com.
 


------------------------------------------------------------------------
Running job #1
------------------------------------------------------------------------
Running 'Image Calculator'

SPM12: spm_imcalc (v6124)                          14:52:47 - 22/05/2017
========================================================================
Failed  'Image Calculator'
Error using spm_vol>spm_vol_hdr (line 80)
File "/projects/dsnlab/tds/fMRI/subjects/339/structurals/wc1mprage.nii" does not exist.
In file "/projects/dsnlab/SPM12/spm_vol.m" (v5958), function "spm_vol_hdr" at line 80.
In file "/projects/dsnlab/SPM12/spm_vol.m" (v5958), function "spm_vol" at line 61.
In file "/projects/dsnlab/SPM12/spm_imcalc.m" (v6124), function "spm_imcalc" at line 99.
In file "/gpfs/projects/dsnlab/SPM12/config/spm_cfg_imcalc.m" (v6536), function "my_spm_imcalc" at line 225.

No executable modules, but still unresolved dependencies or incomplete module inputs.
The following modules did not run:
Failed: Image Calculator
Skipped: Smooth

{Error using MATLABbatch system
Job execution failed. The full log of this run can be found in MATLAB command
window, starting with the lines (look for the line showing the exact #job as
displayed in this error message)
------------------
Running job #1
------------------
} 
>> 