-------------------------------------------------------------------------------
340
Running /projects/dsnlab/shared/tds/TDS_scripts/fMRI/templates/masks/spm/tds1_tds2/tds1_tds2_gw_join_smooth_job.m
-------------------------------------------------------------------------------

                            < M A T L A B (R) >
                  Copyright 1984-2017 The MathWorks, Inc.
                   R2017b (9.3.0.713579) 64-bit (glnxa64)
                             September 14, 2017

 
To get started, type one of these: helpwin, helpdesk, or demo.
For product information, visit www.mathworks.com.
 


------------------------------------------------------------------------
Running job #1
------------------------------------------------------------------------
Running 'Image Calculator'

SPM12: spm_imcalc (v6124)                          17:30:33 - 24/12/2017
========================================================================
ImCalc Image: /projects/dsnlab/shared/tds/fMRI/analysis/masks/tds1_tds2/340_gw_join.nii
Done    'Image Calculator'
Running 'Smooth'
Done    'Smooth'
Done

