-------------------------------------------------------------------------------
409
Running /projects/dsnlab/shared/tds/TDS_scripts/fMRI/ppc/spm/tdsall/TDS409_coreg_realign_unwarp_coreg_segment.m
-------------------------------------------------------------------------------

                            < M A T L A B (R) >
                  Copyright 1984-2017 The MathWorks, Inc.
                   R2017b (9.3.0.713579) 64-bit (glnxa64)
                             September 14, 2017

 
To get started, type one of these: helpwin, helpdesk, or demo.
For product information, visit www.mathworks.com.
 


------------------------------------------------------------------------
Running job #1
------------------------------------------------------------------------
Running 'Coregister: Estimate'

SPM12: spm_coreg (v6435)                           14:47:26 - 02/11/2017
========================================================================
Completed                               :          14:47:40 - 02/11/2017
Done    'Coregister: Estimate'
Running 'Calculate VDM'
Segmenting and extracting brain...

Matching session 1...


SPM12: spm_coreg (v6435)                           14:48:01 - 02/11/2017
========================================================================
Completed                               :          14:48:10 - 02/11/2017

Matching session 2...


SPM12: spm_coreg (v6435)                           14:48:11 - 02/11/2017
========================================================================
Completed                               :          14:48:19 - 02/11/2017

Matching session 3...


SPM12: spm_coreg (v6435)                           14:48:20 - 02/11/2017
========================================================================
Completed                               :          14:48:30 - 02/11/2017

Matching session 4...


SPM12: spm_coreg (v6435)                           14:48:31 - 02/11/2017
========================================================================
Completed                               :          14:48:40 - 02/11/2017

Matching session 5...


SPM12: spm_coreg (v6435)                           14:48:41 - 02/11/2017
========================================================================
Completed                               :          14:48:53 - 02/11/2017

Matching session 6...


SPM12: spm_coreg (v6435)                           14:48:54 - 02/11/2017
========================================================================
Completed                               :          14:49:02 - 02/11/2017

Matching session 7...


SPM12: spm_coreg (v6435)                           14:49:02 - 02/11/2017
========================================================================
Completed                               :          14:49:11 - 02/11/2017

Matching session 8...


SPM12: spm_coreg (v6435)                           14:49:11 - 02/11/2017
========================================================================
Completed                               :          14:49:20 - 02/11/2017

Matching session 9...


SPM12: spm_coreg (v6435)                           14:49:21 - 02/11/2017
========================================================================
